[2024-06-29T00:00:23.743+0000] {processor.py:161} INFO - Started process (PID=465) to work on /opt/airflow/dags/data_transfer_mysql.py
[2024-06-29T00:00:23.744+0000] {processor.py:830} INFO - Processing file /opt/airflow/dags/data_transfer_mysql.py for tasks to queue
[2024-06-29T00:00:23.746+0000] {logging_mixin.py:188} INFO - [2024-06-29T00:00:23.745+0000] {dagbag.py:545} INFO - Filling up the DagBag from /opt/airflow/dags/data_transfer_mysql.py
[2024-06-29T00:00:23.958+0000] {processor.py:840} INFO - DAG(s) 'data_transfer_to_mysql' retrieved from /opt/airflow/dags/data_transfer_mysql.py
[2024-06-29T00:00:24.019+0000] {logging_mixin.py:188} INFO - [2024-06-29T00:00:24.019+0000] {dag.py:3096} INFO - Sync 1 DAGs
[2024-06-29T00:00:24.039+0000] {logging_mixin.py:188} INFO - [2024-06-29T00:00:24.038+0000] {dag.py:3954} INFO - Setting next_dagrun for data_transfer_to_mysql to None, run_after=None
[2024-06-29T00:00:24.050+0000] {processor.py:183} INFO - Processing /opt/airflow/dags/data_transfer_mysql.py took 0.317 seconds
[2024-06-29T00:00:54.238+0000] {processor.py:161} INFO - Started process (PID=477) to work on /opt/airflow/dags/data_transfer_mysql.py
[2024-06-29T00:00:54.239+0000] {processor.py:830} INFO - Processing file /opt/airflow/dags/data_transfer_mysql.py for tasks to queue
[2024-06-29T00:00:54.240+0000] {logging_mixin.py:188} INFO - [2024-06-29T00:00:54.240+0000] {dagbag.py:545} INFO - Filling up the DagBag from /opt/airflow/dags/data_transfer_mysql.py
[2024-06-29T00:00:54.408+0000] {processor.py:840} INFO - DAG(s) 'data_transfer_to_mysql' retrieved from /opt/airflow/dags/data_transfer_mysql.py
[2024-06-29T00:00:54.428+0000] {logging_mixin.py:188} INFO - [2024-06-29T00:00:54.428+0000] {dag.py:3096} INFO - Sync 1 DAGs
[2024-06-29T00:00:54.444+0000] {logging_mixin.py:188} INFO - [2024-06-29T00:00:54.444+0000] {dag.py:3954} INFO - Setting next_dagrun for data_transfer_to_mysql to None, run_after=None
[2024-06-29T00:00:54.456+0000] {processor.py:183} INFO - Processing /opt/airflow/dags/data_transfer_mysql.py took 0.224 seconds
[2024-06-29T00:01:24.722+0000] {processor.py:161} INFO - Started process (PID=489) to work on /opt/airflow/dags/data_transfer_mysql.py
[2024-06-29T00:01:24.725+0000] {processor.py:830} INFO - Processing file /opt/airflow/dags/data_transfer_mysql.py for tasks to queue
[2024-06-29T00:01:24.726+0000] {logging_mixin.py:188} INFO - [2024-06-29T00:01:24.726+0000] {dagbag.py:545} INFO - Filling up the DagBag from /opt/airflow/dags/data_transfer_mysql.py
[2024-06-29T00:01:24.900+0000] {processor.py:840} INFO - DAG(s) 'data_transfer_to_mysql' retrieved from /opt/airflow/dags/data_transfer_mysql.py
[2024-06-29T00:01:24.917+0000] {logging_mixin.py:188} INFO - [2024-06-29T00:01:24.916+0000] {dag.py:3096} INFO - Sync 1 DAGs
[2024-06-29T00:01:24.934+0000] {logging_mixin.py:188} INFO - [2024-06-29T00:01:24.934+0000] {dag.py:3954} INFO - Setting next_dagrun for data_transfer_to_mysql to None, run_after=None
[2024-06-29T00:01:24.951+0000] {processor.py:183} INFO - Processing /opt/airflow/dags/data_transfer_mysql.py took 0.235 seconds
[2024-06-29T00:01:55.208+0000] {processor.py:161} INFO - Started process (PID=501) to work on /opt/airflow/dags/data_transfer_mysql.py
[2024-06-29T00:01:55.211+0000] {processor.py:830} INFO - Processing file /opt/airflow/dags/data_transfer_mysql.py for tasks to queue
[2024-06-29T00:01:55.212+0000] {logging_mixin.py:188} INFO - [2024-06-29T00:01:55.211+0000] {dagbag.py:545} INFO - Filling up the DagBag from /opt/airflow/dags/data_transfer_mysql.py
[2024-06-29T00:01:55.377+0000] {processor.py:840} INFO - DAG(s) 'data_transfer_to_mysql' retrieved from /opt/airflow/dags/data_transfer_mysql.py
[2024-06-29T00:01:55.394+0000] {logging_mixin.py:188} INFO - [2024-06-29T00:01:55.394+0000] {dag.py:3096} INFO - Sync 1 DAGs
[2024-06-29T00:01:55.407+0000] {logging_mixin.py:188} INFO - [2024-06-29T00:01:55.407+0000] {dag.py:3954} INFO - Setting next_dagrun for data_transfer_to_mysql to None, run_after=None
[2024-06-29T00:01:55.421+0000] {processor.py:183} INFO - Processing /opt/airflow/dags/data_transfer_mysql.py took 0.217 seconds
[2024-06-29T00:02:25.669+0000] {processor.py:161} INFO - Started process (PID=513) to work on /opt/airflow/dags/data_transfer_mysql.py
[2024-06-29T00:02:25.671+0000] {processor.py:830} INFO - Processing file /opt/airflow/dags/data_transfer_mysql.py for tasks to queue
[2024-06-29T00:02:25.672+0000] {logging_mixin.py:188} INFO - [2024-06-29T00:02:25.671+0000] {dagbag.py:545} INFO - Filling up the DagBag from /opt/airflow/dags/data_transfer_mysql.py
[2024-06-29T00:02:25.842+0000] {processor.py:840} INFO - DAG(s) 'data_transfer_to_mysql' retrieved from /opt/airflow/dags/data_transfer_mysql.py
[2024-06-29T00:02:25.857+0000] {logging_mixin.py:188} INFO - [2024-06-29T00:02:25.856+0000] {dag.py:3096} INFO - Sync 1 DAGs
[2024-06-29T00:02:25.868+0000] {logging_mixin.py:188} INFO - [2024-06-29T00:02:25.868+0000] {dag.py:3954} INFO - Setting next_dagrun for data_transfer_to_mysql to None, run_after=None
[2024-06-29T00:02:25.880+0000] {processor.py:183} INFO - Processing /opt/airflow/dags/data_transfer_mysql.py took 0.217 seconds
[2024-06-29T00:02:56.183+0000] {processor.py:161} INFO - Started process (PID=525) to work on /opt/airflow/dags/data_transfer_mysql.py
[2024-06-29T00:02:56.185+0000] {processor.py:830} INFO - Processing file /opt/airflow/dags/data_transfer_mysql.py for tasks to queue
[2024-06-29T00:02:56.186+0000] {logging_mixin.py:188} INFO - [2024-06-29T00:02:56.186+0000] {dagbag.py:545} INFO - Filling up the DagBag from /opt/airflow/dags/data_transfer_mysql.py
[2024-06-29T00:02:56.356+0000] {processor.py:840} INFO - DAG(s) 'data_transfer_to_mysql' retrieved from /opt/airflow/dags/data_transfer_mysql.py
[2024-06-29T00:02:56.371+0000] {logging_mixin.py:188} INFO - [2024-06-29T00:02:56.371+0000] {dag.py:3096} INFO - Sync 1 DAGs
[2024-06-29T00:02:56.385+0000] {logging_mixin.py:188} INFO - [2024-06-29T00:02:56.384+0000] {dag.py:3954} INFO - Setting next_dagrun for data_transfer_to_mysql to None, run_after=None
[2024-06-29T00:02:56.400+0000] {processor.py:183} INFO - Processing /opt/airflow/dags/data_transfer_mysql.py took 0.224 seconds
[2024-06-29T00:03:26.666+0000] {processor.py:161} INFO - Started process (PID=537) to work on /opt/airflow/dags/data_transfer_mysql.py
[2024-06-29T00:03:26.668+0000] {processor.py:830} INFO - Processing file /opt/airflow/dags/data_transfer_mysql.py for tasks to queue
[2024-06-29T00:03:26.669+0000] {logging_mixin.py:188} INFO - [2024-06-29T00:03:26.669+0000] {dagbag.py:545} INFO - Filling up the DagBag from /opt/airflow/dags/data_transfer_mysql.py
[2024-06-29T00:03:26.839+0000] {processor.py:840} INFO - DAG(s) 'data_transfer_to_mysql' retrieved from /opt/airflow/dags/data_transfer_mysql.py
[2024-06-29T00:03:26.854+0000] {logging_mixin.py:188} INFO - [2024-06-29T00:03:26.854+0000] {dag.py:3096} INFO - Sync 1 DAGs
[2024-06-29T00:03:26.867+0000] {logging_mixin.py:188} INFO - [2024-06-29T00:03:26.867+0000] {dag.py:3954} INFO - Setting next_dagrun for data_transfer_to_mysql to None, run_after=None
[2024-06-29T00:03:26.877+0000] {processor.py:183} INFO - Processing /opt/airflow/dags/data_transfer_mysql.py took 0.217 seconds
[2024-06-29T00:03:57.142+0000] {processor.py:161} INFO - Started process (PID=549) to work on /opt/airflow/dags/data_transfer_mysql.py
[2024-06-29T00:03:57.145+0000] {processor.py:830} INFO - Processing file /opt/airflow/dags/data_transfer_mysql.py for tasks to queue
[2024-06-29T00:03:57.145+0000] {logging_mixin.py:188} INFO - [2024-06-29T00:03:57.145+0000] {dagbag.py:545} INFO - Filling up the DagBag from /opt/airflow/dags/data_transfer_mysql.py
[2024-06-29T00:03:57.316+0000] {processor.py:840} INFO - DAG(s) 'data_transfer_to_mysql' retrieved from /opt/airflow/dags/data_transfer_mysql.py
[2024-06-29T00:03:57.330+0000] {logging_mixin.py:188} INFO - [2024-06-29T00:03:57.329+0000] {dag.py:3096} INFO - Sync 1 DAGs
[2024-06-29T00:03:57.343+0000] {logging_mixin.py:188} INFO - [2024-06-29T00:03:57.343+0000] {dag.py:3954} INFO - Setting next_dagrun for data_transfer_to_mysql to None, run_after=None
[2024-06-29T00:03:57.358+0000] {processor.py:183} INFO - Processing /opt/airflow/dags/data_transfer_mysql.py took 0.221 seconds
[2024-06-29T00:04:27.631+0000] {processor.py:161} INFO - Started process (PID=561) to work on /opt/airflow/dags/data_transfer_mysql.py
[2024-06-29T00:04:27.632+0000] {processor.py:830} INFO - Processing file /opt/airflow/dags/data_transfer_mysql.py for tasks to queue
[2024-06-29T00:04:27.633+0000] {logging_mixin.py:188} INFO - [2024-06-29T00:04:27.633+0000] {dagbag.py:545} INFO - Filling up the DagBag from /opt/airflow/dags/data_transfer_mysql.py
[2024-06-29T00:04:27.798+0000] {processor.py:840} INFO - DAG(s) 'data_transfer_to_mysql' retrieved from /opt/airflow/dags/data_transfer_mysql.py
[2024-06-29T00:04:27.818+0000] {logging_mixin.py:188} INFO - [2024-06-29T00:04:27.818+0000] {dag.py:3096} INFO - Sync 1 DAGs
[2024-06-29T00:04:27.832+0000] {logging_mixin.py:188} INFO - [2024-06-29T00:04:27.832+0000] {dag.py:3954} INFO - Setting next_dagrun for data_transfer_to_mysql to None, run_after=None
[2024-06-29T00:04:27.843+0000] {processor.py:183} INFO - Processing /opt/airflow/dags/data_transfer_mysql.py took 0.219 seconds
[2024-06-29T00:04:58.127+0000] {processor.py:161} INFO - Started process (PID=573) to work on /opt/airflow/dags/data_transfer_mysql.py
[2024-06-29T00:04:58.130+0000] {processor.py:830} INFO - Processing file /opt/airflow/dags/data_transfer_mysql.py for tasks to queue
[2024-06-29T00:04:58.130+0000] {logging_mixin.py:188} INFO - [2024-06-29T00:04:58.130+0000] {dagbag.py:545} INFO - Filling up the DagBag from /opt/airflow/dags/data_transfer_mysql.py
[2024-06-29T00:04:58.296+0000] {processor.py:840} INFO - DAG(s) 'data_transfer_to_mysql' retrieved from /opt/airflow/dags/data_transfer_mysql.py
[2024-06-29T00:04:58.314+0000] {logging_mixin.py:188} INFO - [2024-06-29T00:04:58.314+0000] {dag.py:3096} INFO - Sync 1 DAGs
[2024-06-29T00:04:58.327+0000] {logging_mixin.py:188} INFO - [2024-06-29T00:04:58.327+0000] {dag.py:3954} INFO - Setting next_dagrun for data_transfer_to_mysql to None, run_after=None
[2024-06-29T00:04:58.343+0000] {processor.py:183} INFO - Processing /opt/airflow/dags/data_transfer_mysql.py took 0.222 seconds
[2024-06-29T00:05:28.607+0000] {processor.py:161} INFO - Started process (PID=585) to work on /opt/airflow/dags/data_transfer_mysql.py
[2024-06-29T00:05:28.610+0000] {processor.py:830} INFO - Processing file /opt/airflow/dags/data_transfer_mysql.py for tasks to queue
[2024-06-29T00:05:28.611+0000] {logging_mixin.py:188} INFO - [2024-06-29T00:05:28.611+0000] {dagbag.py:545} INFO - Filling up the DagBag from /opt/airflow/dags/data_transfer_mysql.py
[2024-06-29T00:05:28.791+0000] {processor.py:840} INFO - DAG(s) 'data_transfer_to_mysql' retrieved from /opt/airflow/dags/data_transfer_mysql.py
[2024-06-29T00:05:28.808+0000] {logging_mixin.py:188} INFO - [2024-06-29T00:05:28.808+0000] {dag.py:3096} INFO - Sync 1 DAGs
[2024-06-29T00:05:28.824+0000] {logging_mixin.py:188} INFO - [2024-06-29T00:05:28.824+0000] {dag.py:3954} INFO - Setting next_dagrun for data_transfer_to_mysql to None, run_after=None
[2024-06-29T00:05:28.836+0000] {processor.py:183} INFO - Processing /opt/airflow/dags/data_transfer_mysql.py took 0.236 seconds
[2024-06-29T00:05:59.132+0000] {processor.py:161} INFO - Started process (PID=597) to work on /opt/airflow/dags/data_transfer_mysql.py
[2024-06-29T00:05:59.135+0000] {processor.py:830} INFO - Processing file /opt/airflow/dags/data_transfer_mysql.py for tasks to queue
[2024-06-29T00:05:59.137+0000] {logging_mixin.py:188} INFO - [2024-06-29T00:05:59.136+0000] {dagbag.py:545} INFO - Filling up the DagBag from /opt/airflow/dags/data_transfer_mysql.py
[2024-06-29T00:05:59.309+0000] {processor.py:840} INFO - DAG(s) 'data_transfer_to_mysql' retrieved from /opt/airflow/dags/data_transfer_mysql.py
[2024-06-29T00:05:59.324+0000] {logging_mixin.py:188} INFO - [2024-06-29T00:05:59.323+0000] {dag.py:3096} INFO - Sync 1 DAGs
[2024-06-29T00:05:59.338+0000] {logging_mixin.py:188} INFO - [2024-06-29T00:05:59.338+0000] {dag.py:3954} INFO - Setting next_dagrun for data_transfer_to_mysql to None, run_after=None
[2024-06-29T00:05:59.353+0000] {processor.py:183} INFO - Processing /opt/airflow/dags/data_transfer_mysql.py took 0.230 seconds
[2024-06-29T00:06:29.604+0000] {processor.py:161} INFO - Started process (PID=609) to work on /opt/airflow/dags/data_transfer_mysql.py
[2024-06-29T00:06:29.606+0000] {processor.py:830} INFO - Processing file /opt/airflow/dags/data_transfer_mysql.py for tasks to queue
[2024-06-29T00:06:29.607+0000] {logging_mixin.py:188} INFO - [2024-06-29T00:06:29.607+0000] {dagbag.py:545} INFO - Filling up the DagBag from /opt/airflow/dags/data_transfer_mysql.py
[2024-06-29T00:06:29.821+0000] {processor.py:840} INFO - DAG(s) 'data_transfer_to_mysql' retrieved from /opt/airflow/dags/data_transfer_mysql.py
[2024-06-29T00:06:29.844+0000] {logging_mixin.py:188} INFO - [2024-06-29T00:06:29.843+0000] {dag.py:3096} INFO - Sync 1 DAGs
[2024-06-29T00:06:29.865+0000] {logging_mixin.py:188} INFO - [2024-06-29T00:06:29.865+0000] {dag.py:3954} INFO - Setting next_dagrun for data_transfer_to_mysql to None, run_after=None
[2024-06-29T00:06:29.882+0000] {processor.py:183} INFO - Processing /opt/airflow/dags/data_transfer_mysql.py took 0.284 seconds
[2024-06-29T00:07:00.061+0000] {processor.py:161} INFO - Started process (PID=621) to work on /opt/airflow/dags/data_transfer_mysql.py
[2024-06-29T00:07:00.064+0000] {processor.py:830} INFO - Processing file /opt/airflow/dags/data_transfer_mysql.py for tasks to queue
[2024-06-29T00:07:00.065+0000] {logging_mixin.py:188} INFO - [2024-06-29T00:07:00.065+0000] {dagbag.py:545} INFO - Filling up the DagBag from /opt/airflow/dags/data_transfer_mysql.py
[2024-06-29T00:07:00.249+0000] {processor.py:840} INFO - DAG(s) 'data_transfer_to_mysql' retrieved from /opt/airflow/dags/data_transfer_mysql.py
[2024-06-29T00:07:00.270+0000] {logging_mixin.py:188} INFO - [2024-06-29T00:07:00.270+0000] {dag.py:3096} INFO - Sync 1 DAGs
[2024-06-29T00:07:00.285+0000] {logging_mixin.py:188} INFO - [2024-06-29T00:07:00.285+0000] {dag.py:3954} INFO - Setting next_dagrun for data_transfer_to_mysql to None, run_after=None
[2024-06-29T00:07:00.306+0000] {processor.py:183} INFO - Processing /opt/airflow/dags/data_transfer_mysql.py took 0.252 seconds
[2024-06-29T00:07:30.524+0000] {processor.py:161} INFO - Started process (PID=633) to work on /opt/airflow/dags/data_transfer_mysql.py
[2024-06-29T00:07:30.527+0000] {processor.py:830} INFO - Processing file /opt/airflow/dags/data_transfer_mysql.py for tasks to queue
[2024-06-29T00:07:30.528+0000] {logging_mixin.py:188} INFO - [2024-06-29T00:07:30.527+0000] {dagbag.py:545} INFO - Filling up the DagBag from /opt/airflow/dags/data_transfer_mysql.py
[2024-06-29T00:07:30.700+0000] {processor.py:840} INFO - DAG(s) 'data_transfer_to_mysql' retrieved from /opt/airflow/dags/data_transfer_mysql.py
[2024-06-29T00:07:30.718+0000] {logging_mixin.py:188} INFO - [2024-06-29T00:07:30.718+0000] {dag.py:3096} INFO - Sync 1 DAGs
[2024-06-29T00:07:30.737+0000] {logging_mixin.py:188} INFO - [2024-06-29T00:07:30.737+0000] {dag.py:3954} INFO - Setting next_dagrun for data_transfer_to_mysql to None, run_after=None
[2024-06-29T00:07:30.749+0000] {processor.py:183} INFO - Processing /opt/airflow/dags/data_transfer_mysql.py took 0.232 seconds
[2024-06-29T00:07:32.542+0000] {processor.py:161} INFO - Started process (PID=639) to work on /opt/airflow/dags/data_transfer_mysql.py
[2024-06-29T00:07:32.543+0000] {processor.py:830} INFO - Processing file /opt/airflow/dags/data_transfer_mysql.py for tasks to queue
[2024-06-29T00:07:32.544+0000] {logging_mixin.py:188} INFO - [2024-06-29T00:07:32.544+0000] {dagbag.py:545} INFO - Filling up the DagBag from /opt/airflow/dags/data_transfer_mysql.py
[2024-06-29T00:07:32.703+0000] {logging_mixin.py:188} INFO - [2024-06-29T00:07:32.701+0000] {dagbag.py:355} ERROR - Failed to import: /opt/airflow/dags/data_transfer_mysql.py
Traceback (most recent call last):
  File "/home/airflow/.local/lib/python3.12/site-packages/airflow/models/dagbag.py", line 351, in parse
    loader.exec_module(new_module)
  File "<frozen importlib._bootstrap_external>", line 995, in exec_module
  File "<frozen importlib._bootstrap>", line 488, in _call_with_frames_removed
  File "/opt/airflow/dags/data_transfer_mysql.py", line 27, in <module>
    start_date=datetime.today()
               ^^^^^^^^
NameError: name 'datetime' is not defined. Did you forget to import 'datetime'
[2024-06-29T00:07:32.704+0000] {processor.py:842} WARNING - No viable dags retrieved from /opt/airflow/dags/data_transfer_mysql.py
[2024-06-29T00:07:32.719+0000] {processor.py:183} INFO - Processing /opt/airflow/dags/data_transfer_mysql.py took 0.183 seconds
[2024-06-29T00:08:02.996+0000] {processor.py:161} INFO - Started process (PID=651) to work on /opt/airflow/dags/data_transfer_mysql.py
[2024-06-29T00:08:02.999+0000] {processor.py:830} INFO - Processing file /opt/airflow/dags/data_transfer_mysql.py for tasks to queue
[2024-06-29T00:08:03.000+0000] {logging_mixin.py:188} INFO - [2024-06-29T00:08:03.000+0000] {dagbag.py:545} INFO - Filling up the DagBag from /opt/airflow/dags/data_transfer_mysql.py
[2024-06-29T00:08:03.172+0000] {logging_mixin.py:188} INFO - [2024-06-29T00:08:03.170+0000] {dagbag.py:355} ERROR - Failed to import: /opt/airflow/dags/data_transfer_mysql.py
Traceback (most recent call last):
  File "/home/airflow/.local/lib/python3.12/site-packages/airflow/models/dagbag.py", line 351, in parse
    loader.exec_module(new_module)
  File "<frozen importlib._bootstrap_external>", line 995, in exec_module
  File "<frozen importlib._bootstrap>", line 488, in _call_with_frames_removed
  File "/opt/airflow/dags/data_transfer_mysql.py", line 27, in <module>
    start_date=datetime.today()
               ^^^^^^^^
NameError: name 'datetime' is not defined. Did you forget to import 'datetime'
[2024-06-29T00:08:03.173+0000] {processor.py:842} WARNING - No viable dags retrieved from /opt/airflow/dags/data_transfer_mysql.py
[2024-06-29T00:08:03.189+0000] {processor.py:183} INFO - Processing /opt/airflow/dags/data_transfer_mysql.py took 0.199 seconds
[2024-06-29T00:08:19.336+0000] {processor.py:161} INFO - Started process (PID=663) to work on /opt/airflow/dags/data_transfer_mysql.py
[2024-06-29T00:08:19.338+0000] {processor.py:830} INFO - Processing file /opt/airflow/dags/data_transfer_mysql.py for tasks to queue
[2024-06-29T00:08:19.339+0000] {logging_mixin.py:188} INFO - [2024-06-29T00:08:19.339+0000] {dagbag.py:545} INFO - Filling up the DagBag from /opt/airflow/dags/data_transfer_mysql.py
[2024-06-29T00:08:19.524+0000] {processor.py:840} INFO - DAG(s) 'data_transfer_to_mysql' retrieved from /opt/airflow/dags/data_transfer_mysql.py
[2024-06-29T00:08:19.585+0000] {logging_mixin.py:188} INFO - [2024-06-29T00:08:19.585+0000] {dag.py:3096} INFO - Sync 1 DAGs
[2024-06-29T00:08:19.601+0000] {logging_mixin.py:188} INFO - [2024-06-29T00:08:19.601+0000] {dag.py:3954} INFO - Setting next_dagrun for data_transfer_to_mysql to 2024-06-29 17:00:00+00:00, run_after=2024-06-30 17:00:00+00:00
[2024-06-29T00:08:19.614+0000] {processor.py:183} INFO - Processing /opt/airflow/dags/data_transfer_mysql.py took 0.287 seconds
[2024-06-29T00:08:49.861+0000] {processor.py:161} INFO - Started process (PID=675) to work on /opt/airflow/dags/data_transfer_mysql.py
[2024-06-29T00:08:49.864+0000] {processor.py:830} INFO - Processing file /opt/airflow/dags/data_transfer_mysql.py for tasks to queue
[2024-06-29T00:08:49.865+0000] {logging_mixin.py:188} INFO - [2024-06-29T00:08:49.864+0000] {dagbag.py:545} INFO - Filling up the DagBag from /opt/airflow/dags/data_transfer_mysql.py
[2024-06-29T00:08:50.048+0000] {processor.py:840} INFO - DAG(s) 'data_transfer_to_mysql' retrieved from /opt/airflow/dags/data_transfer_mysql.py
[2024-06-29T00:08:50.122+0000] {logging_mixin.py:188} INFO - [2024-06-29T00:08:50.121+0000] {dag.py:3096} INFO - Sync 1 DAGs
[2024-06-29T00:08:50.138+0000] {logging_mixin.py:188} INFO - [2024-06-29T00:08:50.138+0000] {dag.py:3954} INFO - Setting next_dagrun for data_transfer_to_mysql to 2024-06-29 17:00:00+00:00, run_after=2024-06-30 17:00:00+00:00
[2024-06-29T00:08:50.156+0000] {processor.py:183} INFO - Processing /opt/airflow/dags/data_transfer_mysql.py took 0.301 seconds
[2024-06-29T00:09:20.361+0000] {processor.py:161} INFO - Started process (PID=687) to work on /opt/airflow/dags/data_transfer_mysql.py
[2024-06-29T00:09:20.363+0000] {processor.py:830} INFO - Processing file /opt/airflow/dags/data_transfer_mysql.py for tasks to queue
[2024-06-29T00:09:20.364+0000] {logging_mixin.py:188} INFO - [2024-06-29T00:09:20.363+0000] {dagbag.py:545} INFO - Filling up the DagBag from /opt/airflow/dags/data_transfer_mysql.py
[2024-06-29T00:09:20.532+0000] {processor.py:840} INFO - DAG(s) 'data_transfer_to_mysql' retrieved from /opt/airflow/dags/data_transfer_mysql.py
[2024-06-29T00:09:20.596+0000] {logging_mixin.py:188} INFO - [2024-06-29T00:09:20.595+0000] {dag.py:3096} INFO - Sync 1 DAGs
[2024-06-29T00:09:20.614+0000] {logging_mixin.py:188} INFO - [2024-06-29T00:09:20.613+0000] {dag.py:3954} INFO - Setting next_dagrun for data_transfer_to_mysql to 2024-06-29 17:00:00+00:00, run_after=2024-06-30 17:00:00+00:00
[2024-06-29T00:09:20.634+0000] {processor.py:183} INFO - Processing /opt/airflow/dags/data_transfer_mysql.py took 0.279 seconds
[2024-06-29T00:09:50.876+0000] {processor.py:161} INFO - Started process (PID=699) to work on /opt/airflow/dags/data_transfer_mysql.py
[2024-06-29T00:09:50.878+0000] {processor.py:830} INFO - Processing file /opt/airflow/dags/data_transfer_mysql.py for tasks to queue
[2024-06-29T00:09:50.880+0000] {logging_mixin.py:188} INFO - [2024-06-29T00:09:50.879+0000] {dagbag.py:545} INFO - Filling up the DagBag from /opt/airflow/dags/data_transfer_mysql.py
[2024-06-29T00:09:51.074+0000] {processor.py:840} INFO - DAG(s) 'data_transfer_to_mysql' retrieved from /opt/airflow/dags/data_transfer_mysql.py
[2024-06-29T00:09:51.137+0000] {logging_mixin.py:188} INFO - [2024-06-29T00:09:51.137+0000] {dag.py:3096} INFO - Sync 1 DAGs
[2024-06-29T00:09:51.151+0000] {logging_mixin.py:188} INFO - [2024-06-29T00:09:51.151+0000] {dag.py:3954} INFO - Setting next_dagrun for data_transfer_to_mysql to 2024-06-29 17:00:00+00:00, run_after=2024-06-30 17:00:00+00:00
[2024-06-29T00:09:51.169+0000] {processor.py:183} INFO - Processing /opt/airflow/dags/data_transfer_mysql.py took 0.305 seconds
[2024-06-29T00:10:21.359+0000] {processor.py:161} INFO - Started process (PID=711) to work on /opt/airflow/dags/data_transfer_mysql.py
[2024-06-29T00:10:21.362+0000] {processor.py:830} INFO - Processing file /opt/airflow/dags/data_transfer_mysql.py for tasks to queue
[2024-06-29T00:10:21.363+0000] {logging_mixin.py:188} INFO - [2024-06-29T00:10:21.362+0000] {dagbag.py:545} INFO - Filling up the DagBag from /opt/airflow/dags/data_transfer_mysql.py
[2024-06-29T00:10:21.532+0000] {processor.py:840} INFO - DAG(s) 'data_transfer_to_mysql' retrieved from /opt/airflow/dags/data_transfer_mysql.py
[2024-06-29T00:10:21.594+0000] {logging_mixin.py:188} INFO - [2024-06-29T00:10:21.593+0000] {dag.py:3096} INFO - Sync 1 DAGs
[2024-06-29T00:10:21.604+0000] {logging_mixin.py:188} INFO - [2024-06-29T00:10:21.604+0000] {dag.py:3954} INFO - Setting next_dagrun for data_transfer_to_mysql to 2024-06-29 17:00:00+00:00, run_after=2024-06-30 17:00:00+00:00
[2024-06-29T00:10:21.617+0000] {processor.py:183} INFO - Processing /opt/airflow/dags/data_transfer_mysql.py took 0.265 seconds
[2024-06-29T00:10:51.845+0000] {processor.py:161} INFO - Started process (PID=723) to work on /opt/airflow/dags/data_transfer_mysql.py
[2024-06-29T00:10:51.847+0000] {processor.py:830} INFO - Processing file /opt/airflow/dags/data_transfer_mysql.py for tasks to queue
[2024-06-29T00:10:51.848+0000] {logging_mixin.py:188} INFO - [2024-06-29T00:10:51.847+0000] {dagbag.py:545} INFO - Filling up the DagBag from /opt/airflow/dags/data_transfer_mysql.py
[2024-06-29T00:10:52.017+0000] {processor.py:840} INFO - DAG(s) 'data_transfer_to_mysql' retrieved from /opt/airflow/dags/data_transfer_mysql.py
[2024-06-29T00:10:52.080+0000] {logging_mixin.py:188} INFO - [2024-06-29T00:10:52.080+0000] {dag.py:3096} INFO - Sync 1 DAGs
[2024-06-29T00:10:52.094+0000] {logging_mixin.py:188} INFO - [2024-06-29T00:10:52.094+0000] {dag.py:3954} INFO - Setting next_dagrun for data_transfer_to_mysql to 2024-06-29 17:00:00+00:00, run_after=2024-06-30 17:00:00+00:00
[2024-06-29T00:10:52.117+0000] {processor.py:183} INFO - Processing /opt/airflow/dags/data_transfer_mysql.py took 0.279 seconds
[2024-06-29T00:11:22.377+0000] {processor.py:161} INFO - Started process (PID=735) to work on /opt/airflow/dags/data_transfer_mysql.py
[2024-06-29T00:11:22.380+0000] {processor.py:830} INFO - Processing file /opt/airflow/dags/data_transfer_mysql.py for tasks to queue
[2024-06-29T00:11:22.381+0000] {logging_mixin.py:188} INFO - [2024-06-29T00:11:22.381+0000] {dagbag.py:545} INFO - Filling up the DagBag from /opt/airflow/dags/data_transfer_mysql.py
[2024-06-29T00:11:22.563+0000] {processor.py:840} INFO - DAG(s) 'data_transfer_to_mysql' retrieved from /opt/airflow/dags/data_transfer_mysql.py
[2024-06-29T00:11:22.622+0000] {logging_mixin.py:188} INFO - [2024-06-29T00:11:22.621+0000] {dag.py:3096} INFO - Sync 1 DAGs
[2024-06-29T00:11:22.634+0000] {logging_mixin.py:188} INFO - [2024-06-29T00:11:22.634+0000] {dag.py:3954} INFO - Setting next_dagrun for data_transfer_to_mysql to 2024-06-29 17:00:00+00:00, run_after=2024-06-30 17:00:00+00:00
[2024-06-29T00:11:22.648+0000] {processor.py:183} INFO - Processing /opt/airflow/dags/data_transfer_mysql.py took 0.279 seconds
[2024-06-29T00:11:52.852+0000] {processor.py:161} INFO - Started process (PID=753) to work on /opt/airflow/dags/data_transfer_mysql.py
[2024-06-29T00:11:52.855+0000] {processor.py:830} INFO - Processing file /opt/airflow/dags/data_transfer_mysql.py for tasks to queue
[2024-06-29T00:11:52.856+0000] {logging_mixin.py:188} INFO - [2024-06-29T00:11:52.855+0000] {dagbag.py:545} INFO - Filling up the DagBag from /opt/airflow/dags/data_transfer_mysql.py
[2024-06-29T00:11:53.059+0000] {processor.py:840} INFO - DAG(s) 'data_transfer_to_mysql' retrieved from /opt/airflow/dags/data_transfer_mysql.py
[2024-06-29T00:11:53.119+0000] {logging_mixin.py:188} INFO - [2024-06-29T00:11:53.118+0000] {dag.py:3096} INFO - Sync 1 DAGs
[2024-06-29T00:11:53.130+0000] {logging_mixin.py:188} INFO - [2024-06-29T00:11:53.130+0000] {dag.py:3954} INFO - Setting next_dagrun for data_transfer_to_mysql to 2024-06-29 17:00:00+00:00, run_after=2024-06-30 17:00:00+00:00
[2024-06-29T00:11:53.141+0000] {processor.py:183} INFO - Processing /opt/airflow/dags/data_transfer_mysql.py took 0.295 seconds
