[2024-07-09T23:32:49.365+0000] {processor.py:161} INFO - Started process (PID=198) to work on /opt/airflow/dags/data_transfer_mysql.py
[2024-07-09T23:32:49.365+0000] {processor.py:830} INFO - Processing file /opt/airflow/dags/data_transfer_mysql.py for tasks to queue
[2024-07-09T23:32:49.366+0000] {logging_mixin.py:188} INFO - [2024-07-09T23:32:49.366+0000] {dagbag.py:545} INFO - Filling up the DagBag from /opt/airflow/dags/data_transfer_mysql.py
[2024-07-09T23:32:49.542+0000] {processor.py:840} INFO - DAG(s) 'data_transfer_to_mysql' retrieved from /opt/airflow/dags/data_transfer_mysql.py
[2024-07-09T23:32:49.553+0000] {logging_mixin.py:188} INFO - [2024-07-09T23:32:49.552+0000] {dag.py:3096} INFO - Sync 1 DAGs
[2024-07-09T23:32:49.578+0000] {logging_mixin.py:188} INFO - [2024-07-09T23:32:49.577+0000] {dag.py:3954} INFO - Setting next_dagrun for data_transfer_to_mysql to 2024-07-10 17:00:00+00:00, run_after=2024-07-11 17:00:00+00:00
[2024-07-09T23:32:49.590+0000] {processor.py:183} INFO - Processing /opt/airflow/dags/data_transfer_mysql.py took 0.229 seconds
[2024-07-09T23:33:19.878+0000] {processor.py:161} INFO - Started process (PID=210) to work on /opt/airflow/dags/data_transfer_mysql.py
[2024-07-09T23:33:19.878+0000] {processor.py:830} INFO - Processing file /opt/airflow/dags/data_transfer_mysql.py for tasks to queue
[2024-07-09T23:33:19.880+0000] {logging_mixin.py:188} INFO - [2024-07-09T23:33:19.879+0000] {dagbag.py:545} INFO - Filling up the DagBag from /opt/airflow/dags/data_transfer_mysql.py
[2024-07-09T23:33:20.065+0000] {processor.py:840} INFO - DAG(s) 'data_transfer_to_mysql' retrieved from /opt/airflow/dags/data_transfer_mysql.py
[2024-07-09T23:33:20.127+0000] {logging_mixin.py:188} INFO - [2024-07-09T23:33:20.127+0000] {dag.py:3096} INFO - Sync 1 DAGs
[2024-07-09T23:33:20.140+0000] {logging_mixin.py:188} INFO - [2024-07-09T23:33:20.140+0000] {dag.py:3954} INFO - Setting next_dagrun for data_transfer_to_mysql to 2024-07-10 17:00:00+00:00, run_after=2024-07-11 17:00:00+00:00
[2024-07-09T23:33:20.152+0000] {processor.py:183} INFO - Processing /opt/airflow/dags/data_transfer_mysql.py took 0.281 seconds
[2024-07-09T23:33:50.421+0000] {processor.py:161} INFO - Started process (PID=222) to work on /opt/airflow/dags/data_transfer_mysql.py
[2024-07-09T23:33:50.422+0000] {processor.py:830} INFO - Processing file /opt/airflow/dags/data_transfer_mysql.py for tasks to queue
[2024-07-09T23:33:50.423+0000] {logging_mixin.py:188} INFO - [2024-07-09T23:33:50.423+0000] {dagbag.py:545} INFO - Filling up the DagBag from /opt/airflow/dags/data_transfer_mysql.py
[2024-07-09T23:33:50.595+0000] {processor.py:840} INFO - DAG(s) 'data_transfer_to_mysql' retrieved from /opt/airflow/dags/data_transfer_mysql.py
[2024-07-09T23:33:50.668+0000] {logging_mixin.py:188} INFO - [2024-07-09T23:33:50.667+0000] {dag.py:3096} INFO - Sync 1 DAGs
[2024-07-09T23:33:50.687+0000] {logging_mixin.py:188} INFO - [2024-07-09T23:33:50.687+0000] {dag.py:3954} INFO - Setting next_dagrun for data_transfer_to_mysql to 2024-07-10 17:00:00+00:00, run_after=2024-07-11 17:00:00+00:00
[2024-07-09T23:33:50.706+0000] {processor.py:183} INFO - Processing /opt/airflow/dags/data_transfer_mysql.py took 0.289 seconds
[2024-07-09T23:34:20.915+0000] {processor.py:161} INFO - Started process (PID=234) to work on /opt/airflow/dags/data_transfer_mysql.py
[2024-07-09T23:34:20.916+0000] {processor.py:830} INFO - Processing file /opt/airflow/dags/data_transfer_mysql.py for tasks to queue
[2024-07-09T23:34:20.917+0000] {logging_mixin.py:188} INFO - [2024-07-09T23:34:20.917+0000] {dagbag.py:545} INFO - Filling up the DagBag from /opt/airflow/dags/data_transfer_mysql.py
[2024-07-09T23:34:21.102+0000] {processor.py:840} INFO - DAG(s) 'data_transfer_to_mysql' retrieved from /opt/airflow/dags/data_transfer_mysql.py
[2024-07-09T23:34:21.161+0000] {logging_mixin.py:188} INFO - [2024-07-09T23:34:21.161+0000] {dag.py:3096} INFO - Sync 1 DAGs
[2024-07-09T23:34:21.173+0000] {logging_mixin.py:188} INFO - [2024-07-09T23:34:21.173+0000] {dag.py:3954} INFO - Setting next_dagrun for data_transfer_to_mysql to 2024-07-10 17:00:00+00:00, run_after=2024-07-11 17:00:00+00:00
[2024-07-09T23:34:21.183+0000] {processor.py:183} INFO - Processing /opt/airflow/dags/data_transfer_mysql.py took 0.273 seconds
[2024-07-09T23:34:51.434+0000] {processor.py:161} INFO - Started process (PID=246) to work on /opt/airflow/dags/data_transfer_mysql.py
[2024-07-09T23:34:51.442+0000] {processor.py:830} INFO - Processing file /opt/airflow/dags/data_transfer_mysql.py for tasks to queue
[2024-07-09T23:34:51.444+0000] {logging_mixin.py:188} INFO - [2024-07-09T23:34:51.444+0000] {dagbag.py:545} INFO - Filling up the DagBag from /opt/airflow/dags/data_transfer_mysql.py
[2024-07-09T23:34:51.612+0000] {processor.py:840} INFO - DAG(s) 'data_transfer_to_mysql' retrieved from /opt/airflow/dags/data_transfer_mysql.py
[2024-07-09T23:34:51.673+0000] {logging_mixin.py:188} INFO - [2024-07-09T23:34:51.673+0000] {dag.py:3096} INFO - Sync 1 DAGs
[2024-07-09T23:34:51.685+0000] {logging_mixin.py:188} INFO - [2024-07-09T23:34:51.685+0000] {dag.py:3954} INFO - Setting next_dagrun for data_transfer_to_mysql to 2024-07-10 17:00:00+00:00, run_after=2024-07-11 17:00:00+00:00
[2024-07-09T23:34:51.700+0000] {processor.py:183} INFO - Processing /opt/airflow/dags/data_transfer_mysql.py took 0.270 seconds
[2024-07-09T23:35:21.954+0000] {processor.py:161} INFO - Started process (PID=258) to work on /opt/airflow/dags/data_transfer_mysql.py
[2024-07-09T23:35:21.954+0000] {processor.py:830} INFO - Processing file /opt/airflow/dags/data_transfer_mysql.py for tasks to queue
[2024-07-09T23:35:21.956+0000] {logging_mixin.py:188} INFO - [2024-07-09T23:35:21.955+0000] {dagbag.py:545} INFO - Filling up the DagBag from /opt/airflow/dags/data_transfer_mysql.py
[2024-07-09T23:35:22.125+0000] {processor.py:840} INFO - DAG(s) 'data_transfer_to_mysql' retrieved from /opt/airflow/dags/data_transfer_mysql.py
[2024-07-09T23:35:22.183+0000] {logging_mixin.py:188} INFO - [2024-07-09T23:35:22.183+0000] {dag.py:3096} INFO - Sync 1 DAGs
[2024-07-09T23:35:22.196+0000] {logging_mixin.py:188} INFO - [2024-07-09T23:35:22.196+0000] {dag.py:3954} INFO - Setting next_dagrun for data_transfer_to_mysql to 2024-07-10 17:00:00+00:00, run_after=2024-07-11 17:00:00+00:00
[2024-07-09T23:35:22.210+0000] {processor.py:183} INFO - Processing /opt/airflow/dags/data_transfer_mysql.py took 0.263 seconds
[2024-07-09T23:35:52.417+0000] {processor.py:161} INFO - Started process (PID=270) to work on /opt/airflow/dags/data_transfer_mysql.py
[2024-07-09T23:35:52.418+0000] {processor.py:830} INFO - Processing file /opt/airflow/dags/data_transfer_mysql.py for tasks to queue
[2024-07-09T23:35:52.420+0000] {logging_mixin.py:188} INFO - [2024-07-09T23:35:52.420+0000] {dagbag.py:545} INFO - Filling up the DagBag from /opt/airflow/dags/data_transfer_mysql.py
[2024-07-09T23:35:52.744+0000] {processor.py:840} INFO - DAG(s) 'data_transfer_to_mysql' retrieved from /opt/airflow/dags/data_transfer_mysql.py
[2024-07-09T23:35:52.847+0000] {logging_mixin.py:188} INFO - [2024-07-09T23:35:52.847+0000] {dag.py:3096} INFO - Sync 1 DAGs
[2024-07-09T23:35:52.870+0000] {logging_mixin.py:188} INFO - [2024-07-09T23:35:52.869+0000] {dag.py:3954} INFO - Setting next_dagrun for data_transfer_to_mysql to 2024-07-10 17:00:00+00:00, run_after=2024-07-11 17:00:00+00:00
[2024-07-09T23:35:52.890+0000] {processor.py:183} INFO - Processing /opt/airflow/dags/data_transfer_mysql.py took 0.479 seconds
[2024-07-09T23:36:22.993+0000] {processor.py:161} INFO - Started process (PID=282) to work on /opt/airflow/dags/data_transfer_mysql.py
[2024-07-09T23:36:22.994+0000] {processor.py:830} INFO - Processing file /opt/airflow/dags/data_transfer_mysql.py for tasks to queue
[2024-07-09T23:36:22.995+0000] {logging_mixin.py:188} INFO - [2024-07-09T23:36:22.995+0000] {dagbag.py:545} INFO - Filling up the DagBag from /opt/airflow/dags/data_transfer_mysql.py
[2024-07-09T23:36:23.178+0000] {processor.py:840} INFO - DAG(s) 'data_transfer_to_mysql' retrieved from /opt/airflow/dags/data_transfer_mysql.py
[2024-07-09T23:36:23.238+0000] {logging_mixin.py:188} INFO - [2024-07-09T23:36:23.238+0000] {dag.py:3096} INFO - Sync 1 DAGs
[2024-07-09T23:36:23.249+0000] {logging_mixin.py:188} INFO - [2024-07-09T23:36:23.249+0000] {dag.py:3954} INFO - Setting next_dagrun for data_transfer_to_mysql to 2024-07-10 17:00:00+00:00, run_after=2024-07-11 17:00:00+00:00
[2024-07-09T23:36:23.260+0000] {processor.py:183} INFO - Processing /opt/airflow/dags/data_transfer_mysql.py took 0.271 seconds
[2024-07-09T23:36:53.478+0000] {processor.py:161} INFO - Started process (PID=294) to work on /opt/airflow/dags/data_transfer_mysql.py
[2024-07-09T23:36:53.479+0000] {processor.py:830} INFO - Processing file /opt/airflow/dags/data_transfer_mysql.py for tasks to queue
[2024-07-09T23:36:53.481+0000] {logging_mixin.py:188} INFO - [2024-07-09T23:36:53.480+0000] {dagbag.py:545} INFO - Filling up the DagBag from /opt/airflow/dags/data_transfer_mysql.py
[2024-07-09T23:36:53.663+0000] {processor.py:840} INFO - DAG(s) 'data_transfer_to_mysql' retrieved from /opt/airflow/dags/data_transfer_mysql.py
[2024-07-09T23:36:53.727+0000] {logging_mixin.py:188} INFO - [2024-07-09T23:36:53.727+0000] {dag.py:3096} INFO - Sync 1 DAGs
[2024-07-09T23:36:53.739+0000] {logging_mixin.py:188} INFO - [2024-07-09T23:36:53.739+0000] {dag.py:3954} INFO - Setting next_dagrun for data_transfer_to_mysql to 2024-07-10 17:00:00+00:00, run_after=2024-07-11 17:00:00+00:00
[2024-07-09T23:36:53.752+0000] {processor.py:183} INFO - Processing /opt/airflow/dags/data_transfer_mysql.py took 0.281 seconds
[2024-07-09T23:37:23.965+0000] {processor.py:161} INFO - Started process (PID=306) to work on /opt/airflow/dags/data_transfer_mysql.py
[2024-07-09T23:37:23.965+0000] {processor.py:830} INFO - Processing file /opt/airflow/dags/data_transfer_mysql.py for tasks to queue
[2024-07-09T23:37:23.967+0000] {logging_mixin.py:188} INFO - [2024-07-09T23:37:23.967+0000] {dagbag.py:545} INFO - Filling up the DagBag from /opt/airflow/dags/data_transfer_mysql.py
[2024-07-09T23:37:24.130+0000] {processor.py:840} INFO - DAG(s) 'data_transfer_to_mysql' retrieved from /opt/airflow/dags/data_transfer_mysql.py
[2024-07-09T23:37:24.203+0000] {logging_mixin.py:188} INFO - [2024-07-09T23:37:24.202+0000] {dag.py:3096} INFO - Sync 1 DAGs
[2024-07-09T23:37:24.219+0000] {logging_mixin.py:188} INFO - [2024-07-09T23:37:24.219+0000] {dag.py:3954} INFO - Setting next_dagrun for data_transfer_to_mysql to 2024-07-10 17:00:00+00:00, run_after=2024-07-11 17:00:00+00:00
[2024-07-09T23:37:24.234+0000] {processor.py:183} INFO - Processing /opt/airflow/dags/data_transfer_mysql.py took 0.275 seconds
[2024-07-09T23:37:54.428+0000] {processor.py:161} INFO - Started process (PID=318) to work on /opt/airflow/dags/data_transfer_mysql.py
[2024-07-09T23:37:54.429+0000] {processor.py:830} INFO - Processing file /opt/airflow/dags/data_transfer_mysql.py for tasks to queue
[2024-07-09T23:37:54.431+0000] {logging_mixin.py:188} INFO - [2024-07-09T23:37:54.430+0000] {dagbag.py:545} INFO - Filling up the DagBag from /opt/airflow/dags/data_transfer_mysql.py
[2024-07-09T23:37:54.594+0000] {processor.py:840} INFO - DAG(s) 'data_transfer_to_mysql' retrieved from /opt/airflow/dags/data_transfer_mysql.py
[2024-07-09T23:37:54.654+0000] {logging_mixin.py:188} INFO - [2024-07-09T23:37:54.653+0000] {dag.py:3096} INFO - Sync 1 DAGs
[2024-07-09T23:37:54.666+0000] {logging_mixin.py:188} INFO - [2024-07-09T23:37:54.666+0000] {dag.py:3954} INFO - Setting next_dagrun for data_transfer_to_mysql to 2024-07-10 17:00:00+00:00, run_after=2024-07-11 17:00:00+00:00
[2024-07-09T23:37:54.680+0000] {processor.py:183} INFO - Processing /opt/airflow/dags/data_transfer_mysql.py took 0.256 seconds
[2024-07-09T23:38:24.910+0000] {processor.py:161} INFO - Started process (PID=330) to work on /opt/airflow/dags/data_transfer_mysql.py
[2024-07-09T23:38:24.916+0000] {processor.py:830} INFO - Processing file /opt/airflow/dags/data_transfer_mysql.py for tasks to queue
[2024-07-09T23:38:24.918+0000] {logging_mixin.py:188} INFO - [2024-07-09T23:38:24.917+0000] {dagbag.py:545} INFO - Filling up the DagBag from /opt/airflow/dags/data_transfer_mysql.py
[2024-07-09T23:38:25.154+0000] {processor.py:840} INFO - DAG(s) 'data_transfer_to_mysql' retrieved from /opt/airflow/dags/data_transfer_mysql.py
[2024-07-09T23:38:25.238+0000] {logging_mixin.py:188} INFO - [2024-07-09T23:38:25.237+0000] {dag.py:3096} INFO - Sync 1 DAGs
[2024-07-09T23:38:25.253+0000] {logging_mixin.py:188} INFO - [2024-07-09T23:38:25.253+0000] {dag.py:3954} INFO - Setting next_dagrun for data_transfer_to_mysql to 2024-07-10 17:00:00+00:00, run_after=2024-07-11 17:00:00+00:00
[2024-07-09T23:38:25.265+0000] {processor.py:183} INFO - Processing /opt/airflow/dags/data_transfer_mysql.py took 0.361 seconds
[2024-07-09T23:38:55.475+0000] {processor.py:161} INFO - Started process (PID=342) to work on /opt/airflow/dags/data_transfer_mysql.py
[2024-07-09T23:38:55.476+0000] {processor.py:830} INFO - Processing file /opt/airflow/dags/data_transfer_mysql.py for tasks to queue
[2024-07-09T23:38:55.478+0000] {logging_mixin.py:188} INFO - [2024-07-09T23:38:55.478+0000] {dagbag.py:545} INFO - Filling up the DagBag from /opt/airflow/dags/data_transfer_mysql.py
[2024-07-09T23:38:55.704+0000] {processor.py:840} INFO - DAG(s) 'data_transfer_to_mysql' retrieved from /opt/airflow/dags/data_transfer_mysql.py
[2024-07-09T23:38:55.759+0000] {logging_mixin.py:188} INFO - [2024-07-09T23:38:55.758+0000] {dag.py:3096} INFO - Sync 1 DAGs
[2024-07-09T23:38:55.769+0000] {logging_mixin.py:188} INFO - [2024-07-09T23:38:55.769+0000] {dag.py:3954} INFO - Setting next_dagrun for data_transfer_to_mysql to 2024-07-10 17:00:00+00:00, run_after=2024-07-11 17:00:00+00:00
[2024-07-09T23:38:55.779+0000] {processor.py:183} INFO - Processing /opt/airflow/dags/data_transfer_mysql.py took 0.310 seconds
[2024-07-09T23:39:25.959+0000] {processor.py:161} INFO - Started process (PID=353) to work on /opt/airflow/dags/data_transfer_mysql.py
[2024-07-09T23:39:25.960+0000] {processor.py:830} INFO - Processing file /opt/airflow/dags/data_transfer_mysql.py for tasks to queue
[2024-07-09T23:39:25.961+0000] {logging_mixin.py:188} INFO - [2024-07-09T23:39:25.961+0000] {dagbag.py:545} INFO - Filling up the DagBag from /opt/airflow/dags/data_transfer_mysql.py
[2024-07-09T23:39:26.242+0000] {processor.py:840} INFO - DAG(s) 'data_transfer_to_mysql' retrieved from /opt/airflow/dags/data_transfer_mysql.py
[2024-07-09T23:39:26.366+0000] {logging_mixin.py:188} INFO - [2024-07-09T23:39:26.366+0000] {dag.py:3096} INFO - Sync 1 DAGs
[2024-07-09T23:39:26.387+0000] {logging_mixin.py:188} INFO - [2024-07-09T23:39:26.387+0000] {dag.py:3954} INFO - Setting next_dagrun for data_transfer_to_mysql to 2024-07-10 17:00:00+00:00, run_after=2024-07-11 17:00:00+00:00
[2024-07-09T23:39:26.419+0000] {processor.py:183} INFO - Processing /opt/airflow/dags/data_transfer_mysql.py took 0.464 seconds
[2024-07-09T23:39:56.535+0000] {processor.py:161} INFO - Started process (PID=366) to work on /opt/airflow/dags/data_transfer_mysql.py
[2024-07-09T23:39:56.535+0000] {processor.py:830} INFO - Processing file /opt/airflow/dags/data_transfer_mysql.py for tasks to queue
[2024-07-09T23:39:56.537+0000] {logging_mixin.py:188} INFO - [2024-07-09T23:39:56.536+0000] {dagbag.py:545} INFO - Filling up the DagBag from /opt/airflow/dags/data_transfer_mysql.py
[2024-07-09T23:39:56.728+0000] {processor.py:840} INFO - DAG(s) 'data_transfer_to_mysql' retrieved from /opt/airflow/dags/data_transfer_mysql.py
[2024-07-09T23:39:56.792+0000] {logging_mixin.py:188} INFO - [2024-07-09T23:39:56.792+0000] {dag.py:3096} INFO - Sync 1 DAGs
[2024-07-09T23:39:56.804+0000] {logging_mixin.py:188} INFO - [2024-07-09T23:39:56.804+0000] {dag.py:3954} INFO - Setting next_dagrun for data_transfer_to_mysql to 2024-07-10 17:00:00+00:00, run_after=2024-07-11 17:00:00+00:00
[2024-07-09T23:39:56.813+0000] {processor.py:183} INFO - Processing /opt/airflow/dags/data_transfer_mysql.py took 0.284 seconds
[2024-07-09T23:40:27.020+0000] {processor.py:161} INFO - Started process (PID=378) to work on /opt/airflow/dags/data_transfer_mysql.py
[2024-07-09T23:40:27.021+0000] {processor.py:830} INFO - Processing file /opt/airflow/dags/data_transfer_mysql.py for tasks to queue
[2024-07-09T23:40:27.023+0000] {logging_mixin.py:188} INFO - [2024-07-09T23:40:27.022+0000] {dagbag.py:545} INFO - Filling up the DagBag from /opt/airflow/dags/data_transfer_mysql.py
[2024-07-09T23:40:27.398+0000] {processor.py:840} INFO - DAG(s) 'data_transfer_to_mysql' retrieved from /opt/airflow/dags/data_transfer_mysql.py
[2024-07-09T23:40:27.502+0000] {logging_mixin.py:188} INFO - [2024-07-09T23:40:27.502+0000] {dag.py:3096} INFO - Sync 1 DAGs
[2024-07-09T23:40:27.534+0000] {logging_mixin.py:188} INFO - [2024-07-09T23:40:27.534+0000] {dag.py:3954} INFO - Setting next_dagrun for data_transfer_to_mysql to 2024-07-10 17:00:00+00:00, run_after=2024-07-11 17:00:00+00:00
[2024-07-09T23:40:27.562+0000] {processor.py:183} INFO - Processing /opt/airflow/dags/data_transfer_mysql.py took 0.547 seconds
[2024-07-09T23:40:57.725+0000] {processor.py:161} INFO - Started process (PID=391) to work on /opt/airflow/dags/data_transfer_mysql.py
[2024-07-09T23:40:57.732+0000] {processor.py:830} INFO - Processing file /opt/airflow/dags/data_transfer_mysql.py for tasks to queue
[2024-07-09T23:40:57.733+0000] {logging_mixin.py:188} INFO - [2024-07-09T23:40:57.733+0000] {dagbag.py:545} INFO - Filling up the DagBag from /opt/airflow/dags/data_transfer_mysql.py
[2024-07-09T23:40:57.921+0000] {processor.py:840} INFO - DAG(s) 'data_transfer_to_mysql' retrieved from /opt/airflow/dags/data_transfer_mysql.py
[2024-07-09T23:40:57.989+0000] {logging_mixin.py:188} INFO - [2024-07-09T23:40:57.989+0000] {dag.py:3096} INFO - Sync 1 DAGs
[2024-07-09T23:40:58.010+0000] {logging_mixin.py:188} INFO - [2024-07-09T23:40:58.010+0000] {dag.py:3954} INFO - Setting next_dagrun for data_transfer_to_mysql to 2024-07-10 17:00:00+00:00, run_after=2024-07-11 17:00:00+00:00
[2024-07-09T23:40:58.024+0000] {processor.py:183} INFO - Processing /opt/airflow/dags/data_transfer_mysql.py took 0.303 seconds
[2024-07-09T23:41:28.176+0000] {processor.py:161} INFO - Started process (PID=403) to work on /opt/airflow/dags/data_transfer_mysql.py
[2024-07-09T23:41:28.179+0000] {processor.py:830} INFO - Processing file /opt/airflow/dags/data_transfer_mysql.py for tasks to queue
[2024-07-09T23:41:28.181+0000] {logging_mixin.py:188} INFO - [2024-07-09T23:41:28.180+0000] {dagbag.py:545} INFO - Filling up the DagBag from /opt/airflow/dags/data_transfer_mysql.py
[2024-07-09T23:41:28.495+0000] {processor.py:840} INFO - DAG(s) 'data_transfer_to_mysql' retrieved from /opt/airflow/dags/data_transfer_mysql.py
[2024-07-09T23:41:28.619+0000] {logging_mixin.py:188} INFO - [2024-07-09T23:41:28.619+0000] {dag.py:3096} INFO - Sync 1 DAGs
[2024-07-09T23:41:28.643+0000] {logging_mixin.py:188} INFO - [2024-07-09T23:41:28.643+0000] {dag.py:3954} INFO - Setting next_dagrun for data_transfer_to_mysql to 2024-07-10 17:00:00+00:00, run_after=2024-07-11 17:00:00+00:00
[2024-07-09T23:41:28.660+0000] {processor.py:183} INFO - Processing /opt/airflow/dags/data_transfer_mysql.py took 0.489 seconds
[2024-07-09T23:41:58.795+0000] {processor.py:161} INFO - Started process (PID=417) to work on /opt/airflow/dags/data_transfer_mysql.py
[2024-07-09T23:41:58.797+0000] {processor.py:830} INFO - Processing file /opt/airflow/dags/data_transfer_mysql.py for tasks to queue
[2024-07-09T23:41:58.800+0000] {logging_mixin.py:188} INFO - [2024-07-09T23:41:58.800+0000] {dagbag.py:545} INFO - Filling up the DagBag from /opt/airflow/dags/data_transfer_mysql.py
[2024-07-09T23:41:59.018+0000] {processor.py:840} INFO - DAG(s) 'data_transfer_to_mysql' retrieved from /opt/airflow/dags/data_transfer_mysql.py
[2024-07-09T23:41:59.086+0000] {logging_mixin.py:188} INFO - [2024-07-09T23:41:59.086+0000] {dag.py:3096} INFO - Sync 1 DAGs
[2024-07-09T23:41:59.100+0000] {logging_mixin.py:188} INFO - [2024-07-09T23:41:59.099+0000] {dag.py:3954} INFO - Setting next_dagrun for data_transfer_to_mysql to 2024-07-10 17:00:00+00:00, run_after=2024-07-11 17:00:00+00:00
[2024-07-09T23:41:59.112+0000] {processor.py:183} INFO - Processing /opt/airflow/dags/data_transfer_mysql.py took 0.325 seconds
[2024-07-09T23:42:29.279+0000] {processor.py:161} INFO - Started process (PID=427) to work on /opt/airflow/dags/data_transfer_mysql.py
[2024-07-09T23:42:29.282+0000] {processor.py:830} INFO - Processing file /opt/airflow/dags/data_transfer_mysql.py for tasks to queue
[2024-07-09T23:42:29.284+0000] {logging_mixin.py:188} INFO - [2024-07-09T23:42:29.283+0000] {dagbag.py:545} INFO - Filling up the DagBag from /opt/airflow/dags/data_transfer_mysql.py
[2024-07-09T23:42:29.597+0000] {processor.py:840} INFO - DAG(s) 'data_transfer_to_mysql' retrieved from /opt/airflow/dags/data_transfer_mysql.py
[2024-07-09T23:42:29.684+0000] {logging_mixin.py:188} INFO - [2024-07-09T23:42:29.684+0000] {dag.py:3096} INFO - Sync 1 DAGs
[2024-07-09T23:42:29.702+0000] {logging_mixin.py:188} INFO - [2024-07-09T23:42:29.702+0000] {dag.py:3954} INFO - Setting next_dagrun for data_transfer_to_mysql to 2024-07-10 17:00:00+00:00, run_after=2024-07-11 17:00:00+00:00
[2024-07-09T23:42:29.721+0000] {processor.py:183} INFO - Processing /opt/airflow/dags/data_transfer_mysql.py took 0.448 seconds
[2024-07-09T23:42:59.909+0000] {processor.py:161} INFO - Started process (PID=439) to work on /opt/airflow/dags/data_transfer_mysql.py
[2024-07-09T23:42:59.910+0000] {processor.py:830} INFO - Processing file /opt/airflow/dags/data_transfer_mysql.py for tasks to queue
[2024-07-09T23:42:59.912+0000] {logging_mixin.py:188} INFO - [2024-07-09T23:42:59.912+0000] {dagbag.py:545} INFO - Filling up the DagBag from /opt/airflow/dags/data_transfer_mysql.py
[2024-07-09T23:43:00.229+0000] {processor.py:840} INFO - DAG(s) 'data_transfer_to_mysql' retrieved from /opt/airflow/dags/data_transfer_mysql.py
[2024-07-09T23:43:00.292+0000] {logging_mixin.py:188} INFO - [2024-07-09T23:43:00.291+0000] {dag.py:3096} INFO - Sync 1 DAGs
[2024-07-09T23:43:00.305+0000] {logging_mixin.py:188} INFO - [2024-07-09T23:43:00.305+0000] {dag.py:3954} INFO - Setting next_dagrun for data_transfer_to_mysql to 2024-07-10 17:00:00+00:00, run_after=2024-07-11 17:00:00+00:00
[2024-07-09T23:43:00.321+0000] {processor.py:183} INFO - Processing /opt/airflow/dags/data_transfer_mysql.py took 0.418 seconds
[2024-07-09T23:43:30.372+0000] {processor.py:161} INFO - Started process (PID=453) to work on /opt/airflow/dags/data_transfer_mysql.py
[2024-07-09T23:43:30.373+0000] {processor.py:830} INFO - Processing file /opt/airflow/dags/data_transfer_mysql.py for tasks to queue
[2024-07-09T23:43:30.376+0000] {logging_mixin.py:188} INFO - [2024-07-09T23:43:30.375+0000] {dagbag.py:545} INFO - Filling up the DagBag from /opt/airflow/dags/data_transfer_mysql.py
[2024-07-09T23:43:30.537+0000] {processor.py:840} INFO - DAG(s) 'data_transfer_to_mysql' retrieved from /opt/airflow/dags/data_transfer_mysql.py
[2024-07-09T23:43:30.597+0000] {logging_mixin.py:188} INFO - [2024-07-09T23:43:30.596+0000] {dag.py:3096} INFO - Sync 1 DAGs
[2024-07-09T23:43:30.614+0000] {logging_mixin.py:188} INFO - [2024-07-09T23:43:30.614+0000] {dag.py:3954} INFO - Setting next_dagrun for data_transfer_to_mysql to 2024-07-10 17:00:00+00:00, run_after=2024-07-11 17:00:00+00:00
[2024-07-09T23:43:30.622+0000] {processor.py:183} INFO - Processing /opt/airflow/dags/data_transfer_mysql.py took 0.256 seconds
[2024-07-09T23:44:00.783+0000] {processor.py:161} INFO - Started process (PID=465) to work on /opt/airflow/dags/data_transfer_mysql.py
[2024-07-09T23:44:00.784+0000] {processor.py:830} INFO - Processing file /opt/airflow/dags/data_transfer_mysql.py for tasks to queue
[2024-07-09T23:44:00.785+0000] {logging_mixin.py:188} INFO - [2024-07-09T23:44:00.785+0000] {dagbag.py:545} INFO - Filling up the DagBag from /opt/airflow/dags/data_transfer_mysql.py
[2024-07-09T23:44:01.027+0000] {processor.py:840} INFO - DAG(s) 'data_transfer_to_mysql' retrieved from /opt/airflow/dags/data_transfer_mysql.py
[2024-07-09T23:44:01.086+0000] {logging_mixin.py:188} INFO - [2024-07-09T23:44:01.085+0000] {dag.py:3096} INFO - Sync 1 DAGs
[2024-07-09T23:44:01.097+0000] {logging_mixin.py:188} INFO - [2024-07-09T23:44:01.097+0000] {dag.py:3954} INFO - Setting next_dagrun for data_transfer_to_mysql to 2024-07-10 17:00:00+00:00, run_after=2024-07-11 17:00:00+00:00
[2024-07-09T23:44:01.111+0000] {processor.py:183} INFO - Processing /opt/airflow/dags/data_transfer_mysql.py took 0.333 seconds
[2024-07-09T23:44:31.228+0000] {processor.py:161} INFO - Started process (PID=477) to work on /opt/airflow/dags/data_transfer_mysql.py
[2024-07-09T23:44:31.229+0000] {processor.py:830} INFO - Processing file /opt/airflow/dags/data_transfer_mysql.py for tasks to queue
[2024-07-09T23:44:31.231+0000] {logging_mixin.py:188} INFO - [2024-07-09T23:44:31.230+0000] {dagbag.py:545} INFO - Filling up the DagBag from /opt/airflow/dags/data_transfer_mysql.py
[2024-07-09T23:44:31.396+0000] {processor.py:840} INFO - DAG(s) 'data_transfer_to_mysql' retrieved from /opt/airflow/dags/data_transfer_mysql.py
[2024-07-09T23:44:31.451+0000] {logging_mixin.py:188} INFO - [2024-07-09T23:44:31.451+0000] {dag.py:3096} INFO - Sync 1 DAGs
[2024-07-09T23:44:31.461+0000] {logging_mixin.py:188} INFO - [2024-07-09T23:44:31.461+0000] {dag.py:3954} INFO - Setting next_dagrun for data_transfer_to_mysql to 2024-07-10 17:00:00+00:00, run_after=2024-07-11 17:00:00+00:00
[2024-07-09T23:44:31.472+0000] {processor.py:183} INFO - Processing /opt/airflow/dags/data_transfer_mysql.py took 0.249 seconds
[2024-07-09T23:45:01.642+0000] {processor.py:161} INFO - Started process (PID=487) to work on /opt/airflow/dags/data_transfer_mysql.py
[2024-07-09T23:45:01.644+0000] {processor.py:830} INFO - Processing file /opt/airflow/dags/data_transfer_mysql.py for tasks to queue
[2024-07-09T23:45:01.647+0000] {logging_mixin.py:188} INFO - [2024-07-09T23:45:01.646+0000] {dagbag.py:545} INFO - Filling up the DagBag from /opt/airflow/dags/data_transfer_mysql.py
[2024-07-09T23:45:01.971+0000] {processor.py:840} INFO - DAG(s) 'data_transfer_to_mysql' retrieved from /opt/airflow/dags/data_transfer_mysql.py
[2024-07-09T23:45:02.077+0000] {logging_mixin.py:188} INFO - [2024-07-09T23:45:02.077+0000] {dag.py:3096} INFO - Sync 1 DAGs
[2024-07-09T23:45:02.098+0000] {logging_mixin.py:188} INFO - [2024-07-09T23:45:02.097+0000] {dag.py:3954} INFO - Setting next_dagrun for data_transfer_to_mysql to 2024-07-10 17:00:00+00:00, run_after=2024-07-11 17:00:00+00:00
[2024-07-09T23:45:02.115+0000] {processor.py:183} INFO - Processing /opt/airflow/dags/data_transfer_mysql.py took 0.479 seconds
[2024-07-09T23:45:32.234+0000] {processor.py:161} INFO - Started process (PID=501) to work on /opt/airflow/dags/data_transfer_mysql.py
[2024-07-09T23:45:32.234+0000] {processor.py:830} INFO - Processing file /opt/airflow/dags/data_transfer_mysql.py for tasks to queue
[2024-07-09T23:45:32.235+0000] {logging_mixin.py:188} INFO - [2024-07-09T23:45:32.235+0000] {dagbag.py:545} INFO - Filling up the DagBag from /opt/airflow/dags/data_transfer_mysql.py
[2024-07-09T23:45:32.413+0000] {processor.py:840} INFO - DAG(s) 'data_transfer_to_mysql' retrieved from /opt/airflow/dags/data_transfer_mysql.py
[2024-07-09T23:45:32.494+0000] {logging_mixin.py:188} INFO - [2024-07-09T23:45:32.493+0000] {dag.py:3096} INFO - Sync 1 DAGs
[2024-07-09T23:45:32.514+0000] {logging_mixin.py:188} INFO - [2024-07-09T23:45:32.514+0000] {dag.py:3954} INFO - Setting next_dagrun for data_transfer_to_mysql to 2024-07-10 17:00:00+00:00, run_after=2024-07-11 17:00:00+00:00
[2024-07-09T23:45:32.526+0000] {processor.py:183} INFO - Processing /opt/airflow/dags/data_transfer_mysql.py took 0.295 seconds
[2024-07-09T23:46:02.674+0000] {processor.py:161} INFO - Started process (PID=513) to work on /opt/airflow/dags/data_transfer_mysql.py
[2024-07-09T23:46:02.676+0000] {processor.py:830} INFO - Processing file /opt/airflow/dags/data_transfer_mysql.py for tasks to queue
[2024-07-09T23:46:02.677+0000] {logging_mixin.py:188} INFO - [2024-07-09T23:46:02.677+0000] {dagbag.py:545} INFO - Filling up the DagBag from /opt/airflow/dags/data_transfer_mysql.py
[2024-07-09T23:46:02.839+0000] {processor.py:840} INFO - DAG(s) 'data_transfer_to_mysql' retrieved from /opt/airflow/dags/data_transfer_mysql.py
[2024-07-09T23:46:02.901+0000] {logging_mixin.py:188} INFO - [2024-07-09T23:46:02.901+0000] {dag.py:3096} INFO - Sync 1 DAGs
[2024-07-09T23:46:02.919+0000] {logging_mixin.py:188} INFO - [2024-07-09T23:46:02.919+0000] {dag.py:3954} INFO - Setting next_dagrun for data_transfer_to_mysql to 2024-07-10 17:00:00+00:00, run_after=2024-07-11 17:00:00+00:00
[2024-07-09T23:46:02.938+0000] {processor.py:183} INFO - Processing /opt/airflow/dags/data_transfer_mysql.py took 0.270 seconds
[2024-07-09T23:46:33.150+0000] {processor.py:161} INFO - Started process (PID=523) to work on /opt/airflow/dags/data_transfer_mysql.py
[2024-07-09T23:46:33.151+0000] {processor.py:830} INFO - Processing file /opt/airflow/dags/data_transfer_mysql.py for tasks to queue
[2024-07-09T23:46:33.152+0000] {logging_mixin.py:188} INFO - [2024-07-09T23:46:33.152+0000] {dagbag.py:545} INFO - Filling up the DagBag from /opt/airflow/dags/data_transfer_mysql.py
[2024-07-09T23:46:33.318+0000] {processor.py:840} INFO - DAG(s) 'data_transfer_to_mysql' retrieved from /opt/airflow/dags/data_transfer_mysql.py
[2024-07-09T23:46:33.378+0000] {logging_mixin.py:188} INFO - [2024-07-09T23:46:33.378+0000] {dag.py:3096} INFO - Sync 1 DAGs
[2024-07-09T23:46:33.393+0000] {logging_mixin.py:188} INFO - [2024-07-09T23:46:33.393+0000] {dag.py:3954} INFO - Setting next_dagrun for data_transfer_to_mysql to 2024-07-10 17:00:00+00:00, run_after=2024-07-11 17:00:00+00:00
[2024-07-09T23:46:33.411+0000] {processor.py:183} INFO - Processing /opt/airflow/dags/data_transfer_mysql.py took 0.266 seconds
[2024-07-09T23:47:03.611+0000] {processor.py:161} INFO - Started process (PID=535) to work on /opt/airflow/dags/data_transfer_mysql.py
[2024-07-09T23:47:03.613+0000] {processor.py:830} INFO - Processing file /opt/airflow/dags/data_transfer_mysql.py for tasks to queue
[2024-07-09T23:47:03.616+0000] {logging_mixin.py:188} INFO - [2024-07-09T23:47:03.615+0000] {dagbag.py:545} INFO - Filling up the DagBag from /opt/airflow/dags/data_transfer_mysql.py
[2024-07-09T23:47:03.782+0000] {processor.py:840} INFO - DAG(s) 'data_transfer_to_mysql' retrieved from /opt/airflow/dags/data_transfer_mysql.py
[2024-07-09T23:47:03.843+0000] {logging_mixin.py:188} INFO - [2024-07-09T23:47:03.843+0000] {dag.py:3096} INFO - Sync 1 DAGs
[2024-07-09T23:47:03.864+0000] {logging_mixin.py:188} INFO - [2024-07-09T23:47:03.863+0000] {dag.py:3954} INFO - Setting next_dagrun for data_transfer_to_mysql to 2024-07-10 17:00:00+00:00, run_after=2024-07-11 17:00:00+00:00
[2024-07-09T23:47:03.884+0000] {processor.py:183} INFO - Processing /opt/airflow/dags/data_transfer_mysql.py took 0.278 seconds
[2024-07-09T23:47:33.933+0000] {processor.py:161} INFO - Started process (PID=546) to work on /opt/airflow/dags/data_transfer_mysql.py
[2024-07-09T23:47:33.934+0000] {processor.py:830} INFO - Processing file /opt/airflow/dags/data_transfer_mysql.py for tasks to queue
[2024-07-09T23:47:33.935+0000] {logging_mixin.py:188} INFO - [2024-07-09T23:47:33.935+0000] {dagbag.py:545} INFO - Filling up the DagBag from /opt/airflow/dags/data_transfer_mysql.py
[2024-07-09T23:47:34.101+0000] {processor.py:840} INFO - DAG(s) 'data_transfer_to_mysql' retrieved from /opt/airflow/dags/data_transfer_mysql.py
[2024-07-09T23:47:34.161+0000] {logging_mixin.py:188} INFO - [2024-07-09T23:47:34.161+0000] {dag.py:3096} INFO - Sync 1 DAGs
[2024-07-09T23:47:34.172+0000] {logging_mixin.py:188} INFO - [2024-07-09T23:47:34.171+0000] {dag.py:3954} INFO - Setting next_dagrun for data_transfer_to_mysql to 2024-07-10 17:00:00+00:00, run_after=2024-07-11 17:00:00+00:00
[2024-07-09T23:47:34.181+0000] {processor.py:183} INFO - Processing /opt/airflow/dags/data_transfer_mysql.py took 0.252 seconds
[2024-07-09T23:48:04.427+0000] {processor.py:161} INFO - Started process (PID=558) to work on /opt/airflow/dags/data_transfer_mysql.py
[2024-07-09T23:48:04.428+0000] {processor.py:830} INFO - Processing file /opt/airflow/dags/data_transfer_mysql.py for tasks to queue
[2024-07-09T23:48:04.429+0000] {logging_mixin.py:188} INFO - [2024-07-09T23:48:04.429+0000] {dagbag.py:545} INFO - Filling up the DagBag from /opt/airflow/dags/data_transfer_mysql.py
[2024-07-09T23:48:04.615+0000] {processor.py:840} INFO - DAG(s) 'data_transfer_to_mysql' retrieved from /opt/airflow/dags/data_transfer_mysql.py
[2024-07-09T23:48:04.674+0000] {logging_mixin.py:188} INFO - [2024-07-09T23:48:04.673+0000] {dag.py:3096} INFO - Sync 1 DAGs
[2024-07-09T23:48:04.704+0000] {logging_mixin.py:188} INFO - [2024-07-09T23:48:04.703+0000] {dag.py:3954} INFO - Setting next_dagrun for data_transfer_to_mysql to 2024-07-10 17:00:00+00:00, run_after=2024-07-11 17:00:00+00:00
[2024-07-09T23:48:04.729+0000] {processor.py:183} INFO - Processing /opt/airflow/dags/data_transfer_mysql.py took 0.308 seconds
[2024-07-09T23:48:34.922+0000] {processor.py:161} INFO - Started process (PID=570) to work on /opt/airflow/dags/data_transfer_mysql.py
[2024-07-09T23:48:34.923+0000] {processor.py:830} INFO - Processing file /opt/airflow/dags/data_transfer_mysql.py for tasks to queue
[2024-07-09T23:48:34.925+0000] {logging_mixin.py:188} INFO - [2024-07-09T23:48:34.924+0000] {dagbag.py:545} INFO - Filling up the DagBag from /opt/airflow/dags/data_transfer_mysql.py
[2024-07-09T23:48:35.117+0000] {processor.py:840} INFO - DAG(s) 'data_transfer_to_mysql' retrieved from /opt/airflow/dags/data_transfer_mysql.py
[2024-07-09T23:48:35.187+0000] {logging_mixin.py:188} INFO - [2024-07-09T23:48:35.186+0000] {dag.py:3096} INFO - Sync 1 DAGs
[2024-07-09T23:48:35.199+0000] {logging_mixin.py:188} INFO - [2024-07-09T23:48:35.199+0000] {dag.py:3954} INFO - Setting next_dagrun for data_transfer_to_mysql to 2024-07-10 17:00:00+00:00, run_after=2024-07-11 17:00:00+00:00
[2024-07-09T23:48:35.213+0000] {processor.py:183} INFO - Processing /opt/airflow/dags/data_transfer_mysql.py took 0.296 seconds
[2024-07-09T23:49:05.446+0000] {processor.py:161} INFO - Started process (PID=582) to work on /opt/airflow/dags/data_transfer_mysql.py
[2024-07-09T23:49:05.447+0000] {processor.py:830} INFO - Processing file /opt/airflow/dags/data_transfer_mysql.py for tasks to queue
[2024-07-09T23:49:05.449+0000] {logging_mixin.py:188} INFO - [2024-07-09T23:49:05.449+0000] {dagbag.py:545} INFO - Filling up the DagBag from /opt/airflow/dags/data_transfer_mysql.py
[2024-07-09T23:49:05.627+0000] {processor.py:840} INFO - DAG(s) 'data_transfer_to_mysql' retrieved from /opt/airflow/dags/data_transfer_mysql.py
[2024-07-09T23:49:05.692+0000] {logging_mixin.py:188} INFO - [2024-07-09T23:49:05.691+0000] {dag.py:3096} INFO - Sync 1 DAGs
[2024-07-09T23:49:05.712+0000] {logging_mixin.py:188} INFO - [2024-07-09T23:49:05.712+0000] {dag.py:3954} INFO - Setting next_dagrun for data_transfer_to_mysql to 2024-07-10 17:00:00+00:00, run_after=2024-07-11 17:00:00+00:00
[2024-07-09T23:49:05.725+0000] {processor.py:183} INFO - Processing /opt/airflow/dags/data_transfer_mysql.py took 0.282 seconds
[2024-07-09T23:49:35.931+0000] {processor.py:161} INFO - Started process (PID=594) to work on /opt/airflow/dags/data_transfer_mysql.py
[2024-07-09T23:49:35.932+0000] {processor.py:830} INFO - Processing file /opt/airflow/dags/data_transfer_mysql.py for tasks to queue
[2024-07-09T23:49:35.933+0000] {logging_mixin.py:188} INFO - [2024-07-09T23:49:35.933+0000] {dagbag.py:545} INFO - Filling up the DagBag from /opt/airflow/dags/data_transfer_mysql.py
[2024-07-09T23:49:36.100+0000] {processor.py:840} INFO - DAG(s) 'data_transfer_to_mysql' retrieved from /opt/airflow/dags/data_transfer_mysql.py
[2024-07-09T23:49:36.155+0000] {logging_mixin.py:188} INFO - [2024-07-09T23:49:36.155+0000] {dag.py:3096} INFO - Sync 1 DAGs
[2024-07-09T23:49:36.167+0000] {logging_mixin.py:188} INFO - [2024-07-09T23:49:36.167+0000] {dag.py:3954} INFO - Setting next_dagrun for data_transfer_to_mysql to 2024-07-10 17:00:00+00:00, run_after=2024-07-11 17:00:00+00:00
[2024-07-09T23:49:36.177+0000] {processor.py:183} INFO - Processing /opt/airflow/dags/data_transfer_mysql.py took 0.251 seconds
[2024-07-09T23:50:06.456+0000] {processor.py:161} INFO - Started process (PID=606) to work on /opt/airflow/dags/data_transfer_mysql.py
[2024-07-09T23:50:06.457+0000] {processor.py:830} INFO - Processing file /opt/airflow/dags/data_transfer_mysql.py for tasks to queue
[2024-07-09T23:50:06.458+0000] {logging_mixin.py:188} INFO - [2024-07-09T23:50:06.458+0000] {dagbag.py:545} INFO - Filling up the DagBag from /opt/airflow/dags/data_transfer_mysql.py
[2024-07-09T23:50:06.620+0000] {processor.py:840} INFO - DAG(s) 'data_transfer_to_mysql' retrieved from /opt/airflow/dags/data_transfer_mysql.py
[2024-07-09T23:50:06.703+0000] {logging_mixin.py:188} INFO - [2024-07-09T23:50:06.703+0000] {dag.py:3096} INFO - Sync 1 DAGs
[2024-07-09T23:50:06.720+0000] {logging_mixin.py:188} INFO - [2024-07-09T23:50:06.720+0000] {dag.py:3954} INFO - Setting next_dagrun for data_transfer_to_mysql to 2024-07-10 17:00:00+00:00, run_after=2024-07-11 17:00:00+00:00
[2024-07-09T23:50:06.735+0000] {processor.py:183} INFO - Processing /opt/airflow/dags/data_transfer_mysql.py took 0.285 seconds
[2024-07-09T23:50:36.923+0000] {processor.py:161} INFO - Started process (PID=618) to work on /opt/airflow/dags/data_transfer_mysql.py
[2024-07-09T23:50:36.924+0000] {processor.py:830} INFO - Processing file /opt/airflow/dags/data_transfer_mysql.py for tasks to queue
[2024-07-09T23:50:36.925+0000] {logging_mixin.py:188} INFO - [2024-07-09T23:50:36.925+0000] {dagbag.py:545} INFO - Filling up the DagBag from /opt/airflow/dags/data_transfer_mysql.py
[2024-07-09T23:50:37.089+0000] {processor.py:840} INFO - DAG(s) 'data_transfer_to_mysql' retrieved from /opt/airflow/dags/data_transfer_mysql.py
[2024-07-09T23:50:37.150+0000] {logging_mixin.py:188} INFO - [2024-07-09T23:50:37.150+0000] {dag.py:3096} INFO - Sync 1 DAGs
[2024-07-09T23:50:37.162+0000] {logging_mixin.py:188} INFO - [2024-07-09T23:50:37.162+0000] {dag.py:3954} INFO - Setting next_dagrun for data_transfer_to_mysql to 2024-07-10 17:00:00+00:00, run_after=2024-07-11 17:00:00+00:00
[2024-07-09T23:50:37.176+0000] {processor.py:183} INFO - Processing /opt/airflow/dags/data_transfer_mysql.py took 0.256 seconds
[2024-07-09T23:51:07.435+0000] {processor.py:161} INFO - Started process (PID=630) to work on /opt/airflow/dags/data_transfer_mysql.py
[2024-07-09T23:51:07.436+0000] {processor.py:830} INFO - Processing file /opt/airflow/dags/data_transfer_mysql.py for tasks to queue
[2024-07-09T23:51:07.438+0000] {logging_mixin.py:188} INFO - [2024-07-09T23:51:07.437+0000] {dagbag.py:545} INFO - Filling up the DagBag from /opt/airflow/dags/data_transfer_mysql.py
[2024-07-09T23:51:07.616+0000] {processor.py:840} INFO - DAG(s) 'data_transfer_to_mysql' retrieved from /opt/airflow/dags/data_transfer_mysql.py
[2024-07-09T23:51:07.705+0000] {logging_mixin.py:188} INFO - [2024-07-09T23:51:07.705+0000] {dag.py:3096} INFO - Sync 1 DAGs
[2024-07-09T23:51:07.724+0000] {logging_mixin.py:188} INFO - [2024-07-09T23:51:07.724+0000] {dag.py:3954} INFO - Setting next_dagrun for data_transfer_to_mysql to 2024-07-10 17:00:00+00:00, run_after=2024-07-11 17:00:00+00:00
[2024-07-09T23:51:07.739+0000] {processor.py:183} INFO - Processing /opt/airflow/dags/data_transfer_mysql.py took 0.310 seconds
[2024-07-09T23:51:38.013+0000] {processor.py:161} INFO - Started process (PID=642) to work on /opt/airflow/dags/data_transfer_mysql.py
[2024-07-09T23:51:38.014+0000] {processor.py:830} INFO - Processing file /opt/airflow/dags/data_transfer_mysql.py for tasks to queue
[2024-07-09T23:51:38.016+0000] {logging_mixin.py:188} INFO - [2024-07-09T23:51:38.015+0000] {dagbag.py:545} INFO - Filling up the DagBag from /opt/airflow/dags/data_transfer_mysql.py
[2024-07-09T23:51:38.210+0000] {processor.py:840} INFO - DAG(s) 'data_transfer_to_mysql' retrieved from /opt/airflow/dags/data_transfer_mysql.py
[2024-07-09T23:51:38.271+0000] {logging_mixin.py:188} INFO - [2024-07-09T23:51:38.270+0000] {dag.py:3096} INFO - Sync 1 DAGs
[2024-07-09T23:51:38.282+0000] {logging_mixin.py:188} INFO - [2024-07-09T23:51:38.282+0000] {dag.py:3954} INFO - Setting next_dagrun for data_transfer_to_mysql to 2024-07-10 17:00:00+00:00, run_after=2024-07-11 17:00:00+00:00
[2024-07-09T23:51:38.293+0000] {processor.py:183} INFO - Processing /opt/airflow/dags/data_transfer_mysql.py took 0.286 seconds
[2024-07-09T23:52:08.515+0000] {processor.py:161} INFO - Started process (PID=654) to work on /opt/airflow/dags/data_transfer_mysql.py
[2024-07-09T23:52:08.516+0000] {processor.py:830} INFO - Processing file /opt/airflow/dags/data_transfer_mysql.py for tasks to queue
[2024-07-09T23:52:08.517+0000] {logging_mixin.py:188} INFO - [2024-07-09T23:52:08.517+0000] {dagbag.py:545} INFO - Filling up the DagBag from /opt/airflow/dags/data_transfer_mysql.py
[2024-07-09T23:52:08.741+0000] {processor.py:840} INFO - DAG(s) 'data_transfer_to_mysql' retrieved from /opt/airflow/dags/data_transfer_mysql.py
[2024-07-09T23:52:08.817+0000] {logging_mixin.py:188} INFO - [2024-07-09T23:52:08.816+0000] {dag.py:3096} INFO - Sync 1 DAGs
[2024-07-09T23:52:08.828+0000] {logging_mixin.py:188} INFO - [2024-07-09T23:52:08.828+0000] {dag.py:3954} INFO - Setting next_dagrun for data_transfer_to_mysql to 2024-07-10 17:00:00+00:00, run_after=2024-07-11 17:00:00+00:00
[2024-07-09T23:52:08.839+0000] {processor.py:183} INFO - Processing /opt/airflow/dags/data_transfer_mysql.py took 0.332 seconds
[2024-07-09T23:52:39.063+0000] {processor.py:161} INFO - Started process (PID=666) to work on /opt/airflow/dags/data_transfer_mysql.py
[2024-07-09T23:52:39.064+0000] {processor.py:830} INFO - Processing file /opt/airflow/dags/data_transfer_mysql.py for tasks to queue
[2024-07-09T23:52:39.066+0000] {logging_mixin.py:188} INFO - [2024-07-09T23:52:39.066+0000] {dagbag.py:545} INFO - Filling up the DagBag from /opt/airflow/dags/data_transfer_mysql.py
[2024-07-09T23:52:39.256+0000] {processor.py:840} INFO - DAG(s) 'data_transfer_to_mysql' retrieved from /opt/airflow/dags/data_transfer_mysql.py
[2024-07-09T23:52:39.334+0000] {logging_mixin.py:188} INFO - [2024-07-09T23:52:39.334+0000] {dag.py:3096} INFO - Sync 1 DAGs
[2024-07-09T23:52:39.348+0000] {logging_mixin.py:188} INFO - [2024-07-09T23:52:39.348+0000] {dag.py:3954} INFO - Setting next_dagrun for data_transfer_to_mysql to 2024-07-10 17:00:00+00:00, run_after=2024-07-11 17:00:00+00:00
[2024-07-09T23:52:39.361+0000] {processor.py:183} INFO - Processing /opt/airflow/dags/data_transfer_mysql.py took 0.307 seconds
[2024-07-09T23:53:09.589+0000] {processor.py:161} INFO - Started process (PID=678) to work on /opt/airflow/dags/data_transfer_mysql.py
[2024-07-09T23:53:09.590+0000] {processor.py:830} INFO - Processing file /opt/airflow/dags/data_transfer_mysql.py for tasks to queue
[2024-07-09T23:53:09.591+0000] {logging_mixin.py:188} INFO - [2024-07-09T23:53:09.591+0000] {dagbag.py:545} INFO - Filling up the DagBag from /opt/airflow/dags/data_transfer_mysql.py
[2024-07-09T23:53:09.774+0000] {processor.py:840} INFO - DAG(s) 'data_transfer_to_mysql' retrieved from /opt/airflow/dags/data_transfer_mysql.py
[2024-07-09T23:53:09.834+0000] {logging_mixin.py:188} INFO - [2024-07-09T23:53:09.834+0000] {dag.py:3096} INFO - Sync 1 DAGs
[2024-07-09T23:53:09.851+0000] {logging_mixin.py:188} INFO - [2024-07-09T23:53:09.851+0000] {dag.py:3954} INFO - Setting next_dagrun for data_transfer_to_mysql to 2024-07-10 17:00:00+00:00, run_after=2024-07-11 17:00:00+00:00
[2024-07-09T23:53:09.872+0000] {processor.py:183} INFO - Processing /opt/airflow/dags/data_transfer_mysql.py took 0.288 seconds
[2024-07-09T23:53:40.100+0000] {processor.py:161} INFO - Started process (PID=690) to work on /opt/airflow/dags/data_transfer_mysql.py
[2024-07-09T23:53:40.101+0000] {processor.py:830} INFO - Processing file /opt/airflow/dags/data_transfer_mysql.py for tasks to queue
[2024-07-09T23:53:40.103+0000] {logging_mixin.py:188} INFO - [2024-07-09T23:53:40.103+0000] {dagbag.py:545} INFO - Filling up the DagBag from /opt/airflow/dags/data_transfer_mysql.py
[2024-07-09T23:53:40.298+0000] {processor.py:840} INFO - DAG(s) 'data_transfer_to_mysql' retrieved from /opt/airflow/dags/data_transfer_mysql.py
[2024-07-09T23:53:40.386+0000] {logging_mixin.py:188} INFO - [2024-07-09T23:53:40.386+0000] {dag.py:3096} INFO - Sync 1 DAGs
[2024-07-09T23:53:40.409+0000] {logging_mixin.py:188} INFO - [2024-07-09T23:53:40.409+0000] {dag.py:3954} INFO - Setting next_dagrun for data_transfer_to_mysql to 2024-07-10 17:00:00+00:00, run_after=2024-07-11 17:00:00+00:00
[2024-07-09T23:53:40.424+0000] {processor.py:183} INFO - Processing /opt/airflow/dags/data_transfer_mysql.py took 0.330 seconds
[2024-07-09T23:54:10.641+0000] {processor.py:161} INFO - Started process (PID=702) to work on /opt/airflow/dags/data_transfer_mysql.py
[2024-07-09T23:54:10.642+0000] {processor.py:830} INFO - Processing file /opt/airflow/dags/data_transfer_mysql.py for tasks to queue
[2024-07-09T23:54:10.644+0000] {logging_mixin.py:188} INFO - [2024-07-09T23:54:10.644+0000] {dagbag.py:545} INFO - Filling up the DagBag from /opt/airflow/dags/data_transfer_mysql.py
[2024-07-09T23:54:10.837+0000] {processor.py:840} INFO - DAG(s) 'data_transfer_to_mysql' retrieved from /opt/airflow/dags/data_transfer_mysql.py
[2024-07-09T23:54:10.918+0000] {logging_mixin.py:188} INFO - [2024-07-09T23:54:10.918+0000] {dag.py:3096} INFO - Sync 1 DAGs
[2024-07-09T23:54:10.930+0000] {logging_mixin.py:188} INFO - [2024-07-09T23:54:10.930+0000] {dag.py:3954} INFO - Setting next_dagrun for data_transfer_to_mysql to 2024-07-10 17:00:00+00:00, run_after=2024-07-11 17:00:00+00:00
[2024-07-09T23:54:10.940+0000] {processor.py:183} INFO - Processing /opt/airflow/dags/data_transfer_mysql.py took 0.308 seconds
[2024-07-09T23:54:41.174+0000] {processor.py:161} INFO - Started process (PID=714) to work on /opt/airflow/dags/data_transfer_mysql.py
[2024-07-09T23:54:41.175+0000] {processor.py:830} INFO - Processing file /opt/airflow/dags/data_transfer_mysql.py for tasks to queue
[2024-07-09T23:54:41.177+0000] {logging_mixin.py:188} INFO - [2024-07-09T23:54:41.177+0000] {dagbag.py:545} INFO - Filling up the DagBag from /opt/airflow/dags/data_transfer_mysql.py
[2024-07-09T23:54:41.377+0000] {processor.py:840} INFO - DAG(s) 'data_transfer_to_mysql' retrieved from /opt/airflow/dags/data_transfer_mysql.py
[2024-07-09T23:54:41.439+0000] {logging_mixin.py:188} INFO - [2024-07-09T23:54:41.439+0000] {dag.py:3096} INFO - Sync 1 DAGs
[2024-07-09T23:54:41.452+0000] {logging_mixin.py:188} INFO - [2024-07-09T23:54:41.451+0000] {dag.py:3954} INFO - Setting next_dagrun for data_transfer_to_mysql to 2024-07-10 17:00:00+00:00, run_after=2024-07-11 17:00:00+00:00
[2024-07-09T23:54:41.467+0000] {processor.py:183} INFO - Processing /opt/airflow/dags/data_transfer_mysql.py took 0.298 seconds
[2024-07-09T23:55:11.724+0000] {processor.py:161} INFO - Started process (PID=726) to work on /opt/airflow/dags/data_transfer_mysql.py
[2024-07-09T23:55:11.725+0000] {processor.py:830} INFO - Processing file /opt/airflow/dags/data_transfer_mysql.py for tasks to queue
[2024-07-09T23:55:11.727+0000] {logging_mixin.py:188} INFO - [2024-07-09T23:55:11.727+0000] {dagbag.py:545} INFO - Filling up the DagBag from /opt/airflow/dags/data_transfer_mysql.py
[2024-07-09T23:55:11.923+0000] {processor.py:840} INFO - DAG(s) 'data_transfer_to_mysql' retrieved from /opt/airflow/dags/data_transfer_mysql.py
[2024-07-09T23:55:11.992+0000] {logging_mixin.py:188} INFO - [2024-07-09T23:55:11.991+0000] {dag.py:3096} INFO - Sync 1 DAGs
[2024-07-09T23:55:12.005+0000] {logging_mixin.py:188} INFO - [2024-07-09T23:55:12.005+0000] {dag.py:3954} INFO - Setting next_dagrun for data_transfer_to_mysql to 2024-07-10 17:00:00+00:00, run_after=2024-07-11 17:00:00+00:00
[2024-07-09T23:55:12.025+0000] {processor.py:183} INFO - Processing /opt/airflow/dags/data_transfer_mysql.py took 0.304 seconds
[2024-07-09T23:55:42.284+0000] {processor.py:161} INFO - Started process (PID=738) to work on /opt/airflow/dags/data_transfer_mysql.py
[2024-07-09T23:55:42.284+0000] {processor.py:830} INFO - Processing file /opt/airflow/dags/data_transfer_mysql.py for tasks to queue
[2024-07-09T23:55:42.285+0000] {logging_mixin.py:188} INFO - [2024-07-09T23:55:42.285+0000] {dagbag.py:545} INFO - Filling up the DagBag from /opt/airflow/dags/data_transfer_mysql.py
[2024-07-09T23:55:42.449+0000] {processor.py:840} INFO - DAG(s) 'data_transfer_to_mysql' retrieved from /opt/airflow/dags/data_transfer_mysql.py
[2024-07-09T23:55:42.511+0000] {logging_mixin.py:188} INFO - [2024-07-09T23:55:42.511+0000] {dag.py:3096} INFO - Sync 1 DAGs
[2024-07-09T23:55:42.527+0000] {logging_mixin.py:188} INFO - [2024-07-09T23:55:42.527+0000] {dag.py:3954} INFO - Setting next_dagrun for data_transfer_to_mysql to 2024-07-10 17:00:00+00:00, run_after=2024-07-11 17:00:00+00:00
[2024-07-09T23:55:42.537+0000] {processor.py:183} INFO - Processing /opt/airflow/dags/data_transfer_mysql.py took 0.258 seconds
[2024-07-09T23:56:12.803+0000] {processor.py:161} INFO - Started process (PID=750) to work on /opt/airflow/dags/data_transfer_mysql.py
[2024-07-09T23:56:12.803+0000] {processor.py:830} INFO - Processing file /opt/airflow/dags/data_transfer_mysql.py for tasks to queue
[2024-07-09T23:56:12.805+0000] {logging_mixin.py:188} INFO - [2024-07-09T23:56:12.805+0000] {dagbag.py:545} INFO - Filling up the DagBag from /opt/airflow/dags/data_transfer_mysql.py
[2024-07-09T23:56:13.001+0000] {processor.py:840} INFO - DAG(s) 'data_transfer_to_mysql' retrieved from /opt/airflow/dags/data_transfer_mysql.py
[2024-07-09T23:56:13.070+0000] {logging_mixin.py:188} INFO - [2024-07-09T23:56:13.070+0000] {dag.py:3096} INFO - Sync 1 DAGs
[2024-07-09T23:56:13.081+0000] {logging_mixin.py:188} INFO - [2024-07-09T23:56:13.081+0000] {dag.py:3954} INFO - Setting next_dagrun for data_transfer_to_mysql to 2024-07-10 17:00:00+00:00, run_after=2024-07-11 17:00:00+00:00
[2024-07-09T23:56:13.092+0000] {processor.py:183} INFO - Processing /opt/airflow/dags/data_transfer_mysql.py took 0.293 seconds
[2024-07-09T23:56:43.308+0000] {processor.py:161} INFO - Started process (PID=762) to work on /opt/airflow/dags/data_transfer_mysql.py
[2024-07-09T23:56:43.309+0000] {processor.py:830} INFO - Processing file /opt/airflow/dags/data_transfer_mysql.py for tasks to queue
[2024-07-09T23:56:43.310+0000] {logging_mixin.py:188} INFO - [2024-07-09T23:56:43.310+0000] {dagbag.py:545} INFO - Filling up the DagBag from /opt/airflow/dags/data_transfer_mysql.py
[2024-07-09T23:56:43.481+0000] {processor.py:840} INFO - DAG(s) 'data_transfer_to_mysql' retrieved from /opt/airflow/dags/data_transfer_mysql.py
[2024-07-09T23:56:43.536+0000] {logging_mixin.py:188} INFO - [2024-07-09T23:56:43.536+0000] {dag.py:3096} INFO - Sync 1 DAGs
[2024-07-09T23:56:43.547+0000] {logging_mixin.py:188} INFO - [2024-07-09T23:56:43.547+0000] {dag.py:3954} INFO - Setting next_dagrun for data_transfer_to_mysql to 2024-07-10 17:00:00+00:00, run_after=2024-07-11 17:00:00+00:00
[2024-07-09T23:56:43.556+0000] {processor.py:183} INFO - Processing /opt/airflow/dags/data_transfer_mysql.py took 0.254 seconds
[2024-07-09T23:57:13.825+0000] {processor.py:161} INFO - Started process (PID=774) to work on /opt/airflow/dags/data_transfer_mysql.py
[2024-07-09T23:57:13.825+0000] {processor.py:830} INFO - Processing file /opt/airflow/dags/data_transfer_mysql.py for tasks to queue
[2024-07-09T23:57:13.827+0000] {logging_mixin.py:188} INFO - [2024-07-09T23:57:13.826+0000] {dagbag.py:545} INFO - Filling up the DagBag from /opt/airflow/dags/data_transfer_mysql.py
[2024-07-09T23:57:14.001+0000] {processor.py:840} INFO - DAG(s) 'data_transfer_to_mysql' retrieved from /opt/airflow/dags/data_transfer_mysql.py
[2024-07-09T23:57:14.060+0000] {logging_mixin.py:188} INFO - [2024-07-09T23:57:14.060+0000] {dag.py:3096} INFO - Sync 1 DAGs
[2024-07-09T23:57:14.071+0000] {logging_mixin.py:188} INFO - [2024-07-09T23:57:14.071+0000] {dag.py:3954} INFO - Setting next_dagrun for data_transfer_to_mysql to 2024-07-10 17:00:00+00:00, run_after=2024-07-11 17:00:00+00:00
[2024-07-09T23:57:14.081+0000] {processor.py:183} INFO - Processing /opt/airflow/dags/data_transfer_mysql.py took 0.261 seconds
[2024-07-09T23:57:44.321+0000] {processor.py:161} INFO - Started process (PID=786) to work on /opt/airflow/dags/data_transfer_mysql.py
[2024-07-09T23:57:44.321+0000] {processor.py:830} INFO - Processing file /opt/airflow/dags/data_transfer_mysql.py for tasks to queue
[2024-07-09T23:57:44.322+0000] {logging_mixin.py:188} INFO - [2024-07-09T23:57:44.322+0000] {dagbag.py:545} INFO - Filling up the DagBag from /opt/airflow/dags/data_transfer_mysql.py
[2024-07-09T23:57:44.495+0000] {processor.py:840} INFO - DAG(s) 'data_transfer_to_mysql' retrieved from /opt/airflow/dags/data_transfer_mysql.py
[2024-07-09T23:57:44.558+0000] {logging_mixin.py:188} INFO - [2024-07-09T23:57:44.558+0000] {dag.py:3096} INFO - Sync 1 DAGs
[2024-07-09T23:57:44.569+0000] {logging_mixin.py:188} INFO - [2024-07-09T23:57:44.569+0000] {dag.py:3954} INFO - Setting next_dagrun for data_transfer_to_mysql to 2024-07-10 17:00:00+00:00, run_after=2024-07-11 17:00:00+00:00
[2024-07-09T23:57:44.580+0000] {processor.py:183} INFO - Processing /opt/airflow/dags/data_transfer_mysql.py took 0.265 seconds
[2024-07-09T23:58:14.827+0000] {processor.py:161} INFO - Started process (PID=798) to work on /opt/airflow/dags/data_transfer_mysql.py
[2024-07-09T23:58:14.828+0000] {processor.py:830} INFO - Processing file /opt/airflow/dags/data_transfer_mysql.py for tasks to queue
[2024-07-09T23:58:14.830+0000] {logging_mixin.py:188} INFO - [2024-07-09T23:58:14.829+0000] {dagbag.py:545} INFO - Filling up the DagBag from /opt/airflow/dags/data_transfer_mysql.py
[2024-07-09T23:58:15.073+0000] {processor.py:840} INFO - DAG(s) 'data_transfer_to_mysql' retrieved from /opt/airflow/dags/data_transfer_mysql.py
[2024-07-09T23:58:15.145+0000] {logging_mixin.py:188} INFO - [2024-07-09T23:58:15.144+0000] {dag.py:3096} INFO - Sync 1 DAGs
[2024-07-09T23:58:15.158+0000] {logging_mixin.py:188} INFO - [2024-07-09T23:58:15.158+0000] {dag.py:3954} INFO - Setting next_dagrun for data_transfer_to_mysql to 2024-07-10 17:00:00+00:00, run_after=2024-07-11 17:00:00+00:00
[2024-07-09T23:58:15.174+0000] {processor.py:183} INFO - Processing /opt/airflow/dags/data_transfer_mysql.py took 0.351 seconds
[2024-07-09T23:58:45.378+0000] {processor.py:161} INFO - Started process (PID=810) to work on /opt/airflow/dags/data_transfer_mysql.py
[2024-07-09T23:58:45.379+0000] {processor.py:830} INFO - Processing file /opt/airflow/dags/data_transfer_mysql.py for tasks to queue
[2024-07-09T23:58:45.381+0000] {logging_mixin.py:188} INFO - [2024-07-09T23:58:45.381+0000] {dagbag.py:545} INFO - Filling up the DagBag from /opt/airflow/dags/data_transfer_mysql.py
[2024-07-09T23:58:45.597+0000] {processor.py:840} INFO - DAG(s) 'data_transfer_to_mysql' retrieved from /opt/airflow/dags/data_transfer_mysql.py
[2024-07-09T23:58:45.685+0000] {logging_mixin.py:188} INFO - [2024-07-09T23:58:45.684+0000] {dag.py:3096} INFO - Sync 1 DAGs
[2024-07-09T23:58:45.711+0000] {logging_mixin.py:188} INFO - [2024-07-09T23:58:45.711+0000] {dag.py:3954} INFO - Setting next_dagrun for data_transfer_to_mysql to 2024-07-10 17:00:00+00:00, run_after=2024-07-11 17:00:00+00:00
[2024-07-09T23:58:45.728+0000] {processor.py:183} INFO - Processing /opt/airflow/dags/data_transfer_mysql.py took 0.360 seconds
[2024-07-09T23:59:15.908+0000] {processor.py:161} INFO - Started process (PID=822) to work on /opt/airflow/dags/data_transfer_mysql.py
[2024-07-09T23:59:15.908+0000] {processor.py:830} INFO - Processing file /opt/airflow/dags/data_transfer_mysql.py for tasks to queue
[2024-07-09T23:59:15.909+0000] {logging_mixin.py:188} INFO - [2024-07-09T23:59:15.909+0000] {dagbag.py:545} INFO - Filling up the DagBag from /opt/airflow/dags/data_transfer_mysql.py
[2024-07-09T23:59:16.099+0000] {processor.py:840} INFO - DAG(s) 'data_transfer_to_mysql' retrieved from /opt/airflow/dags/data_transfer_mysql.py
[2024-07-09T23:59:16.166+0000] {logging_mixin.py:188} INFO - [2024-07-09T23:59:16.165+0000] {dag.py:3096} INFO - Sync 1 DAGs
[2024-07-09T23:59:16.188+0000] {logging_mixin.py:188} INFO - [2024-07-09T23:59:16.188+0000] {dag.py:3954} INFO - Setting next_dagrun for data_transfer_to_mysql to 2024-07-10 17:00:00+00:00, run_after=2024-07-11 17:00:00+00:00
[2024-07-09T23:59:16.208+0000] {processor.py:183} INFO - Processing /opt/airflow/dags/data_transfer_mysql.py took 0.306 seconds
[2024-07-09T23:59:46.475+0000] {processor.py:161} INFO - Started process (PID=834) to work on /opt/airflow/dags/data_transfer_mysql.py
[2024-07-09T23:59:46.476+0000] {processor.py:830} INFO - Processing file /opt/airflow/dags/data_transfer_mysql.py for tasks to queue
[2024-07-09T23:59:46.478+0000] {logging_mixin.py:188} INFO - [2024-07-09T23:59:46.478+0000] {dagbag.py:545} INFO - Filling up the DagBag from /opt/airflow/dags/data_transfer_mysql.py
[2024-07-09T23:59:46.677+0000] {processor.py:840} INFO - DAG(s) 'data_transfer_to_mysql' retrieved from /opt/airflow/dags/data_transfer_mysql.py
[2024-07-09T23:59:46.738+0000] {logging_mixin.py:188} INFO - [2024-07-09T23:59:46.738+0000] {dag.py:3096} INFO - Sync 1 DAGs
[2024-07-09T23:59:46.751+0000] {logging_mixin.py:188} INFO - [2024-07-09T23:59:46.751+0000] {dag.py:3954} INFO - Setting next_dagrun for data_transfer_to_mysql to 2024-07-10 17:00:00+00:00, run_after=2024-07-11 17:00:00+00:00
[2024-07-09T23:59:46.763+0000] {processor.py:183} INFO - Processing /opt/airflow/dags/data_transfer_mysql.py took 0.294 seconds
