[2024-07-09T23:32:49.363+0000] {processor.py:161} INFO - Started process (PID=195) to work on /opt/airflow/dags/to_gcs.py
[2024-07-09T23:32:49.364+0000] {processor.py:830} INFO - Processing file /opt/airflow/dags/to_gcs.py for tasks to queue
[2024-07-09T23:32:49.365+0000] {logging_mixin.py:188} INFO - [2024-07-09T23:32:49.365+0000] {dagbag.py:545} INFO - Filling up the DagBag from /opt/airflow/dags/to_gcs.py
[2024-07-09T23:32:49.571+0000] {processor.py:840} INFO - DAG(s) 'data_transfer_to_gcs' retrieved from /opt/airflow/dags/to_gcs.py
[2024-07-09T23:32:49.579+0000] {logging_mixin.py:188} INFO - [2024-07-09T23:32:49.579+0000] {dag.py:3096} INFO - Sync 1 DAGs
[2024-07-09T23:32:49.593+0000] {logging_mixin.py:188} INFO - [2024-07-09T23:32:49.593+0000] {dag.py:3954} INFO - Setting next_dagrun for data_transfer_to_gcs to None, run_after=None
[2024-07-09T23:32:49.605+0000] {processor.py:183} INFO - Processing /opt/airflow/dags/to_gcs.py took 0.247 seconds
[2024-07-09T23:33:19.874+0000] {processor.py:161} INFO - Started process (PID=207) to work on /opt/airflow/dags/to_gcs.py
[2024-07-09T23:33:19.876+0000] {processor.py:830} INFO - Processing file /opt/airflow/dags/to_gcs.py for tasks to queue
[2024-07-09T23:33:19.879+0000] {logging_mixin.py:188} INFO - [2024-07-09T23:33:19.878+0000] {dagbag.py:545} INFO - Filling up the DagBag from /opt/airflow/dags/to_gcs.py
[2024-07-09T23:33:20.049+0000] {processor.py:840} INFO - DAG(s) 'data_transfer_to_gcs' retrieved from /opt/airflow/dags/to_gcs.py
[2024-07-09T23:33:20.115+0000] {logging_mixin.py:188} INFO - [2024-07-09T23:33:20.115+0000] {dag.py:3096} INFO - Sync 1 DAGs
[2024-07-09T23:33:20.126+0000] {logging_mixin.py:188} INFO - [2024-07-09T23:33:20.126+0000] {dag.py:3954} INFO - Setting next_dagrun for data_transfer_to_gcs to None, run_after=None
[2024-07-09T23:33:20.142+0000] {processor.py:183} INFO - Processing /opt/airflow/dags/to_gcs.py took 0.277 seconds
[2024-07-09T23:33:50.417+0000] {processor.py:161} INFO - Started process (PID=219) to work on /opt/airflow/dags/to_gcs.py
[2024-07-09T23:33:50.419+0000] {processor.py:830} INFO - Processing file /opt/airflow/dags/to_gcs.py for tasks to queue
[2024-07-09T23:33:50.420+0000] {logging_mixin.py:188} INFO - [2024-07-09T23:33:50.420+0000] {dagbag.py:545} INFO - Filling up the DagBag from /opt/airflow/dags/to_gcs.py
[2024-07-09T23:33:50.599+0000] {processor.py:840} INFO - DAG(s) 'data_transfer_to_gcs' retrieved from /opt/airflow/dags/to_gcs.py
[2024-07-09T23:33:50.614+0000] {logging_mixin.py:188} INFO - [2024-07-09T23:33:50.613+0000] {dag.py:3096} INFO - Sync 1 DAGs
[2024-07-09T23:33:50.628+0000] {logging_mixin.py:188} INFO - [2024-07-09T23:33:50.628+0000] {dag.py:3954} INFO - Setting next_dagrun for data_transfer_to_gcs to None, run_after=None
[2024-07-09T23:33:50.642+0000] {processor.py:183} INFO - Processing /opt/airflow/dags/to_gcs.py took 0.231 seconds
[2024-07-09T23:34:20.911+0000] {processor.py:161} INFO - Started process (PID=231) to work on /opt/airflow/dags/to_gcs.py
[2024-07-09T23:34:20.913+0000] {processor.py:830} INFO - Processing file /opt/airflow/dags/to_gcs.py for tasks to queue
[2024-07-09T23:34:20.914+0000] {logging_mixin.py:188} INFO - [2024-07-09T23:34:20.914+0000] {dagbag.py:545} INFO - Filling up the DagBag from /opt/airflow/dags/to_gcs.py
[2024-07-09T23:34:21.082+0000] {processor.py:840} INFO - DAG(s) 'data_transfer_to_gcs' retrieved from /opt/airflow/dags/to_gcs.py
[2024-07-09T23:34:21.101+0000] {logging_mixin.py:188} INFO - [2024-07-09T23:34:21.101+0000] {dag.py:3096} INFO - Sync 1 DAGs
[2024-07-09T23:34:21.121+0000] {logging_mixin.py:188} INFO - [2024-07-09T23:34:21.121+0000] {dag.py:3954} INFO - Setting next_dagrun for data_transfer_to_gcs to None, run_after=None
[2024-07-09T23:34:21.147+0000] {processor.py:183} INFO - Processing /opt/airflow/dags/to_gcs.py took 0.243 seconds
[2024-07-09T23:34:51.431+0000] {processor.py:161} INFO - Started process (PID=243) to work on /opt/airflow/dags/to_gcs.py
[2024-07-09T23:34:51.442+0000] {processor.py:830} INFO - Processing file /opt/airflow/dags/to_gcs.py for tasks to queue
[2024-07-09T23:34:51.445+0000] {logging_mixin.py:188} INFO - [2024-07-09T23:34:51.444+0000] {dagbag.py:545} INFO - Filling up the DagBag from /opt/airflow/dags/to_gcs.py
[2024-07-09T23:34:51.625+0000] {processor.py:840} INFO - DAG(s) 'data_transfer_to_gcs' retrieved from /opt/airflow/dags/to_gcs.py
[2024-07-09T23:34:51.641+0000] {logging_mixin.py:188} INFO - [2024-07-09T23:34:51.641+0000] {dag.py:3096} INFO - Sync 1 DAGs
[2024-07-09T23:34:51.655+0000] {logging_mixin.py:188} INFO - [2024-07-09T23:34:51.655+0000] {dag.py:3954} INFO - Setting next_dagrun for data_transfer_to_gcs to None, run_after=None
[2024-07-09T23:34:51.680+0000] {processor.py:183} INFO - Processing /opt/airflow/dags/to_gcs.py took 0.255 seconds
[2024-07-09T23:35:21.947+0000] {processor.py:161} INFO - Started process (PID=255) to work on /opt/airflow/dags/to_gcs.py
[2024-07-09T23:35:21.949+0000] {processor.py:830} INFO - Processing file /opt/airflow/dags/to_gcs.py for tasks to queue
[2024-07-09T23:35:21.952+0000] {logging_mixin.py:188} INFO - [2024-07-09T23:35:21.951+0000] {dagbag.py:545} INFO - Filling up the DagBag from /opt/airflow/dags/to_gcs.py
[2024-07-09T23:35:22.123+0000] {processor.py:840} INFO - DAG(s) 'data_transfer_to_gcs' retrieved from /opt/airflow/dags/to_gcs.py
[2024-07-09T23:35:22.139+0000] {logging_mixin.py:188} INFO - [2024-07-09T23:35:22.139+0000] {dag.py:3096} INFO - Sync 1 DAGs
[2024-07-09T23:35:22.151+0000] {logging_mixin.py:188} INFO - [2024-07-09T23:35:22.150+0000] {dag.py:3954} INFO - Setting next_dagrun for data_transfer_to_gcs to None, run_after=None
[2024-07-09T23:35:22.160+0000] {processor.py:183} INFO - Processing /opt/airflow/dags/to_gcs.py took 0.220 seconds
[2024-07-09T23:35:52.409+0000] {processor.py:161} INFO - Started process (PID=267) to work on /opt/airflow/dags/to_gcs.py
[2024-07-09T23:35:52.410+0000] {processor.py:830} INFO - Processing file /opt/airflow/dags/to_gcs.py for tasks to queue
[2024-07-09T23:35:52.412+0000] {logging_mixin.py:188} INFO - [2024-07-09T23:35:52.412+0000] {dagbag.py:545} INFO - Filling up the DagBag from /opt/airflow/dags/to_gcs.py
[2024-07-09T23:35:52.677+0000] {processor.py:840} INFO - DAG(s) 'data_transfer_to_gcs' retrieved from /opt/airflow/dags/to_gcs.py
[2024-07-09T23:35:52.700+0000] {logging_mixin.py:188} INFO - [2024-07-09T23:35:52.700+0000] {dag.py:3096} INFO - Sync 1 DAGs
[2024-07-09T23:35:52.722+0000] {logging_mixin.py:188} INFO - [2024-07-09T23:35:52.722+0000] {dag.py:3954} INFO - Setting next_dagrun for data_transfer_to_gcs to None, run_after=None
[2024-07-09T23:35:52.742+0000] {processor.py:183} INFO - Processing /opt/airflow/dags/to_gcs.py took 0.337 seconds
[2024-07-09T23:36:22.992+0000] {processor.py:161} INFO - Started process (PID=279) to work on /opt/airflow/dags/to_gcs.py
[2024-07-09T23:36:22.992+0000] {processor.py:830} INFO - Processing file /opt/airflow/dags/to_gcs.py for tasks to queue
[2024-07-09T23:36:22.994+0000] {logging_mixin.py:188} INFO - [2024-07-09T23:36:22.994+0000] {dagbag.py:545} INFO - Filling up the DagBag from /opt/airflow/dags/to_gcs.py
[2024-07-09T23:36:23.158+0000] {processor.py:840} INFO - DAG(s) 'data_transfer_to_gcs' retrieved from /opt/airflow/dags/to_gcs.py
[2024-07-09T23:36:23.175+0000] {logging_mixin.py:188} INFO - [2024-07-09T23:36:23.175+0000] {dag.py:3096} INFO - Sync 1 DAGs
[2024-07-09T23:36:23.188+0000] {logging_mixin.py:188} INFO - [2024-07-09T23:36:23.188+0000] {dag.py:3954} INFO - Setting next_dagrun for data_transfer_to_gcs to None, run_after=None
[2024-07-09T23:36:23.206+0000] {processor.py:183} INFO - Processing /opt/airflow/dags/to_gcs.py took 0.220 seconds
[2024-07-09T23:36:53.473+0000] {processor.py:161} INFO - Started process (PID=291) to work on /opt/airflow/dags/to_gcs.py
[2024-07-09T23:36:53.475+0000] {processor.py:830} INFO - Processing file /opt/airflow/dags/to_gcs.py for tasks to queue
[2024-07-09T23:36:53.478+0000] {logging_mixin.py:188} INFO - [2024-07-09T23:36:53.477+0000] {dagbag.py:545} INFO - Filling up the DagBag from /opt/airflow/dags/to_gcs.py
[2024-07-09T23:36:53.644+0000] {processor.py:840} INFO - DAG(s) 'data_transfer_to_gcs' retrieved from /opt/airflow/dags/to_gcs.py
[2024-07-09T23:36:53.664+0000] {logging_mixin.py:188} INFO - [2024-07-09T23:36:53.664+0000] {dag.py:3096} INFO - Sync 1 DAGs
[2024-07-09T23:36:53.678+0000] {logging_mixin.py:188} INFO - [2024-07-09T23:36:53.677+0000] {dag.py:3954} INFO - Setting next_dagrun for data_transfer_to_gcs to None, run_after=None
[2024-07-09T23:36:53.691+0000] {processor.py:183} INFO - Processing /opt/airflow/dags/to_gcs.py took 0.226 seconds
[2024-07-09T23:37:23.959+0000] {processor.py:161} INFO - Started process (PID=303) to work on /opt/airflow/dags/to_gcs.py
[2024-07-09T23:37:23.961+0000] {processor.py:830} INFO - Processing file /opt/airflow/dags/to_gcs.py for tasks to queue
[2024-07-09T23:37:23.964+0000] {logging_mixin.py:188} INFO - [2024-07-09T23:37:23.963+0000] {dagbag.py:545} INFO - Filling up the DagBag from /opt/airflow/dags/to_gcs.py
[2024-07-09T23:37:24.145+0000] {processor.py:840} INFO - DAG(s) 'data_transfer_to_gcs' retrieved from /opt/airflow/dags/to_gcs.py
[2024-07-09T23:37:24.159+0000] {logging_mixin.py:188} INFO - [2024-07-09T23:37:24.159+0000] {dag.py:3096} INFO - Sync 1 DAGs
[2024-07-09T23:37:24.173+0000] {logging_mixin.py:188} INFO - [2024-07-09T23:37:24.173+0000] {dag.py:3954} INFO - Setting next_dagrun for data_transfer_to_gcs to None, run_after=None
[2024-07-09T23:37:24.190+0000] {processor.py:183} INFO - Processing /opt/airflow/dags/to_gcs.py took 0.239 seconds
[2024-07-09T23:37:54.423+0000] {processor.py:161} INFO - Started process (PID=315) to work on /opt/airflow/dags/to_gcs.py
[2024-07-09T23:37:54.425+0000] {processor.py:830} INFO - Processing file /opt/airflow/dags/to_gcs.py for tasks to queue
[2024-07-09T23:37:54.429+0000] {logging_mixin.py:188} INFO - [2024-07-09T23:37:54.428+0000] {dagbag.py:545} INFO - Filling up the DagBag from /opt/airflow/dags/to_gcs.py
[2024-07-09T23:37:54.623+0000] {processor.py:840} INFO - DAG(s) 'data_transfer_to_gcs' retrieved from /opt/airflow/dags/to_gcs.py
[2024-07-09T23:37:54.637+0000] {logging_mixin.py:188} INFO - [2024-07-09T23:37:54.637+0000] {dag.py:3096} INFO - Sync 1 DAGs
[2024-07-09T23:37:54.649+0000] {logging_mixin.py:188} INFO - [2024-07-09T23:37:54.649+0000] {dag.py:3954} INFO - Setting next_dagrun for data_transfer_to_gcs to None, run_after=None
[2024-07-09T23:37:54.658+0000] {processor.py:183} INFO - Processing /opt/airflow/dags/to_gcs.py took 0.241 seconds
[2024-07-09T23:38:24.912+0000] {processor.py:161} INFO - Started process (PID=327) to work on /opt/airflow/dags/to_gcs.py
[2024-07-09T23:38:24.913+0000] {processor.py:830} INFO - Processing file /opt/airflow/dags/to_gcs.py for tasks to queue
[2024-07-09T23:38:24.915+0000] {logging_mixin.py:188} INFO - [2024-07-09T23:38:24.915+0000] {dagbag.py:545} INFO - Filling up the DagBag from /opt/airflow/dags/to_gcs.py
[2024-07-09T23:38:25.160+0000] {processor.py:840} INFO - DAG(s) 'data_transfer_to_gcs' retrieved from /opt/airflow/dags/to_gcs.py
[2024-07-09T23:38:25.184+0000] {logging_mixin.py:188} INFO - [2024-07-09T23:38:25.184+0000] {dag.py:3096} INFO - Sync 1 DAGs
[2024-07-09T23:38:25.208+0000] {logging_mixin.py:188} INFO - [2024-07-09T23:38:25.208+0000] {dag.py:3954} INFO - Setting next_dagrun for data_transfer_to_gcs to None, run_after=None
[2024-07-09T23:38:25.221+0000] {processor.py:183} INFO - Processing /opt/airflow/dags/to_gcs.py took 0.320 seconds
[2024-07-09T23:38:55.467+0000] {processor.py:161} INFO - Started process (PID=339) to work on /opt/airflow/dags/to_gcs.py
[2024-07-09T23:38:55.469+0000] {processor.py:830} INFO - Processing file /opt/airflow/dags/to_gcs.py for tasks to queue
[2024-07-09T23:38:55.470+0000] {logging_mixin.py:188} INFO - [2024-07-09T23:38:55.469+0000] {dagbag.py:545} INFO - Filling up the DagBag from /opt/airflow/dags/to_gcs.py
[2024-07-09T23:38:55.657+0000] {processor.py:840} INFO - DAG(s) 'data_transfer_to_gcs' retrieved from /opt/airflow/dags/to_gcs.py
[2024-07-09T23:38:55.678+0000] {logging_mixin.py:188} INFO - [2024-07-09T23:38:55.678+0000] {dag.py:3096} INFO - Sync 1 DAGs
[2024-07-09T23:38:55.700+0000] {logging_mixin.py:188} INFO - [2024-07-09T23:38:55.700+0000] {dag.py:3954} INFO - Setting next_dagrun for data_transfer_to_gcs to None, run_after=None
[2024-07-09T23:38:55.715+0000] {processor.py:183} INFO - Processing /opt/airflow/dags/to_gcs.py took 0.253 seconds
[2024-07-09T23:39:25.958+0000] {processor.py:161} INFO - Started process (PID=351) to work on /opt/airflow/dags/to_gcs.py
[2024-07-09T23:39:25.959+0000] {processor.py:830} INFO - Processing file /opt/airflow/dags/to_gcs.py for tasks to queue
[2024-07-09T23:39:25.961+0000] {logging_mixin.py:188} INFO - [2024-07-09T23:39:25.960+0000] {dagbag.py:545} INFO - Filling up the DagBag from /opt/airflow/dags/to_gcs.py
[2024-07-09T23:39:26.237+0000] {processor.py:840} INFO - DAG(s) 'data_transfer_to_gcs' retrieved from /opt/airflow/dags/to_gcs.py
[2024-07-09T23:39:26.258+0000] {logging_mixin.py:188} INFO - [2024-07-09T23:39:26.257+0000] {dag.py:3096} INFO - Sync 1 DAGs
[2024-07-09T23:39:26.280+0000] {logging_mixin.py:188} INFO - [2024-07-09T23:39:26.279+0000] {dag.py:3954} INFO - Setting next_dagrun for data_transfer_to_gcs to None, run_after=None
[2024-07-09T23:39:26.297+0000] {processor.py:183} INFO - Processing /opt/airflow/dags/to_gcs.py took 0.344 seconds
[2024-07-09T23:39:56.528+0000] {processor.py:161} INFO - Started process (PID=363) to work on /opt/airflow/dags/to_gcs.py
[2024-07-09T23:39:56.529+0000] {processor.py:830} INFO - Processing file /opt/airflow/dags/to_gcs.py for tasks to queue
[2024-07-09T23:39:56.531+0000] {logging_mixin.py:188} INFO - [2024-07-09T23:39:56.531+0000] {dagbag.py:545} INFO - Filling up the DagBag from /opt/airflow/dags/to_gcs.py
[2024-07-09T23:39:56.738+0000] {processor.py:840} INFO - DAG(s) 'data_transfer_to_gcs' retrieved from /opt/airflow/dags/to_gcs.py
[2024-07-09T23:39:56.753+0000] {logging_mixin.py:188} INFO - [2024-07-09T23:39:56.752+0000] {dag.py:3096} INFO - Sync 1 DAGs
[2024-07-09T23:39:56.769+0000] {logging_mixin.py:188} INFO - [2024-07-09T23:39:56.769+0000] {dag.py:3954} INFO - Setting next_dagrun for data_transfer_to_gcs to None, run_after=None
[2024-07-09T23:39:56.784+0000] {processor.py:183} INFO - Processing /opt/airflow/dags/to_gcs.py took 0.265 seconds
[2024-07-09T23:40:27.013+0000] {processor.py:161} INFO - Started process (PID=375) to work on /opt/airflow/dags/to_gcs.py
[2024-07-09T23:40:27.016+0000] {processor.py:830} INFO - Processing file /opt/airflow/dags/to_gcs.py for tasks to queue
[2024-07-09T23:40:27.018+0000] {logging_mixin.py:188} INFO - [2024-07-09T23:40:27.017+0000] {dagbag.py:545} INFO - Filling up the DagBag from /opt/airflow/dags/to_gcs.py
[2024-07-09T23:40:27.287+0000] {processor.py:840} INFO - DAG(s) 'data_transfer_to_gcs' retrieved from /opt/airflow/dags/to_gcs.py
[2024-07-09T23:40:27.310+0000] {logging_mixin.py:188} INFO - [2024-07-09T23:40:27.309+0000] {dag.py:3096} INFO - Sync 1 DAGs
[2024-07-09T23:40:27.341+0000] {logging_mixin.py:188} INFO - [2024-07-09T23:40:27.341+0000] {dag.py:3954} INFO - Setting next_dagrun for data_transfer_to_gcs to None, run_after=None
[2024-07-09T23:40:27.367+0000] {processor.py:183} INFO - Processing /opt/airflow/dags/to_gcs.py took 0.359 seconds
[2024-07-09T23:40:57.565+0000] {processor.py:161} INFO - Started process (PID=387) to work on /opt/airflow/dags/to_gcs.py
[2024-07-09T23:40:57.572+0000] {processor.py:830} INFO - Processing file /opt/airflow/dags/to_gcs.py for tasks to queue
[2024-07-09T23:40:57.573+0000] {logging_mixin.py:188} INFO - [2024-07-09T23:40:57.573+0000] {dagbag.py:545} INFO - Filling up the DagBag from /opt/airflow/dags/to_gcs.py
[2024-07-09T23:40:57.769+0000] {processor.py:840} INFO - DAG(s) 'data_transfer_to_gcs' retrieved from /opt/airflow/dags/to_gcs.py
[2024-07-09T23:40:57.788+0000] {logging_mixin.py:188} INFO - [2024-07-09T23:40:57.788+0000] {dag.py:3096} INFO - Sync 1 DAGs
[2024-07-09T23:40:57.804+0000] {logging_mixin.py:188} INFO - [2024-07-09T23:40:57.804+0000] {dag.py:3954} INFO - Setting next_dagrun for data_transfer_to_gcs to None, run_after=None
[2024-07-09T23:40:57.816+0000] {processor.py:183} INFO - Processing /opt/airflow/dags/to_gcs.py took 0.254 seconds
[2024-07-09T23:41:27.997+0000] {processor.py:161} INFO - Started process (PID=399) to work on /opt/airflow/dags/to_gcs.py
[2024-07-09T23:41:27.998+0000] {processor.py:830} INFO - Processing file /opt/airflow/dags/to_gcs.py for tasks to queue
[2024-07-09T23:41:28.000+0000] {logging_mixin.py:188} INFO - [2024-07-09T23:41:28.000+0000] {dagbag.py:545} INFO - Filling up the DagBag from /opt/airflow/dags/to_gcs.py
[2024-07-09T23:41:28.220+0000] {processor.py:840} INFO - DAG(s) 'data_transfer_to_gcs' retrieved from /opt/airflow/dags/to_gcs.py
[2024-07-09T23:41:28.245+0000] {logging_mixin.py:188} INFO - [2024-07-09T23:41:28.245+0000] {dag.py:3096} INFO - Sync 1 DAGs
[2024-07-09T23:41:28.263+0000] {logging_mixin.py:188} INFO - [2024-07-09T23:41:28.263+0000] {dag.py:3954} INFO - Setting next_dagrun for data_transfer_to_gcs to None, run_after=None
[2024-07-09T23:41:28.284+0000] {processor.py:183} INFO - Processing /opt/airflow/dags/to_gcs.py took 0.291 seconds
[2024-07-09T23:41:58.469+0000] {processor.py:161} INFO - Started process (PID=411) to work on /opt/airflow/dags/to_gcs.py
[2024-07-09T23:41:58.471+0000] {processor.py:830} INFO - Processing file /opt/airflow/dags/to_gcs.py for tasks to queue
[2024-07-09T23:41:58.472+0000] {logging_mixin.py:188} INFO - [2024-07-09T23:41:58.472+0000] {dagbag.py:545} INFO - Filling up the DagBag from /opt/airflow/dags/to_gcs.py
[2024-07-09T23:41:58.721+0000] {processor.py:840} INFO - DAG(s) 'data_transfer_to_gcs' retrieved from /opt/airflow/dags/to_gcs.py
[2024-07-09T23:41:58.739+0000] {logging_mixin.py:188} INFO - [2024-07-09T23:41:58.738+0000] {dag.py:3096} INFO - Sync 1 DAGs
[2024-07-09T23:41:58.751+0000] {logging_mixin.py:188} INFO - [2024-07-09T23:41:58.751+0000] {dag.py:3954} INFO - Setting next_dagrun for data_transfer_to_gcs to None, run_after=None
[2024-07-09T23:41:58.763+0000] {processor.py:183} INFO - Processing /opt/airflow/dags/to_gcs.py took 0.299 seconds
[2024-07-09T23:42:28.948+0000] {processor.py:161} INFO - Started process (PID=423) to work on /opt/airflow/dags/to_gcs.py
[2024-07-09T23:42:28.950+0000] {processor.py:830} INFO - Processing file /opt/airflow/dags/to_gcs.py for tasks to queue
[2024-07-09T23:42:28.952+0000] {logging_mixin.py:188} INFO - [2024-07-09T23:42:28.951+0000] {dagbag.py:545} INFO - Filling up the DagBag from /opt/airflow/dags/to_gcs.py
[2024-07-09T23:42:29.304+0000] {processor.py:840} INFO - DAG(s) 'data_transfer_to_gcs' retrieved from /opt/airflow/dags/to_gcs.py
[2024-07-09T23:42:29.332+0000] {logging_mixin.py:188} INFO - [2024-07-09T23:42:29.331+0000] {dag.py:3096} INFO - Sync 1 DAGs
[2024-07-09T23:42:29.358+0000] {logging_mixin.py:188} INFO - [2024-07-09T23:42:29.357+0000] {dag.py:3954} INFO - Setting next_dagrun for data_transfer_to_gcs to None, run_after=None
[2024-07-09T23:42:29.376+0000] {processor.py:183} INFO - Processing /opt/airflow/dags/to_gcs.py took 0.432 seconds
[2024-07-09T23:42:59.574+0000] {processor.py:161} INFO - Started process (PID=435) to work on /opt/airflow/dags/to_gcs.py
[2024-07-09T23:42:59.576+0000] {processor.py:830} INFO - Processing file /opt/airflow/dags/to_gcs.py for tasks to queue
[2024-07-09T23:42:59.578+0000] {logging_mixin.py:188} INFO - [2024-07-09T23:42:59.577+0000] {dagbag.py:545} INFO - Filling up the DagBag from /opt/airflow/dags/to_gcs.py
[2024-07-09T23:42:59.883+0000] {processor.py:840} INFO - DAG(s) 'data_transfer_to_gcs' retrieved from /opt/airflow/dags/to_gcs.py
[2024-07-09T23:42:59.906+0000] {logging_mixin.py:188} INFO - [2024-07-09T23:42:59.906+0000] {dag.py:3096} INFO - Sync 1 DAGs
[2024-07-09T23:42:59.930+0000] {logging_mixin.py:188} INFO - [2024-07-09T23:42:59.930+0000] {dag.py:3954} INFO - Setting next_dagrun for data_transfer_to_gcs to None, run_after=None
[2024-07-09T23:42:59.952+0000] {processor.py:183} INFO - Processing /opt/airflow/dags/to_gcs.py took 0.384 seconds
[2024-07-09T23:43:30.134+0000] {processor.py:161} INFO - Started process (PID=447) to work on /opt/airflow/dags/to_gcs.py
[2024-07-09T23:43:30.135+0000] {processor.py:830} INFO - Processing file /opt/airflow/dags/to_gcs.py for tasks to queue
[2024-07-09T23:43:30.137+0000] {logging_mixin.py:188} INFO - [2024-07-09T23:43:30.137+0000] {dagbag.py:545} INFO - Filling up the DagBag from /opt/airflow/dags/to_gcs.py
[2024-07-09T23:43:30.306+0000] {processor.py:840} INFO - DAG(s) 'data_transfer_to_gcs' retrieved from /opt/airflow/dags/to_gcs.py
[2024-07-09T23:43:30.322+0000] {logging_mixin.py:188} INFO - [2024-07-09T23:43:30.322+0000] {dag.py:3096} INFO - Sync 1 DAGs
[2024-07-09T23:43:30.335+0000] {logging_mixin.py:188} INFO - [2024-07-09T23:43:30.334+0000] {dag.py:3954} INFO - Setting next_dagrun for data_transfer_to_gcs to None, run_after=None
[2024-07-09T23:43:30.346+0000] {processor.py:183} INFO - Processing /opt/airflow/dags/to_gcs.py took 0.217 seconds
[2024-07-09T23:44:00.547+0000] {processor.py:161} INFO - Started process (PID=459) to work on /opt/airflow/dags/to_gcs.py
[2024-07-09T23:44:00.549+0000] {processor.py:830} INFO - Processing file /opt/airflow/dags/to_gcs.py for tasks to queue
[2024-07-09T23:44:00.550+0000] {logging_mixin.py:188} INFO - [2024-07-09T23:44:00.550+0000] {dagbag.py:545} INFO - Filling up the DagBag from /opt/airflow/dags/to_gcs.py
[2024-07-09T23:44:00.719+0000] {processor.py:840} INFO - DAG(s) 'data_transfer_to_gcs' retrieved from /opt/airflow/dags/to_gcs.py
[2024-07-09T23:44:00.735+0000] {logging_mixin.py:188} INFO - [2024-07-09T23:44:00.735+0000] {dag.py:3096} INFO - Sync 1 DAGs
[2024-07-09T23:44:00.750+0000] {logging_mixin.py:188} INFO - [2024-07-09T23:44:00.750+0000] {dag.py:3954} INFO - Setting next_dagrun for data_transfer_to_gcs to None, run_after=None
[2024-07-09T23:44:00.767+0000] {processor.py:183} INFO - Processing /opt/airflow/dags/to_gcs.py took 0.225 seconds
[2024-07-09T23:44:30.989+0000] {processor.py:161} INFO - Started process (PID=471) to work on /opt/airflow/dags/to_gcs.py
[2024-07-09T23:44:30.992+0000] {processor.py:830} INFO - Processing file /opt/airflow/dags/to_gcs.py for tasks to queue
[2024-07-09T23:44:30.994+0000] {logging_mixin.py:188} INFO - [2024-07-09T23:44:30.993+0000] {dagbag.py:545} INFO - Filling up the DagBag from /opt/airflow/dags/to_gcs.py
[2024-07-09T23:44:31.166+0000] {processor.py:840} INFO - DAG(s) 'data_transfer_to_gcs' retrieved from /opt/airflow/dags/to_gcs.py
[2024-07-09T23:44:31.184+0000] {logging_mixin.py:188} INFO - [2024-07-09T23:44:31.183+0000] {dag.py:3096} INFO - Sync 1 DAGs
[2024-07-09T23:44:31.195+0000] {logging_mixin.py:188} INFO - [2024-07-09T23:44:31.195+0000] {dag.py:3954} INFO - Setting next_dagrun for data_transfer_to_gcs to None, run_after=None
[2024-07-09T23:44:31.204+0000] {processor.py:183} INFO - Processing /opt/airflow/dags/to_gcs.py took 0.222 seconds
[2024-07-09T23:45:01.401+0000] {processor.py:161} INFO - Started process (PID=483) to work on /opt/airflow/dags/to_gcs.py
[2024-07-09T23:45:01.402+0000] {processor.py:830} INFO - Processing file /opt/airflow/dags/to_gcs.py for tasks to queue
[2024-07-09T23:45:01.404+0000] {logging_mixin.py:188} INFO - [2024-07-09T23:45:01.404+0000] {dagbag.py:545} INFO - Filling up the DagBag from /opt/airflow/dags/to_gcs.py
[2024-07-09T23:45:01.746+0000] {processor.py:840} INFO - DAG(s) 'data_transfer_to_gcs' retrieved from /opt/airflow/dags/to_gcs.py
[2024-07-09T23:45:01.764+0000] {logging_mixin.py:188} INFO - [2024-07-09T23:45:01.763+0000] {dag.py:3096} INFO - Sync 1 DAGs
[2024-07-09T23:45:01.778+0000] {logging_mixin.py:188} INFO - [2024-07-09T23:45:01.778+0000] {dag.py:3954} INFO - Setting next_dagrun for data_transfer_to_gcs to None, run_after=None
[2024-07-09T23:45:01.795+0000] {processor.py:183} INFO - Processing /opt/airflow/dags/to_gcs.py took 0.399 seconds
[2024-07-09T23:45:31.992+0000] {processor.py:161} INFO - Started process (PID=495) to work on /opt/airflow/dags/to_gcs.py
[2024-07-09T23:45:31.993+0000] {processor.py:830} INFO - Processing file /opt/airflow/dags/to_gcs.py for tasks to queue
[2024-07-09T23:45:31.995+0000] {logging_mixin.py:188} INFO - [2024-07-09T23:45:31.994+0000] {dagbag.py:545} INFO - Filling up the DagBag from /opt/airflow/dags/to_gcs.py
[2024-07-09T23:45:32.176+0000] {processor.py:840} INFO - DAG(s) 'data_transfer_to_gcs' retrieved from /opt/airflow/dags/to_gcs.py
[2024-07-09T23:45:32.189+0000] {logging_mixin.py:188} INFO - [2024-07-09T23:45:32.189+0000] {dag.py:3096} INFO - Sync 1 DAGs
[2024-07-09T23:45:32.203+0000] {logging_mixin.py:188} INFO - [2024-07-09T23:45:32.202+0000] {dag.py:3954} INFO - Setting next_dagrun for data_transfer_to_gcs to None, run_after=None
[2024-07-09T23:45:32.213+0000] {processor.py:183} INFO - Processing /opt/airflow/dags/to_gcs.py took 0.225 seconds
[2024-07-09T23:46:02.428+0000] {processor.py:161} INFO - Started process (PID=507) to work on /opt/airflow/dags/to_gcs.py
[2024-07-09T23:46:02.431+0000] {processor.py:830} INFO - Processing file /opt/airflow/dags/to_gcs.py for tasks to queue
[2024-07-09T23:46:02.433+0000] {logging_mixin.py:188} INFO - [2024-07-09T23:46:02.433+0000] {dagbag.py:545} INFO - Filling up the DagBag from /opt/airflow/dags/to_gcs.py
[2024-07-09T23:46:02.594+0000] {processor.py:840} INFO - DAG(s) 'data_transfer_to_gcs' retrieved from /opt/airflow/dags/to_gcs.py
[2024-07-09T23:46:02.611+0000] {logging_mixin.py:188} INFO - [2024-07-09T23:46:02.610+0000] {dag.py:3096} INFO - Sync 1 DAGs
[2024-07-09T23:46:02.626+0000] {logging_mixin.py:188} INFO - [2024-07-09T23:46:02.626+0000] {dag.py:3954} INFO - Setting next_dagrun for data_transfer_to_gcs to None, run_after=None
[2024-07-09T23:46:02.644+0000] {processor.py:183} INFO - Processing /opt/airflow/dags/to_gcs.py took 0.222 seconds
[2024-07-09T23:46:32.931+0000] {processor.py:161} INFO - Started process (PID=519) to work on /opt/airflow/dags/to_gcs.py
[2024-07-09T23:46:32.935+0000] {processor.py:830} INFO - Processing file /opt/airflow/dags/to_gcs.py for tasks to queue
[2024-07-09T23:46:32.937+0000] {logging_mixin.py:188} INFO - [2024-07-09T23:46:32.936+0000] {dagbag.py:545} INFO - Filling up the DagBag from /opt/airflow/dags/to_gcs.py
[2024-07-09T23:46:33.105+0000] {processor.py:840} INFO - DAG(s) 'data_transfer_to_gcs' retrieved from /opt/airflow/dags/to_gcs.py
[2024-07-09T23:46:33.121+0000] {logging_mixin.py:188} INFO - [2024-07-09T23:46:33.121+0000] {dag.py:3096} INFO - Sync 1 DAGs
[2024-07-09T23:46:33.135+0000] {logging_mixin.py:188} INFO - [2024-07-09T23:46:33.135+0000] {dag.py:3954} INFO - Setting next_dagrun for data_transfer_to_gcs to None, run_after=None
[2024-07-09T23:46:33.148+0000] {processor.py:183} INFO - Processing /opt/airflow/dags/to_gcs.py took 0.223 seconds
[2024-07-09T23:47:03.422+0000] {processor.py:161} INFO - Started process (PID=531) to work on /opt/airflow/dags/to_gcs.py
[2024-07-09T23:47:03.425+0000] {processor.py:830} INFO - Processing file /opt/airflow/dags/to_gcs.py for tasks to queue
[2024-07-09T23:47:03.428+0000] {logging_mixin.py:188} INFO - [2024-07-09T23:47:03.427+0000] {dagbag.py:545} INFO - Filling up the DagBag from /opt/airflow/dags/to_gcs.py
[2024-07-09T23:47:03.595+0000] {processor.py:840} INFO - DAG(s) 'data_transfer_to_gcs' retrieved from /opt/airflow/dags/to_gcs.py
[2024-07-09T23:47:03.611+0000] {logging_mixin.py:188} INFO - [2024-07-09T23:47:03.611+0000] {dag.py:3096} INFO - Sync 1 DAGs
[2024-07-09T23:47:03.626+0000] {logging_mixin.py:188} INFO - [2024-07-09T23:47:03.626+0000] {dag.py:3954} INFO - Setting next_dagrun for data_transfer_to_gcs to None, run_after=None
[2024-07-09T23:47:03.641+0000] {processor.py:183} INFO - Processing /opt/airflow/dags/to_gcs.py took 0.224 seconds
[2024-07-09T23:47:33.931+0000] {processor.py:161} INFO - Started process (PID=543) to work on /opt/airflow/dags/to_gcs.py
[2024-07-09T23:47:33.933+0000] {processor.py:830} INFO - Processing file /opt/airflow/dags/to_gcs.py for tasks to queue
[2024-07-09T23:47:33.935+0000] {logging_mixin.py:188} INFO - [2024-07-09T23:47:33.935+0000] {dagbag.py:545} INFO - Filling up the DagBag from /opt/airflow/dags/to_gcs.py
[2024-07-09T23:47:34.097+0000] {processor.py:840} INFO - DAG(s) 'data_transfer_to_gcs' retrieved from /opt/airflow/dags/to_gcs.py
[2024-07-09T23:47:34.115+0000] {logging_mixin.py:188} INFO - [2024-07-09T23:47:34.115+0000] {dag.py:3096} INFO - Sync 1 DAGs
[2024-07-09T23:47:34.129+0000] {logging_mixin.py:188} INFO - [2024-07-09T23:47:34.128+0000] {dag.py:3954} INFO - Setting next_dagrun for data_transfer_to_gcs to None, run_after=None
[2024-07-09T23:47:34.142+0000] {processor.py:183} INFO - Processing /opt/airflow/dags/to_gcs.py took 0.217 seconds
[2024-07-09T23:48:04.423+0000] {processor.py:161} INFO - Started process (PID=555) to work on /opt/airflow/dags/to_gcs.py
[2024-07-09T23:48:04.426+0000] {processor.py:830} INFO - Processing file /opt/airflow/dags/to_gcs.py for tasks to queue
[2024-07-09T23:48:04.428+0000] {logging_mixin.py:188} INFO - [2024-07-09T23:48:04.428+0000] {dagbag.py:545} INFO - Filling up the DagBag from /opt/airflow/dags/to_gcs.py
[2024-07-09T23:48:04.593+0000] {processor.py:840} INFO - DAG(s) 'data_transfer_to_gcs' retrieved from /opt/airflow/dags/to_gcs.py
[2024-07-09T23:48:04.610+0000] {logging_mixin.py:188} INFO - [2024-07-09T23:48:04.610+0000] {dag.py:3096} INFO - Sync 1 DAGs
[2024-07-09T23:48:04.624+0000] {logging_mixin.py:188} INFO - [2024-07-09T23:48:04.624+0000] {dag.py:3954} INFO - Setting next_dagrun for data_transfer_to_gcs to None, run_after=None
[2024-07-09T23:48:04.640+0000] {processor.py:183} INFO - Processing /opt/airflow/dags/to_gcs.py took 0.222 seconds
[2024-07-09T23:48:34.916+0000] {processor.py:161} INFO - Started process (PID=567) to work on /opt/airflow/dags/to_gcs.py
[2024-07-09T23:48:34.918+0000] {processor.py:830} INFO - Processing file /opt/airflow/dags/to_gcs.py for tasks to queue
[2024-07-09T23:48:34.920+0000] {logging_mixin.py:188} INFO - [2024-07-09T23:48:34.920+0000] {dagbag.py:545} INFO - Filling up the DagBag from /opt/airflow/dags/to_gcs.py
[2024-07-09T23:48:35.110+0000] {processor.py:840} INFO - DAG(s) 'data_transfer_to_gcs' retrieved from /opt/airflow/dags/to_gcs.py
[2024-07-09T23:48:35.131+0000] {logging_mixin.py:188} INFO - [2024-07-09T23:48:35.131+0000] {dag.py:3096} INFO - Sync 1 DAGs
[2024-07-09T23:48:35.144+0000] {logging_mixin.py:188} INFO - [2024-07-09T23:48:35.144+0000] {dag.py:3954} INFO - Setting next_dagrun for data_transfer_to_gcs to None, run_after=None
[2024-07-09T23:48:35.156+0000] {processor.py:183} INFO - Processing /opt/airflow/dags/to_gcs.py took 0.247 seconds
[2024-07-09T23:49:05.442+0000] {processor.py:161} INFO - Started process (PID=579) to work on /opt/airflow/dags/to_gcs.py
[2024-07-09T23:49:05.444+0000] {processor.py:830} INFO - Processing file /opt/airflow/dags/to_gcs.py for tasks to queue
[2024-07-09T23:49:05.446+0000] {logging_mixin.py:188} INFO - [2024-07-09T23:49:05.446+0000] {dagbag.py:545} INFO - Filling up the DagBag from /opt/airflow/dags/to_gcs.py
[2024-07-09T23:49:05.610+0000] {processor.py:840} INFO - DAG(s) 'data_transfer_to_gcs' retrieved from /opt/airflow/dags/to_gcs.py
[2024-07-09T23:49:05.631+0000] {logging_mixin.py:188} INFO - [2024-07-09T23:49:05.630+0000] {dag.py:3096} INFO - Sync 1 DAGs
[2024-07-09T23:49:05.645+0000] {logging_mixin.py:188} INFO - [2024-07-09T23:49:05.644+0000] {dag.py:3954} INFO - Setting next_dagrun for data_transfer_to_gcs to None, run_after=None
[2024-07-09T23:49:05.660+0000] {processor.py:183} INFO - Processing /opt/airflow/dags/to_gcs.py took 0.224 seconds
[2024-07-09T23:49:35.926+0000] {processor.py:161} INFO - Started process (PID=591) to work on /opt/airflow/dags/to_gcs.py
[2024-07-09T23:49:35.927+0000] {processor.py:830} INFO - Processing file /opt/airflow/dags/to_gcs.py for tasks to queue
[2024-07-09T23:49:35.930+0000] {logging_mixin.py:188} INFO - [2024-07-09T23:49:35.929+0000] {dagbag.py:545} INFO - Filling up the DagBag from /opt/airflow/dags/to_gcs.py
[2024-07-09T23:49:36.100+0000] {processor.py:840} INFO - DAG(s) 'data_transfer_to_gcs' retrieved from /opt/airflow/dags/to_gcs.py
[2024-07-09T23:49:36.118+0000] {logging_mixin.py:188} INFO - [2024-07-09T23:49:36.118+0000] {dag.py:3096} INFO - Sync 1 DAGs
[2024-07-09T23:49:36.130+0000] {logging_mixin.py:188} INFO - [2024-07-09T23:49:36.130+0000] {dag.py:3954} INFO - Setting next_dagrun for data_transfer_to_gcs to None, run_after=None
[2024-07-09T23:49:36.141+0000] {processor.py:183} INFO - Processing /opt/airflow/dags/to_gcs.py took 0.221 seconds
[2024-07-09T23:50:06.451+0000] {processor.py:161} INFO - Started process (PID=603) to work on /opt/airflow/dags/to_gcs.py
[2024-07-09T23:50:06.452+0000] {processor.py:830} INFO - Processing file /opt/airflow/dags/to_gcs.py for tasks to queue
[2024-07-09T23:50:06.455+0000] {logging_mixin.py:188} INFO - [2024-07-09T23:50:06.454+0000] {dagbag.py:545} INFO - Filling up the DagBag from /opt/airflow/dags/to_gcs.py
[2024-07-09T23:50:06.620+0000] {processor.py:840} INFO - DAG(s) 'data_transfer_to_gcs' retrieved from /opt/airflow/dags/to_gcs.py
[2024-07-09T23:50:06.638+0000] {logging_mixin.py:188} INFO - [2024-07-09T23:50:06.638+0000] {dag.py:3096} INFO - Sync 1 DAGs
[2024-07-09T23:50:06.651+0000] {logging_mixin.py:188} INFO - [2024-07-09T23:50:06.651+0000] {dag.py:3954} INFO - Setting next_dagrun for data_transfer_to_gcs to None, run_after=None
[2024-07-09T23:50:06.663+0000] {processor.py:183} INFO - Processing /opt/airflow/dags/to_gcs.py took 0.220 seconds
[2024-07-09T23:50:36.922+0000] {processor.py:161} INFO - Started process (PID=615) to work on /opt/airflow/dags/to_gcs.py
[2024-07-09T23:50:36.924+0000] {processor.py:830} INFO - Processing file /opt/airflow/dags/to_gcs.py for tasks to queue
[2024-07-09T23:50:36.926+0000] {logging_mixin.py:188} INFO - [2024-07-09T23:50:36.925+0000] {dagbag.py:545} INFO - Filling up the DagBag from /opt/airflow/dags/to_gcs.py
[2024-07-09T23:50:37.088+0000] {processor.py:840} INFO - DAG(s) 'data_transfer_to_gcs' retrieved from /opt/airflow/dags/to_gcs.py
[2024-07-09T23:50:37.110+0000] {logging_mixin.py:188} INFO - [2024-07-09T23:50:37.110+0000] {dag.py:3096} INFO - Sync 1 DAGs
[2024-07-09T23:50:37.124+0000] {logging_mixin.py:188} INFO - [2024-07-09T23:50:37.124+0000] {dag.py:3954} INFO - Setting next_dagrun for data_transfer_to_gcs to None, run_after=None
[2024-07-09T23:50:37.139+0000] {processor.py:183} INFO - Processing /opt/airflow/dags/to_gcs.py took 0.223 seconds
[2024-07-09T23:51:07.431+0000] {processor.py:161} INFO - Started process (PID=627) to work on /opt/airflow/dags/to_gcs.py
[2024-07-09T23:51:07.434+0000] {processor.py:830} INFO - Processing file /opt/airflow/dags/to_gcs.py for tasks to queue
[2024-07-09T23:51:07.436+0000] {logging_mixin.py:188} INFO - [2024-07-09T23:51:07.435+0000] {dagbag.py:545} INFO - Filling up the DagBag from /opt/airflow/dags/to_gcs.py
[2024-07-09T23:51:07.671+0000] {processor.py:840} INFO - DAG(s) 'data_transfer_to_gcs' retrieved from /opt/airflow/dags/to_gcs.py
[2024-07-09T23:51:07.687+0000] {logging_mixin.py:188} INFO - [2024-07-09T23:51:07.687+0000] {dag.py:3096} INFO - Sync 1 DAGs
[2024-07-09T23:51:07.706+0000] {logging_mixin.py:188} INFO - [2024-07-09T23:51:07.706+0000] {dag.py:3954} INFO - Setting next_dagrun for data_transfer_to_gcs to None, run_after=None
[2024-07-09T23:51:07.723+0000] {processor.py:183} INFO - Processing /opt/airflow/dags/to_gcs.py took 0.299 seconds
[2024-07-09T23:51:38.009+0000] {processor.py:161} INFO - Started process (PID=639) to work on /opt/airflow/dags/to_gcs.py
[2024-07-09T23:51:38.011+0000] {processor.py:830} INFO - Processing file /opt/airflow/dags/to_gcs.py for tasks to queue
[2024-07-09T23:51:38.013+0000] {logging_mixin.py:188} INFO - [2024-07-09T23:51:38.013+0000] {dagbag.py:545} INFO - Filling up the DagBag from /opt/airflow/dags/to_gcs.py
[2024-07-09T23:51:38.209+0000] {processor.py:840} INFO - DAG(s) 'data_transfer_to_gcs' retrieved from /opt/airflow/dags/to_gcs.py
[2024-07-09T23:51:38.225+0000] {logging_mixin.py:188} INFO - [2024-07-09T23:51:38.225+0000] {dag.py:3096} INFO - Sync 1 DAGs
[2024-07-09T23:51:38.239+0000] {logging_mixin.py:188} INFO - [2024-07-09T23:51:38.239+0000] {dag.py:3954} INFO - Setting next_dagrun for data_transfer_to_gcs to None, run_after=None
[2024-07-09T23:51:38.251+0000] {processor.py:183} INFO - Processing /opt/airflow/dags/to_gcs.py took 0.251 seconds
[2024-07-09T23:52:08.510+0000] {processor.py:161} INFO - Started process (PID=651) to work on /opt/airflow/dags/to_gcs.py
[2024-07-09T23:52:08.512+0000] {processor.py:830} INFO - Processing file /opt/airflow/dags/to_gcs.py for tasks to queue
[2024-07-09T23:52:08.515+0000] {logging_mixin.py:188} INFO - [2024-07-09T23:52:08.514+0000] {dagbag.py:545} INFO - Filling up the DagBag from /opt/airflow/dags/to_gcs.py
[2024-07-09T23:52:08.708+0000] {processor.py:840} INFO - DAG(s) 'data_transfer_to_gcs' retrieved from /opt/airflow/dags/to_gcs.py
[2024-07-09T23:52:08.724+0000] {logging_mixin.py:188} INFO - [2024-07-09T23:52:08.723+0000] {dag.py:3096} INFO - Sync 1 DAGs
[2024-07-09T23:52:08.736+0000] {logging_mixin.py:188} INFO - [2024-07-09T23:52:08.736+0000] {dag.py:3954} INFO - Setting next_dagrun for data_transfer_to_gcs to None, run_after=None
[2024-07-09T23:52:08.750+0000] {processor.py:183} INFO - Processing /opt/airflow/dags/to_gcs.py took 0.249 seconds
[2024-07-09T23:52:39.054+0000] {processor.py:161} INFO - Started process (PID=663) to work on /opt/airflow/dags/to_gcs.py
[2024-07-09T23:52:39.057+0000] {processor.py:830} INFO - Processing file /opt/airflow/dags/to_gcs.py for tasks to queue
[2024-07-09T23:52:39.060+0000] {logging_mixin.py:188} INFO - [2024-07-09T23:52:39.059+0000] {dagbag.py:545} INFO - Filling up the DagBag from /opt/airflow/dags/to_gcs.py
[2024-07-09T23:52:39.239+0000] {processor.py:840} INFO - DAG(s) 'data_transfer_to_gcs' retrieved from /opt/airflow/dags/to_gcs.py
[2024-07-09T23:52:39.261+0000] {logging_mixin.py:188} INFO - [2024-07-09T23:52:39.261+0000] {dag.py:3096} INFO - Sync 1 DAGs
[2024-07-09T23:52:39.285+0000] {logging_mixin.py:188} INFO - [2024-07-09T23:52:39.285+0000] {dag.py:3954} INFO - Setting next_dagrun for data_transfer_to_gcs to None, run_after=None
[2024-07-09T23:52:39.301+0000] {processor.py:183} INFO - Processing /opt/airflow/dags/to_gcs.py took 0.257 seconds
[2024-07-09T23:53:09.587+0000] {processor.py:161} INFO - Started process (PID=675) to work on /opt/airflow/dags/to_gcs.py
[2024-07-09T23:53:09.589+0000] {processor.py:830} INFO - Processing file /opt/airflow/dags/to_gcs.py for tasks to queue
[2024-07-09T23:53:09.591+0000] {logging_mixin.py:188} INFO - [2024-07-09T23:53:09.591+0000] {dagbag.py:545} INFO - Filling up the DagBag from /opt/airflow/dags/to_gcs.py
[2024-07-09T23:53:09.759+0000] {processor.py:840} INFO - DAG(s) 'data_transfer_to_gcs' retrieved from /opt/airflow/dags/to_gcs.py
[2024-07-09T23:53:09.781+0000] {logging_mixin.py:188} INFO - [2024-07-09T23:53:09.781+0000] {dag.py:3096} INFO - Sync 1 DAGs
[2024-07-09T23:53:09.794+0000] {logging_mixin.py:188} INFO - [2024-07-09T23:53:09.794+0000] {dag.py:3954} INFO - Setting next_dagrun for data_transfer_to_gcs to None, run_after=None
[2024-07-09T23:53:09.808+0000] {processor.py:183} INFO - Processing /opt/airflow/dags/to_gcs.py took 0.228 seconds
[2024-07-09T23:53:40.096+0000] {processor.py:161} INFO - Started process (PID=687) to work on /opt/airflow/dags/to_gcs.py
[2024-07-09T23:53:40.098+0000] {processor.py:830} INFO - Processing file /opt/airflow/dags/to_gcs.py for tasks to queue
[2024-07-09T23:53:40.101+0000] {logging_mixin.py:188} INFO - [2024-07-09T23:53:40.100+0000] {dagbag.py:545} INFO - Filling up the DagBag from /opt/airflow/dags/to_gcs.py
[2024-07-09T23:53:40.298+0000] {processor.py:840} INFO - DAG(s) 'data_transfer_to_gcs' retrieved from /opt/airflow/dags/to_gcs.py
[2024-07-09T23:53:40.315+0000] {logging_mixin.py:188} INFO - [2024-07-09T23:53:40.315+0000] {dag.py:3096} INFO - Sync 1 DAGs
[2024-07-09T23:53:40.335+0000] {logging_mixin.py:188} INFO - [2024-07-09T23:53:40.335+0000] {dag.py:3954} INFO - Setting next_dagrun for data_transfer_to_gcs to None, run_after=None
[2024-07-09T23:53:40.349+0000] {processor.py:183} INFO - Processing /opt/airflow/dags/to_gcs.py took 0.260 seconds
[2024-07-09T23:54:10.635+0000] {processor.py:161} INFO - Started process (PID=699) to work on /opt/airflow/dags/to_gcs.py
[2024-07-09T23:54:10.639+0000] {processor.py:830} INFO - Processing file /opt/airflow/dags/to_gcs.py for tasks to queue
[2024-07-09T23:54:10.642+0000] {logging_mixin.py:188} INFO - [2024-07-09T23:54:10.641+0000] {dagbag.py:545} INFO - Filling up the DagBag from /opt/airflow/dags/to_gcs.py
[2024-07-09T23:54:10.830+0000] {processor.py:840} INFO - DAG(s) 'data_transfer_to_gcs' retrieved from /opt/airflow/dags/to_gcs.py
[2024-07-09T23:54:10.847+0000] {logging_mixin.py:188} INFO - [2024-07-09T23:54:10.847+0000] {dag.py:3096} INFO - Sync 1 DAGs
[2024-07-09T23:54:10.862+0000] {logging_mixin.py:188} INFO - [2024-07-09T23:54:10.862+0000] {dag.py:3954} INFO - Setting next_dagrun for data_transfer_to_gcs to None, run_after=None
[2024-07-09T23:54:10.878+0000] {processor.py:183} INFO - Processing /opt/airflow/dags/to_gcs.py took 0.256 seconds
[2024-07-09T23:54:41.169+0000] {processor.py:161} INFO - Started process (PID=711) to work on /opt/airflow/dags/to_gcs.py
[2024-07-09T23:54:41.172+0000] {processor.py:830} INFO - Processing file /opt/airflow/dags/to_gcs.py for tasks to queue
[2024-07-09T23:54:41.174+0000] {logging_mixin.py:188} INFO - [2024-07-09T23:54:41.173+0000] {dagbag.py:545} INFO - Filling up the DagBag from /opt/airflow/dags/to_gcs.py
[2024-07-09T23:54:41.387+0000] {processor.py:840} INFO - DAG(s) 'data_transfer_to_gcs' retrieved from /opt/airflow/dags/to_gcs.py
[2024-07-09T23:54:41.408+0000] {logging_mixin.py:188} INFO - [2024-07-09T23:54:41.407+0000] {dag.py:3096} INFO - Sync 1 DAGs
[2024-07-09T23:54:41.430+0000] {logging_mixin.py:188} INFO - [2024-07-09T23:54:41.429+0000] {dag.py:3954} INFO - Setting next_dagrun for data_transfer_to_gcs to None, run_after=None
[2024-07-09T23:54:41.448+0000] {processor.py:183} INFO - Processing /opt/airflow/dags/to_gcs.py took 0.288 seconds
[2024-07-09T23:55:11.721+0000] {processor.py:161} INFO - Started process (PID=723) to work on /opt/airflow/dags/to_gcs.py
[2024-07-09T23:55:11.722+0000] {processor.py:830} INFO - Processing file /opt/airflow/dags/to_gcs.py for tasks to queue
[2024-07-09T23:55:11.723+0000] {logging_mixin.py:188} INFO - [2024-07-09T23:55:11.723+0000] {dagbag.py:545} INFO - Filling up the DagBag from /opt/airflow/dags/to_gcs.py
[2024-07-09T23:55:11.932+0000] {processor.py:840} INFO - DAG(s) 'data_transfer_to_gcs' retrieved from /opt/airflow/dags/to_gcs.py
[2024-07-09T23:55:11.949+0000] {logging_mixin.py:188} INFO - [2024-07-09T23:55:11.949+0000] {dag.py:3096} INFO - Sync 1 DAGs
[2024-07-09T23:55:11.965+0000] {logging_mixin.py:188} INFO - [2024-07-09T23:55:11.965+0000] {dag.py:3954} INFO - Setting next_dagrun for data_transfer_to_gcs to None, run_after=None
[2024-07-09T23:55:11.988+0000] {processor.py:183} INFO - Processing /opt/airflow/dags/to_gcs.py took 0.271 seconds
[2024-07-09T23:55:42.282+0000] {processor.py:161} INFO - Started process (PID=735) to work on /opt/airflow/dags/to_gcs.py
[2024-07-09T23:55:42.284+0000] {processor.py:830} INFO - Processing file /opt/airflow/dags/to_gcs.py for tasks to queue
[2024-07-09T23:55:42.286+0000] {logging_mixin.py:188} INFO - [2024-07-09T23:55:42.286+0000] {dagbag.py:545} INFO - Filling up the DagBag from /opt/airflow/dags/to_gcs.py
[2024-07-09T23:55:42.471+0000] {processor.py:840} INFO - DAG(s) 'data_transfer_to_gcs' retrieved from /opt/airflow/dags/to_gcs.py
[2024-07-09T23:55:42.488+0000] {logging_mixin.py:188} INFO - [2024-07-09T23:55:42.487+0000] {dag.py:3096} INFO - Sync 1 DAGs
[2024-07-09T23:55:42.502+0000] {logging_mixin.py:188} INFO - [2024-07-09T23:55:42.501+0000] {dag.py:3954} INFO - Setting next_dagrun for data_transfer_to_gcs to None, run_after=None
[2024-07-09T23:55:42.513+0000] {processor.py:183} INFO - Processing /opt/airflow/dags/to_gcs.py took 0.241 seconds
[2024-07-09T23:56:12.800+0000] {processor.py:161} INFO - Started process (PID=747) to work on /opt/airflow/dags/to_gcs.py
[2024-07-09T23:56:12.803+0000] {processor.py:830} INFO - Processing file /opt/airflow/dags/to_gcs.py for tasks to queue
[2024-07-09T23:56:12.804+0000] {logging_mixin.py:188} INFO - [2024-07-09T23:56:12.804+0000] {dagbag.py:545} INFO - Filling up the DagBag from /opt/airflow/dags/to_gcs.py
[2024-07-09T23:56:12.976+0000] {processor.py:840} INFO - DAG(s) 'data_transfer_to_gcs' retrieved from /opt/airflow/dags/to_gcs.py
[2024-07-09T23:56:13.000+0000] {logging_mixin.py:188} INFO - [2024-07-09T23:56:12.999+0000] {dag.py:3096} INFO - Sync 1 DAGs
[2024-07-09T23:56:13.014+0000] {logging_mixin.py:188} INFO - [2024-07-09T23:56:13.014+0000] {dag.py:3954} INFO - Setting next_dagrun for data_transfer_to_gcs to None, run_after=None
[2024-07-09T23:56:13.030+0000] {processor.py:183} INFO - Processing /opt/airflow/dags/to_gcs.py took 0.238 seconds
[2024-07-09T23:56:43.305+0000] {processor.py:161} INFO - Started process (PID=759) to work on /opt/airflow/dags/to_gcs.py
[2024-07-09T23:56:43.308+0000] {processor.py:830} INFO - Processing file /opt/airflow/dags/to_gcs.py for tasks to queue
[2024-07-09T23:56:43.309+0000] {logging_mixin.py:188} INFO - [2024-07-09T23:56:43.309+0000] {dagbag.py:545} INFO - Filling up the DagBag from /opt/airflow/dags/to_gcs.py
[2024-07-09T23:56:43.497+0000] {processor.py:840} INFO - DAG(s) 'data_transfer_to_gcs' retrieved from /opt/airflow/dags/to_gcs.py
[2024-07-09T23:56:43.513+0000] {logging_mixin.py:188} INFO - [2024-07-09T23:56:43.513+0000] {dag.py:3096} INFO - Sync 1 DAGs
[2024-07-09T23:56:43.526+0000] {logging_mixin.py:188} INFO - [2024-07-09T23:56:43.525+0000] {dag.py:3954} INFO - Setting next_dagrun for data_transfer_to_gcs to None, run_after=None
[2024-07-09T23:56:43.536+0000] {processor.py:183} INFO - Processing /opt/airflow/dags/to_gcs.py took 0.237 seconds
[2024-07-09T23:57:13.821+0000] {processor.py:161} INFO - Started process (PID=771) to work on /opt/airflow/dags/to_gcs.py
[2024-07-09T23:57:13.824+0000] {processor.py:830} INFO - Processing file /opt/airflow/dags/to_gcs.py for tasks to queue
[2024-07-09T23:57:13.825+0000] {logging_mixin.py:188} INFO - [2024-07-09T23:57:13.824+0000] {dagbag.py:545} INFO - Filling up the DagBag from /opt/airflow/dags/to_gcs.py
[2024-07-09T23:57:14.003+0000] {processor.py:840} INFO - DAG(s) 'data_transfer_to_gcs' retrieved from /opt/airflow/dags/to_gcs.py
[2024-07-09T23:57:14.021+0000] {logging_mixin.py:188} INFO - [2024-07-09T23:57:14.021+0000] {dag.py:3096} INFO - Sync 1 DAGs
[2024-07-09T23:57:14.036+0000] {logging_mixin.py:188} INFO - [2024-07-09T23:57:14.036+0000] {dag.py:3954} INFO - Setting next_dagrun for data_transfer_to_gcs to None, run_after=None
[2024-07-09T23:57:14.048+0000] {processor.py:183} INFO - Processing /opt/airflow/dags/to_gcs.py took 0.232 seconds
[2024-07-09T23:57:44.313+0000] {processor.py:161} INFO - Started process (PID=783) to work on /opt/airflow/dags/to_gcs.py
[2024-07-09T23:57:44.314+0000] {processor.py:830} INFO - Processing file /opt/airflow/dags/to_gcs.py for tasks to queue
[2024-07-09T23:57:44.316+0000] {logging_mixin.py:188} INFO - [2024-07-09T23:57:44.315+0000] {dagbag.py:545} INFO - Filling up the DagBag from /opt/airflow/dags/to_gcs.py
[2024-07-09T23:57:44.486+0000] {processor.py:840} INFO - DAG(s) 'data_transfer_to_gcs' retrieved from /opt/airflow/dags/to_gcs.py
[2024-07-09T23:57:44.502+0000] {logging_mixin.py:188} INFO - [2024-07-09T23:57:44.502+0000] {dag.py:3096} INFO - Sync 1 DAGs
[2024-07-09T23:57:44.516+0000] {logging_mixin.py:188} INFO - [2024-07-09T23:57:44.516+0000] {dag.py:3954} INFO - Setting next_dagrun for data_transfer_to_gcs to None, run_after=None
[2024-07-09T23:57:44.528+0000] {processor.py:183} INFO - Processing /opt/airflow/dags/to_gcs.py took 0.218 seconds
[2024-07-09T23:58:14.823+0000] {processor.py:161} INFO - Started process (PID=795) to work on /opt/airflow/dags/to_gcs.py
[2024-07-09T23:58:14.825+0000] {processor.py:830} INFO - Processing file /opt/airflow/dags/to_gcs.py for tasks to queue
[2024-07-09T23:58:14.827+0000] {logging_mixin.py:188} INFO - [2024-07-09T23:58:14.826+0000] {dagbag.py:545} INFO - Filling up the DagBag from /opt/airflow/dags/to_gcs.py
[2024-07-09T23:58:15.023+0000] {processor.py:840} INFO - DAG(s) 'data_transfer_to_gcs' retrieved from /opt/airflow/dags/to_gcs.py
[2024-07-09T23:58:15.045+0000] {logging_mixin.py:188} INFO - [2024-07-09T23:58:15.044+0000] {dag.py:3096} INFO - Sync 1 DAGs
[2024-07-09T23:58:15.067+0000] {logging_mixin.py:188} INFO - [2024-07-09T23:58:15.067+0000] {dag.py:3954} INFO - Setting next_dagrun for data_transfer_to_gcs to None, run_after=None
[2024-07-09T23:58:15.088+0000] {processor.py:183} INFO - Processing /opt/airflow/dags/to_gcs.py took 0.271 seconds
[2024-07-09T23:58:45.363+0000] {processor.py:161} INFO - Started process (PID=807) to work on /opt/airflow/dags/to_gcs.py
[2024-07-09T23:58:45.366+0000] {processor.py:830} INFO - Processing file /opt/airflow/dags/to_gcs.py for tasks to queue
[2024-07-09T23:58:45.369+0000] {logging_mixin.py:188} INFO - [2024-07-09T23:58:45.369+0000] {dagbag.py:545} INFO - Filling up the DagBag from /opt/airflow/dags/to_gcs.py
[2024-07-09T23:58:45.588+0000] {processor.py:840} INFO - DAG(s) 'data_transfer_to_gcs' retrieved from /opt/airflow/dags/to_gcs.py
[2024-07-09T23:58:45.612+0000] {logging_mixin.py:188} INFO - [2024-07-09T23:58:45.611+0000] {dag.py:3096} INFO - Sync 1 DAGs
[2024-07-09T23:58:45.629+0000] {logging_mixin.py:188} INFO - [2024-07-09T23:58:45.629+0000] {dag.py:3954} INFO - Setting next_dagrun for data_transfer_to_gcs to None, run_after=None
[2024-07-09T23:58:45.640+0000] {processor.py:183} INFO - Processing /opt/airflow/dags/to_gcs.py took 0.286 seconds
[2024-07-09T23:59:15.905+0000] {processor.py:161} INFO - Started process (PID=819) to work on /opt/airflow/dags/to_gcs.py
[2024-07-09T23:59:15.908+0000] {processor.py:830} INFO - Processing file /opt/airflow/dags/to_gcs.py for tasks to queue
[2024-07-09T23:59:15.910+0000] {logging_mixin.py:188} INFO - [2024-07-09T23:59:15.910+0000] {dagbag.py:545} INFO - Filling up the DagBag from /opt/airflow/dags/to_gcs.py
[2024-07-09T23:59:16.121+0000] {processor.py:840} INFO - DAG(s) 'data_transfer_to_gcs' retrieved from /opt/airflow/dags/to_gcs.py
[2024-07-09T23:59:16.137+0000] {logging_mixin.py:188} INFO - [2024-07-09T23:59:16.137+0000] {dag.py:3096} INFO - Sync 1 DAGs
[2024-07-09T23:59:16.152+0000] {logging_mixin.py:188} INFO - [2024-07-09T23:59:16.152+0000] {dag.py:3954} INFO - Setting next_dagrun for data_transfer_to_gcs to None, run_after=None
[2024-07-09T23:59:16.166+0000] {processor.py:183} INFO - Processing /opt/airflow/dags/to_gcs.py took 0.268 seconds
[2024-07-09T23:59:46.471+0000] {processor.py:161} INFO - Started process (PID=831) to work on /opt/airflow/dags/to_gcs.py
[2024-07-09T23:59:46.474+0000] {processor.py:830} INFO - Processing file /opt/airflow/dags/to_gcs.py for tasks to queue
[2024-07-09T23:59:46.476+0000] {logging_mixin.py:188} INFO - [2024-07-09T23:59:46.476+0000] {dagbag.py:545} INFO - Filling up the DagBag from /opt/airflow/dags/to_gcs.py
[2024-07-09T23:59:46.645+0000] {processor.py:840} INFO - DAG(s) 'data_transfer_to_gcs' retrieved from /opt/airflow/dags/to_gcs.py
[2024-07-09T23:59:46.668+0000] {logging_mixin.py:188} INFO - [2024-07-09T23:59:46.668+0000] {dag.py:3096} INFO - Sync 1 DAGs
[2024-07-09T23:59:46.682+0000] {logging_mixin.py:188} INFO - [2024-07-09T23:59:46.682+0000] {dag.py:3954} INFO - Setting next_dagrun for data_transfer_to_gcs to None, run_after=None
[2024-07-09T23:59:46.697+0000] {processor.py:183} INFO - Processing /opt/airflow/dags/to_gcs.py took 0.237 seconds
