[2024-06-28T14:25:10.758+0000] {processor.py:161} INFO - Started process (PID=198) to work on /opt/airflow/dags/data_transfer_dag.py
[2024-06-28T14:25:10.758+0000] {processor.py:830} INFO - Processing file /opt/airflow/dags/data_transfer_dag.py for tasks to queue
[2024-06-28T14:25:10.759+0000] {logging_mixin.py:188} INFO - [2024-06-28T14:25:10.759+0000] {dagbag.py:545} INFO - Filling up the DagBag from /opt/airflow/dags/data_transfer_dag.py
[2024-06-28T14:25:10.930+0000] {processor.py:840} INFO - DAG(s) 'data_transfer_to_mysql' retrieved from /opt/airflow/dags/data_transfer_dag.py
[2024-06-28T14:25:10.938+0000] {logging_mixin.py:188} INFO - [2024-06-28T14:25:10.938+0000] {dag.py:3096} INFO - Sync 1 DAGs
[2024-06-28T14:25:10.952+0000] {logging_mixin.py:188} INFO - [2024-06-28T14:25:10.952+0000] {dag.py:3954} INFO - Setting next_dagrun for data_transfer_to_mysql to None, run_after=None
[2024-06-28T14:25:10.963+0000] {processor.py:183} INFO - Processing /opt/airflow/dags/data_transfer_dag.py took 0.210 seconds
[2024-06-28T14:25:41.218+0000] {processor.py:161} INFO - Started process (PID=210) to work on /opt/airflow/dags/data_transfer_dag.py
[2024-06-28T14:25:41.219+0000] {processor.py:830} INFO - Processing file /opt/airflow/dags/data_transfer_dag.py for tasks to queue
[2024-06-28T14:25:41.221+0000] {logging_mixin.py:188} INFO - [2024-06-28T14:25:41.221+0000] {dagbag.py:545} INFO - Filling up the DagBag from /opt/airflow/dags/data_transfer_dag.py
[2024-06-28T14:25:41.401+0000] {processor.py:840} INFO - DAG(s) 'data_transfer_to_mysql' retrieved from /opt/airflow/dags/data_transfer_dag.py
[2024-06-28T14:25:41.471+0000] {logging_mixin.py:188} INFO - [2024-06-28T14:25:41.471+0000] {dag.py:3096} INFO - Sync 1 DAGs
[2024-06-28T14:25:41.481+0000] {logging_mixin.py:188} INFO - [2024-06-28T14:25:41.481+0000] {dag.py:3954} INFO - Setting next_dagrun for data_transfer_to_mysql to None, run_after=None
[2024-06-28T14:25:41.491+0000] {processor.py:183} INFO - Processing /opt/airflow/dags/data_transfer_dag.py took 0.281 seconds
[2024-06-28T14:26:11.716+0000] {processor.py:161} INFO - Started process (PID=222) to work on /opt/airflow/dags/data_transfer_dag.py
[2024-06-28T14:26:11.718+0000] {processor.py:830} INFO - Processing file /opt/airflow/dags/data_transfer_dag.py for tasks to queue
[2024-06-28T14:26:11.719+0000] {logging_mixin.py:188} INFO - [2024-06-28T14:26:11.719+0000] {dagbag.py:545} INFO - Filling up the DagBag from /opt/airflow/dags/data_transfer_dag.py
[2024-06-28T14:26:11.897+0000] {processor.py:840} INFO - DAG(s) 'data_transfer_to_mysql' retrieved from /opt/airflow/dags/data_transfer_dag.py
[2024-06-28T14:26:11.918+0000] {logging_mixin.py:188} INFO - [2024-06-28T14:26:11.917+0000] {dag.py:3096} INFO - Sync 1 DAGs
[2024-06-28T14:26:11.935+0000] {logging_mixin.py:188} INFO - [2024-06-28T14:26:11.935+0000] {dag.py:3954} INFO - Setting next_dagrun for data_transfer_to_mysql to None, run_after=None
[2024-06-28T14:26:11.952+0000] {processor.py:183} INFO - Processing /opt/airflow/dags/data_transfer_dag.py took 0.240 seconds
[2024-06-28T14:26:42.223+0000] {processor.py:161} INFO - Started process (PID=234) to work on /opt/airflow/dags/data_transfer_dag.py
[2024-06-28T14:26:42.224+0000] {processor.py:830} INFO - Processing file /opt/airflow/dags/data_transfer_dag.py for tasks to queue
[2024-06-28T14:26:42.225+0000] {logging_mixin.py:188} INFO - [2024-06-28T14:26:42.225+0000] {dagbag.py:545} INFO - Filling up the DagBag from /opt/airflow/dags/data_transfer_dag.py
[2024-06-28T14:26:42.404+0000] {processor.py:840} INFO - DAG(s) 'data_transfer_to_mysql' retrieved from /opt/airflow/dags/data_transfer_dag.py
[2024-06-28T14:26:42.422+0000] {logging_mixin.py:188} INFO - [2024-06-28T14:26:42.421+0000] {dag.py:3096} INFO - Sync 1 DAGs
[2024-06-28T14:26:42.444+0000] {logging_mixin.py:188} INFO - [2024-06-28T14:26:42.444+0000] {dag.py:3954} INFO - Setting next_dagrun for data_transfer_to_mysql to None, run_after=None
[2024-06-28T14:26:42.454+0000] {processor.py:183} INFO - Processing /opt/airflow/dags/data_transfer_dag.py took 0.235 seconds
[2024-06-28T14:27:12.743+0000] {processor.py:161} INFO - Started process (PID=246) to work on /opt/airflow/dags/data_transfer_dag.py
[2024-06-28T14:27:12.744+0000] {processor.py:830} INFO - Processing file /opt/airflow/dags/data_transfer_dag.py for tasks to queue
[2024-06-28T14:27:12.746+0000] {logging_mixin.py:188} INFO - [2024-06-28T14:27:12.746+0000] {dagbag.py:545} INFO - Filling up the DagBag from /opt/airflow/dags/data_transfer_dag.py
[2024-06-28T14:27:12.914+0000] {processor.py:840} INFO - DAG(s) 'data_transfer_to_mysql' retrieved from /opt/airflow/dags/data_transfer_dag.py
[2024-06-28T14:27:12.934+0000] {logging_mixin.py:188} INFO - [2024-06-28T14:27:12.934+0000] {dag.py:3096} INFO - Sync 1 DAGs
[2024-06-28T14:27:12.959+0000] {logging_mixin.py:188} INFO - [2024-06-28T14:27:12.958+0000] {dag.py:3954} INFO - Setting next_dagrun for data_transfer_to_mysql to None, run_after=None
[2024-06-28T14:27:12.974+0000] {processor.py:183} INFO - Processing /opt/airflow/dags/data_transfer_dag.py took 0.237 seconds
[2024-06-28T14:27:43.194+0000] {processor.py:161} INFO - Started process (PID=258) to work on /opt/airflow/dags/data_transfer_dag.py
[2024-06-28T14:27:43.194+0000] {processor.py:830} INFO - Processing file /opt/airflow/dags/data_transfer_dag.py for tasks to queue
[2024-06-28T14:27:43.195+0000] {logging_mixin.py:188} INFO - [2024-06-28T14:27:43.195+0000] {dagbag.py:545} INFO - Filling up the DagBag from /opt/airflow/dags/data_transfer_dag.py
[2024-06-28T14:27:43.356+0000] {processor.py:840} INFO - DAG(s) 'data_transfer_to_mysql' retrieved from /opt/airflow/dags/data_transfer_dag.py
[2024-06-28T14:27:43.374+0000] {logging_mixin.py:188} INFO - [2024-06-28T14:27:43.374+0000] {dag.py:3096} INFO - Sync 1 DAGs
[2024-06-28T14:27:43.391+0000] {logging_mixin.py:188} INFO - [2024-06-28T14:27:43.391+0000] {dag.py:3954} INFO - Setting next_dagrun for data_transfer_to_mysql to None, run_after=None
[2024-06-28T14:27:43.402+0000] {processor.py:183} INFO - Processing /opt/airflow/dags/data_transfer_dag.py took 0.214 seconds
[2024-06-28T14:28:13.450+0000] {processor.py:161} INFO - Started process (PID=270) to work on /opt/airflow/dags/data_transfer_dag.py
[2024-06-28T14:28:13.451+0000] {processor.py:830} INFO - Processing file /opt/airflow/dags/data_transfer_dag.py for tasks to queue
[2024-06-28T14:28:13.454+0000] {logging_mixin.py:188} INFO - [2024-06-28T14:28:13.453+0000] {dagbag.py:545} INFO - Filling up the DagBag from /opt/airflow/dags/data_transfer_dag.py
[2024-06-28T14:28:13.621+0000] {processor.py:840} INFO - DAG(s) 'data_transfer_to_mysql' retrieved from /opt/airflow/dags/data_transfer_dag.py
[2024-06-28T14:28:13.643+0000] {logging_mixin.py:188} INFO - [2024-06-28T14:28:13.643+0000] {dag.py:3096} INFO - Sync 1 DAGs
[2024-06-28T14:28:13.660+0000] {logging_mixin.py:188} INFO - [2024-06-28T14:28:13.659+0000] {dag.py:3954} INFO - Setting next_dagrun for data_transfer_to_mysql to None, run_after=None
[2024-06-28T14:28:13.673+0000] {processor.py:183} INFO - Processing /opt/airflow/dags/data_transfer_dag.py took 0.230 seconds
[2024-06-28T14:28:43.868+0000] {processor.py:161} INFO - Started process (PID=282) to work on /opt/airflow/dags/data_transfer_dag.py
[2024-06-28T14:28:43.869+0000] {processor.py:830} INFO - Processing file /opt/airflow/dags/data_transfer_dag.py for tasks to queue
[2024-06-28T14:28:43.870+0000] {logging_mixin.py:188} INFO - [2024-06-28T14:28:43.870+0000] {dagbag.py:545} INFO - Filling up the DagBag from /opt/airflow/dags/data_transfer_dag.py
[2024-06-28T14:28:44.034+0000] {processor.py:840} INFO - DAG(s) 'data_transfer_to_mysql' retrieved from /opt/airflow/dags/data_transfer_dag.py
[2024-06-28T14:28:44.047+0000] {logging_mixin.py:188} INFO - [2024-06-28T14:28:44.047+0000] {dag.py:3096} INFO - Sync 1 DAGs
[2024-06-28T14:28:44.060+0000] {logging_mixin.py:188} INFO - [2024-06-28T14:28:44.060+0000] {dag.py:3954} INFO - Setting next_dagrun for data_transfer_to_mysql to None, run_after=None
[2024-06-28T14:28:44.072+0000] {processor.py:183} INFO - Processing /opt/airflow/dags/data_transfer_dag.py took 0.209 seconds
[2024-06-28T14:29:14.393+0000] {processor.py:161} INFO - Started process (PID=294) to work on /opt/airflow/dags/data_transfer_dag.py
[2024-06-28T14:29:14.393+0000] {processor.py:830} INFO - Processing file /opt/airflow/dags/data_transfer_dag.py for tasks to queue
[2024-06-28T14:29:14.395+0000] {logging_mixin.py:188} INFO - [2024-06-28T14:29:14.395+0000] {dagbag.py:545} INFO - Filling up the DagBag from /opt/airflow/dags/data_transfer_dag.py
[2024-06-28T14:29:14.566+0000] {processor.py:840} INFO - DAG(s) 'data_transfer_to_mysql' retrieved from /opt/airflow/dags/data_transfer_dag.py
[2024-06-28T14:29:14.583+0000] {logging_mixin.py:188} INFO - [2024-06-28T14:29:14.583+0000] {dag.py:3096} INFO - Sync 1 DAGs
[2024-06-28T14:29:14.597+0000] {logging_mixin.py:188} INFO - [2024-06-28T14:29:14.596+0000] {dag.py:3954} INFO - Setting next_dagrun for data_transfer_to_mysql to None, run_after=None
[2024-06-28T14:29:14.611+0000] {processor.py:183} INFO - Processing /opt/airflow/dags/data_transfer_dag.py took 0.226 seconds
[2024-06-28T14:29:44.901+0000] {processor.py:161} INFO - Started process (PID=306) to work on /opt/airflow/dags/data_transfer_dag.py
[2024-06-28T14:29:44.901+0000] {processor.py:830} INFO - Processing file /opt/airflow/dags/data_transfer_dag.py for tasks to queue
[2024-06-28T14:29:44.902+0000] {logging_mixin.py:188} INFO - [2024-06-28T14:29:44.902+0000] {dagbag.py:545} INFO - Filling up the DagBag from /opt/airflow/dags/data_transfer_dag.py
[2024-06-28T14:29:45.081+0000] {processor.py:840} INFO - DAG(s) 'data_transfer_to_mysql' retrieved from /opt/airflow/dags/data_transfer_dag.py
[2024-06-28T14:29:45.097+0000] {logging_mixin.py:188} INFO - [2024-06-28T14:29:45.096+0000] {dag.py:3096} INFO - Sync 1 DAGs
[2024-06-28T14:29:45.111+0000] {logging_mixin.py:188} INFO - [2024-06-28T14:29:45.111+0000] {dag.py:3954} INFO - Setting next_dagrun for data_transfer_to_mysql to None, run_after=None
[2024-06-28T14:29:45.122+0000] {processor.py:183} INFO - Processing /opt/airflow/dags/data_transfer_dag.py took 0.225 seconds
[2024-06-28T14:30:15.427+0000] {processor.py:161} INFO - Started process (PID=318) to work on /opt/airflow/dags/data_transfer_dag.py
[2024-06-28T14:30:15.429+0000] {processor.py:830} INFO - Processing file /opt/airflow/dags/data_transfer_dag.py for tasks to queue
[2024-06-28T14:30:15.430+0000] {logging_mixin.py:188} INFO - [2024-06-28T14:30:15.430+0000] {dagbag.py:545} INFO - Filling up the DagBag from /opt/airflow/dags/data_transfer_dag.py
[2024-06-28T14:30:15.593+0000] {processor.py:840} INFO - DAG(s) 'data_transfer_to_mysql' retrieved from /opt/airflow/dags/data_transfer_dag.py
[2024-06-28T14:30:15.613+0000] {logging_mixin.py:188} INFO - [2024-06-28T14:30:15.612+0000] {dag.py:3096} INFO - Sync 1 DAGs
[2024-06-28T14:30:15.626+0000] {logging_mixin.py:188} INFO - [2024-06-28T14:30:15.626+0000] {dag.py:3954} INFO - Setting next_dagrun for data_transfer_to_mysql to None, run_after=None
[2024-06-28T14:30:15.636+0000] {processor.py:183} INFO - Processing /opt/airflow/dags/data_transfer_dag.py took 0.212 seconds
[2024-06-28T14:30:26.760+0000] {processor.py:161} INFO - Started process (PID=327) to work on /opt/airflow/dags/data_transfer_dag.py
[2024-06-28T14:30:26.761+0000] {processor.py:830} INFO - Processing file /opt/airflow/dags/data_transfer_dag.py for tasks to queue
[2024-06-28T14:30:26.763+0000] {logging_mixin.py:188} INFO - [2024-06-28T14:30:26.762+0000] {dagbag.py:545} INFO - Filling up the DagBag from /opt/airflow/dags/data_transfer_dag.py
[2024-06-28T14:30:26.980+0000] {processor.py:840} INFO - DAG(s) 'data_transfer_to_mysql' retrieved from /opt/airflow/dags/data_transfer_dag.py
[2024-06-28T14:30:26.997+0000] {logging_mixin.py:188} INFO - [2024-06-28T14:30:26.996+0000] {dag.py:3096} INFO - Sync 1 DAGs
[2024-06-28T14:30:27.012+0000] {logging_mixin.py:188} INFO - [2024-06-28T14:30:27.012+0000] {dag.py:3954} INFO - Setting next_dagrun for data_transfer_to_mysql to None, run_after=None
[2024-06-28T14:30:27.023+0000] {processor.py:183} INFO - Processing /opt/airflow/dags/data_transfer_dag.py took 0.271 seconds
[2024-06-28T14:30:57.218+0000] {processor.py:161} INFO - Started process (PID=342) to work on /opt/airflow/dags/data_transfer_dag.py
[2024-06-28T14:30:57.219+0000] {processor.py:830} INFO - Processing file /opt/airflow/dags/data_transfer_dag.py for tasks to queue
[2024-06-28T14:30:57.221+0000] {logging_mixin.py:188} INFO - [2024-06-28T14:30:57.221+0000] {dagbag.py:545} INFO - Filling up the DagBag from /opt/airflow/dags/data_transfer_dag.py
[2024-06-28T14:30:57.385+0000] {processor.py:840} INFO - DAG(s) 'data_transfer_to_mysql' retrieved from /opt/airflow/dags/data_transfer_dag.py
[2024-06-28T14:30:57.405+0000] {logging_mixin.py:188} INFO - [2024-06-28T14:30:57.405+0000] {dag.py:3096} INFO - Sync 1 DAGs
[2024-06-28T14:30:57.421+0000] {logging_mixin.py:188} INFO - [2024-06-28T14:30:57.420+0000] {dag.py:3954} INFO - Setting next_dagrun for data_transfer_to_mysql to None, run_after=None
[2024-06-28T14:30:57.435+0000] {processor.py:183} INFO - Processing /opt/airflow/dags/data_transfer_dag.py took 0.225 seconds
[2024-06-28T14:31:27.652+0000] {processor.py:161} INFO - Started process (PID=354) to work on /opt/airflow/dags/data_transfer_dag.py
[2024-06-28T14:31:27.654+0000] {processor.py:830} INFO - Processing file /opt/airflow/dags/data_transfer_dag.py for tasks to queue
[2024-06-28T14:31:27.655+0000] {logging_mixin.py:188} INFO - [2024-06-28T14:31:27.655+0000] {dagbag.py:545} INFO - Filling up the DagBag from /opt/airflow/dags/data_transfer_dag.py
[2024-06-28T14:31:27.899+0000] {processor.py:840} INFO - DAG(s) 'data_transfer_to_mysql' retrieved from /opt/airflow/dags/data_transfer_dag.py
[2024-06-28T14:31:27.916+0000] {logging_mixin.py:188} INFO - [2024-06-28T14:31:27.916+0000] {dag.py:3096} INFO - Sync 1 DAGs
[2024-06-28T14:31:27.928+0000] {logging_mixin.py:188} INFO - [2024-06-28T14:31:27.927+0000] {dag.py:3954} INFO - Setting next_dagrun for data_transfer_to_mysql to None, run_after=None
[2024-06-28T14:31:27.937+0000] {processor.py:183} INFO - Processing /opt/airflow/dags/data_transfer_dag.py took 0.289 seconds
[2024-06-28T14:31:58.130+0000] {processor.py:161} INFO - Started process (PID=366) to work on /opt/airflow/dags/data_transfer_dag.py
[2024-06-28T14:31:58.133+0000] {processor.py:830} INFO - Processing file /opt/airflow/dags/data_transfer_dag.py for tasks to queue
[2024-06-28T14:31:58.134+0000] {logging_mixin.py:188} INFO - [2024-06-28T14:31:58.134+0000] {dagbag.py:545} INFO - Filling up the DagBag from /opt/airflow/dags/data_transfer_dag.py
[2024-06-28T14:31:58.341+0000] {processor.py:840} INFO - DAG(s) 'data_transfer_to_mysql' retrieved from /opt/airflow/dags/data_transfer_dag.py
[2024-06-28T14:31:58.356+0000] {logging_mixin.py:188} INFO - [2024-06-28T14:31:58.356+0000] {dag.py:3096} INFO - Sync 1 DAGs
[2024-06-28T14:31:58.368+0000] {logging_mixin.py:188} INFO - [2024-06-28T14:31:58.368+0000] {dag.py:3954} INFO - Setting next_dagrun for data_transfer_to_mysql to None, run_after=None
[2024-06-28T14:31:58.378+0000] {processor.py:183} INFO - Processing /opt/airflow/dags/data_transfer_dag.py took 0.254 seconds
[2024-06-28T14:32:28.592+0000] {processor.py:161} INFO - Started process (PID=378) to work on /opt/airflow/dags/data_transfer_dag.py
[2024-06-28T14:32:28.595+0000] {processor.py:830} INFO - Processing file /opt/airflow/dags/data_transfer_dag.py for tasks to queue
[2024-06-28T14:32:28.598+0000] {logging_mixin.py:188} INFO - [2024-06-28T14:32:28.598+0000] {dagbag.py:545} INFO - Filling up the DagBag from /opt/airflow/dags/data_transfer_dag.py
[2024-06-28T14:32:28.798+0000] {processor.py:840} INFO - DAG(s) 'data_transfer_to_mysql' retrieved from /opt/airflow/dags/data_transfer_dag.py
[2024-06-28T14:32:28.814+0000] {logging_mixin.py:188} INFO - [2024-06-28T14:32:28.814+0000] {dag.py:3096} INFO - Sync 1 DAGs
[2024-06-28T14:32:28.830+0000] {logging_mixin.py:188} INFO - [2024-06-28T14:32:28.830+0000] {dag.py:3954} INFO - Setting next_dagrun for data_transfer_to_mysql to None, run_after=None
[2024-06-28T14:32:28.855+0000] {processor.py:183} INFO - Processing /opt/airflow/dags/data_transfer_dag.py took 0.272 seconds
[2024-06-28T14:32:59.084+0000] {processor.py:161} INFO - Started process (PID=390) to work on /opt/airflow/dags/data_transfer_dag.py
[2024-06-28T14:32:59.087+0000] {processor.py:830} INFO - Processing file /opt/airflow/dags/data_transfer_dag.py for tasks to queue
[2024-06-28T14:32:59.090+0000] {logging_mixin.py:188} INFO - [2024-06-28T14:32:59.089+0000] {dagbag.py:545} INFO - Filling up the DagBag from /opt/airflow/dags/data_transfer_dag.py
[2024-06-28T14:32:59.264+0000] {processor.py:840} INFO - DAG(s) 'data_transfer_to_mysql' retrieved from /opt/airflow/dags/data_transfer_dag.py
[2024-06-28T14:32:59.281+0000] {logging_mixin.py:188} INFO - [2024-06-28T14:32:59.280+0000] {dag.py:3096} INFO - Sync 1 DAGs
[2024-06-28T14:32:59.296+0000] {logging_mixin.py:188} INFO - [2024-06-28T14:32:59.296+0000] {dag.py:3954} INFO - Setting next_dagrun for data_transfer_to_mysql to None, run_after=None
[2024-06-28T14:32:59.309+0000] {processor.py:183} INFO - Processing /opt/airflow/dags/data_transfer_dag.py took 0.231 seconds
[2024-06-28T14:33:29.533+0000] {processor.py:161} INFO - Started process (PID=405) to work on /opt/airflow/dags/data_transfer_dag.py
[2024-06-28T14:33:29.536+0000] {processor.py:830} INFO - Processing file /opt/airflow/dags/data_transfer_dag.py for tasks to queue
[2024-06-28T14:33:29.539+0000] {logging_mixin.py:188} INFO - [2024-06-28T14:33:29.538+0000] {dagbag.py:545} INFO - Filling up the DagBag from /opt/airflow/dags/data_transfer_dag.py
[2024-06-28T14:33:29.726+0000] {processor.py:840} INFO - DAG(s) 'data_transfer_to_mysql' retrieved from /opt/airflow/dags/data_transfer_dag.py
[2024-06-28T14:33:29.743+0000] {logging_mixin.py:188} INFO - [2024-06-28T14:33:29.743+0000] {dag.py:3096} INFO - Sync 1 DAGs
[2024-06-28T14:33:29.761+0000] {logging_mixin.py:188} INFO - [2024-06-28T14:33:29.761+0000] {dag.py:3954} INFO - Setting next_dagrun for data_transfer_to_mysql to None, run_after=None
[2024-06-28T14:33:29.785+0000] {processor.py:183} INFO - Processing /opt/airflow/dags/data_transfer_dag.py took 0.259 seconds
[2024-06-28T14:34:00.026+0000] {processor.py:161} INFO - Started process (PID=417) to work on /opt/airflow/dags/data_transfer_dag.py
[2024-06-28T14:34:00.028+0000] {processor.py:830} INFO - Processing file /opt/airflow/dags/data_transfer_dag.py for tasks to queue
[2024-06-28T14:34:00.030+0000] {logging_mixin.py:188} INFO - [2024-06-28T14:34:00.030+0000] {dagbag.py:545} INFO - Filling up the DagBag from /opt/airflow/dags/data_transfer_dag.py
[2024-06-28T14:34:00.228+0000] {processor.py:840} INFO - DAG(s) 'data_transfer_to_mysql' retrieved from /opt/airflow/dags/data_transfer_dag.py
[2024-06-28T14:34:00.244+0000] {logging_mixin.py:188} INFO - [2024-06-28T14:34:00.244+0000] {dag.py:3096} INFO - Sync 1 DAGs
[2024-06-28T14:34:00.256+0000] {logging_mixin.py:188} INFO - [2024-06-28T14:34:00.256+0000] {dag.py:3954} INFO - Setting next_dagrun for data_transfer_to_mysql to None, run_after=None
[2024-06-28T14:34:00.266+0000] {processor.py:183} INFO - Processing /opt/airflow/dags/data_transfer_dag.py took 0.249 seconds
[2024-06-28T14:34:30.504+0000] {processor.py:161} INFO - Started process (PID=429) to work on /opt/airflow/dags/data_transfer_dag.py
[2024-06-28T14:34:30.506+0000] {processor.py:830} INFO - Processing file /opt/airflow/dags/data_transfer_dag.py for tasks to queue
[2024-06-28T14:34:30.508+0000] {logging_mixin.py:188} INFO - [2024-06-28T14:34:30.508+0000] {dagbag.py:545} INFO - Filling up the DagBag from /opt/airflow/dags/data_transfer_dag.py
[2024-06-28T14:34:30.712+0000] {processor.py:840} INFO - DAG(s) 'data_transfer_to_mysql' retrieved from /opt/airflow/dags/data_transfer_dag.py
[2024-06-28T14:34:30.727+0000] {logging_mixin.py:188} INFO - [2024-06-28T14:34:30.727+0000] {dag.py:3096} INFO - Sync 1 DAGs
[2024-06-28T14:34:30.740+0000] {logging_mixin.py:188} INFO - [2024-06-28T14:34:30.739+0000] {dag.py:3954} INFO - Setting next_dagrun for data_transfer_to_mysql to None, run_after=None
[2024-06-28T14:34:30.750+0000] {processor.py:183} INFO - Processing /opt/airflow/dags/data_transfer_dag.py took 0.250 seconds
[2024-06-28T14:35:00.994+0000] {processor.py:161} INFO - Started process (PID=447) to work on /opt/airflow/dags/data_transfer_dag.py
[2024-06-28T14:35:00.997+0000] {processor.py:830} INFO - Processing file /opt/airflow/dags/data_transfer_dag.py for tasks to queue
[2024-06-28T14:35:00.999+0000] {logging_mixin.py:188} INFO - [2024-06-28T14:35:00.999+0000] {dagbag.py:545} INFO - Filling up the DagBag from /opt/airflow/dags/data_transfer_dag.py
[2024-06-28T14:35:01.167+0000] {processor.py:840} INFO - DAG(s) 'data_transfer_to_mysql' retrieved from /opt/airflow/dags/data_transfer_dag.py
[2024-06-28T14:35:01.183+0000] {logging_mixin.py:188} INFO - [2024-06-28T14:35:01.183+0000] {dag.py:3096} INFO - Sync 1 DAGs
[2024-06-28T14:35:01.196+0000] {logging_mixin.py:188} INFO - [2024-06-28T14:35:01.196+0000] {dag.py:3954} INFO - Setting next_dagrun for data_transfer_to_mysql to None, run_after=None
[2024-06-28T14:35:01.208+0000] {processor.py:183} INFO - Processing /opt/airflow/dags/data_transfer_dag.py took 0.222 seconds
[2024-06-28T14:35:31.481+0000] {processor.py:161} INFO - Started process (PID=459) to work on /opt/airflow/dags/data_transfer_dag.py
[2024-06-28T14:35:31.483+0000] {processor.py:830} INFO - Processing file /opt/airflow/dags/data_transfer_dag.py for tasks to queue
[2024-06-28T14:35:31.485+0000] {logging_mixin.py:188} INFO - [2024-06-28T14:35:31.484+0000] {dagbag.py:545} INFO - Filling up the DagBag from /opt/airflow/dags/data_transfer_dag.py
[2024-06-28T14:35:31.660+0000] {processor.py:840} INFO - DAG(s) 'data_transfer_to_mysql' retrieved from /opt/airflow/dags/data_transfer_dag.py
[2024-06-28T14:35:31.677+0000] {logging_mixin.py:188} INFO - [2024-06-28T14:35:31.676+0000] {dag.py:3096} INFO - Sync 1 DAGs
[2024-06-28T14:35:31.690+0000] {logging_mixin.py:188} INFO - [2024-06-28T14:35:31.690+0000] {dag.py:3954} INFO - Setting next_dagrun for data_transfer_to_mysql to None, run_after=None
[2024-06-28T14:35:31.704+0000] {processor.py:183} INFO - Processing /opt/airflow/dags/data_transfer_dag.py took 0.230 seconds
[2024-06-28T14:36:01.968+0000] {processor.py:161} INFO - Started process (PID=471) to work on /opt/airflow/dags/data_transfer_dag.py
[2024-06-28T14:36:01.971+0000] {processor.py:830} INFO - Processing file /opt/airflow/dags/data_transfer_dag.py for tasks to queue
[2024-06-28T14:36:01.973+0000] {logging_mixin.py:188} INFO - [2024-06-28T14:36:01.973+0000] {dagbag.py:545} INFO - Filling up the DagBag from /opt/airflow/dags/data_transfer_dag.py
[2024-06-28T14:36:02.170+0000] {processor.py:840} INFO - DAG(s) 'data_transfer_to_mysql' retrieved from /opt/airflow/dags/data_transfer_dag.py
[2024-06-28T14:36:02.187+0000] {logging_mixin.py:188} INFO - [2024-06-28T14:36:02.187+0000] {dag.py:3096} INFO - Sync 1 DAGs
[2024-06-28T14:36:02.202+0000] {logging_mixin.py:188} INFO - [2024-06-28T14:36:02.202+0000] {dag.py:3954} INFO - Setting next_dagrun for data_transfer_to_mysql to None, run_after=None
[2024-06-28T14:36:02.217+0000] {processor.py:183} INFO - Processing /opt/airflow/dags/data_transfer_dag.py took 0.256 seconds
[2024-06-28T14:36:32.418+0000] {processor.py:161} INFO - Started process (PID=483) to work on /opt/airflow/dags/data_transfer_dag.py
[2024-06-28T14:36:32.420+0000] {processor.py:830} INFO - Processing file /opt/airflow/dags/data_transfer_dag.py for tasks to queue
[2024-06-28T14:36:32.422+0000] {logging_mixin.py:188} INFO - [2024-06-28T14:36:32.421+0000] {dagbag.py:545} INFO - Filling up the DagBag from /opt/airflow/dags/data_transfer_dag.py
[2024-06-28T14:36:32.596+0000] {processor.py:840} INFO - DAG(s) 'data_transfer_to_mysql' retrieved from /opt/airflow/dags/data_transfer_dag.py
[2024-06-28T14:36:32.616+0000] {logging_mixin.py:188} INFO - [2024-06-28T14:36:32.616+0000] {dag.py:3096} INFO - Sync 1 DAGs
[2024-06-28T14:36:32.629+0000] {logging_mixin.py:188} INFO - [2024-06-28T14:36:32.629+0000] {dag.py:3954} INFO - Setting next_dagrun for data_transfer_to_mysql to None, run_after=None
[2024-06-28T14:36:32.642+0000] {processor.py:183} INFO - Processing /opt/airflow/dags/data_transfer_dag.py took 0.230 seconds
[2024-06-28T14:37:02.916+0000] {processor.py:161} INFO - Started process (PID=498) to work on /opt/airflow/dags/data_transfer_dag.py
[2024-06-28T14:37:02.918+0000] {processor.py:830} INFO - Processing file /opt/airflow/dags/data_transfer_dag.py for tasks to queue
[2024-06-28T14:37:02.920+0000] {logging_mixin.py:188} INFO - [2024-06-28T14:37:02.920+0000] {dagbag.py:545} INFO - Filling up the DagBag from /opt/airflow/dags/data_transfer_dag.py
[2024-06-28T14:37:03.095+0000] {processor.py:840} INFO - DAG(s) 'data_transfer_to_mysql' retrieved from /opt/airflow/dags/data_transfer_dag.py
[2024-06-28T14:37:03.112+0000] {logging_mixin.py:188} INFO - [2024-06-28T14:37:03.111+0000] {dag.py:3096} INFO - Sync 1 DAGs
[2024-06-28T14:37:03.129+0000] {logging_mixin.py:188} INFO - [2024-06-28T14:37:03.129+0000] {dag.py:3954} INFO - Setting next_dagrun for data_transfer_to_mysql to None, run_after=None
[2024-06-28T14:37:03.141+0000] {processor.py:183} INFO - Processing /opt/airflow/dags/data_transfer_dag.py took 0.231 seconds
[2024-06-28T14:37:33.450+0000] {processor.py:161} INFO - Started process (PID=516) to work on /opt/airflow/dags/data_transfer_dag.py
[2024-06-28T14:37:33.453+0000] {processor.py:830} INFO - Processing file /opt/airflow/dags/data_transfer_dag.py for tasks to queue
[2024-06-28T14:37:33.455+0000] {logging_mixin.py:188} INFO - [2024-06-28T14:37:33.454+0000] {dagbag.py:545} INFO - Filling up the DagBag from /opt/airflow/dags/data_transfer_dag.py
[2024-06-28T14:37:33.628+0000] {processor.py:840} INFO - DAG(s) 'data_transfer_to_mysql' retrieved from /opt/airflow/dags/data_transfer_dag.py
[2024-06-28T14:37:33.644+0000] {logging_mixin.py:188} INFO - [2024-06-28T14:37:33.644+0000] {dag.py:3096} INFO - Sync 1 DAGs
[2024-06-28T14:37:33.658+0000] {logging_mixin.py:188} INFO - [2024-06-28T14:37:33.658+0000] {dag.py:3954} INFO - Setting next_dagrun for data_transfer_to_mysql to None, run_after=None
[2024-06-28T14:37:33.671+0000] {processor.py:183} INFO - Processing /opt/airflow/dags/data_transfer_dag.py took 0.228 seconds
[2024-06-28T14:38:03.912+0000] {processor.py:161} INFO - Started process (PID=528) to work on /opt/airflow/dags/data_transfer_dag.py
[2024-06-28T14:38:03.914+0000] {processor.py:830} INFO - Processing file /opt/airflow/dags/data_transfer_dag.py for tasks to queue
[2024-06-28T14:38:03.915+0000] {logging_mixin.py:188} INFO - [2024-06-28T14:38:03.915+0000] {dagbag.py:545} INFO - Filling up the DagBag from /opt/airflow/dags/data_transfer_dag.py
[2024-06-28T14:38:04.089+0000] {processor.py:840} INFO - DAG(s) 'data_transfer_to_mysql' retrieved from /opt/airflow/dags/data_transfer_dag.py
[2024-06-28T14:38:04.103+0000] {logging_mixin.py:188} INFO - [2024-06-28T14:38:04.103+0000] {dag.py:3096} INFO - Sync 1 DAGs
[2024-06-28T14:38:04.116+0000] {logging_mixin.py:188} INFO - [2024-06-28T14:38:04.116+0000] {dag.py:3954} INFO - Setting next_dagrun for data_transfer_to_mysql to None, run_after=None
[2024-06-28T14:38:04.126+0000] {processor.py:183} INFO - Processing /opt/airflow/dags/data_transfer_dag.py took 0.220 seconds
[2024-06-28T14:38:34.378+0000] {processor.py:161} INFO - Started process (PID=552) to work on /opt/airflow/dags/data_transfer_dag.py
[2024-06-28T14:38:34.379+0000] {processor.py:830} INFO - Processing file /opt/airflow/dags/data_transfer_dag.py for tasks to queue
[2024-06-28T14:38:34.380+0000] {logging_mixin.py:188} INFO - [2024-06-28T14:38:34.380+0000] {dagbag.py:545} INFO - Filling up the DagBag from /opt/airflow/dags/data_transfer_dag.py
[2024-06-28T14:38:34.547+0000] {processor.py:840} INFO - DAG(s) 'data_transfer_to_mysql' retrieved from /opt/airflow/dags/data_transfer_dag.py
[2024-06-28T14:38:34.563+0000] {logging_mixin.py:188} INFO - [2024-06-28T14:38:34.563+0000] {dag.py:3096} INFO - Sync 1 DAGs
[2024-06-28T14:38:34.578+0000] {logging_mixin.py:188} INFO - [2024-06-28T14:38:34.578+0000] {dag.py:3954} INFO - Setting next_dagrun for data_transfer_to_mysql to None, run_after=None
[2024-06-28T14:38:34.598+0000] {processor.py:183} INFO - Processing /opt/airflow/dags/data_transfer_dag.py took 0.224 seconds
[2024-06-28T14:39:04.869+0000] {processor.py:161} INFO - Started process (PID=570) to work on /opt/airflow/dags/data_transfer_dag.py
[2024-06-28T14:39:04.871+0000] {processor.py:830} INFO - Processing file /opt/airflow/dags/data_transfer_dag.py for tasks to queue
[2024-06-28T14:39:04.873+0000] {logging_mixin.py:188} INFO - [2024-06-28T14:39:04.873+0000] {dagbag.py:545} INFO - Filling up the DagBag from /opt/airflow/dags/data_transfer_dag.py
[2024-06-28T14:39:05.054+0000] {processor.py:840} INFO - DAG(s) 'data_transfer_to_mysql' retrieved from /opt/airflow/dags/data_transfer_dag.py
[2024-06-28T14:39:05.067+0000] {logging_mixin.py:188} INFO - [2024-06-28T14:39:05.066+0000] {dag.py:3096} INFO - Sync 1 DAGs
[2024-06-28T14:39:05.081+0000] {logging_mixin.py:188} INFO - [2024-06-28T14:39:05.081+0000] {dag.py:3954} INFO - Setting next_dagrun for data_transfer_to_mysql to None, run_after=None
[2024-06-28T14:39:05.097+0000] {processor.py:183} INFO - Processing /opt/airflow/dags/data_transfer_dag.py took 0.235 seconds
[2024-06-28T14:39:35.660+0000] {processor.py:161} INFO - Started process (PID=588) to work on /opt/airflow/dags/data_transfer_dag.py
[2024-06-28T14:39:35.662+0000] {processor.py:830} INFO - Processing file /opt/airflow/dags/data_transfer_dag.py for tasks to queue
[2024-06-28T14:39:35.664+0000] {logging_mixin.py:188} INFO - [2024-06-28T14:39:35.664+0000] {dagbag.py:545} INFO - Filling up the DagBag from /opt/airflow/dags/data_transfer_dag.py
[2024-06-28T14:39:35.853+0000] {processor.py:840} INFO - DAG(s) 'data_transfer_to_mysql' retrieved from /opt/airflow/dags/data_transfer_dag.py
[2024-06-28T14:39:35.876+0000] {logging_mixin.py:188} INFO - [2024-06-28T14:39:35.875+0000] {dag.py:3096} INFO - Sync 1 DAGs
[2024-06-28T14:39:35.893+0000] {logging_mixin.py:188} INFO - [2024-06-28T14:39:35.892+0000] {dag.py:3954} INFO - Setting next_dagrun for data_transfer_to_mysql to None, run_after=None
[2024-06-28T14:39:35.909+0000] {processor.py:183} INFO - Processing /opt/airflow/dags/data_transfer_dag.py took 0.258 seconds
[2024-06-28T14:40:06.126+0000] {processor.py:161} INFO - Started process (PID=606) to work on /opt/airflow/dags/data_transfer_dag.py
[2024-06-28T14:40:06.128+0000] {processor.py:830} INFO - Processing file /opt/airflow/dags/data_transfer_dag.py for tasks to queue
[2024-06-28T14:40:06.129+0000] {logging_mixin.py:188} INFO - [2024-06-28T14:40:06.129+0000] {dagbag.py:545} INFO - Filling up the DagBag from /opt/airflow/dags/data_transfer_dag.py
[2024-06-28T14:40:06.327+0000] {processor.py:840} INFO - DAG(s) 'data_transfer_to_mysql' retrieved from /opt/airflow/dags/data_transfer_dag.py
[2024-06-28T14:40:06.341+0000] {logging_mixin.py:188} INFO - [2024-06-28T14:40:06.341+0000] {dag.py:3096} INFO - Sync 1 DAGs
[2024-06-28T14:40:06.353+0000] {logging_mixin.py:188} INFO - [2024-06-28T14:40:06.353+0000] {dag.py:3954} INFO - Setting next_dagrun for data_transfer_to_mysql to None, run_after=None
[2024-06-28T14:40:06.364+0000] {processor.py:183} INFO - Processing /opt/airflow/dags/data_transfer_dag.py took 0.241 seconds
[2024-06-28T14:40:36.575+0000] {processor.py:161} INFO - Started process (PID=618) to work on /opt/airflow/dags/data_transfer_dag.py
[2024-06-28T14:40:36.577+0000] {processor.py:830} INFO - Processing file /opt/airflow/dags/data_transfer_dag.py for tasks to queue
[2024-06-28T14:40:36.579+0000] {logging_mixin.py:188} INFO - [2024-06-28T14:40:36.579+0000] {dagbag.py:545} INFO - Filling up the DagBag from /opt/airflow/dags/data_transfer_dag.py
[2024-06-28T14:40:36.786+0000] {processor.py:840} INFO - DAG(s) 'data_transfer_to_mysql' retrieved from /opt/airflow/dags/data_transfer_dag.py
[2024-06-28T14:40:36.803+0000] {logging_mixin.py:188} INFO - [2024-06-28T14:40:36.803+0000] {dag.py:3096} INFO - Sync 1 DAGs
[2024-06-28T14:40:36.817+0000] {logging_mixin.py:188} INFO - [2024-06-28T14:40:36.817+0000] {dag.py:3954} INFO - Setting next_dagrun for data_transfer_to_mysql to None, run_after=None
[2024-06-28T14:40:36.829+0000] {processor.py:183} INFO - Processing /opt/airflow/dags/data_transfer_dag.py took 0.258 seconds
[2024-06-28T14:41:07.041+0000] {processor.py:161} INFO - Started process (PID=630) to work on /opt/airflow/dags/data_transfer_dag.py
[2024-06-28T14:41:07.044+0000] {processor.py:830} INFO - Processing file /opt/airflow/dags/data_transfer_dag.py for tasks to queue
[2024-06-28T14:41:07.046+0000] {logging_mixin.py:188} INFO - [2024-06-28T14:41:07.046+0000] {dagbag.py:545} INFO - Filling up the DagBag from /opt/airflow/dags/data_transfer_dag.py
[2024-06-28T14:41:07.212+0000] {processor.py:840} INFO - DAG(s) 'data_transfer_to_mysql' retrieved from /opt/airflow/dags/data_transfer_dag.py
[2024-06-28T14:41:07.232+0000] {logging_mixin.py:188} INFO - [2024-06-28T14:41:07.232+0000] {dag.py:3096} INFO - Sync 1 DAGs
[2024-06-28T14:41:07.244+0000] {logging_mixin.py:188} INFO - [2024-06-28T14:41:07.243+0000] {dag.py:3954} INFO - Setting next_dagrun for data_transfer_to_mysql to None, run_after=None
[2024-06-28T14:41:07.254+0000] {processor.py:183} INFO - Processing /opt/airflow/dags/data_transfer_dag.py took 0.218 seconds
[2024-06-28T14:41:37.450+0000] {processor.py:161} INFO - Started process (PID=642) to work on /opt/airflow/dags/data_transfer_dag.py
[2024-06-28T14:41:37.453+0000] {processor.py:830} INFO - Processing file /opt/airflow/dags/data_transfer_dag.py for tasks to queue
[2024-06-28T14:41:37.455+0000] {logging_mixin.py:188} INFO - [2024-06-28T14:41:37.454+0000] {dagbag.py:545} INFO - Filling up the DagBag from /opt/airflow/dags/data_transfer_dag.py
[2024-06-28T14:41:37.628+0000] {processor.py:840} INFO - DAG(s) 'data_transfer_to_mysql' retrieved from /opt/airflow/dags/data_transfer_dag.py
[2024-06-28T14:41:37.644+0000] {logging_mixin.py:188} INFO - [2024-06-28T14:41:37.644+0000] {dag.py:3096} INFO - Sync 1 DAGs
[2024-06-28T14:41:37.658+0000] {logging_mixin.py:188} INFO - [2024-06-28T14:41:37.658+0000] {dag.py:3954} INFO - Setting next_dagrun for data_transfer_to_mysql to None, run_after=None
[2024-06-28T14:41:37.673+0000] {processor.py:183} INFO - Processing /opt/airflow/dags/data_transfer_dag.py took 0.231 seconds
[2024-06-28T14:42:07.969+0000] {processor.py:161} INFO - Started process (PID=660) to work on /opt/airflow/dags/data_transfer_dag.py
[2024-06-28T14:42:07.971+0000] {processor.py:830} INFO - Processing file /opt/airflow/dags/data_transfer_dag.py for tasks to queue
[2024-06-28T14:42:07.973+0000] {logging_mixin.py:188} INFO - [2024-06-28T14:42:07.973+0000] {dagbag.py:545} INFO - Filling up the DagBag from /opt/airflow/dags/data_transfer_dag.py
[2024-06-28T14:42:08.140+0000] {processor.py:840} INFO - DAG(s) 'data_transfer_to_mysql' retrieved from /opt/airflow/dags/data_transfer_dag.py
[2024-06-28T14:42:08.161+0000] {logging_mixin.py:188} INFO - [2024-06-28T14:42:08.160+0000] {dag.py:3096} INFO - Sync 1 DAGs
[2024-06-28T14:42:08.175+0000] {logging_mixin.py:188} INFO - [2024-06-28T14:42:08.175+0000] {dag.py:3954} INFO - Setting next_dagrun for data_transfer_to_mysql to None, run_after=None
[2024-06-28T14:42:08.190+0000] {processor.py:183} INFO - Processing /opt/airflow/dags/data_transfer_dag.py took 0.229 seconds
[2024-06-28T14:42:38.486+0000] {processor.py:161} INFO - Started process (PID=672) to work on /opt/airflow/dags/data_transfer_dag.py
[2024-06-28T14:42:38.488+0000] {processor.py:830} INFO - Processing file /opt/airflow/dags/data_transfer_dag.py for tasks to queue
[2024-06-28T14:42:38.489+0000] {logging_mixin.py:188} INFO - [2024-06-28T14:42:38.489+0000] {dagbag.py:545} INFO - Filling up the DagBag from /opt/airflow/dags/data_transfer_dag.py
[2024-06-28T14:42:38.652+0000] {processor.py:840} INFO - DAG(s) 'data_transfer_to_mysql' retrieved from /opt/airflow/dags/data_transfer_dag.py
[2024-06-28T14:42:38.673+0000] {logging_mixin.py:188} INFO - [2024-06-28T14:42:38.672+0000] {dag.py:3096} INFO - Sync 1 DAGs
[2024-06-28T14:42:38.687+0000] {logging_mixin.py:188} INFO - [2024-06-28T14:42:38.687+0000] {dag.py:3954} INFO - Setting next_dagrun for data_transfer_to_mysql to None, run_after=None
[2024-06-28T14:42:38.701+0000] {processor.py:183} INFO - Processing /opt/airflow/dags/data_transfer_dag.py took 0.221 seconds
[2024-06-28T14:43:08.994+0000] {processor.py:161} INFO - Started process (PID=684) to work on /opt/airflow/dags/data_transfer_dag.py
[2024-06-28T14:43:08.996+0000] {processor.py:830} INFO - Processing file /opt/airflow/dags/data_transfer_dag.py for tasks to queue
[2024-06-28T14:43:08.998+0000] {logging_mixin.py:188} INFO - [2024-06-28T14:43:08.997+0000] {dagbag.py:545} INFO - Filling up the DagBag from /opt/airflow/dags/data_transfer_dag.py
[2024-06-28T14:43:45.703+0000] {processor.py:161} INFO - Started process (PID=197) to work on /opt/airflow/dags/data_transfer_dag.py
[2024-06-28T14:43:45.704+0000] {processor.py:830} INFO - Processing file /opt/airflow/dags/data_transfer_dag.py for tasks to queue
[2024-06-28T14:43:45.705+0000] {logging_mixin.py:188} INFO - [2024-06-28T14:43:45.704+0000] {dagbag.py:545} INFO - Filling up the DagBag from /opt/airflow/dags/data_transfer_dag.py
[2024-06-28T14:43:45.887+0000] {processor.py:840} INFO - DAG(s) 'data_transfer_to_mysql' retrieved from /opt/airflow/dags/data_transfer_dag.py
[2024-06-28T14:43:45.895+0000] {logging_mixin.py:188} INFO - [2024-06-28T14:43:45.895+0000] {dag.py:3096} INFO - Sync 1 DAGs
[2024-06-28T14:43:45.915+0000] {logging_mixin.py:188} INFO - [2024-06-28T14:43:45.915+0000] {dag.py:3954} INFO - Setting next_dagrun for data_transfer_to_mysql to None, run_after=None
[2024-06-28T14:43:45.928+0000] {processor.py:183} INFO - Processing /opt/airflow/dags/data_transfer_dag.py took 0.230 seconds
[2024-06-28T14:44:16.262+0000] {processor.py:161} INFO - Started process (PID=215) to work on /opt/airflow/dags/data_transfer_dag.py
[2024-06-28T14:44:16.264+0000] {processor.py:830} INFO - Processing file /opt/airflow/dags/data_transfer_dag.py for tasks to queue
[2024-06-28T14:44:16.265+0000] {logging_mixin.py:188} INFO - [2024-06-28T14:44:16.265+0000] {dagbag.py:545} INFO - Filling up the DagBag from /opt/airflow/dags/data_transfer_dag.py
[2024-06-28T14:44:16.429+0000] {processor.py:840} INFO - DAG(s) 'data_transfer_to_mysql' retrieved from /opt/airflow/dags/data_transfer_dag.py
[2024-06-28T14:44:16.501+0000] {logging_mixin.py:188} INFO - [2024-06-28T14:44:16.500+0000] {dag.py:3096} INFO - Sync 1 DAGs
[2024-06-28T14:44:16.511+0000] {logging_mixin.py:188} INFO - [2024-06-28T14:44:16.511+0000] {dag.py:3954} INFO - Setting next_dagrun for data_transfer_to_mysql to None, run_after=None
[2024-06-28T14:44:16.519+0000] {processor.py:183} INFO - Processing /opt/airflow/dags/data_transfer_dag.py took 0.263 seconds
[2024-06-28T14:44:46.773+0000] {processor.py:161} INFO - Started process (PID=227) to work on /opt/airflow/dags/data_transfer_dag.py
[2024-06-28T14:44:46.776+0000] {processor.py:830} INFO - Processing file /opt/airflow/dags/data_transfer_dag.py for tasks to queue
[2024-06-28T14:44:46.777+0000] {logging_mixin.py:188} INFO - [2024-06-28T14:44:46.777+0000] {dagbag.py:545} INFO - Filling up the DagBag from /opt/airflow/dags/data_transfer_dag.py
[2024-06-28T14:44:46.987+0000] {processor.py:840} INFO - DAG(s) 'data_transfer_to_mysql' retrieved from /opt/airflow/dags/data_transfer_dag.py
[2024-06-28T14:44:47.001+0000] {logging_mixin.py:188} INFO - [2024-06-28T14:44:47.000+0000] {dag.py:3096} INFO - Sync 1 DAGs
[2024-06-28T14:44:47.013+0000] {logging_mixin.py:188} INFO - [2024-06-28T14:44:47.013+0000] {dag.py:3954} INFO - Setting next_dagrun for data_transfer_to_mysql to None, run_after=None
[2024-06-28T14:44:47.028+0000] {processor.py:183} INFO - Processing /opt/airflow/dags/data_transfer_dag.py took 0.261 seconds
[2024-06-28T14:45:17.302+0000] {processor.py:161} INFO - Started process (PID=245) to work on /opt/airflow/dags/data_transfer_dag.py
[2024-06-28T14:45:17.305+0000] {processor.py:830} INFO - Processing file /opt/airflow/dags/data_transfer_dag.py for tasks to queue
[2024-06-28T14:45:17.307+0000] {logging_mixin.py:188} INFO - [2024-06-28T14:45:17.307+0000] {dagbag.py:545} INFO - Filling up the DagBag from /opt/airflow/dags/data_transfer_dag.py
[2024-06-28T14:45:17.494+0000] {processor.py:840} INFO - DAG(s) 'data_transfer_to_mysql' retrieved from /opt/airflow/dags/data_transfer_dag.py
[2024-06-28T14:45:17.509+0000] {logging_mixin.py:188} INFO - [2024-06-28T14:45:17.509+0000] {dag.py:3096} INFO - Sync 1 DAGs
[2024-06-28T14:45:17.522+0000] {logging_mixin.py:188} INFO - [2024-06-28T14:45:17.522+0000] {dag.py:3954} INFO - Setting next_dagrun for data_transfer_to_mysql to None, run_after=None
[2024-06-28T14:45:17.536+0000] {processor.py:183} INFO - Processing /opt/airflow/dags/data_transfer_dag.py took 0.241 seconds
[2024-06-28T14:45:47.838+0000] {processor.py:161} INFO - Started process (PID=257) to work on /opt/airflow/dags/data_transfer_dag.py
[2024-06-28T14:45:47.839+0000] {processor.py:830} INFO - Processing file /opt/airflow/dags/data_transfer_dag.py for tasks to queue
[2024-06-28T14:45:47.841+0000] {logging_mixin.py:188} INFO - [2024-06-28T14:45:47.841+0000] {dagbag.py:545} INFO - Filling up the DagBag from /opt/airflow/dags/data_transfer_dag.py
[2024-06-28T14:45:48.011+0000] {processor.py:840} INFO - DAG(s) 'data_transfer_to_mysql' retrieved from /opt/airflow/dags/data_transfer_dag.py
[2024-06-28T14:45:48.028+0000] {logging_mixin.py:188} INFO - [2024-06-28T14:45:48.027+0000] {dag.py:3096} INFO - Sync 1 DAGs
[2024-06-28T14:45:48.042+0000] {logging_mixin.py:188} INFO - [2024-06-28T14:45:48.042+0000] {dag.py:3954} INFO - Setting next_dagrun for data_transfer_to_mysql to None, run_after=None
[2024-06-28T14:45:48.052+0000] {processor.py:183} INFO - Processing /opt/airflow/dags/data_transfer_dag.py took 0.220 seconds
[2024-06-28T14:46:18.323+0000] {processor.py:161} INFO - Started process (PID=269) to work on /opt/airflow/dags/data_transfer_dag.py
[2024-06-28T14:46:18.325+0000] {processor.py:830} INFO - Processing file /opt/airflow/dags/data_transfer_dag.py for tasks to queue
[2024-06-28T14:46:18.327+0000] {logging_mixin.py:188} INFO - [2024-06-28T14:46:18.327+0000] {dagbag.py:545} INFO - Filling up the DagBag from /opt/airflow/dags/data_transfer_dag.py
[2024-06-28T14:46:18.498+0000] {processor.py:840} INFO - DAG(s) 'data_transfer_to_mysql' retrieved from /opt/airflow/dags/data_transfer_dag.py
[2024-06-28T14:46:18.512+0000] {logging_mixin.py:188} INFO - [2024-06-28T14:46:18.512+0000] {dag.py:3096} INFO - Sync 1 DAGs
[2024-06-28T14:46:18.523+0000] {logging_mixin.py:188} INFO - [2024-06-28T14:46:18.523+0000] {dag.py:3954} INFO - Setting next_dagrun for data_transfer_to_mysql to None, run_after=None
[2024-06-28T14:46:18.534+0000] {processor.py:183} INFO - Processing /opt/airflow/dags/data_transfer_dag.py took 0.218 seconds
[2024-06-28T14:46:48.828+0000] {processor.py:161} INFO - Started process (PID=281) to work on /opt/airflow/dags/data_transfer_dag.py
[2024-06-28T14:46:48.828+0000] {processor.py:830} INFO - Processing file /opt/airflow/dags/data_transfer_dag.py for tasks to queue
[2024-06-28T14:46:48.831+0000] {logging_mixin.py:188} INFO - [2024-06-28T14:46:48.830+0000] {dagbag.py:545} INFO - Filling up the DagBag from /opt/airflow/dags/data_transfer_dag.py
[2024-06-28T14:46:49.059+0000] {processor.py:840} INFO - DAG(s) 'data_transfer_to_mysql' retrieved from /opt/airflow/dags/data_transfer_dag.py
[2024-06-28T14:46:49.077+0000] {logging_mixin.py:188} INFO - [2024-06-28T14:46:49.077+0000] {dag.py:3096} INFO - Sync 1 DAGs
[2024-06-28T14:46:49.092+0000] {logging_mixin.py:188} INFO - [2024-06-28T14:46:49.092+0000] {dag.py:3954} INFO - Setting next_dagrun for data_transfer_to_mysql to None, run_after=None
[2024-06-28T14:46:49.105+0000] {processor.py:183} INFO - Processing /opt/airflow/dags/data_transfer_dag.py took 0.286 seconds
[2024-06-28T14:47:19.292+0000] {processor.py:161} INFO - Started process (PID=293) to work on /opt/airflow/dags/data_transfer_dag.py
[2024-06-28T14:47:19.293+0000] {processor.py:830} INFO - Processing file /opt/airflow/dags/data_transfer_dag.py for tasks to queue
[2024-06-28T14:47:19.295+0000] {logging_mixin.py:188} INFO - [2024-06-28T14:47:19.295+0000] {dagbag.py:545} INFO - Filling up the DagBag from /opt/airflow/dags/data_transfer_dag.py
[2024-06-28T14:47:19.483+0000] {processor.py:840} INFO - DAG(s) 'data_transfer_to_mysql' retrieved from /opt/airflow/dags/data_transfer_dag.py
[2024-06-28T14:47:19.504+0000] {logging_mixin.py:188} INFO - [2024-06-28T14:47:19.503+0000] {dag.py:3096} INFO - Sync 1 DAGs
[2024-06-28T14:47:19.517+0000] {logging_mixin.py:188} INFO - [2024-06-28T14:47:19.517+0000] {dag.py:3954} INFO - Setting next_dagrun for data_transfer_to_mysql to None, run_after=None
[2024-06-28T14:47:19.531+0000] {processor.py:183} INFO - Processing /opt/airflow/dags/data_transfer_dag.py took 0.246 seconds
[2024-06-28T14:47:49.788+0000] {processor.py:161} INFO - Started process (PID=305) to work on /opt/airflow/dags/data_transfer_dag.py
[2024-06-28T14:47:49.789+0000] {processor.py:830} INFO - Processing file /opt/airflow/dags/data_transfer_dag.py for tasks to queue
[2024-06-28T14:47:49.790+0000] {logging_mixin.py:188} INFO - [2024-06-28T14:47:49.790+0000] {dagbag.py:545} INFO - Filling up the DagBag from /opt/airflow/dags/data_transfer_dag.py
[2024-06-28T14:47:49.956+0000] {processor.py:840} INFO - DAG(s) 'data_transfer_to_mysql' retrieved from /opt/airflow/dags/data_transfer_dag.py
[2024-06-28T14:47:49.971+0000] {logging_mixin.py:188} INFO - [2024-06-28T14:47:49.971+0000] {dag.py:3096} INFO - Sync 1 DAGs
[2024-06-28T14:47:49.984+0000] {logging_mixin.py:188} INFO - [2024-06-28T14:47:49.984+0000] {dag.py:3954} INFO - Setting next_dagrun for data_transfer_to_mysql to None, run_after=None
[2024-06-28T14:47:49.998+0000] {processor.py:183} INFO - Processing /opt/airflow/dags/data_transfer_dag.py took 0.214 seconds
[2024-06-28T14:48:20.263+0000] {processor.py:161} INFO - Started process (PID=317) to work on /opt/airflow/dags/data_transfer_dag.py
[2024-06-28T14:48:20.265+0000] {processor.py:830} INFO - Processing file /opt/airflow/dags/data_transfer_dag.py for tasks to queue
[2024-06-28T14:48:20.267+0000] {logging_mixin.py:188} INFO - [2024-06-28T14:48:20.267+0000] {dagbag.py:545} INFO - Filling up the DagBag from /opt/airflow/dags/data_transfer_dag.py
[2024-06-28T14:48:20.437+0000] {processor.py:840} INFO - DAG(s) 'data_transfer_to_mysql' retrieved from /opt/airflow/dags/data_transfer_dag.py
[2024-06-28T14:48:20.452+0000] {logging_mixin.py:188} INFO - [2024-06-28T14:48:20.452+0000] {dag.py:3096} INFO - Sync 1 DAGs
[2024-06-28T14:48:20.475+0000] {logging_mixin.py:188} INFO - [2024-06-28T14:48:20.475+0000] {dag.py:3954} INFO - Setting next_dagrun for data_transfer_to_mysql to None, run_after=None
[2024-06-28T14:48:20.490+0000] {processor.py:183} INFO - Processing /opt/airflow/dags/data_transfer_dag.py took 0.232 seconds
[2024-06-28T14:48:50.803+0000] {processor.py:161} INFO - Started process (PID=329) to work on /opt/airflow/dags/data_transfer_dag.py
[2024-06-28T14:48:50.804+0000] {processor.py:830} INFO - Processing file /opt/airflow/dags/data_transfer_dag.py for tasks to queue
[2024-06-28T14:48:50.806+0000] {logging_mixin.py:188} INFO - [2024-06-28T14:48:50.806+0000] {dagbag.py:545} INFO - Filling up the DagBag from /opt/airflow/dags/data_transfer_dag.py
[2024-06-28T14:48:50.976+0000] {processor.py:840} INFO - DAG(s) 'data_transfer_to_mysql' retrieved from /opt/airflow/dags/data_transfer_dag.py
[2024-06-28T14:48:50.996+0000] {logging_mixin.py:188} INFO - [2024-06-28T14:48:50.995+0000] {dag.py:3096} INFO - Sync 1 DAGs
[2024-06-28T14:48:51.009+0000] {logging_mixin.py:188} INFO - [2024-06-28T14:48:51.009+0000] {dag.py:3954} INFO - Setting next_dagrun for data_transfer_to_mysql to None, run_after=None
[2024-06-28T14:48:51.025+0000] {processor.py:183} INFO - Processing /opt/airflow/dags/data_transfer_dag.py took 0.229 seconds
[2024-06-28T14:49:21.301+0000] {processor.py:161} INFO - Started process (PID=341) to work on /opt/airflow/dags/data_transfer_dag.py
[2024-06-28T14:49:21.303+0000] {processor.py:830} INFO - Processing file /opt/airflow/dags/data_transfer_dag.py for tasks to queue
[2024-06-28T14:49:21.305+0000] {logging_mixin.py:188} INFO - [2024-06-28T14:49:21.305+0000] {dagbag.py:545} INFO - Filling up the DagBag from /opt/airflow/dags/data_transfer_dag.py
[2024-06-28T14:49:21.476+0000] {processor.py:840} INFO - DAG(s) 'data_transfer_to_mysql' retrieved from /opt/airflow/dags/data_transfer_dag.py
[2024-06-28T14:49:21.492+0000] {logging_mixin.py:188} INFO - [2024-06-28T14:49:21.492+0000] {dag.py:3096} INFO - Sync 1 DAGs
[2024-06-28T14:49:21.505+0000] {logging_mixin.py:188} INFO - [2024-06-28T14:49:21.504+0000] {dag.py:3954} INFO - Setting next_dagrun for data_transfer_to_mysql to None, run_after=None
[2024-06-28T14:49:21.515+0000] {processor.py:183} INFO - Processing /opt/airflow/dags/data_transfer_dag.py took 0.222 seconds
[2024-06-28T14:49:51.805+0000] {processor.py:161} INFO - Started process (PID=353) to work on /opt/airflow/dags/data_transfer_dag.py
[2024-06-28T14:49:51.807+0000] {processor.py:830} INFO - Processing file /opt/airflow/dags/data_transfer_dag.py for tasks to queue
[2024-06-28T14:49:51.810+0000] {logging_mixin.py:188} INFO - [2024-06-28T14:49:51.809+0000] {dagbag.py:545} INFO - Filling up the DagBag from /opt/airflow/dags/data_transfer_dag.py
[2024-06-28T14:49:51.984+0000] {processor.py:840} INFO - DAG(s) 'data_transfer_to_mysql' retrieved from /opt/airflow/dags/data_transfer_dag.py
[2024-06-28T14:49:51.998+0000] {logging_mixin.py:188} INFO - [2024-06-28T14:49:51.998+0000] {dag.py:3096} INFO - Sync 1 DAGs
[2024-06-28T14:49:52.009+0000] {logging_mixin.py:188} INFO - [2024-06-28T14:49:52.009+0000] {dag.py:3954} INFO - Setting next_dagrun for data_transfer_to_mysql to None, run_after=None
[2024-06-28T14:49:52.019+0000] {processor.py:183} INFO - Processing /opt/airflow/dags/data_transfer_dag.py took 0.223 seconds
[2024-06-28T14:50:22.303+0000] {processor.py:161} INFO - Started process (PID=365) to work on /opt/airflow/dags/data_transfer_dag.py
[2024-06-28T14:50:22.305+0000] {processor.py:830} INFO - Processing file /opt/airflow/dags/data_transfer_dag.py for tasks to queue
[2024-06-28T14:50:22.308+0000] {logging_mixin.py:188} INFO - [2024-06-28T14:50:22.307+0000] {dagbag.py:545} INFO - Filling up the DagBag from /opt/airflow/dags/data_transfer_dag.py
[2024-06-28T14:50:22.487+0000] {processor.py:840} INFO - DAG(s) 'data_transfer_to_mysql' retrieved from /opt/airflow/dags/data_transfer_dag.py
[2024-06-28T14:50:22.500+0000] {logging_mixin.py:188} INFO - [2024-06-28T14:50:22.500+0000] {dag.py:3096} INFO - Sync 1 DAGs
[2024-06-28T14:50:22.512+0000] {logging_mixin.py:188} INFO - [2024-06-28T14:50:22.512+0000] {dag.py:3954} INFO - Setting next_dagrun for data_transfer_to_mysql to None, run_after=None
[2024-06-28T14:50:22.522+0000] {processor.py:183} INFO - Processing /opt/airflow/dags/data_transfer_dag.py took 0.225 seconds
[2024-06-28T14:50:52.805+0000] {processor.py:161} INFO - Started process (PID=377) to work on /opt/airflow/dags/data_transfer_dag.py
[2024-06-28T14:50:52.808+0000] {processor.py:830} INFO - Processing file /opt/airflow/dags/data_transfer_dag.py for tasks to queue
[2024-06-28T14:50:52.810+0000] {logging_mixin.py:188} INFO - [2024-06-28T14:50:52.809+0000] {dagbag.py:545} INFO - Filling up the DagBag from /opt/airflow/dags/data_transfer_dag.py
[2024-06-28T14:50:52.979+0000] {processor.py:840} INFO - DAG(s) 'data_transfer_to_mysql' retrieved from /opt/airflow/dags/data_transfer_dag.py
[2024-06-28T14:50:52.995+0000] {logging_mixin.py:188} INFO - [2024-06-28T14:50:52.995+0000] {dag.py:3096} INFO - Sync 1 DAGs
[2024-06-28T14:50:53.008+0000] {logging_mixin.py:188} INFO - [2024-06-28T14:50:53.008+0000] {dag.py:3954} INFO - Setting next_dagrun for data_transfer_to_mysql to None, run_after=None
[2024-06-28T14:50:53.028+0000] {processor.py:183} INFO - Processing /opt/airflow/dags/data_transfer_dag.py took 0.229 seconds
[2024-06-28T14:51:23.326+0000] {processor.py:161} INFO - Started process (PID=389) to work on /opt/airflow/dags/data_transfer_dag.py
[2024-06-28T14:51:23.329+0000] {processor.py:830} INFO - Processing file /opt/airflow/dags/data_transfer_dag.py for tasks to queue
[2024-06-28T14:51:23.331+0000] {logging_mixin.py:188} INFO - [2024-06-28T14:51:23.331+0000] {dagbag.py:545} INFO - Filling up the DagBag from /opt/airflow/dags/data_transfer_dag.py
[2024-06-28T14:51:23.503+0000] {processor.py:840} INFO - DAG(s) 'data_transfer_to_mysql' retrieved from /opt/airflow/dags/data_transfer_dag.py
[2024-06-28T14:51:23.525+0000] {logging_mixin.py:188} INFO - [2024-06-28T14:51:23.524+0000] {dag.py:3096} INFO - Sync 1 DAGs
[2024-06-28T14:51:23.548+0000] {logging_mixin.py:188} INFO - [2024-06-28T14:51:23.548+0000] {dag.py:3954} INFO - Setting next_dagrun for data_transfer_to_mysql to None, run_after=None
[2024-06-28T14:51:23.567+0000] {processor.py:183} INFO - Processing /opt/airflow/dags/data_transfer_dag.py took 0.248 seconds
[2024-06-28T14:51:53.864+0000] {processor.py:161} INFO - Started process (PID=401) to work on /opt/airflow/dags/data_transfer_dag.py
[2024-06-28T14:51:53.867+0000] {processor.py:830} INFO - Processing file /opt/airflow/dags/data_transfer_dag.py for tasks to queue
[2024-06-28T14:51:53.869+0000] {logging_mixin.py:188} INFO - [2024-06-28T14:51:53.868+0000] {dagbag.py:545} INFO - Filling up the DagBag from /opt/airflow/dags/data_transfer_dag.py
[2024-06-28T14:51:54.042+0000] {processor.py:840} INFO - DAG(s) 'data_transfer_to_mysql' retrieved from /opt/airflow/dags/data_transfer_dag.py
[2024-06-28T14:51:54.058+0000] {logging_mixin.py:188} INFO - [2024-06-28T14:51:54.057+0000] {dag.py:3096} INFO - Sync 1 DAGs
[2024-06-28T14:51:54.073+0000] {logging_mixin.py:188} INFO - [2024-06-28T14:51:54.073+0000] {dag.py:3954} INFO - Setting next_dagrun for data_transfer_to_mysql to None, run_after=None
[2024-06-28T14:51:54.083+0000] {processor.py:183} INFO - Processing /opt/airflow/dags/data_transfer_dag.py took 0.226 seconds
[2024-06-28T14:52:24.387+0000] {processor.py:161} INFO - Started process (PID=413) to work on /opt/airflow/dags/data_transfer_dag.py
[2024-06-28T14:52:24.389+0000] {processor.py:830} INFO - Processing file /opt/airflow/dags/data_transfer_dag.py for tasks to queue
[2024-06-28T14:52:24.392+0000] {logging_mixin.py:188} INFO - [2024-06-28T14:52:24.391+0000] {dagbag.py:545} INFO - Filling up the DagBag from /opt/airflow/dags/data_transfer_dag.py
[2024-06-28T14:52:24.565+0000] {processor.py:840} INFO - DAG(s) 'data_transfer_to_mysql' retrieved from /opt/airflow/dags/data_transfer_dag.py
[2024-06-28T14:52:24.581+0000] {logging_mixin.py:188} INFO - [2024-06-28T14:52:24.581+0000] {dag.py:3096} INFO - Sync 1 DAGs
[2024-06-28T14:52:24.595+0000] {logging_mixin.py:188} INFO - [2024-06-28T14:52:24.595+0000] {dag.py:3954} INFO - Setting next_dagrun for data_transfer_to_mysql to None, run_after=None
[2024-06-28T14:52:24.609+0000] {processor.py:183} INFO - Processing /opt/airflow/dags/data_transfer_dag.py took 0.229 seconds
[2024-06-28T14:52:54.835+0000] {processor.py:161} INFO - Started process (PID=425) to work on /opt/airflow/dags/data_transfer_dag.py
[2024-06-28T14:52:54.838+0000] {processor.py:830} INFO - Processing file /opt/airflow/dags/data_transfer_dag.py for tasks to queue
[2024-06-28T14:52:54.840+0000] {logging_mixin.py:188} INFO - [2024-06-28T14:52:54.840+0000] {dagbag.py:545} INFO - Filling up the DagBag from /opt/airflow/dags/data_transfer_dag.py
[2024-06-28T14:52:55.017+0000] {processor.py:840} INFO - DAG(s) 'data_transfer_to_mysql' retrieved from /opt/airflow/dags/data_transfer_dag.py
[2024-06-28T14:52:55.040+0000] {logging_mixin.py:188} INFO - [2024-06-28T14:52:55.039+0000] {dag.py:3096} INFO - Sync 1 DAGs
[2024-06-28T14:52:55.058+0000] {logging_mixin.py:188} INFO - [2024-06-28T14:52:55.058+0000] {dag.py:3954} INFO - Setting next_dagrun for data_transfer_to_mysql to None, run_after=None
[2024-06-28T14:52:55.075+0000] {processor.py:183} INFO - Processing /opt/airflow/dags/data_transfer_dag.py took 0.247 seconds
[2024-06-28T14:53:25.278+0000] {processor.py:161} INFO - Started process (PID=437) to work on /opt/airflow/dags/data_transfer_dag.py
[2024-06-28T14:53:25.280+0000] {processor.py:830} INFO - Processing file /opt/airflow/dags/data_transfer_dag.py for tasks to queue
[2024-06-28T14:53:25.282+0000] {logging_mixin.py:188} INFO - [2024-06-28T14:53:25.282+0000] {dagbag.py:545} INFO - Filling up the DagBag from /opt/airflow/dags/data_transfer_dag.py
[2024-06-28T14:53:25.454+0000] {processor.py:840} INFO - DAG(s) 'data_transfer_to_mysql' retrieved from /opt/airflow/dags/data_transfer_dag.py
[2024-06-28T14:53:25.469+0000] {logging_mixin.py:188} INFO - [2024-06-28T14:53:25.469+0000] {dag.py:3096} INFO - Sync 1 DAGs
[2024-06-28T14:53:25.483+0000] {logging_mixin.py:188} INFO - [2024-06-28T14:53:25.483+0000] {dag.py:3954} INFO - Setting next_dagrun for data_transfer_to_mysql to None, run_after=None
[2024-06-28T14:53:25.496+0000] {processor.py:183} INFO - Processing /opt/airflow/dags/data_transfer_dag.py took 0.224 seconds
[2024-06-28T14:53:55.780+0000] {processor.py:161} INFO - Started process (PID=449) to work on /opt/airflow/dags/data_transfer_dag.py
[2024-06-28T14:53:55.781+0000] {processor.py:830} INFO - Processing file /opt/airflow/dags/data_transfer_dag.py for tasks to queue
[2024-06-28T14:53:55.783+0000] {logging_mixin.py:188} INFO - [2024-06-28T14:53:55.783+0000] {dagbag.py:545} INFO - Filling up the DagBag from /opt/airflow/dags/data_transfer_dag.py
[2024-06-28T14:53:55.990+0000] {processor.py:840} INFO - DAG(s) 'data_transfer_to_mysql' retrieved from /opt/airflow/dags/data_transfer_dag.py
[2024-06-28T14:53:56.005+0000] {logging_mixin.py:188} INFO - [2024-06-28T14:53:56.005+0000] {dag.py:3096} INFO - Sync 1 DAGs
[2024-06-28T14:53:56.019+0000] {logging_mixin.py:188} INFO - [2024-06-28T14:53:56.019+0000] {dag.py:3954} INFO - Setting next_dagrun for data_transfer_to_mysql to None, run_after=None
[2024-06-28T14:53:56.032+0000] {processor.py:183} INFO - Processing /opt/airflow/dags/data_transfer_dag.py took 0.257 seconds
[2024-06-28T14:54:26.219+0000] {processor.py:161} INFO - Started process (PID=461) to work on /opt/airflow/dags/data_transfer_dag.py
[2024-06-28T14:54:26.220+0000] {processor.py:830} INFO - Processing file /opt/airflow/dags/data_transfer_dag.py for tasks to queue
[2024-06-28T14:54:26.221+0000] {logging_mixin.py:188} INFO - [2024-06-28T14:54:26.221+0000] {dagbag.py:545} INFO - Filling up the DagBag from /opt/airflow/dags/data_transfer_dag.py
[2024-06-28T14:54:26.385+0000] {processor.py:840} INFO - DAG(s) 'data_transfer_to_mysql' retrieved from /opt/airflow/dags/data_transfer_dag.py
[2024-06-28T14:54:26.401+0000] {logging_mixin.py:188} INFO - [2024-06-28T14:54:26.400+0000] {dag.py:3096} INFO - Sync 1 DAGs
[2024-06-28T14:54:26.414+0000] {logging_mixin.py:188} INFO - [2024-06-28T14:54:26.414+0000] {dag.py:3954} INFO - Setting next_dagrun for data_transfer_to_mysql to None, run_after=None
[2024-06-28T14:54:26.427+0000] {processor.py:183} INFO - Processing /opt/airflow/dags/data_transfer_dag.py took 0.213 seconds
[2024-06-28T14:54:56.704+0000] {processor.py:161} INFO - Started process (PID=473) to work on /opt/airflow/dags/data_transfer_dag.py
[2024-06-28T14:54:56.706+0000] {processor.py:830} INFO - Processing file /opt/airflow/dags/data_transfer_dag.py for tasks to queue
[2024-06-28T14:54:56.708+0000] {logging_mixin.py:188} INFO - [2024-06-28T14:54:56.708+0000] {dagbag.py:545} INFO - Filling up the DagBag from /opt/airflow/dags/data_transfer_dag.py
[2024-06-28T14:54:56.877+0000] {processor.py:840} INFO - DAG(s) 'data_transfer_to_mysql' retrieved from /opt/airflow/dags/data_transfer_dag.py
[2024-06-28T14:54:56.892+0000] {logging_mixin.py:188} INFO - [2024-06-28T14:54:56.891+0000] {dag.py:3096} INFO - Sync 1 DAGs
[2024-06-28T14:54:56.906+0000] {logging_mixin.py:188} INFO - [2024-06-28T14:54:56.905+0000] {dag.py:3954} INFO - Setting next_dagrun for data_transfer_to_mysql to None, run_after=None
[2024-06-28T14:54:56.921+0000] {processor.py:183} INFO - Processing /opt/airflow/dags/data_transfer_dag.py took 0.225 seconds
[2024-06-28T14:55:27.217+0000] {processor.py:161} INFO - Started process (PID=485) to work on /opt/airflow/dags/data_transfer_dag.py
[2024-06-28T14:55:27.220+0000] {processor.py:830} INFO - Processing file /opt/airflow/dags/data_transfer_dag.py for tasks to queue
[2024-06-28T14:55:27.222+0000] {logging_mixin.py:188} INFO - [2024-06-28T14:55:27.222+0000] {dagbag.py:545} INFO - Filling up the DagBag from /opt/airflow/dags/data_transfer_dag.py
[2024-06-28T14:55:27.404+0000] {processor.py:840} INFO - DAG(s) 'data_transfer_to_mysql' retrieved from /opt/airflow/dags/data_transfer_dag.py
[2024-06-28T14:55:27.423+0000] {logging_mixin.py:188} INFO - [2024-06-28T14:55:27.422+0000] {dag.py:3096} INFO - Sync 1 DAGs
[2024-06-28T14:55:27.434+0000] {logging_mixin.py:188} INFO - [2024-06-28T14:55:27.434+0000] {dag.py:3954} INFO - Setting next_dagrun for data_transfer_to_mysql to None, run_after=None
[2024-06-28T14:55:27.446+0000] {processor.py:183} INFO - Processing /opt/airflow/dags/data_transfer_dag.py took 0.236 seconds
[2024-06-28T14:55:57.740+0000] {processor.py:161} INFO - Started process (PID=497) to work on /opt/airflow/dags/data_transfer_dag.py
[2024-06-28T14:55:57.742+0000] {processor.py:830} INFO - Processing file /opt/airflow/dags/data_transfer_dag.py for tasks to queue
[2024-06-28T14:55:57.745+0000] {logging_mixin.py:188} INFO - [2024-06-28T14:55:57.744+0000] {dagbag.py:545} INFO - Filling up the DagBag from /opt/airflow/dags/data_transfer_dag.py
[2024-06-28T14:55:57.915+0000] {processor.py:840} INFO - DAG(s) 'data_transfer_to_mysql' retrieved from /opt/airflow/dags/data_transfer_dag.py
[2024-06-28T14:55:57.933+0000] {logging_mixin.py:188} INFO - [2024-06-28T14:55:57.933+0000] {dag.py:3096} INFO - Sync 1 DAGs
[2024-06-28T14:55:57.951+0000] {logging_mixin.py:188} INFO - [2024-06-28T14:55:57.950+0000] {dag.py:3954} INFO - Setting next_dagrun for data_transfer_to_mysql to None, run_after=None
[2024-06-28T14:55:57.965+0000] {processor.py:183} INFO - Processing /opt/airflow/dags/data_transfer_dag.py took 0.232 seconds
[2024-06-28T14:56:28.266+0000] {processor.py:161} INFO - Started process (PID=509) to work on /opt/airflow/dags/data_transfer_dag.py
[2024-06-28T14:56:28.269+0000] {processor.py:830} INFO - Processing file /opt/airflow/dags/data_transfer_dag.py for tasks to queue
[2024-06-28T14:56:28.270+0000] {logging_mixin.py:188} INFO - [2024-06-28T14:56:28.270+0000] {dagbag.py:545} INFO - Filling up the DagBag from /opt/airflow/dags/data_transfer_dag.py
[2024-06-28T14:56:28.441+0000] {processor.py:840} INFO - DAG(s) 'data_transfer_to_mysql' retrieved from /opt/airflow/dags/data_transfer_dag.py
[2024-06-28T14:56:28.457+0000] {logging_mixin.py:188} INFO - [2024-06-28T14:56:28.457+0000] {dag.py:3096} INFO - Sync 1 DAGs
[2024-06-28T14:56:28.470+0000] {logging_mixin.py:188} INFO - [2024-06-28T14:56:28.470+0000] {dag.py:3954} INFO - Setting next_dagrun for data_transfer_to_mysql to None, run_after=None
[2024-06-28T14:56:28.487+0000] {processor.py:183} INFO - Processing /opt/airflow/dags/data_transfer_dag.py took 0.227 seconds
[2024-06-28T14:56:58.545+0000] {processor.py:161} INFO - Started process (PID=521) to work on /opt/airflow/dags/data_transfer_dag.py
[2024-06-28T14:56:58.547+0000] {processor.py:830} INFO - Processing file /opt/airflow/dags/data_transfer_dag.py for tasks to queue
[2024-06-28T14:56:58.550+0000] {logging_mixin.py:188} INFO - [2024-06-28T14:56:58.549+0000] {dagbag.py:545} INFO - Filling up the DagBag from /opt/airflow/dags/data_transfer_dag.py
[2024-06-28T14:56:58.738+0000] {processor.py:840} INFO - DAG(s) 'data_transfer_to_mysql' retrieved from /opt/airflow/dags/data_transfer_dag.py
[2024-06-28T14:56:58.756+0000] {logging_mixin.py:188} INFO - [2024-06-28T14:56:58.756+0000] {dag.py:3096} INFO - Sync 1 DAGs
[2024-06-28T14:56:58.769+0000] {logging_mixin.py:188} INFO - [2024-06-28T14:56:58.769+0000] {dag.py:3954} INFO - Setting next_dagrun for data_transfer_to_mysql to None, run_after=None
[2024-06-28T14:56:58.779+0000] {processor.py:183} INFO - Processing /opt/airflow/dags/data_transfer_dag.py took 0.241 seconds
[2024-06-28T14:57:29.046+0000] {processor.py:161} INFO - Started process (PID=533) to work on /opt/airflow/dags/data_transfer_dag.py
[2024-06-28T14:57:29.049+0000] {processor.py:830} INFO - Processing file /opt/airflow/dags/data_transfer_dag.py for tasks to queue
[2024-06-28T14:57:29.050+0000] {logging_mixin.py:188} INFO - [2024-06-28T14:57:29.050+0000] {dagbag.py:545} INFO - Filling up the DagBag from /opt/airflow/dags/data_transfer_dag.py
[2024-06-28T14:57:29.220+0000] {processor.py:840} INFO - DAG(s) 'data_transfer_to_mysql' retrieved from /opt/airflow/dags/data_transfer_dag.py
[2024-06-28T14:57:29.234+0000] {logging_mixin.py:188} INFO - [2024-06-28T14:57:29.234+0000] {dag.py:3096} INFO - Sync 1 DAGs
[2024-06-28T14:57:29.246+0000] {logging_mixin.py:188} INFO - [2024-06-28T14:57:29.246+0000] {dag.py:3954} INFO - Setting next_dagrun for data_transfer_to_mysql to None, run_after=None
[2024-06-28T14:57:29.256+0000] {processor.py:183} INFO - Processing /opt/airflow/dags/data_transfer_dag.py took 0.215 seconds
[2024-06-28T14:57:59.534+0000] {processor.py:161} INFO - Started process (PID=545) to work on /opt/airflow/dags/data_transfer_dag.py
[2024-06-28T14:57:59.536+0000] {processor.py:830} INFO - Processing file /opt/airflow/dags/data_transfer_dag.py for tasks to queue
[2024-06-28T14:57:59.539+0000] {logging_mixin.py:188} INFO - [2024-06-28T14:57:59.539+0000] {dagbag.py:545} INFO - Filling up the DagBag from /opt/airflow/dags/data_transfer_dag.py
[2024-06-28T14:57:59.711+0000] {processor.py:840} INFO - DAG(s) 'data_transfer_to_mysql' retrieved from /opt/airflow/dags/data_transfer_dag.py
[2024-06-28T14:57:59.725+0000] {logging_mixin.py:188} INFO - [2024-06-28T14:57:59.725+0000] {dag.py:3096} INFO - Sync 1 DAGs
[2024-06-28T14:57:59.739+0000] {logging_mixin.py:188} INFO - [2024-06-28T14:57:59.739+0000] {dag.py:3954} INFO - Setting next_dagrun for data_transfer_to_mysql to None, run_after=None
[2024-06-28T14:57:59.754+0000] {processor.py:183} INFO - Processing /opt/airflow/dags/data_transfer_dag.py took 0.227 seconds
[2024-06-28T14:58:30.028+0000] {processor.py:161} INFO - Started process (PID=557) to work on /opt/airflow/dags/data_transfer_dag.py
[2024-06-28T14:58:30.031+0000] {processor.py:830} INFO - Processing file /opt/airflow/dags/data_transfer_dag.py for tasks to queue
[2024-06-28T14:58:30.033+0000] {logging_mixin.py:188} INFO - [2024-06-28T14:58:30.033+0000] {dagbag.py:545} INFO - Filling up the DagBag from /opt/airflow/dags/data_transfer_dag.py
[2024-06-28T14:58:30.204+0000] {processor.py:840} INFO - DAG(s) 'data_transfer_to_mysql' retrieved from /opt/airflow/dags/data_transfer_dag.py
[2024-06-28T14:58:30.225+0000] {logging_mixin.py:188} INFO - [2024-06-28T14:58:30.225+0000] {dag.py:3096} INFO - Sync 1 DAGs
[2024-06-28T14:58:30.239+0000] {logging_mixin.py:188} INFO - [2024-06-28T14:58:30.239+0000] {dag.py:3954} INFO - Setting next_dagrun for data_transfer_to_mysql to None, run_after=None
[2024-06-28T14:58:30.252+0000] {processor.py:183} INFO - Processing /opt/airflow/dags/data_transfer_dag.py took 0.231 seconds
[2024-06-28T14:59:00.321+0000] {processor.py:161} INFO - Started process (PID=569) to work on /opt/airflow/dags/data_transfer_dag.py
[2024-06-28T14:59:00.323+0000] {processor.py:830} INFO - Processing file /opt/airflow/dags/data_transfer_dag.py for tasks to queue
[2024-06-28T14:59:00.325+0000] {logging_mixin.py:188} INFO - [2024-06-28T14:59:00.325+0000] {dagbag.py:545} INFO - Filling up the DagBag from /opt/airflow/dags/data_transfer_dag.py
[2024-06-28T14:59:00.498+0000] {processor.py:840} INFO - DAG(s) 'data_transfer_to_mysql' retrieved from /opt/airflow/dags/data_transfer_dag.py
[2024-06-28T14:59:00.514+0000] {logging_mixin.py:188} INFO - [2024-06-28T14:59:00.514+0000] {dag.py:3096} INFO - Sync 1 DAGs
[2024-06-28T14:59:00.527+0000] {logging_mixin.py:188} INFO - [2024-06-28T14:59:00.527+0000] {dag.py:3954} INFO - Setting next_dagrun for data_transfer_to_mysql to None, run_after=None
[2024-06-28T14:59:00.542+0000] {processor.py:183} INFO - Processing /opt/airflow/dags/data_transfer_dag.py took 0.228 seconds
[2024-06-28T14:59:30.835+0000] {processor.py:161} INFO - Started process (PID=581) to work on /opt/airflow/dags/data_transfer_dag.py
[2024-06-28T14:59:30.837+0000] {processor.py:830} INFO - Processing file /opt/airflow/dags/data_transfer_dag.py for tasks to queue
[2024-06-28T14:59:30.839+0000] {logging_mixin.py:188} INFO - [2024-06-28T14:59:30.838+0000] {dagbag.py:545} INFO - Filling up the DagBag from /opt/airflow/dags/data_transfer_dag.py
[2024-06-28T14:59:31.015+0000] {processor.py:840} INFO - DAG(s) 'data_transfer_to_mysql' retrieved from /opt/airflow/dags/data_transfer_dag.py
[2024-06-28T14:59:31.031+0000] {logging_mixin.py:188} INFO - [2024-06-28T14:59:31.031+0000] {dag.py:3096} INFO - Sync 1 DAGs
[2024-06-28T14:59:31.044+0000] {logging_mixin.py:188} INFO - [2024-06-28T14:59:31.044+0000] {dag.py:3954} INFO - Setting next_dagrun for data_transfer_to_mysql to None, run_after=None
[2024-06-28T14:59:31.062+0000] {processor.py:183} INFO - Processing /opt/airflow/dags/data_transfer_dag.py took 0.234 seconds
[2024-06-28T15:00:01.374+0000] {processor.py:161} INFO - Started process (PID=593) to work on /opt/airflow/dags/data_transfer_dag.py
[2024-06-28T15:00:01.377+0000] {processor.py:830} INFO - Processing file /opt/airflow/dags/data_transfer_dag.py for tasks to queue
[2024-06-28T15:00:01.378+0000] {logging_mixin.py:188} INFO - [2024-06-28T15:00:01.378+0000] {dagbag.py:545} INFO - Filling up the DagBag from /opt/airflow/dags/data_transfer_dag.py
[2024-06-28T15:00:01.548+0000] {processor.py:840} INFO - DAG(s) 'data_transfer_to_mysql' retrieved from /opt/airflow/dags/data_transfer_dag.py
[2024-06-28T15:00:01.564+0000] {logging_mixin.py:188} INFO - [2024-06-28T15:00:01.564+0000] {dag.py:3096} INFO - Sync 1 DAGs
[2024-06-28T15:00:01.578+0000] {logging_mixin.py:188} INFO - [2024-06-28T15:00:01.577+0000] {dag.py:3954} INFO - Setting next_dagrun for data_transfer_to_mysql to None, run_after=None
[2024-06-28T15:00:01.593+0000] {processor.py:183} INFO - Processing /opt/airflow/dags/data_transfer_dag.py took 0.224 seconds
[2024-06-28T15:00:31.886+0000] {processor.py:161} INFO - Started process (PID=605) to work on /opt/airflow/dags/data_transfer_dag.py
[2024-06-28T15:00:31.888+0000] {processor.py:830} INFO - Processing file /opt/airflow/dags/data_transfer_dag.py for tasks to queue
[2024-06-28T15:00:31.890+0000] {logging_mixin.py:188} INFO - [2024-06-28T15:00:31.890+0000] {dagbag.py:545} INFO - Filling up the DagBag from /opt/airflow/dags/data_transfer_dag.py
[2024-06-28T15:00:32.066+0000] {processor.py:840} INFO - DAG(s) 'data_transfer_to_mysql' retrieved from /opt/airflow/dags/data_transfer_dag.py
[2024-06-28T15:00:32.086+0000] {logging_mixin.py:188} INFO - [2024-06-28T15:00:32.086+0000] {dag.py:3096} INFO - Sync 1 DAGs
[2024-06-28T15:00:32.106+0000] {logging_mixin.py:188} INFO - [2024-06-28T15:00:32.106+0000] {dag.py:3954} INFO - Setting next_dagrun for data_transfer_to_mysql to None, run_after=None
[2024-06-28T15:00:32.124+0000] {processor.py:183} INFO - Processing /opt/airflow/dags/data_transfer_dag.py took 0.244 seconds
[2024-06-28T15:01:02.305+0000] {processor.py:161} INFO - Started process (PID=617) to work on /opt/airflow/dags/data_transfer_dag.py
[2024-06-28T15:01:02.306+0000] {processor.py:830} INFO - Processing file /opt/airflow/dags/data_transfer_dag.py for tasks to queue
[2024-06-28T15:01:02.308+0000] {logging_mixin.py:188} INFO - [2024-06-28T15:01:02.308+0000] {dagbag.py:545} INFO - Filling up the DagBag from /opt/airflow/dags/data_transfer_dag.py
[2024-06-28T15:01:02.477+0000] {processor.py:840} INFO - DAG(s) 'data_transfer_to_mysql' retrieved from /opt/airflow/dags/data_transfer_dag.py
[2024-06-28T15:01:02.494+0000] {logging_mixin.py:188} INFO - [2024-06-28T15:01:02.494+0000] {dag.py:3096} INFO - Sync 1 DAGs
[2024-06-28T15:01:02.507+0000] {logging_mixin.py:188} INFO - [2024-06-28T15:01:02.507+0000] {dag.py:3954} INFO - Setting next_dagrun for data_transfer_to_mysql to None, run_after=None
[2024-06-28T15:01:02.517+0000] {processor.py:183} INFO - Processing /opt/airflow/dags/data_transfer_dag.py took 0.218 seconds
[2024-06-28T15:01:32.552+0000] {processor.py:161} INFO - Started process (PID=629) to work on /opt/airflow/dags/data_transfer_dag.py
[2024-06-28T15:01:32.554+0000] {processor.py:830} INFO - Processing file /opt/airflow/dags/data_transfer_dag.py for tasks to queue
[2024-06-28T15:01:32.555+0000] {logging_mixin.py:188} INFO - [2024-06-28T15:01:32.555+0000] {dagbag.py:545} INFO - Filling up the DagBag from /opt/airflow/dags/data_transfer_dag.py
[2024-06-28T15:01:32.721+0000] {processor.py:840} INFO - DAG(s) 'data_transfer_to_mysql' retrieved from /opt/airflow/dags/data_transfer_dag.py
[2024-06-28T15:01:32.741+0000] {logging_mixin.py:188} INFO - [2024-06-28T15:01:32.740+0000] {dag.py:3096} INFO - Sync 1 DAGs
[2024-06-28T15:01:32.754+0000] {logging_mixin.py:188} INFO - [2024-06-28T15:01:32.754+0000] {dag.py:3954} INFO - Setting next_dagrun for data_transfer_to_mysql to None, run_after=None
[2024-06-28T15:01:32.770+0000] {processor.py:183} INFO - Processing /opt/airflow/dags/data_transfer_dag.py took 0.224 seconds
[2024-06-28T15:02:03.067+0000] {processor.py:161} INFO - Started process (PID=641) to work on /opt/airflow/dags/data_transfer_dag.py
[2024-06-28T15:02:03.070+0000] {processor.py:830} INFO - Processing file /opt/airflow/dags/data_transfer_dag.py for tasks to queue
[2024-06-28T15:02:03.072+0000] {logging_mixin.py:188} INFO - [2024-06-28T15:02:03.071+0000] {dagbag.py:545} INFO - Filling up the DagBag from /opt/airflow/dags/data_transfer_dag.py
[2024-06-28T15:02:03.247+0000] {processor.py:840} INFO - DAG(s) 'data_transfer_to_mysql' retrieved from /opt/airflow/dags/data_transfer_dag.py
[2024-06-28T15:02:03.262+0000] {logging_mixin.py:188} INFO - [2024-06-28T15:02:03.262+0000] {dag.py:3096} INFO - Sync 1 DAGs
[2024-06-28T15:02:03.274+0000] {logging_mixin.py:188} INFO - [2024-06-28T15:02:03.274+0000] {dag.py:3954} INFO - Setting next_dagrun for data_transfer_to_mysql to None, run_after=None
[2024-06-28T15:02:03.285+0000] {processor.py:183} INFO - Processing /opt/airflow/dags/data_transfer_dag.py took 0.225 seconds
[2024-06-28T15:02:33.603+0000] {processor.py:161} INFO - Started process (PID=653) to work on /opt/airflow/dags/data_transfer_dag.py
[2024-06-28T15:02:33.605+0000] {processor.py:830} INFO - Processing file /opt/airflow/dags/data_transfer_dag.py for tasks to queue
[2024-06-28T15:02:33.607+0000] {logging_mixin.py:188} INFO - [2024-06-28T15:02:33.607+0000] {dagbag.py:545} INFO - Filling up the DagBag from /opt/airflow/dags/data_transfer_dag.py
[2024-06-28T15:02:33.771+0000] {processor.py:840} INFO - DAG(s) 'data_transfer_to_mysql' retrieved from /opt/airflow/dags/data_transfer_dag.py
[2024-06-28T15:02:33.786+0000] {logging_mixin.py:188} INFO - [2024-06-28T15:02:33.786+0000] {dag.py:3096} INFO - Sync 1 DAGs
[2024-06-28T15:02:33.804+0000] {logging_mixin.py:188} INFO - [2024-06-28T15:02:33.804+0000] {dag.py:3954} INFO - Setting next_dagrun for data_transfer_to_mysql to None, run_after=None
[2024-06-28T15:02:33.816+0000] {processor.py:183} INFO - Processing /opt/airflow/dags/data_transfer_dag.py took 0.219 seconds
[2024-06-28T15:03:04.109+0000] {processor.py:161} INFO - Started process (PID=665) to work on /opt/airflow/dags/data_transfer_dag.py
[2024-06-28T15:03:04.111+0000] {processor.py:830} INFO - Processing file /opt/airflow/dags/data_transfer_dag.py for tasks to queue
[2024-06-28T15:03:04.113+0000] {logging_mixin.py:188} INFO - [2024-06-28T15:03:04.113+0000] {dagbag.py:545} INFO - Filling up the DagBag from /opt/airflow/dags/data_transfer_dag.py
[2024-06-28T15:03:04.282+0000] {processor.py:840} INFO - DAG(s) 'data_transfer_to_mysql' retrieved from /opt/airflow/dags/data_transfer_dag.py
[2024-06-28T15:03:04.299+0000] {logging_mixin.py:188} INFO - [2024-06-28T15:03:04.299+0000] {dag.py:3096} INFO - Sync 1 DAGs
[2024-06-28T15:03:04.313+0000] {logging_mixin.py:188} INFO - [2024-06-28T15:03:04.313+0000] {dag.py:3954} INFO - Setting next_dagrun for data_transfer_to_mysql to None, run_after=None
[2024-06-28T15:03:04.330+0000] {processor.py:183} INFO - Processing /opt/airflow/dags/data_transfer_dag.py took 0.228 seconds
[2024-06-28T15:03:34.627+0000] {processor.py:161} INFO - Started process (PID=677) to work on /opt/airflow/dags/data_transfer_dag.py
[2024-06-28T15:03:34.629+0000] {processor.py:830} INFO - Processing file /opt/airflow/dags/data_transfer_dag.py for tasks to queue
[2024-06-28T15:03:34.632+0000] {logging_mixin.py:188} INFO - [2024-06-28T15:03:34.631+0000] {dagbag.py:545} INFO - Filling up the DagBag from /opt/airflow/dags/data_transfer_dag.py
[2024-06-28T15:03:34.804+0000] {processor.py:840} INFO - DAG(s) 'data_transfer_to_mysql' retrieved from /opt/airflow/dags/data_transfer_dag.py
[2024-06-28T15:03:34.819+0000] {logging_mixin.py:188} INFO - [2024-06-28T15:03:34.819+0000] {dag.py:3096} INFO - Sync 1 DAGs
[2024-06-28T15:03:34.832+0000] {logging_mixin.py:188} INFO - [2024-06-28T15:03:34.832+0000] {dag.py:3954} INFO - Setting next_dagrun for data_transfer_to_mysql to None, run_after=None
[2024-06-28T15:03:34.845+0000] {processor.py:183} INFO - Processing /opt/airflow/dags/data_transfer_dag.py took 0.224 seconds
[2024-06-28T15:04:05.162+0000] {processor.py:161} INFO - Started process (PID=689) to work on /opt/airflow/dags/data_transfer_dag.py
[2024-06-28T15:04:05.164+0000] {processor.py:830} INFO - Processing file /opt/airflow/dags/data_transfer_dag.py for tasks to queue
[2024-06-28T15:04:05.166+0000] {logging_mixin.py:188} INFO - [2024-06-28T15:04:05.166+0000] {dagbag.py:545} INFO - Filling up the DagBag from /opt/airflow/dags/data_transfer_dag.py
[2024-06-28T15:04:05.336+0000] {processor.py:840} INFO - DAG(s) 'data_transfer_to_mysql' retrieved from /opt/airflow/dags/data_transfer_dag.py
[2024-06-28T15:04:05.351+0000] {logging_mixin.py:188} INFO - [2024-06-28T15:04:05.351+0000] {dag.py:3096} INFO - Sync 1 DAGs
[2024-06-28T15:04:05.365+0000] {logging_mixin.py:188} INFO - [2024-06-28T15:04:05.365+0000] {dag.py:3954} INFO - Setting next_dagrun for data_transfer_to_mysql to None, run_after=None
[2024-06-28T15:04:05.378+0000] {processor.py:183} INFO - Processing /opt/airflow/dags/data_transfer_dag.py took 0.223 seconds
[2024-06-28T15:04:35.679+0000] {processor.py:161} INFO - Started process (PID=701) to work on /opt/airflow/dags/data_transfer_dag.py
[2024-06-28T15:04:35.682+0000] {processor.py:830} INFO - Processing file /opt/airflow/dags/data_transfer_dag.py for tasks to queue
[2024-06-28T15:04:35.683+0000] {logging_mixin.py:188} INFO - [2024-06-28T15:04:35.683+0000] {dagbag.py:545} INFO - Filling up the DagBag from /opt/airflow/dags/data_transfer_dag.py
[2024-06-28T15:04:35.845+0000] {processor.py:840} INFO - DAG(s) 'data_transfer_to_mysql' retrieved from /opt/airflow/dags/data_transfer_dag.py
[2024-06-28T15:04:35.861+0000] {logging_mixin.py:188} INFO - [2024-06-28T15:04:35.861+0000] {dag.py:3096} INFO - Sync 1 DAGs
[2024-06-28T15:04:35.875+0000] {logging_mixin.py:188} INFO - [2024-06-28T15:04:35.875+0000] {dag.py:3954} INFO - Setting next_dagrun for data_transfer_to_mysql to None, run_after=None
[2024-06-28T15:04:35.887+0000] {processor.py:183} INFO - Processing /opt/airflow/dags/data_transfer_dag.py took 0.212 seconds
[2024-06-28T15:05:06.170+0000] {processor.py:161} INFO - Started process (PID=713) to work on /opt/airflow/dags/data_transfer_dag.py
[2024-06-28T15:05:06.172+0000] {processor.py:830} INFO - Processing file /opt/airflow/dags/data_transfer_dag.py for tasks to queue
[2024-06-28T15:05:06.174+0000] {logging_mixin.py:188} INFO - [2024-06-28T15:05:06.174+0000] {dagbag.py:545} INFO - Filling up the DagBag from /opt/airflow/dags/data_transfer_dag.py
[2024-06-28T15:05:06.332+0000] {processor.py:840} INFO - DAG(s) 'data_transfer_to_mysql' retrieved from /opt/airflow/dags/data_transfer_dag.py
[2024-06-28T15:05:06.347+0000] {logging_mixin.py:188} INFO - [2024-06-28T15:05:06.347+0000] {dag.py:3096} INFO - Sync 1 DAGs
[2024-06-28T15:05:06.361+0000] {logging_mixin.py:188} INFO - [2024-06-28T15:05:06.361+0000] {dag.py:3954} INFO - Setting next_dagrun for data_transfer_to_mysql to None, run_after=None
[2024-06-28T15:05:06.374+0000] {processor.py:183} INFO - Processing /opt/airflow/dags/data_transfer_dag.py took 0.209 seconds
[2024-06-28T15:05:36.668+0000] {processor.py:161} INFO - Started process (PID=725) to work on /opt/airflow/dags/data_transfer_dag.py
[2024-06-28T15:05:36.671+0000] {processor.py:830} INFO - Processing file /opt/airflow/dags/data_transfer_dag.py for tasks to queue
[2024-06-28T15:05:36.672+0000] {logging_mixin.py:188} INFO - [2024-06-28T15:05:36.672+0000] {dagbag.py:545} INFO - Filling up the DagBag from /opt/airflow/dags/data_transfer_dag.py
[2024-06-28T15:05:36.835+0000] {processor.py:840} INFO - DAG(s) 'data_transfer_to_mysql' retrieved from /opt/airflow/dags/data_transfer_dag.py
[2024-06-28T15:05:36.851+0000] {logging_mixin.py:188} INFO - [2024-06-28T15:05:36.851+0000] {dag.py:3096} INFO - Sync 1 DAGs
[2024-06-28T15:05:36.864+0000] {logging_mixin.py:188} INFO - [2024-06-28T15:05:36.863+0000] {dag.py:3954} INFO - Setting next_dagrun for data_transfer_to_mysql to None, run_after=None
[2024-06-28T15:05:36.878+0000] {processor.py:183} INFO - Processing /opt/airflow/dags/data_transfer_dag.py took 0.216 seconds
[2024-06-28T15:06:07.128+0000] {processor.py:161} INFO - Started process (PID=737) to work on /opt/airflow/dags/data_transfer_dag.py
[2024-06-28T15:06:07.130+0000] {processor.py:830} INFO - Processing file /opt/airflow/dags/data_transfer_dag.py for tasks to queue
[2024-06-28T15:06:07.131+0000] {logging_mixin.py:188} INFO - [2024-06-28T15:06:07.131+0000] {dagbag.py:545} INFO - Filling up the DagBag from /opt/airflow/dags/data_transfer_dag.py
[2024-06-28T15:06:07.307+0000] {processor.py:840} INFO - DAG(s) 'data_transfer_to_mysql' retrieved from /opt/airflow/dags/data_transfer_dag.py
[2024-06-28T15:06:07.325+0000] {logging_mixin.py:188} INFO - [2024-06-28T15:06:07.324+0000] {dag.py:3096} INFO - Sync 1 DAGs
[2024-06-28T15:06:07.344+0000] {logging_mixin.py:188} INFO - [2024-06-28T15:06:07.343+0000] {dag.py:3954} INFO - Setting next_dagrun for data_transfer_to_mysql to None, run_after=None
[2024-06-28T15:06:07.359+0000] {processor.py:183} INFO - Processing /opt/airflow/dags/data_transfer_dag.py took 0.235 seconds
[2024-06-28T23:49:48.336+0000] {processor.py:161} INFO - Started process (PID=198) to work on /opt/airflow/dags/data_transfer_dag.py
[2024-06-28T23:49:48.337+0000] {processor.py:830} INFO - Processing file /opt/airflow/dags/data_transfer_dag.py for tasks to queue
[2024-06-28T23:49:48.338+0000] {logging_mixin.py:188} INFO - [2024-06-28T23:49:48.338+0000] {dagbag.py:545} INFO - Filling up the DagBag from /opt/airflow/dags/data_transfer_dag.py
[2024-06-28T23:49:48.512+0000] {processor.py:840} INFO - DAG(s) 'data_transfer_to_mysql' retrieved from /opt/airflow/dags/data_transfer_dag.py
[2024-06-28T23:49:48.519+0000] {logging_mixin.py:188} INFO - [2024-06-28T23:49:48.519+0000] {dag.py:3096} INFO - Sync 1 DAGs
[2024-06-28T23:49:48.532+0000] {logging_mixin.py:188} INFO - [2024-06-28T23:49:48.531+0000] {dag.py:3954} INFO - Setting next_dagrun for data_transfer_to_mysql to None, run_after=None
[2024-06-28T23:49:48.541+0000] {processor.py:183} INFO - Processing /opt/airflow/dags/data_transfer_dag.py took 0.209 seconds
[2024-06-28T23:50:18.852+0000] {processor.py:161} INFO - Started process (PID=210) to work on /opt/airflow/dags/data_transfer_dag.py
[2024-06-28T23:50:18.853+0000] {processor.py:830} INFO - Processing file /opt/airflow/dags/data_transfer_dag.py for tasks to queue
[2024-06-28T23:50:18.855+0000] {logging_mixin.py:188} INFO - [2024-06-28T23:50:18.854+0000] {dagbag.py:545} INFO - Filling up the DagBag from /opt/airflow/dags/data_transfer_dag.py
[2024-06-28T23:50:19.042+0000] {processor.py:840} INFO - DAG(s) 'data_transfer_to_mysql' retrieved from /opt/airflow/dags/data_transfer_dag.py
[2024-06-28T23:50:19.119+0000] {logging_mixin.py:188} INFO - [2024-06-28T23:50:19.119+0000] {dag.py:3096} INFO - Sync 1 DAGs
[2024-06-28T23:50:19.132+0000] {logging_mixin.py:188} INFO - [2024-06-28T23:50:19.132+0000] {dag.py:3954} INFO - Setting next_dagrun for data_transfer_to_mysql to None, run_after=None
[2024-06-28T23:50:19.146+0000] {processor.py:183} INFO - Processing /opt/airflow/dags/data_transfer_dag.py took 0.304 seconds
[2024-06-28T23:50:49.428+0000] {processor.py:161} INFO - Started process (PID=225) to work on /opt/airflow/dags/data_transfer_dag.py
[2024-06-28T23:50:49.429+0000] {processor.py:830} INFO - Processing file /opt/airflow/dags/data_transfer_dag.py for tasks to queue
[2024-06-28T23:50:49.431+0000] {logging_mixin.py:188} INFO - [2024-06-28T23:50:49.431+0000] {dagbag.py:545} INFO - Filling up the DagBag from /opt/airflow/dags/data_transfer_dag.py
[2024-06-28T23:50:49.607+0000] {processor.py:840} INFO - DAG(s) 'data_transfer_to_mysql' retrieved from /opt/airflow/dags/data_transfer_dag.py
[2024-06-28T23:50:49.623+0000] {logging_mixin.py:188} INFO - [2024-06-28T23:50:49.623+0000] {dag.py:3096} INFO - Sync 1 DAGs
[2024-06-28T23:50:49.639+0000] {logging_mixin.py:188} INFO - [2024-06-28T23:50:49.639+0000] {dag.py:3954} INFO - Setting next_dagrun for data_transfer_to_mysql to None, run_after=None
[2024-06-28T23:50:49.656+0000] {processor.py:183} INFO - Processing /opt/airflow/dags/data_transfer_dag.py took 0.233 seconds
[2024-06-28T23:51:19.939+0000] {processor.py:161} INFO - Started process (PID=237) to work on /opt/airflow/dags/data_transfer_dag.py
[2024-06-28T23:51:19.940+0000] {processor.py:830} INFO - Processing file /opt/airflow/dags/data_transfer_dag.py for tasks to queue
[2024-06-28T23:51:19.941+0000] {logging_mixin.py:188} INFO - [2024-06-28T23:51:19.941+0000] {dagbag.py:545} INFO - Filling up the DagBag from /opt/airflow/dags/data_transfer_dag.py
[2024-06-28T23:51:20.125+0000] {processor.py:840} INFO - DAG(s) 'data_transfer_to_mysql' retrieved from /opt/airflow/dags/data_transfer_dag.py
[2024-06-28T23:51:20.141+0000] {logging_mixin.py:188} INFO - [2024-06-28T23:51:20.141+0000] {dag.py:3096} INFO - Sync 1 DAGs
[2024-06-28T23:51:20.160+0000] {logging_mixin.py:188} INFO - [2024-06-28T23:51:20.160+0000] {dag.py:3954} INFO - Setting next_dagrun for data_transfer_to_mysql to None, run_after=None
[2024-06-28T23:51:20.178+0000] {processor.py:183} INFO - Processing /opt/airflow/dags/data_transfer_dag.py took 0.244 seconds
[2024-06-28T23:51:50.442+0000] {processor.py:161} INFO - Started process (PID=249) to work on /opt/airflow/dags/data_transfer_dag.py
[2024-06-28T23:51:50.443+0000] {processor.py:830} INFO - Processing file /opt/airflow/dags/data_transfer_dag.py for tasks to queue
[2024-06-28T23:51:50.444+0000] {logging_mixin.py:188} INFO - [2024-06-28T23:51:50.444+0000] {dagbag.py:545} INFO - Filling up the DagBag from /opt/airflow/dags/data_transfer_dag.py
[2024-06-28T23:51:50.608+0000] {processor.py:840} INFO - DAG(s) 'data_transfer_to_mysql' retrieved from /opt/airflow/dags/data_transfer_dag.py
[2024-06-28T23:51:50.626+0000] {logging_mixin.py:188} INFO - [2024-06-28T23:51:50.626+0000] {dag.py:3096} INFO - Sync 1 DAGs
[2024-06-28T23:51:50.640+0000] {logging_mixin.py:188} INFO - [2024-06-28T23:51:50.640+0000] {dag.py:3954} INFO - Setting next_dagrun for data_transfer_to_mysql to None, run_after=None
[2024-06-28T23:51:50.654+0000] {processor.py:183} INFO - Processing /opt/airflow/dags/data_transfer_dag.py took 0.217 seconds
[2024-06-28T23:52:20.946+0000] {processor.py:161} INFO - Started process (PID=261) to work on /opt/airflow/dags/data_transfer_dag.py
[2024-06-28T23:52:20.946+0000] {processor.py:830} INFO - Processing file /opt/airflow/dags/data_transfer_dag.py for tasks to queue
[2024-06-28T23:52:20.947+0000] {logging_mixin.py:188} INFO - [2024-06-28T23:52:20.947+0000] {dagbag.py:545} INFO - Filling up the DagBag from /opt/airflow/dags/data_transfer_dag.py
[2024-06-28T23:52:21.123+0000] {processor.py:840} INFO - DAG(s) 'data_transfer_to_mysql' retrieved from /opt/airflow/dags/data_transfer_dag.py
[2024-06-28T23:52:21.147+0000] {logging_mixin.py:188} INFO - [2024-06-28T23:52:21.146+0000] {dag.py:3096} INFO - Sync 1 DAGs
[2024-06-28T23:52:21.165+0000] {logging_mixin.py:188} INFO - [2024-06-28T23:52:21.165+0000] {dag.py:3954} INFO - Setting next_dagrun for data_transfer_to_mysql to None, run_after=None
[2024-06-28T23:52:21.179+0000] {processor.py:183} INFO - Processing /opt/airflow/dags/data_transfer_dag.py took 0.237 seconds
[2024-06-28T23:52:51.478+0000] {processor.py:161} INFO - Started process (PID=273) to work on /opt/airflow/dags/data_transfer_dag.py
[2024-06-28T23:52:51.478+0000] {processor.py:830} INFO - Processing file /opt/airflow/dags/data_transfer_dag.py for tasks to queue
[2024-06-28T23:52:51.480+0000] {logging_mixin.py:188} INFO - [2024-06-28T23:52:51.480+0000] {dagbag.py:545} INFO - Filling up the DagBag from /opt/airflow/dags/data_transfer_dag.py
[2024-06-28T23:52:51.644+0000] {processor.py:840} INFO - DAG(s) 'data_transfer_to_mysql' retrieved from /opt/airflow/dags/data_transfer_dag.py
[2024-06-28T23:52:51.659+0000] {logging_mixin.py:188} INFO - [2024-06-28T23:52:51.659+0000] {dag.py:3096} INFO - Sync 1 DAGs
[2024-06-28T23:52:51.671+0000] {logging_mixin.py:188} INFO - [2024-06-28T23:52:51.670+0000] {dag.py:3954} INFO - Setting next_dagrun for data_transfer_to_mysql to None, run_after=None
[2024-06-28T23:52:51.681+0000] {processor.py:183} INFO - Processing /opt/airflow/dags/data_transfer_dag.py took 0.209 seconds
[2024-06-28T23:53:21.990+0000] {processor.py:161} INFO - Started process (PID=285) to work on /opt/airflow/dags/data_transfer_dag.py
[2024-06-28T23:53:21.991+0000] {processor.py:830} INFO - Processing file /opt/airflow/dags/data_transfer_dag.py for tasks to queue
[2024-06-28T23:53:21.993+0000] {logging_mixin.py:188} INFO - [2024-06-28T23:53:21.992+0000] {dagbag.py:545} INFO - Filling up the DagBag from /opt/airflow/dags/data_transfer_dag.py
[2024-06-28T23:53:22.156+0000] {processor.py:840} INFO - DAG(s) 'data_transfer_to_mysql' retrieved from /opt/airflow/dags/data_transfer_dag.py
[2024-06-28T23:53:22.172+0000] {logging_mixin.py:188} INFO - [2024-06-28T23:53:22.172+0000] {dag.py:3096} INFO - Sync 1 DAGs
[2024-06-28T23:53:22.185+0000] {logging_mixin.py:188} INFO - [2024-06-28T23:53:22.185+0000] {dag.py:3954} INFO - Setting next_dagrun for data_transfer_to_mysql to None, run_after=None
[2024-06-28T23:53:22.197+0000] {processor.py:183} INFO - Processing /opt/airflow/dags/data_transfer_dag.py took 0.213 seconds
[2024-06-28T23:53:52.514+0000] {processor.py:161} INFO - Started process (PID=297) to work on /opt/airflow/dags/data_transfer_dag.py
[2024-06-28T23:53:52.515+0000] {processor.py:830} INFO - Processing file /opt/airflow/dags/data_transfer_dag.py for tasks to queue
[2024-06-28T23:53:52.516+0000] {logging_mixin.py:188} INFO - [2024-06-28T23:53:52.516+0000] {dagbag.py:545} INFO - Filling up the DagBag from /opt/airflow/dags/data_transfer_dag.py
[2024-06-28T23:53:52.703+0000] {processor.py:840} INFO - DAG(s) 'data_transfer_to_mysql' retrieved from /opt/airflow/dags/data_transfer_dag.py
[2024-06-28T23:53:52.719+0000] {logging_mixin.py:188} INFO - [2024-06-28T23:53:52.719+0000] {dag.py:3096} INFO - Sync 1 DAGs
[2024-06-28T23:53:52.732+0000] {logging_mixin.py:188} INFO - [2024-06-28T23:53:52.732+0000] {dag.py:3954} INFO - Setting next_dagrun for data_transfer_to_mysql to None, run_after=None
[2024-06-28T23:53:52.746+0000] {processor.py:183} INFO - Processing /opt/airflow/dags/data_transfer_dag.py took 0.237 seconds
[2024-06-28T23:54:23.028+0000] {processor.py:161} INFO - Started process (PID=309) to work on /opt/airflow/dags/data_transfer_dag.py
[2024-06-28T23:54:23.029+0000] {processor.py:830} INFO - Processing file /opt/airflow/dags/data_transfer_dag.py for tasks to queue
[2024-06-28T23:54:23.031+0000] {logging_mixin.py:188} INFO - [2024-06-28T23:54:23.030+0000] {dagbag.py:545} INFO - Filling up the DagBag from /opt/airflow/dags/data_transfer_dag.py
[2024-06-28T23:54:23.197+0000] {processor.py:840} INFO - DAG(s) 'data_transfer_to_mysql' retrieved from /opt/airflow/dags/data_transfer_dag.py
[2024-06-28T23:54:23.218+0000] {logging_mixin.py:188} INFO - [2024-06-28T23:54:23.217+0000] {dag.py:3096} INFO - Sync 1 DAGs
[2024-06-28T23:54:23.237+0000] {logging_mixin.py:188} INFO - [2024-06-28T23:54:23.237+0000] {dag.py:3954} INFO - Setting next_dagrun for data_transfer_to_mysql to None, run_after=None
[2024-06-28T23:54:23.249+0000] {processor.py:183} INFO - Processing /opt/airflow/dags/data_transfer_dag.py took 0.226 seconds
