[2024-07-02T00:00:02.887+0000] {processor.py:161} INFO - Started process (PID=2209) to work on /opt/airflow/dags/data_transfer_mysql.py
[2024-07-02T00:00:02.888+0000] {processor.py:830} INFO - Processing file /opt/airflow/dags/data_transfer_mysql.py for tasks to queue
[2024-07-02T00:00:02.889+0000] {logging_mixin.py:188} INFO - [2024-07-02T00:00:02.889+0000] {dagbag.py:545} INFO - Filling up the DagBag from /opt/airflow/dags/data_transfer_mysql.py
[2024-07-02T00:00:03.071+0000] {processor.py:840} INFO - DAG(s) 'data_transfer_to_mysql' retrieved from /opt/airflow/dags/data_transfer_mysql.py
[2024-07-02T00:00:03.130+0000] {logging_mixin.py:188} INFO - [2024-07-02T00:00:03.130+0000] {dag.py:3096} INFO - Sync 1 DAGs
[2024-07-02T00:00:03.145+0000] {logging_mixin.py:188} INFO - [2024-07-02T00:00:03.145+0000] {dag.py:3954} INFO - Setting next_dagrun for data_transfer_to_mysql to 2024-07-02 17:00:00+00:00, run_after=2024-07-03 17:00:00+00:00
[2024-07-02T00:00:03.159+0000] {processor.py:183} INFO - Processing /opt/airflow/dags/data_transfer_mysql.py took 0.277 seconds
[2024-07-02T00:00:33.485+0000] {processor.py:161} INFO - Started process (PID=2226) to work on /opt/airflow/dags/data_transfer_mysql.py
[2024-07-02T00:00:33.486+0000] {processor.py:830} INFO - Processing file /opt/airflow/dags/data_transfer_mysql.py for tasks to queue
[2024-07-02T00:00:33.487+0000] {logging_mixin.py:188} INFO - [2024-07-02T00:00:33.487+0000] {dagbag.py:545} INFO - Filling up the DagBag from /opt/airflow/dags/data_transfer_mysql.py
[2024-07-02T00:00:33.676+0000] {processor.py:840} INFO - DAG(s) 'data_transfer_to_mysql' retrieved from /opt/airflow/dags/data_transfer_mysql.py
[2024-07-02T00:00:33.738+0000] {logging_mixin.py:188} INFO - [2024-07-02T00:00:33.738+0000] {dag.py:3096} INFO - Sync 1 DAGs
[2024-07-02T00:00:33.749+0000] {logging_mixin.py:188} INFO - [2024-07-02T00:00:33.749+0000] {dag.py:3954} INFO - Setting next_dagrun for data_transfer_to_mysql to 2024-07-02 17:00:00+00:00, run_after=2024-07-03 17:00:00+00:00
[2024-07-02T00:00:33.758+0000] {processor.py:183} INFO - Processing /opt/airflow/dags/data_transfer_mysql.py took 0.278 seconds
[2024-07-02T00:01:04.029+0000] {processor.py:161} INFO - Started process (PID=2243) to work on /opt/airflow/dags/data_transfer_mysql.py
[2024-07-02T00:01:04.031+0000] {processor.py:830} INFO - Processing file /opt/airflow/dags/data_transfer_mysql.py for tasks to queue
[2024-07-02T00:01:04.033+0000] {logging_mixin.py:188} INFO - [2024-07-02T00:01:04.033+0000] {dagbag.py:545} INFO - Filling up the DagBag from /opt/airflow/dags/data_transfer_mysql.py
[2024-07-02T00:01:04.201+0000] {processor.py:840} INFO - DAG(s) 'data_transfer_to_mysql' retrieved from /opt/airflow/dags/data_transfer_mysql.py
[2024-07-02T00:01:04.269+0000] {logging_mixin.py:188} INFO - [2024-07-02T00:01:04.269+0000] {dag.py:3096} INFO - Sync 1 DAGs
[2024-07-02T00:01:04.289+0000] {logging_mixin.py:188} INFO - [2024-07-02T00:01:04.289+0000] {dag.py:3954} INFO - Setting next_dagrun for data_transfer_to_mysql to 2024-07-02 17:00:00+00:00, run_after=2024-07-03 17:00:00+00:00
[2024-07-02T00:01:04.306+0000] {processor.py:183} INFO - Processing /opt/airflow/dags/data_transfer_mysql.py took 0.283 seconds
[2024-07-02T00:01:34.561+0000] {processor.py:161} INFO - Started process (PID=2260) to work on /opt/airflow/dags/data_transfer_mysql.py
[2024-07-02T00:01:34.562+0000] {processor.py:830} INFO - Processing file /opt/airflow/dags/data_transfer_mysql.py for tasks to queue
[2024-07-02T00:01:34.564+0000] {logging_mixin.py:188} INFO - [2024-07-02T00:01:34.563+0000] {dagbag.py:545} INFO - Filling up the DagBag from /opt/airflow/dags/data_transfer_mysql.py
[2024-07-02T00:01:34.735+0000] {processor.py:840} INFO - DAG(s) 'data_transfer_to_mysql' retrieved from /opt/airflow/dags/data_transfer_mysql.py
[2024-07-02T00:01:34.797+0000] {logging_mixin.py:188} INFO - [2024-07-02T00:01:34.797+0000] {dag.py:3096} INFO - Sync 1 DAGs
[2024-07-02T00:01:34.814+0000] {logging_mixin.py:188} INFO - [2024-07-02T00:01:34.813+0000] {dag.py:3954} INFO - Setting next_dagrun for data_transfer_to_mysql to 2024-07-02 17:00:00+00:00, run_after=2024-07-03 17:00:00+00:00
[2024-07-02T00:01:34.823+0000] {processor.py:183} INFO - Processing /opt/airflow/dags/data_transfer_mysql.py took 0.268 seconds
[2024-07-02T00:02:05.098+0000] {processor.py:161} INFO - Started process (PID=2277) to work on /opt/airflow/dags/data_transfer_mysql.py
[2024-07-02T00:02:05.099+0000] {processor.py:830} INFO - Processing file /opt/airflow/dags/data_transfer_mysql.py for tasks to queue
[2024-07-02T00:02:05.100+0000] {logging_mixin.py:188} INFO - [2024-07-02T00:02:05.100+0000] {dagbag.py:545} INFO - Filling up the DagBag from /opt/airflow/dags/data_transfer_mysql.py
[2024-07-02T00:02:05.265+0000] {processor.py:840} INFO - DAG(s) 'data_transfer_to_mysql' retrieved from /opt/airflow/dags/data_transfer_mysql.py
[2024-07-02T00:02:05.326+0000] {logging_mixin.py:188} INFO - [2024-07-02T00:02:05.326+0000] {dag.py:3096} INFO - Sync 1 DAGs
[2024-07-02T00:02:05.338+0000] {logging_mixin.py:188} INFO - [2024-07-02T00:02:05.337+0000] {dag.py:3954} INFO - Setting next_dagrun for data_transfer_to_mysql to 2024-07-02 17:00:00+00:00, run_after=2024-07-03 17:00:00+00:00
[2024-07-02T00:02:05.349+0000] {processor.py:183} INFO - Processing /opt/airflow/dags/data_transfer_mysql.py took 0.257 seconds
[2024-07-02T00:02:35.622+0000] {processor.py:161} INFO - Started process (PID=2294) to work on /opt/airflow/dags/data_transfer_mysql.py
[2024-07-02T00:02:35.623+0000] {processor.py:830} INFO - Processing file /opt/airflow/dags/data_transfer_mysql.py for tasks to queue
[2024-07-02T00:02:35.624+0000] {logging_mixin.py:188} INFO - [2024-07-02T00:02:35.624+0000] {dagbag.py:545} INFO - Filling up the DagBag from /opt/airflow/dags/data_transfer_mysql.py
[2024-07-02T00:02:35.789+0000] {processor.py:840} INFO - DAG(s) 'data_transfer_to_mysql' retrieved from /opt/airflow/dags/data_transfer_mysql.py
[2024-07-02T00:02:35.848+0000] {logging_mixin.py:188} INFO - [2024-07-02T00:02:35.848+0000] {dag.py:3096} INFO - Sync 1 DAGs
[2024-07-02T00:02:35.861+0000] {logging_mixin.py:188} INFO - [2024-07-02T00:02:35.861+0000] {dag.py:3954} INFO - Setting next_dagrun for data_transfer_to_mysql to 2024-07-02 17:00:00+00:00, run_after=2024-07-03 17:00:00+00:00
[2024-07-02T00:02:35.873+0000] {processor.py:183} INFO - Processing /opt/airflow/dags/data_transfer_mysql.py took 0.256 seconds
[2024-07-02T00:03:06.166+0000] {processor.py:161} INFO - Started process (PID=2311) to work on /opt/airflow/dags/data_transfer_mysql.py
[2024-07-02T00:03:06.167+0000] {processor.py:830} INFO - Processing file /opt/airflow/dags/data_transfer_mysql.py for tasks to queue
[2024-07-02T00:03:06.168+0000] {logging_mixin.py:188} INFO - [2024-07-02T00:03:06.168+0000] {dagbag.py:545} INFO - Filling up the DagBag from /opt/airflow/dags/data_transfer_mysql.py
[2024-07-02T00:03:06.338+0000] {processor.py:840} INFO - DAG(s) 'data_transfer_to_mysql' retrieved from /opt/airflow/dags/data_transfer_mysql.py
[2024-07-02T00:03:06.400+0000] {logging_mixin.py:188} INFO - [2024-07-02T00:03:06.399+0000] {dag.py:3096} INFO - Sync 1 DAGs
[2024-07-02T00:03:06.422+0000] {logging_mixin.py:188} INFO - [2024-07-02T00:03:06.421+0000] {dag.py:3954} INFO - Setting next_dagrun for data_transfer_to_mysql to 2024-07-02 17:00:00+00:00, run_after=2024-07-03 17:00:00+00:00
[2024-07-02T00:03:06.435+0000] {processor.py:183} INFO - Processing /opt/airflow/dags/data_transfer_mysql.py took 0.272 seconds
[2024-07-02T00:03:36.705+0000] {processor.py:161} INFO - Started process (PID=2328) to work on /opt/airflow/dags/data_transfer_mysql.py
[2024-07-02T00:03:36.705+0000] {processor.py:830} INFO - Processing file /opt/airflow/dags/data_transfer_mysql.py for tasks to queue
[2024-07-02T00:03:36.707+0000] {logging_mixin.py:188} INFO - [2024-07-02T00:03:36.707+0000] {dagbag.py:545} INFO - Filling up the DagBag from /opt/airflow/dags/data_transfer_mysql.py
[2024-07-02T00:03:36.912+0000] {processor.py:840} INFO - DAG(s) 'data_transfer_to_mysql' retrieved from /opt/airflow/dags/data_transfer_mysql.py
[2024-07-02T00:03:36.978+0000] {logging_mixin.py:188} INFO - [2024-07-02T00:03:36.977+0000] {dag.py:3096} INFO - Sync 1 DAGs
[2024-07-02T00:03:36.989+0000] {logging_mixin.py:188} INFO - [2024-07-02T00:03:36.989+0000] {dag.py:3954} INFO - Setting next_dagrun for data_transfer_to_mysql to 2024-07-02 17:00:00+00:00, run_after=2024-07-03 17:00:00+00:00
[2024-07-02T00:03:37.000+0000] {processor.py:183} INFO - Processing /opt/airflow/dags/data_transfer_mysql.py took 0.301 seconds
[2024-07-02T00:04:07.222+0000] {processor.py:161} INFO - Started process (PID=2345) to work on /opt/airflow/dags/data_transfer_mysql.py
[2024-07-02T00:04:07.223+0000] {processor.py:830} INFO - Processing file /opt/airflow/dags/data_transfer_mysql.py for tasks to queue
[2024-07-02T00:04:07.225+0000] {logging_mixin.py:188} INFO - [2024-07-02T00:04:07.224+0000] {dagbag.py:545} INFO - Filling up the DagBag from /opt/airflow/dags/data_transfer_mysql.py
[2024-07-02T00:04:07.443+0000] {processor.py:840} INFO - DAG(s) 'data_transfer_to_mysql' retrieved from /opt/airflow/dags/data_transfer_mysql.py
[2024-07-02T00:04:07.540+0000] {logging_mixin.py:188} INFO - [2024-07-02T00:04:07.540+0000] {dag.py:3096} INFO - Sync 1 DAGs
[2024-07-02T00:04:07.551+0000] {logging_mixin.py:188} INFO - [2024-07-02T00:04:07.551+0000] {dag.py:3954} INFO - Setting next_dagrun for data_transfer_to_mysql to 2024-07-02 17:00:00+00:00, run_after=2024-07-03 17:00:00+00:00
[2024-07-02T00:04:07.564+0000] {processor.py:183} INFO - Processing /opt/airflow/dags/data_transfer_mysql.py took 0.345 seconds
[2024-07-02T00:04:37.738+0000] {processor.py:161} INFO - Started process (PID=2362) to work on /opt/airflow/dags/data_transfer_mysql.py
[2024-07-02T00:04:37.738+0000] {processor.py:830} INFO - Processing file /opt/airflow/dags/data_transfer_mysql.py for tasks to queue
[2024-07-02T00:04:37.740+0000] {logging_mixin.py:188} INFO - [2024-07-02T00:04:37.739+0000] {dagbag.py:545} INFO - Filling up the DagBag from /opt/airflow/dags/data_transfer_mysql.py
[2024-07-02T00:04:37.914+0000] {processor.py:840} INFO - DAG(s) 'data_transfer_to_mysql' retrieved from /opt/airflow/dags/data_transfer_mysql.py
[2024-07-02T00:04:37.993+0000] {logging_mixin.py:188} INFO - [2024-07-02T00:04:37.993+0000] {dag.py:3096} INFO - Sync 1 DAGs
[2024-07-02T00:04:38.006+0000] {logging_mixin.py:188} INFO - [2024-07-02T00:04:38.006+0000] {dag.py:3954} INFO - Setting next_dagrun for data_transfer_to_mysql to 2024-07-02 17:00:00+00:00, run_after=2024-07-03 17:00:00+00:00
[2024-07-02T00:04:38.014+0000] {processor.py:183} INFO - Processing /opt/airflow/dags/data_transfer_mysql.py took 0.280 seconds
[2024-07-02T00:05:08.317+0000] {processor.py:161} INFO - Started process (PID=2379) to work on /opt/airflow/dags/data_transfer_mysql.py
[2024-07-02T00:05:08.318+0000] {processor.py:830} INFO - Processing file /opt/airflow/dags/data_transfer_mysql.py for tasks to queue
[2024-07-02T00:05:08.319+0000] {logging_mixin.py:188} INFO - [2024-07-02T00:05:08.319+0000] {dagbag.py:545} INFO - Filling up the DagBag from /opt/airflow/dags/data_transfer_mysql.py
[2024-07-02T00:05:08.533+0000] {processor.py:840} INFO - DAG(s) 'data_transfer_to_mysql' retrieved from /opt/airflow/dags/data_transfer_mysql.py
[2024-07-02T00:05:08.591+0000] {logging_mixin.py:188} INFO - [2024-07-02T00:05:08.590+0000] {dag.py:3096} INFO - Sync 1 DAGs
[2024-07-02T00:05:08.602+0000] {logging_mixin.py:188} INFO - [2024-07-02T00:05:08.602+0000] {dag.py:3954} INFO - Setting next_dagrun for data_transfer_to_mysql to 2024-07-02 17:00:00+00:00, run_after=2024-07-03 17:00:00+00:00
[2024-07-02T00:05:08.613+0000] {processor.py:183} INFO - Processing /opt/airflow/dags/data_transfer_mysql.py took 0.301 seconds
[2024-07-02T00:05:38.848+0000] {processor.py:161} INFO - Started process (PID=2396) to work on /opt/airflow/dags/data_transfer_mysql.py
[2024-07-02T00:05:38.849+0000] {processor.py:830} INFO - Processing file /opt/airflow/dags/data_transfer_mysql.py for tasks to queue
[2024-07-02T00:05:38.850+0000] {logging_mixin.py:188} INFO - [2024-07-02T00:05:38.850+0000] {dagbag.py:545} INFO - Filling up the DagBag from /opt/airflow/dags/data_transfer_mysql.py
[2024-07-02T00:05:39.071+0000] {processor.py:840} INFO - DAG(s) 'data_transfer_to_mysql' retrieved from /opt/airflow/dags/data_transfer_mysql.py
[2024-07-02T00:05:39.133+0000] {logging_mixin.py:188} INFO - [2024-07-02T00:05:39.132+0000] {dag.py:3096} INFO - Sync 1 DAGs
[2024-07-02T00:05:39.148+0000] {logging_mixin.py:188} INFO - [2024-07-02T00:05:39.148+0000] {dag.py:3954} INFO - Setting next_dagrun for data_transfer_to_mysql to 2024-07-02 17:00:00+00:00, run_after=2024-07-03 17:00:00+00:00
[2024-07-02T00:05:39.162+0000] {processor.py:183} INFO - Processing /opt/airflow/dags/data_transfer_mysql.py took 0.321 seconds
[2024-07-02T00:06:09.411+0000] {processor.py:161} INFO - Started process (PID=2413) to work on /opt/airflow/dags/data_transfer_mysql.py
[2024-07-02T00:06:09.412+0000] {processor.py:830} INFO - Processing file /opt/airflow/dags/data_transfer_mysql.py for tasks to queue
[2024-07-02T00:06:09.413+0000] {logging_mixin.py:188} INFO - [2024-07-02T00:06:09.413+0000] {dagbag.py:545} INFO - Filling up the DagBag from /opt/airflow/dags/data_transfer_mysql.py
[2024-07-02T00:06:09.606+0000] {processor.py:840} INFO - DAG(s) 'data_transfer_to_mysql' retrieved from /opt/airflow/dags/data_transfer_mysql.py
[2024-07-02T00:06:09.686+0000] {logging_mixin.py:188} INFO - [2024-07-02T00:06:09.686+0000] {dag.py:3096} INFO - Sync 1 DAGs
[2024-07-02T00:06:09.697+0000] {logging_mixin.py:188} INFO - [2024-07-02T00:06:09.697+0000] {dag.py:3954} INFO - Setting next_dagrun for data_transfer_to_mysql to 2024-07-02 17:00:00+00:00, run_after=2024-07-03 17:00:00+00:00
[2024-07-02T00:06:09.708+0000] {processor.py:183} INFO - Processing /opt/airflow/dags/data_transfer_mysql.py took 0.303 seconds
[2024-07-02T00:06:39.953+0000] {processor.py:161} INFO - Started process (PID=2430) to work on /opt/airflow/dags/data_transfer_mysql.py
[2024-07-02T00:06:39.954+0000] {processor.py:830} INFO - Processing file /opt/airflow/dags/data_transfer_mysql.py for tasks to queue
[2024-07-02T00:06:39.956+0000] {logging_mixin.py:188} INFO - [2024-07-02T00:06:39.955+0000] {dagbag.py:545} INFO - Filling up the DagBag from /opt/airflow/dags/data_transfer_mysql.py
[2024-07-02T00:06:40.141+0000] {processor.py:840} INFO - DAG(s) 'data_transfer_to_mysql' retrieved from /opt/airflow/dags/data_transfer_mysql.py
[2024-07-02T00:06:40.203+0000] {logging_mixin.py:188} INFO - [2024-07-02T00:06:40.202+0000] {dag.py:3096} INFO - Sync 1 DAGs
[2024-07-02T00:06:40.216+0000] {logging_mixin.py:188} INFO - [2024-07-02T00:06:40.216+0000] {dag.py:3954} INFO - Setting next_dagrun for data_transfer_to_mysql to 2024-07-02 17:00:00+00:00, run_after=2024-07-03 17:00:00+00:00
[2024-07-02T00:06:40.227+0000] {processor.py:183} INFO - Processing /opt/airflow/dags/data_transfer_mysql.py took 0.279 seconds
[2024-07-02T00:07:10.511+0000] {processor.py:161} INFO - Started process (PID=2447) to work on /opt/airflow/dags/data_transfer_mysql.py
[2024-07-02T00:07:10.512+0000] {processor.py:830} INFO - Processing file /opt/airflow/dags/data_transfer_mysql.py for tasks to queue
[2024-07-02T00:07:10.513+0000] {logging_mixin.py:188} INFO - [2024-07-02T00:07:10.513+0000] {dagbag.py:545} INFO - Filling up the DagBag from /opt/airflow/dags/data_transfer_mysql.py
[2024-07-02T00:07:10.701+0000] {processor.py:840} INFO - DAG(s) 'data_transfer_to_mysql' retrieved from /opt/airflow/dags/data_transfer_mysql.py
[2024-07-02T00:07:10.769+0000] {logging_mixin.py:188} INFO - [2024-07-02T00:07:10.769+0000] {dag.py:3096} INFO - Sync 1 DAGs
[2024-07-02T00:07:10.782+0000] {logging_mixin.py:188} INFO - [2024-07-02T00:07:10.781+0000] {dag.py:3954} INFO - Setting next_dagrun for data_transfer_to_mysql to 2024-07-02 17:00:00+00:00, run_after=2024-07-03 17:00:00+00:00
[2024-07-02T00:07:10.792+0000] {processor.py:183} INFO - Processing /opt/airflow/dags/data_transfer_mysql.py took 0.284 seconds
[2024-07-02T00:07:41.030+0000] {processor.py:161} INFO - Started process (PID=2464) to work on /opt/airflow/dags/data_transfer_mysql.py
[2024-07-02T00:07:41.031+0000] {processor.py:830} INFO - Processing file /opt/airflow/dags/data_transfer_mysql.py for tasks to queue
[2024-07-02T00:07:41.032+0000] {logging_mixin.py:188} INFO - [2024-07-02T00:07:41.032+0000] {dagbag.py:545} INFO - Filling up the DagBag from /opt/airflow/dags/data_transfer_mysql.py
[2024-07-02T00:07:41.230+0000] {processor.py:840} INFO - DAG(s) 'data_transfer_to_mysql' retrieved from /opt/airflow/dags/data_transfer_mysql.py
[2024-07-02T00:07:41.288+0000] {logging_mixin.py:188} INFO - [2024-07-02T00:07:41.287+0000] {dag.py:3096} INFO - Sync 1 DAGs
[2024-07-02T00:07:41.299+0000] {logging_mixin.py:188} INFO - [2024-07-02T00:07:41.299+0000] {dag.py:3954} INFO - Setting next_dagrun for data_transfer_to_mysql to 2024-07-02 17:00:00+00:00, run_after=2024-07-03 17:00:00+00:00
[2024-07-02T00:07:41.310+0000] {processor.py:183} INFO - Processing /opt/airflow/dags/data_transfer_mysql.py took 0.285 seconds
[2024-07-02T00:08:11.542+0000] {processor.py:161} INFO - Started process (PID=2481) to work on /opt/airflow/dags/data_transfer_mysql.py
[2024-07-02T00:08:11.543+0000] {processor.py:830} INFO - Processing file /opt/airflow/dags/data_transfer_mysql.py for tasks to queue
[2024-07-02T00:08:11.544+0000] {logging_mixin.py:188} INFO - [2024-07-02T00:08:11.544+0000] {dagbag.py:545} INFO - Filling up the DagBag from /opt/airflow/dags/data_transfer_mysql.py
[2024-07-02T00:08:11.722+0000] {processor.py:840} INFO - DAG(s) 'data_transfer_to_mysql' retrieved from /opt/airflow/dags/data_transfer_mysql.py
[2024-07-02T00:08:11.782+0000] {logging_mixin.py:188} INFO - [2024-07-02T00:08:11.781+0000] {dag.py:3096} INFO - Sync 1 DAGs
[2024-07-02T00:08:11.793+0000] {logging_mixin.py:188} INFO - [2024-07-02T00:08:11.793+0000] {dag.py:3954} INFO - Setting next_dagrun for data_transfer_to_mysql to 2024-07-02 17:00:00+00:00, run_after=2024-07-03 17:00:00+00:00
[2024-07-02T00:08:11.803+0000] {processor.py:183} INFO - Processing /opt/airflow/dags/data_transfer_mysql.py took 0.264 seconds
[2024-07-02T00:08:42.080+0000] {processor.py:161} INFO - Started process (PID=2498) to work on /opt/airflow/dags/data_transfer_mysql.py
[2024-07-02T00:08:42.081+0000] {processor.py:830} INFO - Processing file /opt/airflow/dags/data_transfer_mysql.py for tasks to queue
[2024-07-02T00:08:42.084+0000] {logging_mixin.py:188} INFO - [2024-07-02T00:08:42.084+0000] {dagbag.py:545} INFO - Filling up the DagBag from /opt/airflow/dags/data_transfer_mysql.py
[2024-07-02T00:08:42.279+0000] {processor.py:840} INFO - DAG(s) 'data_transfer_to_mysql' retrieved from /opt/airflow/dags/data_transfer_mysql.py
[2024-07-02T00:08:42.340+0000] {logging_mixin.py:188} INFO - [2024-07-02T00:08:42.340+0000] {dag.py:3096} INFO - Sync 1 DAGs
[2024-07-02T00:08:42.353+0000] {logging_mixin.py:188} INFO - [2024-07-02T00:08:42.353+0000] {dag.py:3954} INFO - Setting next_dagrun for data_transfer_to_mysql to 2024-07-02 17:00:00+00:00, run_after=2024-07-03 17:00:00+00:00
[2024-07-02T00:08:42.365+0000] {processor.py:183} INFO - Processing /opt/airflow/dags/data_transfer_mysql.py took 0.292 seconds
[2024-07-02T00:09:12.576+0000] {processor.py:161} INFO - Started process (PID=2515) to work on /opt/airflow/dags/data_transfer_mysql.py
[2024-07-02T00:09:12.577+0000] {processor.py:830} INFO - Processing file /opt/airflow/dags/data_transfer_mysql.py for tasks to queue
[2024-07-02T00:09:12.579+0000] {logging_mixin.py:188} INFO - [2024-07-02T00:09:12.579+0000] {dagbag.py:545} INFO - Filling up the DagBag from /opt/airflow/dags/data_transfer_mysql.py
[2024-07-02T00:09:12.767+0000] {processor.py:840} INFO - DAG(s) 'data_transfer_to_mysql' retrieved from /opt/airflow/dags/data_transfer_mysql.py
[2024-07-02T00:09:12.827+0000] {logging_mixin.py:188} INFO - [2024-07-02T00:09:12.826+0000] {dag.py:3096} INFO - Sync 1 DAGs
[2024-07-02T00:09:12.840+0000] {logging_mixin.py:188} INFO - [2024-07-02T00:09:12.839+0000] {dag.py:3954} INFO - Setting next_dagrun for data_transfer_to_mysql to 2024-07-02 17:00:00+00:00, run_after=2024-07-03 17:00:00+00:00
[2024-07-02T00:09:12.851+0000] {processor.py:183} INFO - Processing /opt/airflow/dags/data_transfer_mysql.py took 0.277 seconds
[2024-07-02T00:09:43.102+0000] {processor.py:161} INFO - Started process (PID=2532) to work on /opt/airflow/dags/data_transfer_mysql.py
[2024-07-02T00:09:43.103+0000] {processor.py:830} INFO - Processing file /opt/airflow/dags/data_transfer_mysql.py for tasks to queue
[2024-07-02T00:09:43.105+0000] {logging_mixin.py:188} INFO - [2024-07-02T00:09:43.105+0000] {dagbag.py:545} INFO - Filling up the DagBag from /opt/airflow/dags/data_transfer_mysql.py
[2024-07-02T00:09:43.300+0000] {processor.py:840} INFO - DAG(s) 'data_transfer_to_mysql' retrieved from /opt/airflow/dags/data_transfer_mysql.py
[2024-07-02T00:09:43.365+0000] {logging_mixin.py:188} INFO - [2024-07-02T00:09:43.365+0000] {dag.py:3096} INFO - Sync 1 DAGs
[2024-07-02T00:09:43.378+0000] {logging_mixin.py:188} INFO - [2024-07-02T00:09:43.378+0000] {dag.py:3954} INFO - Setting next_dagrun for data_transfer_to_mysql to 2024-07-02 17:00:00+00:00, run_after=2024-07-03 17:00:00+00:00
[2024-07-02T00:09:43.392+0000] {processor.py:183} INFO - Processing /opt/airflow/dags/data_transfer_mysql.py took 0.294 seconds
[2024-07-02T00:10:13.651+0000] {processor.py:161} INFO - Started process (PID=2549) to work on /opt/airflow/dags/data_transfer_mysql.py
[2024-07-02T00:10:13.652+0000] {processor.py:830} INFO - Processing file /opt/airflow/dags/data_transfer_mysql.py for tasks to queue
[2024-07-02T00:10:13.654+0000] {logging_mixin.py:188} INFO - [2024-07-02T00:10:13.654+0000] {dagbag.py:545} INFO - Filling up the DagBag from /opt/airflow/dags/data_transfer_mysql.py
[2024-07-02T00:10:13.820+0000] {processor.py:840} INFO - DAG(s) 'data_transfer_to_mysql' retrieved from /opt/airflow/dags/data_transfer_mysql.py
[2024-07-02T00:10:13.889+0000] {logging_mixin.py:188} INFO - [2024-07-02T00:10:13.889+0000] {dag.py:3096} INFO - Sync 1 DAGs
[2024-07-02T00:10:13.900+0000] {logging_mixin.py:188} INFO - [2024-07-02T00:10:13.900+0000] {dag.py:3954} INFO - Setting next_dagrun for data_transfer_to_mysql to 2024-07-02 17:00:00+00:00, run_after=2024-07-03 17:00:00+00:00
[2024-07-02T00:10:13.912+0000] {processor.py:183} INFO - Processing /opt/airflow/dags/data_transfer_mysql.py took 0.265 seconds
[2024-07-02T00:10:44.190+0000] {processor.py:161} INFO - Started process (PID=2566) to work on /opt/airflow/dags/data_transfer_mysql.py
[2024-07-02T00:10:44.192+0000] {processor.py:830} INFO - Processing file /opt/airflow/dags/data_transfer_mysql.py for tasks to queue
[2024-07-02T00:10:44.195+0000] {logging_mixin.py:188} INFO - [2024-07-02T00:10:44.195+0000] {dagbag.py:545} INFO - Filling up the DagBag from /opt/airflow/dags/data_transfer_mysql.py
[2024-07-02T00:10:44.423+0000] {processor.py:840} INFO - DAG(s) 'data_transfer_to_mysql' retrieved from /opt/airflow/dags/data_transfer_mysql.py
[2024-07-02T00:10:44.486+0000] {logging_mixin.py:188} INFO - [2024-07-02T00:10:44.486+0000] {dag.py:3096} INFO - Sync 1 DAGs
[2024-07-02T00:10:44.505+0000] {logging_mixin.py:188} INFO - [2024-07-02T00:10:44.505+0000] {dag.py:3954} INFO - Setting next_dagrun for data_transfer_to_mysql to 2024-07-02 17:00:00+00:00, run_after=2024-07-03 17:00:00+00:00
[2024-07-02T00:10:44.520+0000] {processor.py:183} INFO - Processing /opt/airflow/dags/data_transfer_mysql.py took 0.340 seconds
[2024-07-02T00:11:14.743+0000] {processor.py:161} INFO - Started process (PID=2583) to work on /opt/airflow/dags/data_transfer_mysql.py
[2024-07-02T00:11:14.744+0000] {processor.py:830} INFO - Processing file /opt/airflow/dags/data_transfer_mysql.py for tasks to queue
[2024-07-02T00:11:14.744+0000] {logging_mixin.py:188} INFO - [2024-07-02T00:11:14.744+0000] {dagbag.py:545} INFO - Filling up the DagBag from /opt/airflow/dags/data_transfer_mysql.py
[2024-07-02T00:11:14.937+0000] {processor.py:840} INFO - DAG(s) 'data_transfer_to_mysql' retrieved from /opt/airflow/dags/data_transfer_mysql.py
[2024-07-02T00:11:14.999+0000] {logging_mixin.py:188} INFO - [2024-07-02T00:11:14.998+0000] {dag.py:3096} INFO - Sync 1 DAGs
[2024-07-02T00:11:15.009+0000] {logging_mixin.py:188} INFO - [2024-07-02T00:11:15.009+0000] {dag.py:3954} INFO - Setting next_dagrun for data_transfer_to_mysql to 2024-07-02 17:00:00+00:00, run_after=2024-07-03 17:00:00+00:00
[2024-07-02T00:11:15.020+0000] {processor.py:183} INFO - Processing /opt/airflow/dags/data_transfer_mysql.py took 0.280 seconds
[2024-07-02T00:11:45.282+0000] {processor.py:161} INFO - Started process (PID=2600) to work on /opt/airflow/dags/data_transfer_mysql.py
[2024-07-02T00:11:45.283+0000] {processor.py:830} INFO - Processing file /opt/airflow/dags/data_transfer_mysql.py for tasks to queue
[2024-07-02T00:11:45.285+0000] {logging_mixin.py:188} INFO - [2024-07-02T00:11:45.284+0000] {dagbag.py:545} INFO - Filling up the DagBag from /opt/airflow/dags/data_transfer_mysql.py
[2024-07-02T00:11:45.451+0000] {processor.py:840} INFO - DAG(s) 'data_transfer_to_mysql' retrieved from /opt/airflow/dags/data_transfer_mysql.py
[2024-07-02T00:11:45.506+0000] {logging_mixin.py:188} INFO - [2024-07-02T00:11:45.506+0000] {dag.py:3096} INFO - Sync 1 DAGs
[2024-07-02T00:11:45.518+0000] {logging_mixin.py:188} INFO - [2024-07-02T00:11:45.517+0000] {dag.py:3954} INFO - Setting next_dagrun for data_transfer_to_mysql to 2024-07-02 17:00:00+00:00, run_after=2024-07-03 17:00:00+00:00
[2024-07-02T00:11:45.529+0000] {processor.py:183} INFO - Processing /opt/airflow/dags/data_transfer_mysql.py took 0.250 seconds
[2024-07-02T00:12:15.838+0000] {processor.py:161} INFO - Started process (PID=2617) to work on /opt/airflow/dags/data_transfer_mysql.py
[2024-07-02T00:12:15.839+0000] {processor.py:830} INFO - Processing file /opt/airflow/dags/data_transfer_mysql.py for tasks to queue
[2024-07-02T00:12:15.840+0000] {logging_mixin.py:188} INFO - [2024-07-02T00:12:15.839+0000] {dagbag.py:545} INFO - Filling up the DagBag from /opt/airflow/dags/data_transfer_mysql.py
[2024-07-02T00:12:16.001+0000] {processor.py:840} INFO - DAG(s) 'data_transfer_to_mysql' retrieved from /opt/airflow/dags/data_transfer_mysql.py
[2024-07-02T00:12:16.069+0000] {logging_mixin.py:188} INFO - [2024-07-02T00:12:16.069+0000] {dag.py:3096} INFO - Sync 1 DAGs
[2024-07-02T00:12:16.085+0000] {logging_mixin.py:188} INFO - [2024-07-02T00:12:16.085+0000] {dag.py:3954} INFO - Setting next_dagrun for data_transfer_to_mysql to 2024-07-02 17:00:00+00:00, run_after=2024-07-03 17:00:00+00:00
[2024-07-02T00:12:16.108+0000] {processor.py:183} INFO - Processing /opt/airflow/dags/data_transfer_mysql.py took 0.274 seconds
[2024-07-02T00:12:46.346+0000] {processor.py:161} INFO - Started process (PID=2634) to work on /opt/airflow/dags/data_transfer_mysql.py
[2024-07-02T00:12:46.347+0000] {processor.py:830} INFO - Processing file /opt/airflow/dags/data_transfer_mysql.py for tasks to queue
[2024-07-02T00:12:46.348+0000] {logging_mixin.py:188} INFO - [2024-07-02T00:12:46.348+0000] {dagbag.py:545} INFO - Filling up the DagBag from /opt/airflow/dags/data_transfer_mysql.py
[2024-07-02T00:12:46.523+0000] {processor.py:840} INFO - DAG(s) 'data_transfer_to_mysql' retrieved from /opt/airflow/dags/data_transfer_mysql.py
[2024-07-02T00:12:46.606+0000] {logging_mixin.py:188} INFO - [2024-07-02T00:12:46.606+0000] {dag.py:3096} INFO - Sync 1 DAGs
[2024-07-02T00:12:46.618+0000] {logging_mixin.py:188} INFO - [2024-07-02T00:12:46.618+0000] {dag.py:3954} INFO - Setting next_dagrun for data_transfer_to_mysql to 2024-07-02 17:00:00+00:00, run_after=2024-07-03 17:00:00+00:00
[2024-07-02T00:12:46.629+0000] {processor.py:183} INFO - Processing /opt/airflow/dags/data_transfer_mysql.py took 0.289 seconds
[2024-07-02T00:13:16.890+0000] {processor.py:161} INFO - Started process (PID=2651) to work on /opt/airflow/dags/data_transfer_mysql.py
[2024-07-02T00:13:16.891+0000] {processor.py:830} INFO - Processing file /opt/airflow/dags/data_transfer_mysql.py for tasks to queue
[2024-07-02T00:13:16.893+0000] {logging_mixin.py:188} INFO - [2024-07-02T00:13:16.893+0000] {dagbag.py:545} INFO - Filling up the DagBag from /opt/airflow/dags/data_transfer_mysql.py
[2024-07-02T00:13:17.076+0000] {processor.py:840} INFO - DAG(s) 'data_transfer_to_mysql' retrieved from /opt/airflow/dags/data_transfer_mysql.py
[2024-07-02T00:13:17.146+0000] {logging_mixin.py:188} INFO - [2024-07-02T00:13:17.146+0000] {dag.py:3096} INFO - Sync 1 DAGs
[2024-07-02T00:13:17.161+0000] {logging_mixin.py:188} INFO - [2024-07-02T00:13:17.160+0000] {dag.py:3954} INFO - Setting next_dagrun for data_transfer_to_mysql to 2024-07-02 17:00:00+00:00, run_after=2024-07-03 17:00:00+00:00
[2024-07-02T00:13:17.177+0000] {processor.py:183} INFO - Processing /opt/airflow/dags/data_transfer_mysql.py took 0.293 seconds
[2024-07-02T00:13:47.416+0000] {processor.py:161} INFO - Started process (PID=2668) to work on /opt/airflow/dags/data_transfer_mysql.py
[2024-07-02T00:13:47.417+0000] {processor.py:830} INFO - Processing file /opt/airflow/dags/data_transfer_mysql.py for tasks to queue
[2024-07-02T00:13:47.419+0000] {logging_mixin.py:188} INFO - [2024-07-02T00:13:47.418+0000] {dagbag.py:545} INFO - Filling up the DagBag from /opt/airflow/dags/data_transfer_mysql.py
[2024-07-02T00:13:47.584+0000] {processor.py:840} INFO - DAG(s) 'data_transfer_to_mysql' retrieved from /opt/airflow/dags/data_transfer_mysql.py
[2024-07-02T00:13:47.651+0000] {logging_mixin.py:188} INFO - [2024-07-02T00:13:47.651+0000] {dag.py:3096} INFO - Sync 1 DAGs
[2024-07-02T00:13:47.662+0000] {logging_mixin.py:188} INFO - [2024-07-02T00:13:47.662+0000] {dag.py:3954} INFO - Setting next_dagrun for data_transfer_to_mysql to 2024-07-02 17:00:00+00:00, run_after=2024-07-03 17:00:00+00:00
[2024-07-02T00:13:47.672+0000] {processor.py:183} INFO - Processing /opt/airflow/dags/data_transfer_mysql.py took 0.260 seconds
[2024-07-02T00:14:17.943+0000] {processor.py:161} INFO - Started process (PID=2685) to work on /opt/airflow/dags/data_transfer_mysql.py
[2024-07-02T00:14:17.943+0000] {processor.py:830} INFO - Processing file /opt/airflow/dags/data_transfer_mysql.py for tasks to queue
[2024-07-02T00:14:17.944+0000] {logging_mixin.py:188} INFO - [2024-07-02T00:14:17.944+0000] {dagbag.py:545} INFO - Filling up the DagBag from /opt/airflow/dags/data_transfer_mysql.py
[2024-07-02T00:14:18.115+0000] {processor.py:840} INFO - DAG(s) 'data_transfer_to_mysql' retrieved from /opt/airflow/dags/data_transfer_mysql.py
[2024-07-02T00:14:18.174+0000] {logging_mixin.py:188} INFO - [2024-07-02T00:14:18.173+0000] {dag.py:3096} INFO - Sync 1 DAGs
[2024-07-02T00:14:18.185+0000] {logging_mixin.py:188} INFO - [2024-07-02T00:14:18.184+0000] {dag.py:3954} INFO - Setting next_dagrun for data_transfer_to_mysql to 2024-07-02 17:00:00+00:00, run_after=2024-07-03 17:00:00+00:00
[2024-07-02T00:14:18.196+0000] {processor.py:183} INFO - Processing /opt/airflow/dags/data_transfer_mysql.py took 0.257 seconds
[2024-07-02T00:14:48.451+0000] {processor.py:161} INFO - Started process (PID=2702) to work on /opt/airflow/dags/data_transfer_mysql.py
[2024-07-02T00:14:48.452+0000] {processor.py:830} INFO - Processing file /opt/airflow/dags/data_transfer_mysql.py for tasks to queue
[2024-07-02T00:14:48.453+0000] {logging_mixin.py:188} INFO - [2024-07-02T00:14:48.453+0000] {dagbag.py:545} INFO - Filling up the DagBag from /opt/airflow/dags/data_transfer_mysql.py
[2024-07-02T00:14:48.636+0000] {processor.py:840} INFO - DAG(s) 'data_transfer_to_mysql' retrieved from /opt/airflow/dags/data_transfer_mysql.py
[2024-07-02T00:14:48.714+0000] {logging_mixin.py:188} INFO - [2024-07-02T00:14:48.714+0000] {dag.py:3096} INFO - Sync 1 DAGs
[2024-07-02T00:14:48.728+0000] {logging_mixin.py:188} INFO - [2024-07-02T00:14:48.728+0000] {dag.py:3954} INFO - Setting next_dagrun for data_transfer_to_mysql to 2024-07-02 17:00:00+00:00, run_after=2024-07-03 17:00:00+00:00
[2024-07-02T00:14:48.741+0000] {processor.py:183} INFO - Processing /opt/airflow/dags/data_transfer_mysql.py took 0.295 seconds
[2024-07-02T00:15:18.979+0000] {processor.py:161} INFO - Started process (PID=2719) to work on /opt/airflow/dags/data_transfer_mysql.py
[2024-07-02T00:15:18.979+0000] {processor.py:830} INFO - Processing file /opt/airflow/dags/data_transfer_mysql.py for tasks to queue
[2024-07-02T00:15:18.980+0000] {logging_mixin.py:188} INFO - [2024-07-02T00:15:18.980+0000] {dagbag.py:545} INFO - Filling up the DagBag from /opt/airflow/dags/data_transfer_mysql.py
[2024-07-02T00:15:19.143+0000] {processor.py:840} INFO - DAG(s) 'data_transfer_to_mysql' retrieved from /opt/airflow/dags/data_transfer_mysql.py
[2024-07-02T00:15:19.200+0000] {logging_mixin.py:188} INFO - [2024-07-02T00:15:19.199+0000] {dag.py:3096} INFO - Sync 1 DAGs
[2024-07-02T00:15:19.211+0000] {logging_mixin.py:188} INFO - [2024-07-02T00:15:19.210+0000] {dag.py:3954} INFO - Setting next_dagrun for data_transfer_to_mysql to 2024-07-02 17:00:00+00:00, run_after=2024-07-03 17:00:00+00:00
[2024-07-02T00:15:19.220+0000] {processor.py:183} INFO - Processing /opt/airflow/dags/data_transfer_mysql.py took 0.245 seconds
[2024-07-02T00:15:49.489+0000] {processor.py:161} INFO - Started process (PID=2736) to work on /opt/airflow/dags/data_transfer_mysql.py
[2024-07-02T00:15:49.490+0000] {processor.py:830} INFO - Processing file /opt/airflow/dags/data_transfer_mysql.py for tasks to queue
[2024-07-02T00:15:49.492+0000] {logging_mixin.py:188} INFO - [2024-07-02T00:15:49.491+0000] {dagbag.py:545} INFO - Filling up the DagBag from /opt/airflow/dags/data_transfer_mysql.py
[2024-07-02T00:15:49.662+0000] {processor.py:840} INFO - DAG(s) 'data_transfer_to_mysql' retrieved from /opt/airflow/dags/data_transfer_mysql.py
[2024-07-02T00:15:49.723+0000] {logging_mixin.py:188} INFO - [2024-07-02T00:15:49.722+0000] {dag.py:3096} INFO - Sync 1 DAGs
[2024-07-02T00:15:49.736+0000] {logging_mixin.py:188} INFO - [2024-07-02T00:15:49.736+0000] {dag.py:3954} INFO - Setting next_dagrun for data_transfer_to_mysql to 2024-07-02 17:00:00+00:00, run_after=2024-07-03 17:00:00+00:00
[2024-07-02T00:15:49.748+0000] {processor.py:183} INFO - Processing /opt/airflow/dags/data_transfer_mysql.py took 0.264 seconds
[2024-07-02T00:16:19.995+0000] {processor.py:161} INFO - Started process (PID=2753) to work on /opt/airflow/dags/data_transfer_mysql.py
[2024-07-02T00:16:19.996+0000] {processor.py:830} INFO - Processing file /opt/airflow/dags/data_transfer_mysql.py for tasks to queue
[2024-07-02T00:16:19.997+0000] {logging_mixin.py:188} INFO - [2024-07-02T00:16:19.997+0000] {dagbag.py:545} INFO - Filling up the DagBag from /opt/airflow/dags/data_transfer_mysql.py
[2024-07-02T00:16:20.233+0000] {processor.py:840} INFO - DAG(s) 'data_transfer_to_mysql' retrieved from /opt/airflow/dags/data_transfer_mysql.py
[2024-07-02T00:16:20.298+0000] {logging_mixin.py:188} INFO - [2024-07-02T00:16:20.297+0000] {dag.py:3096} INFO - Sync 1 DAGs
[2024-07-02T00:16:20.312+0000] {logging_mixin.py:188} INFO - [2024-07-02T00:16:20.312+0000] {dag.py:3954} INFO - Setting next_dagrun for data_transfer_to_mysql to 2024-07-02 17:00:00+00:00, run_after=2024-07-03 17:00:00+00:00
[2024-07-02T00:16:20.327+0000] {processor.py:183} INFO - Processing /opt/airflow/dags/data_transfer_mysql.py took 0.337 seconds
[2024-07-02T00:16:50.618+0000] {processor.py:161} INFO - Started process (PID=2770) to work on /opt/airflow/dags/data_transfer_mysql.py
[2024-07-02T00:16:50.619+0000] {processor.py:830} INFO - Processing file /opt/airflow/dags/data_transfer_mysql.py for tasks to queue
[2024-07-02T00:16:50.621+0000] {logging_mixin.py:188} INFO - [2024-07-02T00:16:50.620+0000] {dagbag.py:545} INFO - Filling up the DagBag from /opt/airflow/dags/data_transfer_mysql.py
[2024-07-02T00:16:50.802+0000] {processor.py:840} INFO - DAG(s) 'data_transfer_to_mysql' retrieved from /opt/airflow/dags/data_transfer_mysql.py
[2024-07-02T00:16:50.868+0000] {logging_mixin.py:188} INFO - [2024-07-02T00:16:50.868+0000] {dag.py:3096} INFO - Sync 1 DAGs
[2024-07-02T00:16:50.888+0000] {logging_mixin.py:188} INFO - [2024-07-02T00:16:50.888+0000] {dag.py:3954} INFO - Setting next_dagrun for data_transfer_to_mysql to 2024-07-02 17:00:00+00:00, run_after=2024-07-03 17:00:00+00:00
[2024-07-02T00:16:50.904+0000] {processor.py:183} INFO - Processing /opt/airflow/dags/data_transfer_mysql.py took 0.294 seconds
[2024-07-02T00:17:21.173+0000] {processor.py:161} INFO - Started process (PID=2787) to work on /opt/airflow/dags/data_transfer_mysql.py
[2024-07-02T00:17:21.174+0000] {processor.py:830} INFO - Processing file /opt/airflow/dags/data_transfer_mysql.py for tasks to queue
[2024-07-02T00:17:21.175+0000] {logging_mixin.py:188} INFO - [2024-07-02T00:17:21.175+0000] {dagbag.py:545} INFO - Filling up the DagBag from /opt/airflow/dags/data_transfer_mysql.py
[2024-07-02T00:17:21.338+0000] {processor.py:840} INFO - DAG(s) 'data_transfer_to_mysql' retrieved from /opt/airflow/dags/data_transfer_mysql.py
[2024-07-02T00:17:21.395+0000] {logging_mixin.py:188} INFO - [2024-07-02T00:17:21.395+0000] {dag.py:3096} INFO - Sync 1 DAGs
[2024-07-02T00:17:21.407+0000] {logging_mixin.py:188} INFO - [2024-07-02T00:17:21.406+0000] {dag.py:3954} INFO - Setting next_dagrun for data_transfer_to_mysql to 2024-07-02 17:00:00+00:00, run_after=2024-07-03 17:00:00+00:00
[2024-07-02T00:17:21.416+0000] {processor.py:183} INFO - Processing /opt/airflow/dags/data_transfer_mysql.py took 0.249 seconds
[2024-07-02T00:17:51.666+0000] {processor.py:161} INFO - Started process (PID=2799) to work on /opt/airflow/dags/data_transfer_mysql.py
[2024-07-02T00:17:51.666+0000] {processor.py:830} INFO - Processing file /opt/airflow/dags/data_transfer_mysql.py for tasks to queue
[2024-07-02T00:17:51.667+0000] {logging_mixin.py:188} INFO - [2024-07-02T00:17:51.667+0000] {dagbag.py:545} INFO - Filling up the DagBag from /opt/airflow/dags/data_transfer_mysql.py
[2024-07-02T00:17:51.834+0000] {processor.py:840} INFO - DAG(s) 'data_transfer_to_mysql' retrieved from /opt/airflow/dags/data_transfer_mysql.py
[2024-07-02T00:17:51.892+0000] {logging_mixin.py:188} INFO - [2024-07-02T00:17:51.891+0000] {dag.py:3096} INFO - Sync 1 DAGs
[2024-07-02T00:17:51.904+0000] {logging_mixin.py:188} INFO - [2024-07-02T00:17:51.904+0000] {dag.py:3954} INFO - Setting next_dagrun for data_transfer_to_mysql to 2024-07-02 17:00:00+00:00, run_after=2024-07-03 17:00:00+00:00
[2024-07-02T00:17:51.914+0000] {processor.py:183} INFO - Processing /opt/airflow/dags/data_transfer_mysql.py took 0.255 seconds
