[2024-07-02T00:00:02.878+0000] {processor.py:161} INFO - Started process (PID=2206) to work on /opt/airflow/dags/to_gcs.py
[2024-07-02T00:00:02.879+0000] {processor.py:830} INFO - Processing file /opt/airflow/dags/to_gcs.py for tasks to queue
[2024-07-02T00:00:02.880+0000] {logging_mixin.py:188} INFO - [2024-07-02T00:00:02.879+0000] {dagbag.py:545} INFO - Filling up the DagBag from /opt/airflow/dags/to_gcs.py
[2024-07-02T00:00:03.079+0000] {processor.py:840} INFO - DAG(s) 'data_transfer_to_gcs' retrieved from /opt/airflow/dags/to_gcs.py
[2024-07-02T00:00:03.143+0000] {logging_mixin.py:188} INFO - [2024-07-02T00:00:03.142+0000] {dag.py:3096} INFO - Sync 1 DAGs
[2024-07-02T00:00:03.155+0000] {logging_mixin.py:188} INFO - [2024-07-02T00:00:03.155+0000] {dag.py:3954} INFO - Setting next_dagrun for data_transfer_to_gcs to None, run_after=None
[2024-07-02T00:00:03.166+0000] {processor.py:183} INFO - Processing /opt/airflow/dags/to_gcs.py took 0.291 seconds
[2024-07-02T00:00:33.479+0000] {processor.py:161} INFO - Started process (PID=2223) to work on /opt/airflow/dags/to_gcs.py
[2024-07-02T00:00:33.480+0000] {processor.py:830} INFO - Processing file /opt/airflow/dags/to_gcs.py for tasks to queue
[2024-07-02T00:00:33.482+0000] {logging_mixin.py:188} INFO - [2024-07-02T00:00:33.482+0000] {dagbag.py:545} INFO - Filling up the DagBag from /opt/airflow/dags/to_gcs.py
[2024-07-02T00:00:33.654+0000] {processor.py:840} INFO - DAG(s) 'data_transfer_to_gcs' retrieved from /opt/airflow/dags/to_gcs.py
[2024-07-02T00:00:33.676+0000] {logging_mixin.py:188} INFO - [2024-07-02T00:00:33.676+0000] {dag.py:3096} INFO - Sync 1 DAGs
[2024-07-02T00:00:33.699+0000] {logging_mixin.py:188} INFO - [2024-07-02T00:00:33.699+0000] {dag.py:3954} INFO - Setting next_dagrun for data_transfer_to_gcs to None, run_after=None
[2024-07-02T00:00:33.714+0000] {processor.py:183} INFO - Processing /opt/airflow/dags/to_gcs.py took 0.240 seconds
[2024-07-02T00:01:04.023+0000] {processor.py:161} INFO - Started process (PID=2240) to work on /opt/airflow/dags/to_gcs.py
[2024-07-02T00:01:04.025+0000] {processor.py:830} INFO - Processing file /opt/airflow/dags/to_gcs.py for tasks to queue
[2024-07-02T00:01:04.027+0000] {logging_mixin.py:188} INFO - [2024-07-02T00:01:04.026+0000] {dagbag.py:545} INFO - Filling up the DagBag from /opt/airflow/dags/to_gcs.py
[2024-07-02T00:01:04.196+0000] {processor.py:840} INFO - DAG(s) 'data_transfer_to_gcs' retrieved from /opt/airflow/dags/to_gcs.py
[2024-07-02T00:01:04.217+0000] {logging_mixin.py:188} INFO - [2024-07-02T00:01:04.217+0000] {dag.py:3096} INFO - Sync 1 DAGs
[2024-07-02T00:01:04.229+0000] {logging_mixin.py:188} INFO - [2024-07-02T00:01:04.229+0000] {dag.py:3954} INFO - Setting next_dagrun for data_transfer_to_gcs to None, run_after=None
[2024-07-02T00:01:04.239+0000] {processor.py:183} INFO - Processing /opt/airflow/dags/to_gcs.py took 0.224 seconds
[2024-07-02T00:01:34.554+0000] {processor.py:161} INFO - Started process (PID=2257) to work on /opt/airflow/dags/to_gcs.py
[2024-07-02T00:01:34.556+0000] {processor.py:830} INFO - Processing file /opt/airflow/dags/to_gcs.py for tasks to queue
[2024-07-02T00:01:34.557+0000] {logging_mixin.py:188} INFO - [2024-07-02T00:01:34.557+0000] {dagbag.py:545} INFO - Filling up the DagBag from /opt/airflow/dags/to_gcs.py
[2024-07-02T00:01:34.732+0000] {processor.py:840} INFO - DAG(s) 'data_transfer_to_gcs' retrieved from /opt/airflow/dags/to_gcs.py
[2024-07-02T00:01:34.749+0000] {logging_mixin.py:188} INFO - [2024-07-02T00:01:34.748+0000] {dag.py:3096} INFO - Sync 1 DAGs
[2024-07-02T00:01:34.769+0000] {logging_mixin.py:188} INFO - [2024-07-02T00:01:34.769+0000] {dag.py:3954} INFO - Setting next_dagrun for data_transfer_to_gcs to None, run_after=None
[2024-07-02T00:01:34.781+0000] {processor.py:183} INFO - Processing /opt/airflow/dags/to_gcs.py took 0.234 seconds
[2024-07-02T00:02:05.094+0000] {processor.py:161} INFO - Started process (PID=2274) to work on /opt/airflow/dags/to_gcs.py
[2024-07-02T00:02:05.096+0000] {processor.py:830} INFO - Processing file /opt/airflow/dags/to_gcs.py for tasks to queue
[2024-07-02T00:02:05.098+0000] {logging_mixin.py:188} INFO - [2024-07-02T00:02:05.098+0000] {dagbag.py:545} INFO - Filling up the DagBag from /opt/airflow/dags/to_gcs.py
[2024-07-02T00:02:05.265+0000] {processor.py:840} INFO - DAG(s) 'data_transfer_to_gcs' retrieved from /opt/airflow/dags/to_gcs.py
[2024-07-02T00:02:05.286+0000] {logging_mixin.py:188} INFO - [2024-07-02T00:02:05.286+0000] {dag.py:3096} INFO - Sync 1 DAGs
[2024-07-02T00:02:05.303+0000] {logging_mixin.py:188} INFO - [2024-07-02T00:02:05.303+0000] {dag.py:3954} INFO - Setting next_dagrun for data_transfer_to_gcs to None, run_after=None
[2024-07-02T00:02:05.321+0000] {processor.py:183} INFO - Processing /opt/airflow/dags/to_gcs.py took 0.235 seconds
[2024-07-02T00:02:35.620+0000] {processor.py:161} INFO - Started process (PID=2291) to work on /opt/airflow/dags/to_gcs.py
[2024-07-02T00:02:35.622+0000] {processor.py:830} INFO - Processing file /opt/airflow/dags/to_gcs.py for tasks to queue
[2024-07-02T00:02:35.623+0000] {logging_mixin.py:188} INFO - [2024-07-02T00:02:35.623+0000] {dagbag.py:545} INFO - Filling up the DagBag from /opt/airflow/dags/to_gcs.py
[2024-07-02T00:02:35.813+0000] {processor.py:840} INFO - DAG(s) 'data_transfer_to_gcs' retrieved from /opt/airflow/dags/to_gcs.py
[2024-07-02T00:02:35.829+0000] {logging_mixin.py:188} INFO - [2024-07-02T00:02:35.829+0000] {dag.py:3096} INFO - Sync 1 DAGs
[2024-07-02T00:02:35.844+0000] {logging_mixin.py:188} INFO - [2024-07-02T00:02:35.843+0000] {dag.py:3954} INFO - Setting next_dagrun for data_transfer_to_gcs to None, run_after=None
[2024-07-02T00:02:35.864+0000] {processor.py:183} INFO - Processing /opt/airflow/dags/to_gcs.py took 0.251 seconds
[2024-07-02T00:03:06.164+0000] {processor.py:161} INFO - Started process (PID=2308) to work on /opt/airflow/dags/to_gcs.py
[2024-07-02T00:03:06.164+0000] {processor.py:830} INFO - Processing file /opt/airflow/dags/to_gcs.py for tasks to queue
[2024-07-02T00:03:06.166+0000] {logging_mixin.py:188} INFO - [2024-07-02T00:03:06.165+0000] {dagbag.py:545} INFO - Filling up the DagBag from /opt/airflow/dags/to_gcs.py
[2024-07-02T00:03:06.385+0000] {processor.py:840} INFO - DAG(s) 'data_transfer_to_gcs' retrieved from /opt/airflow/dags/to_gcs.py
[2024-07-02T00:03:06.401+0000] {logging_mixin.py:188} INFO - [2024-07-02T00:03:06.400+0000] {dag.py:3096} INFO - Sync 1 DAGs
[2024-07-02T00:03:06.417+0000] {logging_mixin.py:188} INFO - [2024-07-02T00:03:06.416+0000] {dag.py:3954} INFO - Setting next_dagrun for data_transfer_to_gcs to None, run_after=None
[2024-07-02T00:03:06.427+0000] {processor.py:183} INFO - Processing /opt/airflow/dags/to_gcs.py took 0.268 seconds
[2024-07-02T00:03:36.698+0000] {processor.py:161} INFO - Started process (PID=2325) to work on /opt/airflow/dags/to_gcs.py
[2024-07-02T00:03:36.699+0000] {processor.py:830} INFO - Processing file /opt/airflow/dags/to_gcs.py for tasks to queue
[2024-07-02T00:03:36.700+0000] {logging_mixin.py:188} INFO - [2024-07-02T00:03:36.700+0000] {dagbag.py:545} INFO - Filling up the DagBag from /opt/airflow/dags/to_gcs.py
[2024-07-02T00:03:36.868+0000] {processor.py:840} INFO - DAG(s) 'data_transfer_to_gcs' retrieved from /opt/airflow/dags/to_gcs.py
[2024-07-02T00:03:36.884+0000] {logging_mixin.py:188} INFO - [2024-07-02T00:03:36.883+0000] {dag.py:3096} INFO - Sync 1 DAGs
[2024-07-02T00:03:36.901+0000] {logging_mixin.py:188} INFO - [2024-07-02T00:03:36.901+0000] {dag.py:3954} INFO - Setting next_dagrun for data_transfer_to_gcs to None, run_after=None
[2024-07-02T00:03:36.919+0000] {processor.py:183} INFO - Processing /opt/airflow/dags/to_gcs.py took 0.227 seconds
[2024-07-02T00:04:07.220+0000] {processor.py:161} INFO - Started process (PID=2342) to work on /opt/airflow/dags/to_gcs.py
[2024-07-02T00:04:07.221+0000] {processor.py:830} INFO - Processing file /opt/airflow/dags/to_gcs.py for tasks to queue
[2024-07-02T00:04:07.223+0000] {logging_mixin.py:188} INFO - [2024-07-02T00:04:07.223+0000] {dagbag.py:545} INFO - Filling up the DagBag from /opt/airflow/dags/to_gcs.py
[2024-07-02T00:04:07.412+0000] {processor.py:840} INFO - DAG(s) 'data_transfer_to_gcs' retrieved from /opt/airflow/dags/to_gcs.py
[2024-07-02T00:04:07.428+0000] {logging_mixin.py:188} INFO - [2024-07-02T00:04:07.428+0000] {dag.py:3096} INFO - Sync 1 DAGs
[2024-07-02T00:04:07.441+0000] {logging_mixin.py:188} INFO - [2024-07-02T00:04:07.441+0000] {dag.py:3954} INFO - Setting next_dagrun for data_transfer_to_gcs to None, run_after=None
[2024-07-02T00:04:07.453+0000] {processor.py:183} INFO - Processing /opt/airflow/dags/to_gcs.py took 0.238 seconds
[2024-07-02T00:04:37.734+0000] {processor.py:161} INFO - Started process (PID=2359) to work on /opt/airflow/dags/to_gcs.py
[2024-07-02T00:04:37.735+0000] {processor.py:830} INFO - Processing file /opt/airflow/dags/to_gcs.py for tasks to queue
[2024-07-02T00:04:37.737+0000] {logging_mixin.py:188} INFO - [2024-07-02T00:04:37.737+0000] {dagbag.py:545} INFO - Filling up the DagBag from /opt/airflow/dags/to_gcs.py
[2024-07-02T00:04:37.922+0000] {processor.py:840} INFO - DAG(s) 'data_transfer_to_gcs' retrieved from /opt/airflow/dags/to_gcs.py
[2024-07-02T00:04:37.936+0000] {logging_mixin.py:188} INFO - [2024-07-02T00:04:37.936+0000] {dag.py:3096} INFO - Sync 1 DAGs
[2024-07-02T00:04:37.950+0000] {logging_mixin.py:188} INFO - [2024-07-02T00:04:37.949+0000] {dag.py:3954} INFO - Setting next_dagrun for data_transfer_to_gcs to None, run_after=None
[2024-07-02T00:04:37.962+0000] {processor.py:183} INFO - Processing /opt/airflow/dags/to_gcs.py took 0.232 seconds
[2024-07-02T00:05:08.311+0000] {processor.py:161} INFO - Started process (PID=2376) to work on /opt/airflow/dags/to_gcs.py
[2024-07-02T00:05:08.314+0000] {processor.py:830} INFO - Processing file /opt/airflow/dags/to_gcs.py for tasks to queue
[2024-07-02T00:05:08.315+0000] {logging_mixin.py:188} INFO - [2024-07-02T00:05:08.315+0000] {dagbag.py:545} INFO - Filling up the DagBag from /opt/airflow/dags/to_gcs.py
[2024-07-02T00:05:08.496+0000] {processor.py:840} INFO - DAG(s) 'data_transfer_to_gcs' retrieved from /opt/airflow/dags/to_gcs.py
[2024-07-02T00:05:08.512+0000] {logging_mixin.py:188} INFO - [2024-07-02T00:05:08.512+0000] {dag.py:3096} INFO - Sync 1 DAGs
[2024-07-02T00:05:08.525+0000] {logging_mixin.py:188} INFO - [2024-07-02T00:05:08.525+0000] {dag.py:3954} INFO - Setting next_dagrun for data_transfer_to_gcs to None, run_after=None
[2024-07-02T00:05:08.534+0000] {processor.py:183} INFO - Processing /opt/airflow/dags/to_gcs.py took 0.228 seconds
[2024-07-02T00:05:38.841+0000] {processor.py:161} INFO - Started process (PID=2393) to work on /opt/airflow/dags/to_gcs.py
[2024-07-02T00:05:38.843+0000] {processor.py:830} INFO - Processing file /opt/airflow/dags/to_gcs.py for tasks to queue
[2024-07-02T00:05:38.846+0000] {logging_mixin.py:188} INFO - [2024-07-02T00:05:38.845+0000] {dagbag.py:545} INFO - Filling up the DagBag from /opt/airflow/dags/to_gcs.py
[2024-07-02T00:05:39.050+0000] {processor.py:840} INFO - DAG(s) 'data_transfer_to_gcs' retrieved from /opt/airflow/dags/to_gcs.py
[2024-07-02T00:05:39.071+0000] {logging_mixin.py:188} INFO - [2024-07-02T00:05:39.071+0000] {dag.py:3096} INFO - Sync 1 DAGs
[2024-07-02T00:05:39.092+0000] {logging_mixin.py:188} INFO - [2024-07-02T00:05:39.092+0000] {dag.py:3954} INFO - Setting next_dagrun for data_transfer_to_gcs to None, run_after=None
[2024-07-02T00:05:39.106+0000] {processor.py:183} INFO - Processing /opt/airflow/dags/to_gcs.py took 0.272 seconds
[2024-07-02T00:06:09.404+0000] {processor.py:161} INFO - Started process (PID=2410) to work on /opt/airflow/dags/to_gcs.py
[2024-07-02T00:06:09.407+0000] {processor.py:830} INFO - Processing file /opt/airflow/dags/to_gcs.py for tasks to queue
[2024-07-02T00:06:09.408+0000] {logging_mixin.py:188} INFO - [2024-07-02T00:06:09.408+0000] {dagbag.py:545} INFO - Filling up the DagBag from /opt/airflow/dags/to_gcs.py
[2024-07-02T00:06:09.589+0000] {processor.py:840} INFO - DAG(s) 'data_transfer_to_gcs' retrieved from /opt/airflow/dags/to_gcs.py
[2024-07-02T00:06:09.612+0000] {logging_mixin.py:188} INFO - [2024-07-02T00:06:09.611+0000] {dag.py:3096} INFO - Sync 1 DAGs
[2024-07-02T00:06:09.630+0000] {logging_mixin.py:188} INFO - [2024-07-02T00:06:09.630+0000] {dag.py:3954} INFO - Setting next_dagrun for data_transfer_to_gcs to None, run_after=None
[2024-07-02T00:06:09.646+0000] {processor.py:183} INFO - Processing /opt/airflow/dags/to_gcs.py took 0.247 seconds
[2024-07-02T00:06:39.943+0000] {processor.py:161} INFO - Started process (PID=2427) to work on /opt/airflow/dags/to_gcs.py
[2024-07-02T00:06:39.943+0000] {processor.py:830} INFO - Processing file /opt/airflow/dags/to_gcs.py for tasks to queue
[2024-07-02T00:06:39.945+0000] {logging_mixin.py:188} INFO - [2024-07-02T00:06:39.945+0000] {dagbag.py:545} INFO - Filling up the DagBag from /opt/airflow/dags/to_gcs.py
[2024-07-02T00:06:40.147+0000] {processor.py:840} INFO - DAG(s) 'data_transfer_to_gcs' retrieved from /opt/airflow/dags/to_gcs.py
[2024-07-02T00:06:40.163+0000] {logging_mixin.py:188} INFO - [2024-07-02T00:06:40.163+0000] {dag.py:3096} INFO - Sync 1 DAGs
[2024-07-02T00:06:40.177+0000] {logging_mixin.py:188} INFO - [2024-07-02T00:06:40.177+0000] {dag.py:3954} INFO - Setting next_dagrun for data_transfer_to_gcs to None, run_after=None
[2024-07-02T00:06:40.191+0000] {processor.py:183} INFO - Processing /opt/airflow/dags/to_gcs.py took 0.251 seconds
[2024-07-02T00:07:10.507+0000] {processor.py:161} INFO - Started process (PID=2444) to work on /opt/airflow/dags/to_gcs.py
[2024-07-02T00:07:10.510+0000] {processor.py:830} INFO - Processing file /opt/airflow/dags/to_gcs.py for tasks to queue
[2024-07-02T00:07:10.511+0000] {logging_mixin.py:188} INFO - [2024-07-02T00:07:10.511+0000] {dagbag.py:545} INFO - Filling up the DagBag from /opt/airflow/dags/to_gcs.py
[2024-07-02T00:07:10.695+0000] {processor.py:840} INFO - DAG(s) 'data_transfer_to_gcs' retrieved from /opt/airflow/dags/to_gcs.py
[2024-07-02T00:07:10.713+0000] {logging_mixin.py:188} INFO - [2024-07-02T00:07:10.713+0000] {dag.py:3096} INFO - Sync 1 DAGs
[2024-07-02T00:07:10.727+0000] {logging_mixin.py:188} INFO - [2024-07-02T00:07:10.727+0000] {dag.py:3954} INFO - Setting next_dagrun for data_transfer_to_gcs to None, run_after=None
[2024-07-02T00:07:10.737+0000] {processor.py:183} INFO - Processing /opt/airflow/dags/to_gcs.py took 0.238 seconds
[2024-07-02T00:07:41.026+0000] {processor.py:161} INFO - Started process (PID=2461) to work on /opt/airflow/dags/to_gcs.py
[2024-07-02T00:07:41.027+0000] {processor.py:830} INFO - Processing file /opt/airflow/dags/to_gcs.py for tasks to queue
[2024-07-02T00:07:41.029+0000] {logging_mixin.py:188} INFO - [2024-07-02T00:07:41.029+0000] {dagbag.py:545} INFO - Filling up the DagBag from /opt/airflow/dags/to_gcs.py
[2024-07-02T00:07:41.201+0000] {processor.py:840} INFO - DAG(s) 'data_transfer_to_gcs' retrieved from /opt/airflow/dags/to_gcs.py
[2024-07-02T00:07:41.220+0000] {logging_mixin.py:188} INFO - [2024-07-02T00:07:41.220+0000] {dag.py:3096} INFO - Sync 1 DAGs
[2024-07-02T00:07:41.238+0000] {logging_mixin.py:188} INFO - [2024-07-02T00:07:41.238+0000] {dag.py:3954} INFO - Setting next_dagrun for data_transfer_to_gcs to None, run_after=None
[2024-07-02T00:07:41.256+0000] {processor.py:183} INFO - Processing /opt/airflow/dags/to_gcs.py took 0.235 seconds
[2024-07-02T00:08:11.542+0000] {processor.py:161} INFO - Started process (PID=2478) to work on /opt/airflow/dags/to_gcs.py
[2024-07-02T00:08:11.543+0000] {processor.py:830} INFO - Processing file /opt/airflow/dags/to_gcs.py for tasks to queue
[2024-07-02T00:08:11.544+0000] {logging_mixin.py:188} INFO - [2024-07-02T00:08:11.543+0000] {dagbag.py:545} INFO - Filling up the DagBag from /opt/airflow/dags/to_gcs.py
[2024-07-02T00:08:11.724+0000] {processor.py:840} INFO - DAG(s) 'data_transfer_to_gcs' retrieved from /opt/airflow/dags/to_gcs.py
[2024-07-02T00:08:11.741+0000] {logging_mixin.py:188} INFO - [2024-07-02T00:08:11.741+0000] {dag.py:3096} INFO - Sync 1 DAGs
[2024-07-02T00:08:11.758+0000] {logging_mixin.py:188} INFO - [2024-07-02T00:08:11.758+0000] {dag.py:3954} INFO - Setting next_dagrun for data_transfer_to_gcs to None, run_after=None
[2024-07-02T00:08:11.772+0000] {processor.py:183} INFO - Processing /opt/airflow/dags/to_gcs.py took 0.236 seconds
[2024-07-02T00:08:42.072+0000] {processor.py:161} INFO - Started process (PID=2495) to work on /opt/airflow/dags/to_gcs.py
[2024-07-02T00:08:42.073+0000] {processor.py:830} INFO - Processing file /opt/airflow/dags/to_gcs.py for tasks to queue
[2024-07-02T00:08:42.075+0000] {logging_mixin.py:188} INFO - [2024-07-02T00:08:42.075+0000] {dagbag.py:545} INFO - Filling up the DagBag from /opt/airflow/dags/to_gcs.py
[2024-07-02T00:08:42.245+0000] {processor.py:840} INFO - DAG(s) 'data_transfer_to_gcs' retrieved from /opt/airflow/dags/to_gcs.py
[2024-07-02T00:08:42.268+0000] {logging_mixin.py:188} INFO - [2024-07-02T00:08:42.268+0000] {dag.py:3096} INFO - Sync 1 DAGs
[2024-07-02T00:08:42.284+0000] {logging_mixin.py:188} INFO - [2024-07-02T00:08:42.284+0000] {dag.py:3954} INFO - Setting next_dagrun for data_transfer_to_gcs to None, run_after=None
[2024-07-02T00:08:42.297+0000] {processor.py:183} INFO - Processing /opt/airflow/dags/to_gcs.py took 0.232 seconds
[2024-07-02T00:09:12.576+0000] {processor.py:161} INFO - Started process (PID=2512) to work on /opt/airflow/dags/to_gcs.py
[2024-07-02T00:09:12.577+0000] {processor.py:830} INFO - Processing file /opt/airflow/dags/to_gcs.py for tasks to queue
[2024-07-02T00:09:12.579+0000] {logging_mixin.py:188} INFO - [2024-07-02T00:09:12.579+0000] {dagbag.py:545} INFO - Filling up the DagBag from /opt/airflow/dags/to_gcs.py
[2024-07-02T00:09:12.746+0000] {processor.py:840} INFO - DAG(s) 'data_transfer_to_gcs' retrieved from /opt/airflow/dags/to_gcs.py
[2024-07-02T00:09:12.763+0000] {logging_mixin.py:188} INFO - [2024-07-02T00:09:12.762+0000] {dag.py:3096} INFO - Sync 1 DAGs
[2024-07-02T00:09:12.777+0000] {logging_mixin.py:188} INFO - [2024-07-02T00:09:12.776+0000] {dag.py:3954} INFO - Setting next_dagrun for data_transfer_to_gcs to None, run_after=None
[2024-07-02T00:09:12.791+0000] {processor.py:183} INFO - Processing /opt/airflow/dags/to_gcs.py took 0.220 seconds
[2024-07-02T00:09:43.094+0000] {processor.py:161} INFO - Started process (PID=2529) to work on /opt/airflow/dags/to_gcs.py
[2024-07-02T00:09:43.094+0000] {processor.py:830} INFO - Processing file /opt/airflow/dags/to_gcs.py for tasks to queue
[2024-07-02T00:09:43.096+0000] {logging_mixin.py:188} INFO - [2024-07-02T00:09:43.095+0000] {dagbag.py:545} INFO - Filling up the DagBag from /opt/airflow/dags/to_gcs.py
[2024-07-02T00:09:43.268+0000] {processor.py:840} INFO - DAG(s) 'data_transfer_to_gcs' retrieved from /opt/airflow/dags/to_gcs.py
[2024-07-02T00:09:43.281+0000] {logging_mixin.py:188} INFO - [2024-07-02T00:09:43.281+0000] {dag.py:3096} INFO - Sync 1 DAGs
[2024-07-02T00:09:43.296+0000] {logging_mixin.py:188} INFO - [2024-07-02T00:09:43.296+0000] {dag.py:3954} INFO - Setting next_dagrun for data_transfer_to_gcs to None, run_after=None
[2024-07-02T00:09:43.312+0000] {processor.py:183} INFO - Processing /opt/airflow/dags/to_gcs.py took 0.222 seconds
[2024-07-02T00:10:13.645+0000] {processor.py:161} INFO - Started process (PID=2546) to work on /opt/airflow/dags/to_gcs.py
[2024-07-02T00:10:13.648+0000] {processor.py:830} INFO - Processing file /opt/airflow/dags/to_gcs.py for tasks to queue
[2024-07-02T00:10:13.649+0000] {logging_mixin.py:188} INFO - [2024-07-02T00:10:13.649+0000] {dagbag.py:545} INFO - Filling up the DagBag from /opt/airflow/dags/to_gcs.py
[2024-07-02T00:10:13.821+0000] {processor.py:840} INFO - DAG(s) 'data_transfer_to_gcs' retrieved from /opt/airflow/dags/to_gcs.py
[2024-07-02T00:10:13.836+0000] {logging_mixin.py:188} INFO - [2024-07-02T00:10:13.836+0000] {dag.py:3096} INFO - Sync 1 DAGs
[2024-07-02T00:10:13.854+0000] {logging_mixin.py:188} INFO - [2024-07-02T00:10:13.854+0000] {dag.py:3954} INFO - Setting next_dagrun for data_transfer_to_gcs to None, run_after=None
[2024-07-02T00:10:13.867+0000] {processor.py:183} INFO - Processing /opt/airflow/dags/to_gcs.py took 0.230 seconds
[2024-07-02T00:10:44.177+0000] {processor.py:161} INFO - Started process (PID=2563) to work on /opt/airflow/dags/to_gcs.py
[2024-07-02T00:10:44.180+0000] {processor.py:830} INFO - Processing file /opt/airflow/dags/to_gcs.py for tasks to queue
[2024-07-02T00:10:44.182+0000] {logging_mixin.py:188} INFO - [2024-07-02T00:10:44.182+0000] {dagbag.py:545} INFO - Filling up the DagBag from /opt/airflow/dags/to_gcs.py
[2024-07-02T00:10:44.390+0000] {processor.py:840} INFO - DAG(s) 'data_transfer_to_gcs' retrieved from /opt/airflow/dags/to_gcs.py
[2024-07-02T00:10:44.413+0000] {logging_mixin.py:188} INFO - [2024-07-02T00:10:44.412+0000] {dag.py:3096} INFO - Sync 1 DAGs
[2024-07-02T00:10:44.435+0000] {logging_mixin.py:188} INFO - [2024-07-02T00:10:44.434+0000] {dag.py:3954} INFO - Setting next_dagrun for data_transfer_to_gcs to None, run_after=None
[2024-07-02T00:10:44.451+0000] {processor.py:183} INFO - Processing /opt/airflow/dags/to_gcs.py took 0.286 seconds
[2024-07-02T00:11:14.741+0000] {processor.py:161} INFO - Started process (PID=2580) to work on /opt/airflow/dags/to_gcs.py
[2024-07-02T00:11:14.742+0000] {processor.py:830} INFO - Processing file /opt/airflow/dags/to_gcs.py for tasks to queue
[2024-07-02T00:11:14.743+0000] {logging_mixin.py:188} INFO - [2024-07-02T00:11:14.743+0000] {dagbag.py:545} INFO - Filling up the DagBag from /opt/airflow/dags/to_gcs.py
[2024-07-02T00:11:14.920+0000] {processor.py:840} INFO - DAG(s) 'data_transfer_to_gcs' retrieved from /opt/airflow/dags/to_gcs.py
[2024-07-02T00:11:14.940+0000] {logging_mixin.py:188} INFO - [2024-07-02T00:11:14.940+0000] {dag.py:3096} INFO - Sync 1 DAGs
[2024-07-02T00:11:14.960+0000] {logging_mixin.py:188} INFO - [2024-07-02T00:11:14.960+0000] {dag.py:3954} INFO - Setting next_dagrun for data_transfer_to_gcs to None, run_after=None
[2024-07-02T00:11:14.975+0000] {processor.py:183} INFO - Processing /opt/airflow/dags/to_gcs.py took 0.238 seconds
[2024-07-02T00:11:45.279+0000] {processor.py:161} INFO - Started process (PID=2597) to work on /opt/airflow/dags/to_gcs.py
[2024-07-02T00:11:45.280+0000] {processor.py:830} INFO - Processing file /opt/airflow/dags/to_gcs.py for tasks to queue
[2024-07-02T00:11:45.282+0000] {logging_mixin.py:188} INFO - [2024-07-02T00:11:45.281+0000] {dagbag.py:545} INFO - Filling up the DagBag from /opt/airflow/dags/to_gcs.py
[2024-07-02T00:11:45.490+0000] {processor.py:840} INFO - DAG(s) 'data_transfer_to_gcs' retrieved from /opt/airflow/dags/to_gcs.py
[2024-07-02T00:11:45.510+0000] {logging_mixin.py:188} INFO - [2024-07-02T00:11:45.509+0000] {dag.py:3096} INFO - Sync 1 DAGs
[2024-07-02T00:11:45.524+0000] {logging_mixin.py:188} INFO - [2024-07-02T00:11:45.524+0000] {dag.py:3954} INFO - Setting next_dagrun for data_transfer_to_gcs to None, run_after=None
[2024-07-02T00:11:45.536+0000] {processor.py:183} INFO - Processing /opt/airflow/dags/to_gcs.py took 0.261 seconds
[2024-07-02T00:12:15.834+0000] {processor.py:161} INFO - Started process (PID=2614) to work on /opt/airflow/dags/to_gcs.py
[2024-07-02T00:12:15.835+0000] {processor.py:830} INFO - Processing file /opt/airflow/dags/to_gcs.py for tasks to queue
[2024-07-02T00:12:15.837+0000] {logging_mixin.py:188} INFO - [2024-07-02T00:12:15.836+0000] {dagbag.py:545} INFO - Filling up the DagBag from /opt/airflow/dags/to_gcs.py
[2024-07-02T00:12:16.005+0000] {processor.py:840} INFO - DAG(s) 'data_transfer_to_gcs' retrieved from /opt/airflow/dags/to_gcs.py
[2024-07-02T00:12:16.019+0000] {logging_mixin.py:188} INFO - [2024-07-02T00:12:16.019+0000] {dag.py:3096} INFO - Sync 1 DAGs
[2024-07-02T00:12:16.033+0000] {logging_mixin.py:188} INFO - [2024-07-02T00:12:16.033+0000] {dag.py:3954} INFO - Setting next_dagrun for data_transfer_to_gcs to None, run_after=None
[2024-07-02T00:12:16.046+0000] {processor.py:183} INFO - Processing /opt/airflow/dags/to_gcs.py took 0.217 seconds
[2024-07-02T00:12:46.340+0000] {processor.py:161} INFO - Started process (PID=2631) to work on /opt/airflow/dags/to_gcs.py
[2024-07-02T00:12:46.340+0000] {processor.py:830} INFO - Processing file /opt/airflow/dags/to_gcs.py for tasks to queue
[2024-07-02T00:12:46.342+0000] {logging_mixin.py:188} INFO - [2024-07-02T00:12:46.341+0000] {dagbag.py:545} INFO - Filling up the DagBag from /opt/airflow/dags/to_gcs.py
[2024-07-02T00:12:46.506+0000] {processor.py:840} INFO - DAG(s) 'data_transfer_to_gcs' retrieved from /opt/airflow/dags/to_gcs.py
[2024-07-02T00:12:46.529+0000] {logging_mixin.py:188} INFO - [2024-07-02T00:12:46.529+0000] {dag.py:3096} INFO - Sync 1 DAGs
[2024-07-02T00:12:46.551+0000] {logging_mixin.py:188} INFO - [2024-07-02T00:12:46.551+0000] {dag.py:3954} INFO - Setting next_dagrun for data_transfer_to_gcs to None, run_after=None
[2024-07-02T00:12:46.571+0000] {processor.py:183} INFO - Processing /opt/airflow/dags/to_gcs.py took 0.234 seconds
[2024-07-02T00:13:16.883+0000] {processor.py:161} INFO - Started process (PID=2648) to work on /opt/airflow/dags/to_gcs.py
[2024-07-02T00:13:16.884+0000] {processor.py:830} INFO - Processing file /opt/airflow/dags/to_gcs.py for tasks to queue
[2024-07-02T00:13:16.887+0000] {logging_mixin.py:188} INFO - [2024-07-02T00:13:16.886+0000] {dagbag.py:545} INFO - Filling up the DagBag from /opt/airflow/dags/to_gcs.py
[2024-07-02T00:13:17.053+0000] {processor.py:840} INFO - DAG(s) 'data_transfer_to_gcs' retrieved from /opt/airflow/dags/to_gcs.py
[2024-07-02T00:13:17.069+0000] {logging_mixin.py:188} INFO - [2024-07-02T00:13:17.068+0000] {dag.py:3096} INFO - Sync 1 DAGs
[2024-07-02T00:13:17.083+0000] {logging_mixin.py:188} INFO - [2024-07-02T00:13:17.083+0000] {dag.py:3954} INFO - Setting next_dagrun for data_transfer_to_gcs to None, run_after=None
[2024-07-02T00:13:17.097+0000] {processor.py:183} INFO - Processing /opt/airflow/dags/to_gcs.py took 0.221 seconds
[2024-07-02T00:13:47.412+0000] {processor.py:161} INFO - Started process (PID=2665) to work on /opt/airflow/dags/to_gcs.py
[2024-07-02T00:13:47.414+0000] {processor.py:830} INFO - Processing file /opt/airflow/dags/to_gcs.py for tasks to queue
[2024-07-02T00:13:47.416+0000] {logging_mixin.py:188} INFO - [2024-07-02T00:13:47.416+0000] {dagbag.py:545} INFO - Filling up the DagBag from /opt/airflow/dags/to_gcs.py
[2024-07-02T00:13:47.584+0000] {processor.py:840} INFO - DAG(s) 'data_transfer_to_gcs' retrieved from /opt/airflow/dags/to_gcs.py
[2024-07-02T00:13:47.604+0000] {logging_mixin.py:188} INFO - [2024-07-02T00:13:47.603+0000] {dag.py:3096} INFO - Sync 1 DAGs
[2024-07-02T00:13:47.618+0000] {logging_mixin.py:188} INFO - [2024-07-02T00:13:47.618+0000] {dag.py:3954} INFO - Setting next_dagrun for data_transfer_to_gcs to None, run_after=None
[2024-07-02T00:13:47.637+0000] {processor.py:183} INFO - Processing /opt/airflow/dags/to_gcs.py took 0.233 seconds
[2024-07-02T00:14:17.942+0000] {processor.py:161} INFO - Started process (PID=2682) to work on /opt/airflow/dags/to_gcs.py
[2024-07-02T00:14:17.943+0000] {processor.py:830} INFO - Processing file /opt/airflow/dags/to_gcs.py for tasks to queue
[2024-07-02T00:14:17.945+0000] {logging_mixin.py:188} INFO - [2024-07-02T00:14:17.945+0000] {dagbag.py:545} INFO - Filling up the DagBag from /opt/airflow/dags/to_gcs.py
[2024-07-02T00:14:18.113+0000] {processor.py:840} INFO - DAG(s) 'data_transfer_to_gcs' retrieved from /opt/airflow/dags/to_gcs.py
[2024-07-02T00:14:18.129+0000] {logging_mixin.py:188} INFO - [2024-07-02T00:14:18.129+0000] {dag.py:3096} INFO - Sync 1 DAGs
[2024-07-02T00:14:18.141+0000] {logging_mixin.py:188} INFO - [2024-07-02T00:14:18.141+0000] {dag.py:3954} INFO - Setting next_dagrun for data_transfer_to_gcs to None, run_after=None
[2024-07-02T00:14:18.152+0000] {processor.py:183} INFO - Processing /opt/airflow/dags/to_gcs.py took 0.217 seconds
[2024-07-02T00:14:48.449+0000] {processor.py:161} INFO - Started process (PID=2699) to work on /opt/airflow/dags/to_gcs.py
[2024-07-02T00:14:48.451+0000] {processor.py:830} INFO - Processing file /opt/airflow/dags/to_gcs.py for tasks to queue
[2024-07-02T00:14:48.453+0000] {logging_mixin.py:188} INFO - [2024-07-02T00:14:48.452+0000] {dagbag.py:545} INFO - Filling up the DagBag from /opt/airflow/dags/to_gcs.py
[2024-07-02T00:14:48.616+0000] {processor.py:840} INFO - DAG(s) 'data_transfer_to_gcs' retrieved from /opt/airflow/dags/to_gcs.py
[2024-07-02T00:14:48.632+0000] {logging_mixin.py:188} INFO - [2024-07-02T00:14:48.632+0000] {dag.py:3096} INFO - Sync 1 DAGs
[2024-07-02T00:14:48.647+0000] {logging_mixin.py:188} INFO - [2024-07-02T00:14:48.647+0000] {dag.py:3954} INFO - Setting next_dagrun for data_transfer_to_gcs to None, run_after=None
[2024-07-02T00:14:48.664+0000] {processor.py:183} INFO - Processing /opt/airflow/dags/to_gcs.py took 0.224 seconds
[2024-07-02T00:15:18.975+0000] {processor.py:161} INFO - Started process (PID=2716) to work on /opt/airflow/dags/to_gcs.py
[2024-07-02T00:15:18.977+0000] {processor.py:830} INFO - Processing file /opt/airflow/dags/to_gcs.py for tasks to queue
[2024-07-02T00:15:18.978+0000] {logging_mixin.py:188} INFO - [2024-07-02T00:15:18.977+0000] {dagbag.py:545} INFO - Filling up the DagBag from /opt/airflow/dags/to_gcs.py
[2024-07-02T00:15:19.143+0000] {processor.py:840} INFO - DAG(s) 'data_transfer_to_gcs' retrieved from /opt/airflow/dags/to_gcs.py
[2024-07-02T00:15:19.158+0000] {logging_mixin.py:188} INFO - [2024-07-02T00:15:19.158+0000] {dag.py:3096} INFO - Sync 1 DAGs
[2024-07-02T00:15:19.172+0000] {logging_mixin.py:188} INFO - [2024-07-02T00:15:19.172+0000] {dag.py:3954} INFO - Setting next_dagrun for data_transfer_to_gcs to None, run_after=None
[2024-07-02T00:15:19.187+0000] {processor.py:183} INFO - Processing /opt/airflow/dags/to_gcs.py took 0.217 seconds
[2024-07-02T00:15:49.484+0000] {processor.py:161} INFO - Started process (PID=2733) to work on /opt/airflow/dags/to_gcs.py
[2024-07-02T00:15:49.486+0000] {processor.py:830} INFO - Processing file /opt/airflow/dags/to_gcs.py for tasks to queue
[2024-07-02T00:15:49.488+0000] {logging_mixin.py:188} INFO - [2024-07-02T00:15:49.488+0000] {dagbag.py:545} INFO - Filling up the DagBag from /opt/airflow/dags/to_gcs.py
[2024-07-02T00:15:49.661+0000] {processor.py:840} INFO - DAG(s) 'data_transfer_to_gcs' retrieved from /opt/airflow/dags/to_gcs.py
[2024-07-02T00:15:49.678+0000] {logging_mixin.py:188} INFO - [2024-07-02T00:15:49.678+0000] {dag.py:3096} INFO - Sync 1 DAGs
[2024-07-02T00:15:49.692+0000] {logging_mixin.py:188} INFO - [2024-07-02T00:15:49.692+0000] {dag.py:3954} INFO - Setting next_dagrun for data_transfer_to_gcs to None, run_after=None
[2024-07-02T00:15:49.710+0000] {processor.py:183} INFO - Processing /opt/airflow/dags/to_gcs.py took 0.235 seconds
[2024-07-02T00:16:19.989+0000] {processor.py:161} INFO - Started process (PID=2750) to work on /opt/airflow/dags/to_gcs.py
[2024-07-02T00:16:19.990+0000] {processor.py:830} INFO - Processing file /opt/airflow/dags/to_gcs.py for tasks to queue
[2024-07-02T00:16:19.992+0000] {logging_mixin.py:188} INFO - [2024-07-02T00:16:19.992+0000] {dagbag.py:545} INFO - Filling up the DagBag from /opt/airflow/dags/to_gcs.py
[2024-07-02T00:16:20.244+0000] {processor.py:840} INFO - DAG(s) 'data_transfer_to_gcs' retrieved from /opt/airflow/dags/to_gcs.py
[2024-07-02T00:16:20.266+0000] {logging_mixin.py:188} INFO - [2024-07-02T00:16:20.266+0000] {dag.py:3096} INFO - Sync 1 DAGs
[2024-07-02T00:16:20.288+0000] {logging_mixin.py:188} INFO - [2024-07-02T00:16:20.288+0000] {dag.py:3954} INFO - Setting next_dagrun for data_transfer_to_gcs to None, run_after=None
[2024-07-02T00:16:20.307+0000] {processor.py:183} INFO - Processing /opt/airflow/dags/to_gcs.py took 0.324 seconds
[2024-07-02T00:16:50.608+0000] {processor.py:161} INFO - Started process (PID=2767) to work on /opt/airflow/dags/to_gcs.py
[2024-07-02T00:16:50.609+0000] {processor.py:830} INFO - Processing file /opt/airflow/dags/to_gcs.py for tasks to queue
[2024-07-02T00:16:50.613+0000] {logging_mixin.py:188} INFO - [2024-07-02T00:16:50.613+0000] {dagbag.py:545} INFO - Filling up the DagBag from /opt/airflow/dags/to_gcs.py
[2024-07-02T00:16:50.798+0000] {processor.py:840} INFO - DAG(s) 'data_transfer_to_gcs' retrieved from /opt/airflow/dags/to_gcs.py
[2024-07-02T00:16:50.820+0000] {logging_mixin.py:188} INFO - [2024-07-02T00:16:50.819+0000] {dag.py:3096} INFO - Sync 1 DAGs
[2024-07-02T00:16:50.838+0000] {logging_mixin.py:188} INFO - [2024-07-02T00:16:50.837+0000] {dag.py:3954} INFO - Setting next_dagrun for data_transfer_to_gcs to None, run_after=None
[2024-07-02T00:16:50.855+0000] {processor.py:183} INFO - Processing /opt/airflow/dags/to_gcs.py took 0.256 seconds
[2024-07-02T00:17:21.170+0000] {processor.py:161} INFO - Started process (PID=2784) to work on /opt/airflow/dags/to_gcs.py
[2024-07-02T00:17:21.172+0000] {processor.py:830} INFO - Processing file /opt/airflow/dags/to_gcs.py for tasks to queue
[2024-07-02T00:17:21.173+0000] {logging_mixin.py:188} INFO - [2024-07-02T00:17:21.173+0000] {dagbag.py:545} INFO - Filling up the DagBag from /opt/airflow/dags/to_gcs.py
[2024-07-02T00:17:21.338+0000] {processor.py:840} INFO - DAG(s) 'data_transfer_to_gcs' retrieved from /opt/airflow/dags/to_gcs.py
[2024-07-02T00:17:21.352+0000] {logging_mixin.py:188} INFO - [2024-07-02T00:17:21.352+0000] {dag.py:3096} INFO - Sync 1 DAGs
[2024-07-02T00:17:21.364+0000] {logging_mixin.py:188} INFO - [2024-07-02T00:17:21.364+0000] {dag.py:3954} INFO - Setting next_dagrun for data_transfer_to_gcs to None, run_after=None
[2024-07-02T00:17:21.375+0000] {processor.py:183} INFO - Processing /opt/airflow/dags/to_gcs.py took 0.213 seconds
[2024-07-02T00:17:51.661+0000] {processor.py:161} INFO - Started process (PID=2796) to work on /opt/airflow/dags/to_gcs.py
[2024-07-02T00:17:51.663+0000] {processor.py:830} INFO - Processing file /opt/airflow/dags/to_gcs.py for tasks to queue
[2024-07-02T00:17:51.664+0000] {logging_mixin.py:188} INFO - [2024-07-02T00:17:51.663+0000] {dagbag.py:545} INFO - Filling up the DagBag from /opt/airflow/dags/to_gcs.py
[2024-07-02T00:17:51.849+0000] {processor.py:840} INFO - DAG(s) 'data_transfer_to_gcs' retrieved from /opt/airflow/dags/to_gcs.py
[2024-07-02T00:17:51.869+0000] {logging_mixin.py:188} INFO - [2024-07-02T00:17:51.869+0000] {dag.py:3096} INFO - Sync 1 DAGs
[2024-07-02T00:17:51.882+0000] {logging_mixin.py:188} INFO - [2024-07-02T00:17:51.882+0000] {dag.py:3954} INFO - Setting next_dagrun for data_transfer_to_gcs to None, run_after=None
[2024-07-02T00:17:51.890+0000] {processor.py:183} INFO - Processing /opt/airflow/dags/to_gcs.py took 0.237 seconds
