[2024-07-01T12:25:10.974+0000] {processor.py:161} INFO - Started process (PID=198) to work on /opt/airflow/dags/data_transfer_mysql.py
[2024-07-01T12:25:10.975+0000] {processor.py:830} INFO - Processing file /opt/airflow/dags/data_transfer_mysql.py for tasks to queue
[2024-07-01T12:25:10.976+0000] {logging_mixin.py:188} INFO - [2024-07-01T12:25:10.976+0000] {dagbag.py:545} INFO - Filling up the DagBag from /opt/airflow/dags/data_transfer_mysql.py
[2024-07-01T12:25:11.172+0000] {processor.py:840} INFO - DAG(s) 'data_transfer_to_mysql' retrieved from /opt/airflow/dags/data_transfer_mysql.py
[2024-07-01T12:25:11.182+0000] {logging_mixin.py:188} INFO - [2024-07-01T12:25:11.182+0000] {dag.py:3096} INFO - Sync 1 DAGs
[2024-07-01T12:25:11.199+0000] {logging_mixin.py:188} INFO - [2024-07-01T12:25:11.199+0000] {dag.py:3954} INFO - Setting next_dagrun for data_transfer_to_mysql to 2024-07-01 17:00:00+00:00, run_after=2024-07-02 17:00:00+00:00
[2024-07-01T12:25:11.210+0000] {processor.py:183} INFO - Processing /opt/airflow/dags/data_transfer_mysql.py took 0.239 seconds
[2024-07-01T12:25:41.453+0000] {processor.py:161} INFO - Started process (PID=210) to work on /opt/airflow/dags/data_transfer_mysql.py
[2024-07-01T12:25:41.454+0000] {processor.py:830} INFO - Processing file /opt/airflow/dags/data_transfer_mysql.py for tasks to queue
[2024-07-01T12:25:41.456+0000] {logging_mixin.py:188} INFO - [2024-07-01T12:25:41.455+0000] {dagbag.py:545} INFO - Filling up the DagBag from /opt/airflow/dags/data_transfer_mysql.py
[2024-07-01T12:25:41.625+0000] {processor.py:840} INFO - DAG(s) 'data_transfer_to_mysql' retrieved from /opt/airflow/dags/data_transfer_mysql.py
[2024-07-01T12:25:41.686+0000] {logging_mixin.py:188} INFO - [2024-07-01T12:25:41.686+0000] {dag.py:3096} INFO - Sync 1 DAGs
[2024-07-01T12:25:41.697+0000] {logging_mixin.py:188} INFO - [2024-07-01T12:25:41.697+0000] {dag.py:3954} INFO - Setting next_dagrun for data_transfer_to_mysql to 2024-07-01 17:00:00+00:00, run_after=2024-07-02 17:00:00+00:00
[2024-07-01T12:25:41.709+0000] {processor.py:183} INFO - Processing /opt/airflow/dags/data_transfer_mysql.py took 0.260 seconds
[2024-07-01T12:26:11.981+0000] {processor.py:161} INFO - Started process (PID=222) to work on /opt/airflow/dags/data_transfer_mysql.py
[2024-07-01T12:26:11.982+0000] {processor.py:830} INFO - Processing file /opt/airflow/dags/data_transfer_mysql.py for tasks to queue
[2024-07-01T12:26:11.982+0000] {logging_mixin.py:188} INFO - [2024-07-01T12:26:11.982+0000] {dagbag.py:545} INFO - Filling up the DagBag from /opt/airflow/dags/data_transfer_mysql.py
[2024-07-01T12:26:12.168+0000] {processor.py:840} INFO - DAG(s) 'data_transfer_to_mysql' retrieved from /opt/airflow/dags/data_transfer_mysql.py
[2024-07-01T12:26:12.232+0000] {logging_mixin.py:188} INFO - [2024-07-01T12:26:12.232+0000] {dag.py:3096} INFO - Sync 1 DAGs
[2024-07-01T12:26:12.245+0000] {logging_mixin.py:188} INFO - [2024-07-01T12:26:12.245+0000] {dag.py:3954} INFO - Setting next_dagrun for data_transfer_to_mysql to 2024-07-01 17:00:00+00:00, run_after=2024-07-02 17:00:00+00:00
[2024-07-01T12:26:12.261+0000] {processor.py:183} INFO - Processing /opt/airflow/dags/data_transfer_mysql.py took 0.284 seconds
[2024-07-01T12:26:42.517+0000] {processor.py:161} INFO - Started process (PID=234) to work on /opt/airflow/dags/data_transfer_mysql.py
[2024-07-01T12:26:42.521+0000] {processor.py:830} INFO - Processing file /opt/airflow/dags/data_transfer_mysql.py for tasks to queue
[2024-07-01T12:26:42.522+0000] {logging_mixin.py:188} INFO - [2024-07-01T12:26:42.522+0000] {dagbag.py:545} INFO - Filling up the DagBag from /opt/airflow/dags/data_transfer_mysql.py
[2024-07-01T12:26:42.707+0000] {processor.py:840} INFO - DAG(s) 'data_transfer_to_mysql' retrieved from /opt/airflow/dags/data_transfer_mysql.py
[2024-07-01T12:26:42.784+0000] {logging_mixin.py:188} INFO - [2024-07-01T12:26:42.783+0000] {dag.py:3096} INFO - Sync 1 DAGs
[2024-07-01T12:26:42.798+0000] {logging_mixin.py:188} INFO - [2024-07-01T12:26:42.798+0000] {dag.py:3954} INFO - Setting next_dagrun for data_transfer_to_mysql to 2024-07-01 17:00:00+00:00, run_after=2024-07-02 17:00:00+00:00
[2024-07-01T12:26:42.811+0000] {processor.py:183} INFO - Processing /opt/airflow/dags/data_transfer_mysql.py took 0.298 seconds
[2024-07-01T12:27:13.056+0000] {processor.py:161} INFO - Started process (PID=246) to work on /opt/airflow/dags/data_transfer_mysql.py
[2024-07-01T12:27:13.058+0000] {processor.py:830} INFO - Processing file /opt/airflow/dags/data_transfer_mysql.py for tasks to queue
[2024-07-01T12:27:13.061+0000] {logging_mixin.py:188} INFO - [2024-07-01T12:27:13.061+0000] {dagbag.py:545} INFO - Filling up the DagBag from /opt/airflow/dags/data_transfer_mysql.py
[2024-07-01T12:27:13.255+0000] {processor.py:840} INFO - DAG(s) 'data_transfer_to_mysql' retrieved from /opt/airflow/dags/data_transfer_mysql.py
[2024-07-01T12:27:13.329+0000] {logging_mixin.py:188} INFO - [2024-07-01T12:27:13.328+0000] {dag.py:3096} INFO - Sync 1 DAGs
[2024-07-01T12:27:13.342+0000] {logging_mixin.py:188} INFO - [2024-07-01T12:27:13.342+0000] {dag.py:3954} INFO - Setting next_dagrun for data_transfer_to_mysql to 2024-07-01 17:00:00+00:00, run_after=2024-07-02 17:00:00+00:00
[2024-07-01T12:27:13.355+0000] {processor.py:183} INFO - Processing /opt/airflow/dags/data_transfer_mysql.py took 0.312 seconds
[2024-07-01T12:27:43.654+0000] {processor.py:161} INFO - Started process (PID=258) to work on /opt/airflow/dags/data_transfer_mysql.py
[2024-07-01T12:27:43.655+0000] {processor.py:830} INFO - Processing file /opt/airflow/dags/data_transfer_mysql.py for tasks to queue
[2024-07-01T12:27:43.656+0000] {logging_mixin.py:188} INFO - [2024-07-01T12:27:43.655+0000] {dagbag.py:545} INFO - Filling up the DagBag from /opt/airflow/dags/data_transfer_mysql.py
[2024-07-01T12:27:43.828+0000] {processor.py:840} INFO - DAG(s) 'data_transfer_to_mysql' retrieved from /opt/airflow/dags/data_transfer_mysql.py
[2024-07-01T12:27:43.908+0000] {logging_mixin.py:188} INFO - [2024-07-01T12:27:43.908+0000] {dag.py:3096} INFO - Sync 1 DAGs
[2024-07-01T12:27:43.921+0000] {logging_mixin.py:188} INFO - [2024-07-01T12:27:43.921+0000] {dag.py:3954} INFO - Setting next_dagrun for data_transfer_to_mysql to 2024-07-01 17:00:00+00:00, run_after=2024-07-02 17:00:00+00:00
[2024-07-01T12:27:43.940+0000] {processor.py:183} INFO - Processing /opt/airflow/dags/data_transfer_mysql.py took 0.291 seconds
[2024-07-01T12:28:14.179+0000] {processor.py:161} INFO - Started process (PID=270) to work on /opt/airflow/dags/data_transfer_mysql.py
[2024-07-01T12:28:14.180+0000] {processor.py:830} INFO - Processing file /opt/airflow/dags/data_transfer_mysql.py for tasks to queue
[2024-07-01T12:28:14.182+0000] {logging_mixin.py:188} INFO - [2024-07-01T12:28:14.181+0000] {dagbag.py:545} INFO - Filling up the DagBag from /opt/airflow/dags/data_transfer_mysql.py
[2024-07-01T12:28:14.344+0000] {processor.py:840} INFO - DAG(s) 'data_transfer_to_mysql' retrieved from /opt/airflow/dags/data_transfer_mysql.py
[2024-07-01T12:28:14.401+0000] {logging_mixin.py:188} INFO - [2024-07-01T12:28:14.401+0000] {dag.py:3096} INFO - Sync 1 DAGs
[2024-07-01T12:28:14.413+0000] {logging_mixin.py:188} INFO - [2024-07-01T12:28:14.412+0000] {dag.py:3954} INFO - Setting next_dagrun for data_transfer_to_mysql to 2024-07-01 17:00:00+00:00, run_after=2024-07-02 17:00:00+00:00
[2024-07-01T12:28:14.422+0000] {processor.py:183} INFO - Processing /opt/airflow/dags/data_transfer_mysql.py took 0.250 seconds
[2024-07-01T12:28:44.688+0000] {processor.py:161} INFO - Started process (PID=282) to work on /opt/airflow/dags/data_transfer_mysql.py
[2024-07-01T12:28:44.689+0000] {processor.py:830} INFO - Processing file /opt/airflow/dags/data_transfer_mysql.py for tasks to queue
[2024-07-01T12:28:44.689+0000] {logging_mixin.py:188} INFO - [2024-07-01T12:28:44.689+0000] {dagbag.py:545} INFO - Filling up the DagBag from /opt/airflow/dags/data_transfer_mysql.py
[2024-07-01T12:28:44.866+0000] {processor.py:840} INFO - DAG(s) 'data_transfer_to_mysql' retrieved from /opt/airflow/dags/data_transfer_mysql.py
[2024-07-01T12:28:44.942+0000] {logging_mixin.py:188} INFO - [2024-07-01T12:28:44.942+0000] {dag.py:3096} INFO - Sync 1 DAGs
[2024-07-01T12:28:44.957+0000] {logging_mixin.py:188} INFO - [2024-07-01T12:28:44.957+0000] {dag.py:3954} INFO - Setting next_dagrun for data_transfer_to_mysql to 2024-07-01 17:00:00+00:00, run_after=2024-07-02 17:00:00+00:00
[2024-07-01T12:28:44.976+0000] {processor.py:183} INFO - Processing /opt/airflow/dags/data_transfer_mysql.py took 0.291 seconds
[2024-07-01T12:29:15.198+0000] {processor.py:161} INFO - Started process (PID=294) to work on /opt/airflow/dags/data_transfer_mysql.py
[2024-07-01T12:29:15.199+0000] {processor.py:830} INFO - Processing file /opt/airflow/dags/data_transfer_mysql.py for tasks to queue
[2024-07-01T12:29:15.200+0000] {logging_mixin.py:188} INFO - [2024-07-01T12:29:15.200+0000] {dagbag.py:545} INFO - Filling up the DagBag from /opt/airflow/dags/data_transfer_mysql.py
[2024-07-01T12:29:15.372+0000] {processor.py:840} INFO - DAG(s) 'data_transfer_to_mysql' retrieved from /opt/airflow/dags/data_transfer_mysql.py
[2024-07-01T12:29:15.435+0000] {logging_mixin.py:188} INFO - [2024-07-01T12:29:15.435+0000] {dag.py:3096} INFO - Sync 1 DAGs
[2024-07-01T12:29:15.446+0000] {logging_mixin.py:188} INFO - [2024-07-01T12:29:15.446+0000] {dag.py:3954} INFO - Setting next_dagrun for data_transfer_to_mysql to 2024-07-01 17:00:00+00:00, run_after=2024-07-02 17:00:00+00:00
[2024-07-01T12:29:15.461+0000] {processor.py:183} INFO - Processing /opt/airflow/dags/data_transfer_mysql.py took 0.267 seconds
[2024-07-01T12:29:45.684+0000] {processor.py:161} INFO - Started process (PID=306) to work on /opt/airflow/dags/data_transfer_mysql.py
[2024-07-01T12:29:45.685+0000] {processor.py:830} INFO - Processing file /opt/airflow/dags/data_transfer_mysql.py for tasks to queue
[2024-07-01T12:29:45.686+0000] {logging_mixin.py:188} INFO - [2024-07-01T12:29:45.686+0000] {dagbag.py:545} INFO - Filling up the DagBag from /opt/airflow/dags/data_transfer_mysql.py
[2024-07-01T12:29:45.872+0000] {processor.py:840} INFO - DAG(s) 'data_transfer_to_mysql' retrieved from /opt/airflow/dags/data_transfer_mysql.py
[2024-07-01T12:29:45.935+0000] {logging_mixin.py:188} INFO - [2024-07-01T12:29:45.935+0000] {dag.py:3096} INFO - Sync 1 DAGs
[2024-07-01T12:29:45.947+0000] {logging_mixin.py:188} INFO - [2024-07-01T12:29:45.947+0000] {dag.py:3954} INFO - Setting next_dagrun for data_transfer_to_mysql to 2024-07-01 17:00:00+00:00, run_after=2024-07-02 17:00:00+00:00
[2024-07-01T12:29:45.959+0000] {processor.py:183} INFO - Processing /opt/airflow/dags/data_transfer_mysql.py took 0.279 seconds
[2024-07-01T12:30:16.222+0000] {processor.py:161} INFO - Started process (PID=318) to work on /opt/airflow/dags/data_transfer_mysql.py
[2024-07-01T12:30:16.223+0000] {processor.py:830} INFO - Processing file /opt/airflow/dags/data_transfer_mysql.py for tasks to queue
[2024-07-01T12:30:16.225+0000] {logging_mixin.py:188} INFO - [2024-07-01T12:30:16.225+0000] {dagbag.py:545} INFO - Filling up the DagBag from /opt/airflow/dags/data_transfer_mysql.py
[2024-07-01T12:30:16.389+0000] {processor.py:840} INFO - DAG(s) 'data_transfer_to_mysql' retrieved from /opt/airflow/dags/data_transfer_mysql.py
[2024-07-01T12:30:16.463+0000] {logging_mixin.py:188} INFO - [2024-07-01T12:30:16.463+0000] {dag.py:3096} INFO - Sync 1 DAGs
[2024-07-01T12:30:16.479+0000] {logging_mixin.py:188} INFO - [2024-07-01T12:30:16.479+0000] {dag.py:3954} INFO - Setting next_dagrun for data_transfer_to_mysql to 2024-07-01 17:00:00+00:00, run_after=2024-07-02 17:00:00+00:00
[2024-07-01T12:30:16.493+0000] {processor.py:183} INFO - Processing /opt/airflow/dags/data_transfer_mysql.py took 0.276 seconds
[2024-07-01T12:30:46.704+0000] {processor.py:161} INFO - Started process (PID=330) to work on /opt/airflow/dags/data_transfer_mysql.py
[2024-07-01T12:30:46.704+0000] {processor.py:830} INFO - Processing file /opt/airflow/dags/data_transfer_mysql.py for tasks to queue
[2024-07-01T12:30:46.705+0000] {logging_mixin.py:188} INFO - [2024-07-01T12:30:46.705+0000] {dagbag.py:545} INFO - Filling up the DagBag from /opt/airflow/dags/data_transfer_mysql.py
[2024-07-01T12:30:46.871+0000] {processor.py:840} INFO - DAG(s) 'data_transfer_to_mysql' retrieved from /opt/airflow/dags/data_transfer_mysql.py
[2024-07-01T12:30:46.936+0000] {logging_mixin.py:188} INFO - [2024-07-01T12:30:46.935+0000] {dag.py:3096} INFO - Sync 1 DAGs
[2024-07-01T12:30:46.948+0000] {logging_mixin.py:188} INFO - [2024-07-01T12:30:46.947+0000] {dag.py:3954} INFO - Setting next_dagrun for data_transfer_to_mysql to 2024-07-01 17:00:00+00:00, run_after=2024-07-02 17:00:00+00:00
[2024-07-01T12:30:46.962+0000] {processor.py:183} INFO - Processing /opt/airflow/dags/data_transfer_mysql.py took 0.265 seconds
[2024-07-01T12:31:17.229+0000] {processor.py:161} INFO - Started process (PID=342) to work on /opt/airflow/dags/data_transfer_mysql.py
[2024-07-01T12:31:17.230+0000] {processor.py:830} INFO - Processing file /opt/airflow/dags/data_transfer_mysql.py for tasks to queue
[2024-07-01T12:31:17.232+0000] {logging_mixin.py:188} INFO - [2024-07-01T12:31:17.231+0000] {dagbag.py:545} INFO - Filling up the DagBag from /opt/airflow/dags/data_transfer_mysql.py
[2024-07-01T12:31:17.442+0000] {processor.py:840} INFO - DAG(s) 'data_transfer_to_mysql' retrieved from /opt/airflow/dags/data_transfer_mysql.py
[2024-07-01T12:31:17.505+0000] {logging_mixin.py:188} INFO - [2024-07-01T12:31:17.505+0000] {dag.py:3096} INFO - Sync 1 DAGs
[2024-07-01T12:31:17.518+0000] {logging_mixin.py:188} INFO - [2024-07-01T12:31:17.518+0000] {dag.py:3954} INFO - Setting next_dagrun for data_transfer_to_mysql to 2024-07-01 17:00:00+00:00, run_after=2024-07-02 17:00:00+00:00
[2024-07-01T12:31:17.529+0000] {processor.py:183} INFO - Processing /opt/airflow/dags/data_transfer_mysql.py took 0.310 seconds
