[2024-07-01T12:25:10.975+0000] {processor.py:161} INFO - Started process (PID=195) to work on /opt/airflow/dags/to_gcs.py
[2024-07-01T12:25:10.975+0000] {processor.py:830} INFO - Processing file /opt/airflow/dags/to_gcs.py for tasks to queue
[2024-07-01T12:25:10.976+0000] {logging_mixin.py:188} INFO - [2024-07-01T12:25:10.976+0000] {dagbag.py:545} INFO - Filling up the DagBag from /opt/airflow/dags/to_gcs.py
[2024-07-01T12:25:11.143+0000] {processor.py:840} INFO - DAG(s) 'data_transfer_to_gcs' retrieved from /opt/airflow/dags/to_gcs.py
[2024-07-01T12:25:11.153+0000] {logging_mixin.py:188} INFO - [2024-07-01T12:25:11.152+0000] {dag.py:3096} INFO - Sync 1 DAGs
[2024-07-01T12:25:11.176+0000] {logging_mixin.py:188} INFO - [2024-07-01T12:25:11.176+0000] {dag.py:3954} INFO - Setting next_dagrun for data_transfer_to_gcs to None, run_after=None
[2024-07-01T12:25:11.186+0000] {processor.py:183} INFO - Processing /opt/airflow/dags/to_gcs.py took 0.217 seconds
[2024-07-01T12:25:41.451+0000] {processor.py:161} INFO - Started process (PID=207) to work on /opt/airflow/dags/to_gcs.py
[2024-07-01T12:25:41.454+0000] {processor.py:830} INFO - Processing file /opt/airflow/dags/to_gcs.py for tasks to queue
[2024-07-01T12:25:41.455+0000] {logging_mixin.py:188} INFO - [2024-07-01T12:25:41.455+0000] {dagbag.py:545} INFO - Filling up the DagBag from /opt/airflow/dags/to_gcs.py
[2024-07-01T12:25:41.632+0000] {processor.py:840} INFO - DAG(s) 'data_transfer_to_gcs' retrieved from /opt/airflow/dags/to_gcs.py
[2024-07-01T12:25:41.692+0000] {logging_mixin.py:188} INFO - [2024-07-01T12:25:41.692+0000] {dag.py:3096} INFO - Sync 1 DAGs
[2024-07-01T12:25:41.704+0000] {logging_mixin.py:188} INFO - [2024-07-01T12:25:41.704+0000] {dag.py:3954} INFO - Setting next_dagrun for data_transfer_to_gcs to None, run_after=None
[2024-07-01T12:25:41.717+0000] {processor.py:183} INFO - Processing /opt/airflow/dags/to_gcs.py took 0.272 seconds
[2024-07-01T12:26:11.977+0000] {processor.py:161} INFO - Started process (PID=219) to work on /opt/airflow/dags/to_gcs.py
[2024-07-01T12:26:11.979+0000] {processor.py:830} INFO - Processing file /opt/airflow/dags/to_gcs.py for tasks to queue
[2024-07-01T12:26:11.981+0000] {logging_mixin.py:188} INFO - [2024-07-01T12:26:11.980+0000] {dagbag.py:545} INFO - Filling up the DagBag from /opt/airflow/dags/to_gcs.py
[2024-07-01T12:26:12.197+0000] {processor.py:840} INFO - DAG(s) 'data_transfer_to_gcs' retrieved from /opt/airflow/dags/to_gcs.py
[2024-07-01T12:26:12.212+0000] {logging_mixin.py:188} INFO - [2024-07-01T12:26:12.212+0000] {dag.py:3096} INFO - Sync 1 DAGs
[2024-07-01T12:26:12.226+0000] {logging_mixin.py:188} INFO - [2024-07-01T12:26:12.226+0000] {dag.py:3954} INFO - Setting next_dagrun for data_transfer_to_gcs to None, run_after=None
[2024-07-01T12:26:12.238+0000] {processor.py:183} INFO - Processing /opt/airflow/dags/to_gcs.py took 0.269 seconds
[2024-07-01T12:26:42.516+0000] {processor.py:161} INFO - Started process (PID=231) to work on /opt/airflow/dags/to_gcs.py
[2024-07-01T12:26:42.518+0000] {processor.py:830} INFO - Processing file /opt/airflow/dags/to_gcs.py for tasks to queue
[2024-07-01T12:26:42.519+0000] {logging_mixin.py:188} INFO - [2024-07-01T12:26:42.519+0000] {dagbag.py:545} INFO - Filling up the DagBag from /opt/airflow/dags/to_gcs.py
[2024-07-01T12:26:42.699+0000] {processor.py:840} INFO - DAG(s) 'data_transfer_to_gcs' retrieved from /opt/airflow/dags/to_gcs.py
[2024-07-01T12:26:42.714+0000] {logging_mixin.py:188} INFO - [2024-07-01T12:26:42.714+0000] {dag.py:3096} INFO - Sync 1 DAGs
[2024-07-01T12:26:42.727+0000] {logging_mixin.py:188} INFO - [2024-07-01T12:26:42.726+0000] {dag.py:3954} INFO - Setting next_dagrun for data_transfer_to_gcs to None, run_after=None
[2024-07-01T12:26:42.740+0000] {processor.py:183} INFO - Processing /opt/airflow/dags/to_gcs.py took 0.230 seconds
[2024-07-01T12:27:13.037+0000] {processor.py:161} INFO - Started process (PID=243) to work on /opt/airflow/dags/to_gcs.py
[2024-07-01T12:27:13.040+0000] {processor.py:830} INFO - Processing file /opt/airflow/dags/to_gcs.py for tasks to queue
[2024-07-01T12:27:13.044+0000] {logging_mixin.py:188} INFO - [2024-07-01T12:27:13.043+0000] {dagbag.py:545} INFO - Filling up the DagBag from /opt/airflow/dags/to_gcs.py
[2024-07-01T12:27:13.290+0000] {processor.py:840} INFO - DAG(s) 'data_transfer_to_gcs' retrieved from /opt/airflow/dags/to_gcs.py
[2024-07-01T12:27:13.307+0000] {logging_mixin.py:188} INFO - [2024-07-01T12:27:13.307+0000] {dag.py:3096} INFO - Sync 1 DAGs
[2024-07-01T12:27:13.322+0000] {logging_mixin.py:188} INFO - [2024-07-01T12:27:13.322+0000] {dag.py:3954} INFO - Setting next_dagrun for data_transfer_to_gcs to None, run_after=None
[2024-07-01T12:27:13.337+0000] {processor.py:183} INFO - Processing /opt/airflow/dags/to_gcs.py took 0.311 seconds
[2024-07-01T12:27:43.646+0000] {processor.py:161} INFO - Started process (PID=255) to work on /opt/airflow/dags/to_gcs.py
[2024-07-01T12:27:43.649+0000] {processor.py:830} INFO - Processing file /opt/airflow/dags/to_gcs.py for tasks to queue
[2024-07-01T12:27:43.651+0000] {logging_mixin.py:188} INFO - [2024-07-01T12:27:43.651+0000] {dagbag.py:545} INFO - Filling up the DagBag from /opt/airflow/dags/to_gcs.py
[2024-07-01T12:27:43.832+0000] {processor.py:840} INFO - DAG(s) 'data_transfer_to_gcs' retrieved from /opt/airflow/dags/to_gcs.py
[2024-07-01T12:27:43.856+0000] {logging_mixin.py:188} INFO - [2024-07-01T12:27:43.855+0000] {dag.py:3096} INFO - Sync 1 DAGs
[2024-07-01T12:27:43.869+0000] {logging_mixin.py:188} INFO - [2024-07-01T12:27:43.869+0000] {dag.py:3954} INFO - Setting next_dagrun for data_transfer_to_gcs to None, run_after=None
[2024-07-01T12:27:43.882+0000] {processor.py:183} INFO - Processing /opt/airflow/dags/to_gcs.py took 0.243 seconds
[2024-07-01T12:28:14.176+0000] {processor.py:161} INFO - Started process (PID=267) to work on /opt/airflow/dags/to_gcs.py
[2024-07-01T12:28:14.178+0000] {processor.py:830} INFO - Processing file /opt/airflow/dags/to_gcs.py for tasks to queue
[2024-07-01T12:28:14.180+0000] {logging_mixin.py:188} INFO - [2024-07-01T12:28:14.180+0000] {dagbag.py:545} INFO - Filling up the DagBag from /opt/airflow/dags/to_gcs.py
[2024-07-01T12:28:14.354+0000] {processor.py:840} INFO - DAG(s) 'data_transfer_to_gcs' retrieved from /opt/airflow/dags/to_gcs.py
[2024-07-01T12:28:14.367+0000] {logging_mixin.py:188} INFO - [2024-07-01T12:28:14.367+0000] {dag.py:3096} INFO - Sync 1 DAGs
[2024-07-01T12:28:14.380+0000] {logging_mixin.py:188} INFO - [2024-07-01T12:28:14.380+0000] {dag.py:3954} INFO - Setting next_dagrun for data_transfer_to_gcs to None, run_after=None
[2024-07-01T12:28:14.395+0000] {processor.py:183} INFO - Processing /opt/airflow/dags/to_gcs.py took 0.227 seconds
[2024-07-01T12:28:44.687+0000] {processor.py:161} INFO - Started process (PID=279) to work on /opt/airflow/dags/to_gcs.py
[2024-07-01T12:28:44.689+0000] {processor.py:830} INFO - Processing file /opt/airflow/dags/to_gcs.py for tasks to queue
[2024-07-01T12:28:44.689+0000] {logging_mixin.py:188} INFO - [2024-07-01T12:28:44.689+0000] {dagbag.py:545} INFO - Filling up the DagBag from /opt/airflow/dags/to_gcs.py
[2024-07-01T12:28:44.862+0000] {processor.py:840} INFO - DAG(s) 'data_transfer_to_gcs' retrieved from /opt/airflow/dags/to_gcs.py
[2024-07-01T12:28:44.880+0000] {logging_mixin.py:188} INFO - [2024-07-01T12:28:44.880+0000] {dag.py:3096} INFO - Sync 1 DAGs
[2024-07-01T12:28:44.893+0000] {logging_mixin.py:188} INFO - [2024-07-01T12:28:44.893+0000] {dag.py:3954} INFO - Setting next_dagrun for data_transfer_to_gcs to None, run_after=None
[2024-07-01T12:28:44.908+0000] {processor.py:183} INFO - Processing /opt/airflow/dags/to_gcs.py took 0.228 seconds
[2024-07-01T12:29:15.194+0000] {processor.py:161} INFO - Started process (PID=291) to work on /opt/airflow/dags/to_gcs.py
[2024-07-01T12:29:15.196+0000] {processor.py:830} INFO - Processing file /opt/airflow/dags/to_gcs.py for tasks to queue
[2024-07-01T12:29:15.198+0000] {logging_mixin.py:188} INFO - [2024-07-01T12:29:15.197+0000] {dagbag.py:545} INFO - Filling up the DagBag from /opt/airflow/dags/to_gcs.py
[2024-07-01T12:29:15.363+0000] {processor.py:840} INFO - DAG(s) 'data_transfer_to_gcs' retrieved from /opt/airflow/dags/to_gcs.py
[2024-07-01T12:29:15.378+0000] {logging_mixin.py:188} INFO - [2024-07-01T12:29:15.378+0000] {dag.py:3096} INFO - Sync 1 DAGs
[2024-07-01T12:29:15.390+0000] {logging_mixin.py:188} INFO - [2024-07-01T12:29:15.390+0000] {dag.py:3954} INFO - Setting next_dagrun for data_transfer_to_gcs to None, run_after=None
[2024-07-01T12:29:15.404+0000] {processor.py:183} INFO - Processing /opt/airflow/dags/to_gcs.py took 0.215 seconds
[2024-07-01T12:29:45.683+0000] {processor.py:161} INFO - Started process (PID=303) to work on /opt/airflow/dags/to_gcs.py
[2024-07-01T12:29:45.685+0000] {processor.py:830} INFO - Processing file /opt/airflow/dags/to_gcs.py for tasks to queue
[2024-07-01T12:29:45.686+0000] {logging_mixin.py:188} INFO - [2024-07-01T12:29:45.686+0000] {dagbag.py:545} INFO - Filling up the DagBag from /opt/airflow/dags/to_gcs.py
[2024-07-01T12:29:45.845+0000] {processor.py:840} INFO - DAG(s) 'data_transfer_to_gcs' retrieved from /opt/airflow/dags/to_gcs.py
[2024-07-01T12:29:45.861+0000] {logging_mixin.py:188} INFO - [2024-07-01T12:29:45.861+0000] {dag.py:3096} INFO - Sync 1 DAGs
[2024-07-01T12:29:45.881+0000] {logging_mixin.py:188} INFO - [2024-07-01T12:29:45.880+0000] {dag.py:3954} INFO - Setting next_dagrun for data_transfer_to_gcs to None, run_after=None
[2024-07-01T12:29:45.900+0000] {processor.py:183} INFO - Processing /opt/airflow/dags/to_gcs.py took 0.225 seconds
[2024-07-01T12:30:16.219+0000] {processor.py:161} INFO - Started process (PID=315) to work on /opt/airflow/dags/to_gcs.py
[2024-07-01T12:30:16.222+0000] {processor.py:830} INFO - Processing file /opt/airflow/dags/to_gcs.py for tasks to queue
[2024-07-01T12:30:16.225+0000] {logging_mixin.py:188} INFO - [2024-07-01T12:30:16.224+0000] {dagbag.py:545} INFO - Filling up the DagBag from /opt/airflow/dags/to_gcs.py
[2024-07-01T12:30:16.388+0000] {processor.py:840} INFO - DAG(s) 'data_transfer_to_gcs' retrieved from /opt/airflow/dags/to_gcs.py
[2024-07-01T12:30:16.403+0000] {logging_mixin.py:188} INFO - [2024-07-01T12:30:16.402+0000] {dag.py:3096} INFO - Sync 1 DAGs
[2024-07-01T12:30:16.416+0000] {logging_mixin.py:188} INFO - [2024-07-01T12:30:16.415+0000] {dag.py:3954} INFO - Setting next_dagrun for data_transfer_to_gcs to None, run_after=None
[2024-07-01T12:30:16.429+0000] {processor.py:183} INFO - Processing /opt/airflow/dags/to_gcs.py took 0.217 seconds
[2024-07-01T12:30:46.700+0000] {processor.py:161} INFO - Started process (PID=327) to work on /opt/airflow/dags/to_gcs.py
[2024-07-01T12:30:46.701+0000] {processor.py:830} INFO - Processing file /opt/airflow/dags/to_gcs.py for tasks to queue
[2024-07-01T12:30:46.703+0000] {logging_mixin.py:188} INFO - [2024-07-01T12:30:46.703+0000] {dagbag.py:545} INFO - Filling up the DagBag from /opt/airflow/dags/to_gcs.py
[2024-07-01T12:30:46.867+0000] {processor.py:840} INFO - DAG(s) 'data_transfer_to_gcs' retrieved from /opt/airflow/dags/to_gcs.py
[2024-07-01T12:30:46.887+0000] {logging_mixin.py:188} INFO - [2024-07-01T12:30:46.887+0000] {dag.py:3096} INFO - Sync 1 DAGs
[2024-07-01T12:30:46.901+0000] {logging_mixin.py:188} INFO - [2024-07-01T12:30:46.901+0000] {dag.py:3954} INFO - Setting next_dagrun for data_transfer_to_gcs to None, run_after=None
[2024-07-01T12:30:46.915+0000] {processor.py:183} INFO - Processing /opt/airflow/dags/to_gcs.py took 0.224 seconds
[2024-07-01T12:31:17.211+0000] {processor.py:161} INFO - Started process (PID=339) to work on /opt/airflow/dags/to_gcs.py
[2024-07-01T12:31:17.215+0000] {processor.py:830} INFO - Processing file /opt/airflow/dags/to_gcs.py for tasks to queue
[2024-07-01T12:31:17.219+0000] {logging_mixin.py:188} INFO - [2024-07-01T12:31:17.218+0000] {dagbag.py:545} INFO - Filling up the DagBag from /opt/airflow/dags/to_gcs.py
[2024-07-01T12:31:17.412+0000] {processor.py:840} INFO - DAG(s) 'data_transfer_to_gcs' retrieved from /opt/airflow/dags/to_gcs.py
[2024-07-01T12:31:17.429+0000] {logging_mixin.py:188} INFO - [2024-07-01T12:31:17.428+0000] {dag.py:3096} INFO - Sync 1 DAGs
[2024-07-01T12:31:17.442+0000] {logging_mixin.py:188} INFO - [2024-07-01T12:31:17.442+0000] {dag.py:3954} INFO - Setting next_dagrun for data_transfer_to_gcs to None, run_after=None
[2024-07-01T12:31:17.453+0000] {processor.py:183} INFO - Processing /opt/airflow/dags/to_gcs.py took 0.250 seconds
