[2024-06-30T02:53:38.004+0000] {processor.py:161} INFO - Started process (PID=17868) to work on /opt/airflow/dags/data_transfer_mysql.py
[2024-06-30T02:53:38.005+0000] {processor.py:830} INFO - Processing file /opt/airflow/dags/data_transfer_mysql.py for tasks to queue
[2024-06-30T02:53:38.007+0000] {logging_mixin.py:188} INFO - [2024-06-30T02:53:38.007+0000] {dagbag.py:545} INFO - Filling up the DagBag from /opt/airflow/dags/data_transfer_mysql.py
[2024-06-30T02:53:38.476+0000] {processor.py:840} INFO - DAG(s) 'data_transfer_to_mysql' retrieved from /opt/airflow/dags/data_transfer_mysql.py
[2024-06-30T02:53:38.562+0000] {logging_mixin.py:188} INFO - [2024-06-30T02:53:38.562+0000] {dag.py:3096} INFO - Sync 1 DAGs
[2024-06-30T02:53:38.573+0000] {logging_mixin.py:188} INFO - [2024-06-30T02:53:38.573+0000] {dag.py:3954} INFO - Setting next_dagrun for data_transfer_to_mysql to 2024-06-30 17:00:00+00:00, run_after=2024-07-01 17:00:00+00:00
[2024-06-30T02:53:38.585+0000] {processor.py:183} INFO - Processing /opt/airflow/dags/data_transfer_mysql.py took 0.586 seconds
[2024-06-30T02:54:08.793+0000] {processor.py:161} INFO - Started process (PID=17880) to work on /opt/airflow/dags/data_transfer_mysql.py
[2024-06-30T02:54:08.794+0000] {processor.py:830} INFO - Processing file /opt/airflow/dags/data_transfer_mysql.py for tasks to queue
[2024-06-30T02:54:08.796+0000] {logging_mixin.py:188} INFO - [2024-06-30T02:54:08.796+0000] {dagbag.py:545} INFO - Filling up the DagBag from /opt/airflow/dags/data_transfer_mysql.py
[2024-06-30T02:54:09.088+0000] {processor.py:840} INFO - DAG(s) 'data_transfer_to_mysql' retrieved from /opt/airflow/dags/data_transfer_mysql.py
[2024-06-30T02:54:09.141+0000] {logging_mixin.py:188} INFO - [2024-06-30T02:54:09.141+0000] {dag.py:3096} INFO - Sync 1 DAGs
[2024-06-30T02:54:09.153+0000] {logging_mixin.py:188} INFO - [2024-06-30T02:54:09.153+0000] {dag.py:3954} INFO - Setting next_dagrun for data_transfer_to_mysql to 2024-06-30 17:00:00+00:00, run_after=2024-07-01 17:00:00+00:00
[2024-06-30T02:54:09.169+0000] {processor.py:183} INFO - Processing /opt/airflow/dags/data_transfer_mysql.py took 0.384 seconds
[2024-06-30T02:54:39.419+0000] {processor.py:161} INFO - Started process (PID=17892) to work on /opt/airflow/dags/data_transfer_mysql.py
[2024-06-30T02:54:39.420+0000] {processor.py:830} INFO - Processing file /opt/airflow/dags/data_transfer_mysql.py for tasks to queue
[2024-06-30T02:54:39.421+0000] {logging_mixin.py:188} INFO - [2024-06-30T02:54:39.421+0000] {dagbag.py:545} INFO - Filling up the DagBag from /opt/airflow/dags/data_transfer_mysql.py
[2024-06-30T02:54:39.709+0000] {processor.py:840} INFO - DAG(s) 'data_transfer_to_mysql' retrieved from /opt/airflow/dags/data_transfer_mysql.py
[2024-06-30T02:54:39.773+0000] {logging_mixin.py:188} INFO - [2024-06-30T02:54:39.772+0000] {dag.py:3096} INFO - Sync 1 DAGs
[2024-06-30T02:54:39.782+0000] {logging_mixin.py:188} INFO - [2024-06-30T02:54:39.782+0000] {dag.py:3954} INFO - Setting next_dagrun for data_transfer_to_mysql to 2024-06-30 17:00:00+00:00, run_after=2024-07-01 17:00:00+00:00
[2024-06-30T02:54:39.792+0000] {processor.py:183} INFO - Processing /opt/airflow/dags/data_transfer_mysql.py took 0.377 seconds
[2024-06-30T02:55:10.010+0000] {processor.py:161} INFO - Started process (PID=17904) to work on /opt/airflow/dags/data_transfer_mysql.py
[2024-06-30T02:55:10.011+0000] {processor.py:830} INFO - Processing file /opt/airflow/dags/data_transfer_mysql.py for tasks to queue
[2024-06-30T02:55:10.012+0000] {logging_mixin.py:188} INFO - [2024-06-30T02:55:10.012+0000] {dagbag.py:545} INFO - Filling up the DagBag from /opt/airflow/dags/data_transfer_mysql.py
[2024-06-30T02:55:10.293+0000] {processor.py:840} INFO - DAG(s) 'data_transfer_to_mysql' retrieved from /opt/airflow/dags/data_transfer_mysql.py
[2024-06-30T02:55:10.351+0000] {logging_mixin.py:188} INFO - [2024-06-30T02:55:10.350+0000] {dag.py:3096} INFO - Sync 1 DAGs
[2024-06-30T02:55:10.363+0000] {logging_mixin.py:188} INFO - [2024-06-30T02:55:10.363+0000] {dag.py:3954} INFO - Setting next_dagrun for data_transfer_to_mysql to 2024-06-30 17:00:00+00:00, run_after=2024-07-01 17:00:00+00:00
[2024-06-30T02:55:10.373+0000] {processor.py:183} INFO - Processing /opt/airflow/dags/data_transfer_mysql.py took 0.368 seconds
[2024-06-30T02:55:40.643+0000] {processor.py:161} INFO - Started process (PID=17916) to work on /opt/airflow/dags/data_transfer_mysql.py
[2024-06-30T02:55:40.644+0000] {processor.py:830} INFO - Processing file /opt/airflow/dags/data_transfer_mysql.py for tasks to queue
[2024-06-30T02:55:40.646+0000] {logging_mixin.py:188} INFO - [2024-06-30T02:55:40.645+0000] {dagbag.py:545} INFO - Filling up the DagBag from /opt/airflow/dags/data_transfer_mysql.py
[2024-06-30T02:55:40.923+0000] {processor.py:840} INFO - DAG(s) 'data_transfer_to_mysql' retrieved from /opt/airflow/dags/data_transfer_mysql.py
[2024-06-30T02:55:40.979+0000] {logging_mixin.py:188} INFO - [2024-06-30T02:55:40.979+0000] {dag.py:3096} INFO - Sync 1 DAGs
[2024-06-30T02:55:40.993+0000] {logging_mixin.py:188} INFO - [2024-06-30T02:55:40.992+0000] {dag.py:3954} INFO - Setting next_dagrun for data_transfer_to_mysql to 2024-06-30 17:00:00+00:00, run_after=2024-07-01 17:00:00+00:00
[2024-06-30T02:55:41.007+0000] {processor.py:183} INFO - Processing /opt/airflow/dags/data_transfer_mysql.py took 0.374 seconds
[2024-06-30T02:56:11.284+0000] {processor.py:161} INFO - Started process (PID=17928) to work on /opt/airflow/dags/data_transfer_mysql.py
[2024-06-30T02:56:11.284+0000] {processor.py:830} INFO - Processing file /opt/airflow/dags/data_transfer_mysql.py for tasks to queue
[2024-06-30T02:56:11.286+0000] {logging_mixin.py:188} INFO - [2024-06-30T02:56:11.285+0000] {dagbag.py:545} INFO - Filling up the DagBag from /opt/airflow/dags/data_transfer_mysql.py
[2024-06-30T02:56:11.562+0000] {processor.py:840} INFO - DAG(s) 'data_transfer_to_mysql' retrieved from /opt/airflow/dags/data_transfer_mysql.py
[2024-06-30T02:56:11.616+0000] {logging_mixin.py:188} INFO - [2024-06-30T02:56:11.616+0000] {dag.py:3096} INFO - Sync 1 DAGs
[2024-06-30T02:56:11.626+0000] {logging_mixin.py:188} INFO - [2024-06-30T02:56:11.626+0000] {dag.py:3954} INFO - Setting next_dagrun for data_transfer_to_mysql to 2024-06-30 17:00:00+00:00, run_after=2024-07-01 17:00:00+00:00
[2024-06-30T02:56:11.635+0000] {processor.py:183} INFO - Processing /opt/airflow/dags/data_transfer_mysql.py took 0.359 seconds
[2024-06-30T02:56:41.883+0000] {processor.py:161} INFO - Started process (PID=17940) to work on /opt/airflow/dags/data_transfer_mysql.py
[2024-06-30T02:56:41.884+0000] {processor.py:830} INFO - Processing file /opt/airflow/dags/data_transfer_mysql.py for tasks to queue
[2024-06-30T02:56:41.886+0000] {logging_mixin.py:188} INFO - [2024-06-30T02:56:41.885+0000] {dagbag.py:545} INFO - Filling up the DagBag from /opt/airflow/dags/data_transfer_mysql.py
[2024-06-30T02:56:42.160+0000] {processor.py:840} INFO - DAG(s) 'data_transfer_to_mysql' retrieved from /opt/airflow/dags/data_transfer_mysql.py
[2024-06-30T02:56:42.238+0000] {logging_mixin.py:188} INFO - [2024-06-30T02:56:42.238+0000] {dag.py:3096} INFO - Sync 1 DAGs
[2024-06-30T02:56:42.250+0000] {logging_mixin.py:188} INFO - [2024-06-30T02:56:42.250+0000] {dag.py:3954} INFO - Setting next_dagrun for data_transfer_to_mysql to 2024-06-30 17:00:00+00:00, run_after=2024-07-01 17:00:00+00:00
[2024-06-30T02:56:42.265+0000] {processor.py:183} INFO - Processing /opt/airflow/dags/data_transfer_mysql.py took 0.387 seconds
[2024-06-30T02:57:12.531+0000] {processor.py:161} INFO - Started process (PID=17952) to work on /opt/airflow/dags/data_transfer_mysql.py
[2024-06-30T02:57:12.532+0000] {processor.py:830} INFO - Processing file /opt/airflow/dags/data_transfer_mysql.py for tasks to queue
[2024-06-30T02:57:12.534+0000] {logging_mixin.py:188} INFO - [2024-06-30T02:57:12.533+0000] {dagbag.py:545} INFO - Filling up the DagBag from /opt/airflow/dags/data_transfer_mysql.py
[2024-06-30T02:57:12.822+0000] {processor.py:840} INFO - DAG(s) 'data_transfer_to_mysql' retrieved from /opt/airflow/dags/data_transfer_mysql.py
[2024-06-30T02:57:12.887+0000] {logging_mixin.py:188} INFO - [2024-06-30T02:57:12.886+0000] {dag.py:3096} INFO - Sync 1 DAGs
[2024-06-30T02:57:12.899+0000] {logging_mixin.py:188} INFO - [2024-06-30T02:57:12.898+0000] {dag.py:3954} INFO - Setting next_dagrun for data_transfer_to_mysql to 2024-06-30 17:00:00+00:00, run_after=2024-07-01 17:00:00+00:00
[2024-06-30T02:57:12.912+0000] {processor.py:183} INFO - Processing /opt/airflow/dags/data_transfer_mysql.py took 0.387 seconds
[2024-06-30T02:57:43.160+0000] {processor.py:161} INFO - Started process (PID=17964) to work on /opt/airflow/dags/data_transfer_mysql.py
[2024-06-30T02:57:43.161+0000] {processor.py:830} INFO - Processing file /opt/airflow/dags/data_transfer_mysql.py for tasks to queue
[2024-06-30T02:57:43.162+0000] {logging_mixin.py:188} INFO - [2024-06-30T02:57:43.162+0000] {dagbag.py:545} INFO - Filling up the DagBag from /opt/airflow/dags/data_transfer_mysql.py
[2024-06-30T02:57:43.486+0000] {processor.py:840} INFO - DAG(s) 'data_transfer_to_mysql' retrieved from /opt/airflow/dags/data_transfer_mysql.py
[2024-06-30T02:57:43.543+0000] {logging_mixin.py:188} INFO - [2024-06-30T02:57:43.543+0000] {dag.py:3096} INFO - Sync 1 DAGs
[2024-06-30T02:57:43.553+0000] {logging_mixin.py:188} INFO - [2024-06-30T02:57:43.553+0000] {dag.py:3954} INFO - Setting next_dagrun for data_transfer_to_mysql to 2024-06-30 17:00:00+00:00, run_after=2024-07-01 17:00:00+00:00
[2024-06-30T02:57:43.563+0000] {processor.py:183} INFO - Processing /opt/airflow/dags/data_transfer_mysql.py took 0.410 seconds
[2024-06-30T02:58:13.784+0000] {processor.py:161} INFO - Started process (PID=17976) to work on /opt/airflow/dags/data_transfer_mysql.py
[2024-06-30T02:58:13.785+0000] {processor.py:830} INFO - Processing file /opt/airflow/dags/data_transfer_mysql.py for tasks to queue
[2024-06-30T02:58:13.787+0000] {logging_mixin.py:188} INFO - [2024-06-30T02:58:13.786+0000] {dagbag.py:545} INFO - Filling up the DagBag from /opt/airflow/dags/data_transfer_mysql.py
[2024-06-30T02:58:14.065+0000] {processor.py:840} INFO - DAG(s) 'data_transfer_to_mysql' retrieved from /opt/airflow/dags/data_transfer_mysql.py
[2024-06-30T02:58:14.118+0000] {logging_mixin.py:188} INFO - [2024-06-30T02:58:14.118+0000] {dag.py:3096} INFO - Sync 1 DAGs
[2024-06-30T02:58:14.129+0000] {logging_mixin.py:188} INFO - [2024-06-30T02:58:14.129+0000] {dag.py:3954} INFO - Setting next_dagrun for data_transfer_to_mysql to 2024-06-30 17:00:00+00:00, run_after=2024-07-01 17:00:00+00:00
[2024-06-30T02:58:14.138+0000] {processor.py:183} INFO - Processing /opt/airflow/dags/data_transfer_mysql.py took 0.362 seconds
[2024-06-30T02:58:44.394+0000] {processor.py:161} INFO - Started process (PID=17988) to work on /opt/airflow/dags/data_transfer_mysql.py
[2024-06-30T02:58:44.395+0000] {processor.py:830} INFO - Processing file /opt/airflow/dags/data_transfer_mysql.py for tasks to queue
[2024-06-30T02:58:44.396+0000] {logging_mixin.py:188} INFO - [2024-06-30T02:58:44.396+0000] {dagbag.py:545} INFO - Filling up the DagBag from /opt/airflow/dags/data_transfer_mysql.py
[2024-06-30T02:58:44.667+0000] {processor.py:840} INFO - DAG(s) 'data_transfer_to_mysql' retrieved from /opt/airflow/dags/data_transfer_mysql.py
[2024-06-30T02:58:44.728+0000] {logging_mixin.py:188} INFO - [2024-06-30T02:58:44.727+0000] {dag.py:3096} INFO - Sync 1 DAGs
[2024-06-30T02:58:44.740+0000] {logging_mixin.py:188} INFO - [2024-06-30T02:58:44.740+0000] {dag.py:3954} INFO - Setting next_dagrun for data_transfer_to_mysql to 2024-06-30 17:00:00+00:00, run_after=2024-07-01 17:00:00+00:00
[2024-06-30T02:58:44.753+0000] {processor.py:183} INFO - Processing /opt/airflow/dags/data_transfer_mysql.py took 0.363 seconds
[2024-06-30T02:59:15.035+0000] {processor.py:161} INFO - Started process (PID=18000) to work on /opt/airflow/dags/data_transfer_mysql.py
[2024-06-30T02:59:15.036+0000] {processor.py:830} INFO - Processing file /opt/airflow/dags/data_transfer_mysql.py for tasks to queue
[2024-06-30T02:59:15.039+0000] {logging_mixin.py:188} INFO - [2024-06-30T02:59:15.038+0000] {dagbag.py:545} INFO - Filling up the DagBag from /opt/airflow/dags/data_transfer_mysql.py
[2024-06-30T02:59:15.348+0000] {processor.py:840} INFO - DAG(s) 'data_transfer_to_mysql' retrieved from /opt/airflow/dags/data_transfer_mysql.py
[2024-06-30T02:59:15.410+0000] {logging_mixin.py:188} INFO - [2024-06-30T02:59:15.409+0000] {dag.py:3096} INFO - Sync 1 DAGs
[2024-06-30T02:59:15.420+0000] {logging_mixin.py:188} INFO - [2024-06-30T02:59:15.419+0000] {dag.py:3954} INFO - Setting next_dagrun for data_transfer_to_mysql to 2024-06-30 17:00:00+00:00, run_after=2024-07-01 17:00:00+00:00
[2024-06-30T02:59:15.428+0000] {processor.py:183} INFO - Processing /opt/airflow/dags/data_transfer_mysql.py took 0.402 seconds
[2024-06-30T02:59:45.653+0000] {processor.py:161} INFO - Started process (PID=18012) to work on /opt/airflow/dags/data_transfer_mysql.py
[2024-06-30T02:59:45.654+0000] {processor.py:830} INFO - Processing file /opt/airflow/dags/data_transfer_mysql.py for tasks to queue
[2024-06-30T02:59:45.655+0000] {logging_mixin.py:188} INFO - [2024-06-30T02:59:45.655+0000] {dagbag.py:545} INFO - Filling up the DagBag from /opt/airflow/dags/data_transfer_mysql.py
[2024-06-30T02:59:45.937+0000] {processor.py:840} INFO - DAG(s) 'data_transfer_to_mysql' retrieved from /opt/airflow/dags/data_transfer_mysql.py
[2024-06-30T02:59:45.994+0000] {logging_mixin.py:188} INFO - [2024-06-30T02:59:45.994+0000] {dag.py:3096} INFO - Sync 1 DAGs
[2024-06-30T02:59:46.005+0000] {logging_mixin.py:188} INFO - [2024-06-30T02:59:46.005+0000] {dag.py:3954} INFO - Setting next_dagrun for data_transfer_to_mysql to 2024-06-30 17:00:00+00:00, run_after=2024-07-01 17:00:00+00:00
[2024-06-30T02:59:46.016+0000] {processor.py:183} INFO - Processing /opt/airflow/dags/data_transfer_mysql.py took 0.370 seconds
[2024-06-30T03:00:16.267+0000] {processor.py:161} INFO - Started process (PID=18024) to work on /opt/airflow/dags/data_transfer_mysql.py
[2024-06-30T03:00:16.268+0000] {processor.py:830} INFO - Processing file /opt/airflow/dags/data_transfer_mysql.py for tasks to queue
[2024-06-30T03:00:16.270+0000] {logging_mixin.py:188} INFO - [2024-06-30T03:00:16.270+0000] {dagbag.py:545} INFO - Filling up the DagBag from /opt/airflow/dags/data_transfer_mysql.py
[2024-06-30T03:00:16.564+0000] {processor.py:840} INFO - DAG(s) 'data_transfer_to_mysql' retrieved from /opt/airflow/dags/data_transfer_mysql.py
[2024-06-30T03:00:16.621+0000] {logging_mixin.py:188} INFO - [2024-06-30T03:00:16.620+0000] {dag.py:3096} INFO - Sync 1 DAGs
[2024-06-30T03:00:16.630+0000] {logging_mixin.py:188} INFO - [2024-06-30T03:00:16.630+0000] {dag.py:3954} INFO - Setting next_dagrun for data_transfer_to_mysql to 2024-06-30 17:00:00+00:00, run_after=2024-07-01 17:00:00+00:00
[2024-06-30T03:00:16.639+0000] {processor.py:183} INFO - Processing /opt/airflow/dags/data_transfer_mysql.py took 0.380 seconds
[2024-06-30T03:00:46.893+0000] {processor.py:161} INFO - Started process (PID=18036) to work on /opt/airflow/dags/data_transfer_mysql.py
[2024-06-30T03:00:46.894+0000] {processor.py:830} INFO - Processing file /opt/airflow/dags/data_transfer_mysql.py for tasks to queue
[2024-06-30T03:00:46.896+0000] {logging_mixin.py:188} INFO - [2024-06-30T03:00:46.896+0000] {dagbag.py:545} INFO - Filling up the DagBag from /opt/airflow/dags/data_transfer_mysql.py
[2024-06-30T03:00:47.171+0000] {processor.py:840} INFO - DAG(s) 'data_transfer_to_mysql' retrieved from /opt/airflow/dags/data_transfer_mysql.py
[2024-06-30T03:00:47.222+0000] {logging_mixin.py:188} INFO - [2024-06-30T03:00:47.222+0000] {dag.py:3096} INFO - Sync 1 DAGs
[2024-06-30T03:00:47.233+0000] {logging_mixin.py:188} INFO - [2024-06-30T03:00:47.233+0000] {dag.py:3954} INFO - Setting next_dagrun for data_transfer_to_mysql to 2024-06-30 17:00:00+00:00, run_after=2024-07-01 17:00:00+00:00
[2024-06-30T03:00:47.245+0000] {processor.py:183} INFO - Processing /opt/airflow/dags/data_transfer_mysql.py took 0.357 seconds
[2024-06-30T03:01:17.487+0000] {processor.py:161} INFO - Started process (PID=18048) to work on /opt/airflow/dags/data_transfer_mysql.py
[2024-06-30T03:01:17.488+0000] {processor.py:830} INFO - Processing file /opt/airflow/dags/data_transfer_mysql.py for tasks to queue
[2024-06-30T03:01:17.490+0000] {logging_mixin.py:188} INFO - [2024-06-30T03:01:17.489+0000] {dagbag.py:545} INFO - Filling up the DagBag from /opt/airflow/dags/data_transfer_mysql.py
[2024-06-30T03:01:17.799+0000] {processor.py:840} INFO - DAG(s) 'data_transfer_to_mysql' retrieved from /opt/airflow/dags/data_transfer_mysql.py
[2024-06-30T03:01:17.865+0000] {logging_mixin.py:188} INFO - [2024-06-30T03:01:17.864+0000] {dag.py:3096} INFO - Sync 1 DAGs
[2024-06-30T03:01:17.879+0000] {logging_mixin.py:188} INFO - [2024-06-30T03:01:17.879+0000] {dag.py:3954} INFO - Setting next_dagrun for data_transfer_to_mysql to 2024-06-30 17:00:00+00:00, run_after=2024-07-01 17:00:00+00:00
[2024-06-30T03:01:17.891+0000] {processor.py:183} INFO - Processing /opt/airflow/dags/data_transfer_mysql.py took 0.409 seconds
[2024-06-30T03:01:48.138+0000] {processor.py:161} INFO - Started process (PID=18060) to work on /opt/airflow/dags/data_transfer_mysql.py
[2024-06-30T03:01:48.138+0000] {processor.py:830} INFO - Processing file /opt/airflow/dags/data_transfer_mysql.py for tasks to queue
[2024-06-30T03:01:48.140+0000] {logging_mixin.py:188} INFO - [2024-06-30T03:01:48.140+0000] {dagbag.py:545} INFO - Filling up the DagBag from /opt/airflow/dags/data_transfer_mysql.py
[2024-06-30T03:01:48.419+0000] {processor.py:840} INFO - DAG(s) 'data_transfer_to_mysql' retrieved from /opt/airflow/dags/data_transfer_mysql.py
[2024-06-30T03:01:48.481+0000] {logging_mixin.py:188} INFO - [2024-06-30T03:01:48.481+0000] {dag.py:3096} INFO - Sync 1 DAGs
[2024-06-30T03:01:48.492+0000] {logging_mixin.py:188} INFO - [2024-06-30T03:01:48.492+0000] {dag.py:3954} INFO - Setting next_dagrun for data_transfer_to_mysql to 2024-06-30 17:00:00+00:00, run_after=2024-07-01 17:00:00+00:00
[2024-06-30T03:01:48.502+0000] {processor.py:183} INFO - Processing /opt/airflow/dags/data_transfer_mysql.py took 0.368 seconds
[2024-06-30T03:02:18.752+0000] {processor.py:161} INFO - Started process (PID=18072) to work on /opt/airflow/dags/data_transfer_mysql.py
[2024-06-30T03:02:18.753+0000] {processor.py:830} INFO - Processing file /opt/airflow/dags/data_transfer_mysql.py for tasks to queue
[2024-06-30T03:02:18.756+0000] {logging_mixin.py:188} INFO - [2024-06-30T03:02:18.756+0000] {dagbag.py:545} INFO - Filling up the DagBag from /opt/airflow/dags/data_transfer_mysql.py
[2024-06-30T03:02:19.086+0000] {processor.py:840} INFO - DAG(s) 'data_transfer_to_mysql' retrieved from /opt/airflow/dags/data_transfer_mysql.py
[2024-06-30T03:02:19.165+0000] {logging_mixin.py:188} INFO - [2024-06-30T03:02:19.164+0000] {dag.py:3096} INFO - Sync 1 DAGs
[2024-06-30T03:02:19.180+0000] {logging_mixin.py:188} INFO - [2024-06-30T03:02:19.180+0000] {dag.py:3954} INFO - Setting next_dagrun for data_transfer_to_mysql to 2024-06-30 17:00:00+00:00, run_after=2024-07-01 17:00:00+00:00
[2024-06-30T03:02:19.192+0000] {processor.py:183} INFO - Processing /opt/airflow/dags/data_transfer_mysql.py took 0.445 seconds
[2024-06-30T03:02:49.368+0000] {processor.py:161} INFO - Started process (PID=18084) to work on /opt/airflow/dags/data_transfer_mysql.py
[2024-06-30T03:02:49.369+0000] {processor.py:830} INFO - Processing file /opt/airflow/dags/data_transfer_mysql.py for tasks to queue
[2024-06-30T03:02:49.372+0000] {logging_mixin.py:188} INFO - [2024-06-30T03:02:49.371+0000] {dagbag.py:545} INFO - Filling up the DagBag from /opt/airflow/dags/data_transfer_mysql.py
[2024-06-30T03:02:49.669+0000] {processor.py:840} INFO - DAG(s) 'data_transfer_to_mysql' retrieved from /opt/airflow/dags/data_transfer_mysql.py
[2024-06-30T03:02:49.731+0000] {logging_mixin.py:188} INFO - [2024-06-30T03:02:49.730+0000] {dag.py:3096} INFO - Sync 1 DAGs
[2024-06-30T03:02:49.751+0000] {logging_mixin.py:188} INFO - [2024-06-30T03:02:49.750+0000] {dag.py:3954} INFO - Setting next_dagrun for data_transfer_to_mysql to 2024-06-30 17:00:00+00:00, run_after=2024-07-01 17:00:00+00:00
[2024-06-30T03:02:49.765+0000] {processor.py:183} INFO - Processing /opt/airflow/dags/data_transfer_mysql.py took 0.403 seconds
[2024-06-30T03:03:19.990+0000] {processor.py:161} INFO - Started process (PID=18096) to work on /opt/airflow/dags/data_transfer_mysql.py
[2024-06-30T03:03:19.990+0000] {processor.py:830} INFO - Processing file /opt/airflow/dags/data_transfer_mysql.py for tasks to queue
[2024-06-30T03:03:19.992+0000] {logging_mixin.py:188} INFO - [2024-06-30T03:03:19.992+0000] {dagbag.py:545} INFO - Filling up the DagBag from /opt/airflow/dags/data_transfer_mysql.py
[2024-06-30T03:03:20.307+0000] {processor.py:840} INFO - DAG(s) 'data_transfer_to_mysql' retrieved from /opt/airflow/dags/data_transfer_mysql.py
[2024-06-30T03:03:20.370+0000] {logging_mixin.py:188} INFO - [2024-06-30T03:03:20.369+0000] {dag.py:3096} INFO - Sync 1 DAGs
[2024-06-30T03:03:20.382+0000] {logging_mixin.py:188} INFO - [2024-06-30T03:03:20.382+0000] {dag.py:3954} INFO - Setting next_dagrun for data_transfer_to_mysql to 2024-06-30 17:00:00+00:00, run_after=2024-07-01 17:00:00+00:00
[2024-06-30T03:03:20.398+0000] {processor.py:183} INFO - Processing /opt/airflow/dags/data_transfer_mysql.py took 0.413 seconds
[2024-06-30T03:03:50.622+0000] {processor.py:161} INFO - Started process (PID=18108) to work on /opt/airflow/dags/data_transfer_mysql.py
[2024-06-30T03:03:50.623+0000] {processor.py:830} INFO - Processing file /opt/airflow/dags/data_transfer_mysql.py for tasks to queue
[2024-06-30T03:03:50.624+0000] {logging_mixin.py:188} INFO - [2024-06-30T03:03:50.624+0000] {dagbag.py:545} INFO - Filling up the DagBag from /opt/airflow/dags/data_transfer_mysql.py
[2024-06-30T03:03:50.907+0000] {processor.py:840} INFO - DAG(s) 'data_transfer_to_mysql' retrieved from /opt/airflow/dags/data_transfer_mysql.py
[2024-06-30T03:03:50.963+0000] {logging_mixin.py:188} INFO - [2024-06-30T03:03:50.963+0000] {dag.py:3096} INFO - Sync 1 DAGs
[2024-06-30T03:03:50.974+0000] {logging_mixin.py:188} INFO - [2024-06-30T03:03:50.973+0000] {dag.py:3954} INFO - Setting next_dagrun for data_transfer_to_mysql to 2024-06-30 17:00:00+00:00, run_after=2024-07-01 17:00:00+00:00
[2024-06-30T03:03:50.982+0000] {processor.py:183} INFO - Processing /opt/airflow/dags/data_transfer_mysql.py took 0.367 seconds
[2024-06-30T03:04:21.248+0000] {processor.py:161} INFO - Started process (PID=18120) to work on /opt/airflow/dags/data_transfer_mysql.py
[2024-06-30T03:04:21.249+0000] {processor.py:830} INFO - Processing file /opt/airflow/dags/data_transfer_mysql.py for tasks to queue
[2024-06-30T03:04:21.250+0000] {logging_mixin.py:188} INFO - [2024-06-30T03:04:21.250+0000] {dagbag.py:545} INFO - Filling up the DagBag from /opt/airflow/dags/data_transfer_mysql.py
[2024-06-30T03:04:21.558+0000] {processor.py:840} INFO - DAG(s) 'data_transfer_to_mysql' retrieved from /opt/airflow/dags/data_transfer_mysql.py
[2024-06-30T03:04:21.615+0000] {logging_mixin.py:188} INFO - [2024-06-30T03:04:21.615+0000] {dag.py:3096} INFO - Sync 1 DAGs
[2024-06-30T03:04:21.628+0000] {logging_mixin.py:188} INFO - [2024-06-30T03:04:21.628+0000] {dag.py:3954} INFO - Setting next_dagrun for data_transfer_to_mysql to 2024-06-30 17:00:00+00:00, run_after=2024-07-01 17:00:00+00:00
[2024-06-30T03:04:21.639+0000] {processor.py:183} INFO - Processing /opt/airflow/dags/data_transfer_mysql.py took 0.397 seconds
[2024-06-30T03:04:51.912+0000] {processor.py:161} INFO - Started process (PID=18132) to work on /opt/airflow/dags/data_transfer_mysql.py
[2024-06-30T03:04:51.913+0000] {processor.py:830} INFO - Processing file /opt/airflow/dags/data_transfer_mysql.py for tasks to queue
[2024-06-30T03:04:51.916+0000] {logging_mixin.py:188} INFO - [2024-06-30T03:04:51.915+0000] {dagbag.py:545} INFO - Filling up the DagBag from /opt/airflow/dags/data_transfer_mysql.py
[2024-06-30T03:04:52.193+0000] {processor.py:840} INFO - DAG(s) 'data_transfer_to_mysql' retrieved from /opt/airflow/dags/data_transfer_mysql.py
[2024-06-30T03:04:52.254+0000] {logging_mixin.py:188} INFO - [2024-06-30T03:04:52.254+0000] {dag.py:3096} INFO - Sync 1 DAGs
[2024-06-30T03:04:52.264+0000] {logging_mixin.py:188} INFO - [2024-06-30T03:04:52.264+0000] {dag.py:3954} INFO - Setting next_dagrun for data_transfer_to_mysql to 2024-06-30 17:00:00+00:00, run_after=2024-07-01 17:00:00+00:00
[2024-06-30T03:04:52.273+0000] {processor.py:183} INFO - Processing /opt/airflow/dags/data_transfer_mysql.py took 0.366 seconds
[2024-06-30T03:05:22.533+0000] {processor.py:161} INFO - Started process (PID=18144) to work on /opt/airflow/dags/data_transfer_mysql.py
[2024-06-30T03:05:22.534+0000] {processor.py:830} INFO - Processing file /opt/airflow/dags/data_transfer_mysql.py for tasks to queue
[2024-06-30T03:05:22.535+0000] {logging_mixin.py:188} INFO - [2024-06-30T03:05:22.535+0000] {dagbag.py:545} INFO - Filling up the DagBag from /opt/airflow/dags/data_transfer_mysql.py
[2024-06-30T03:05:22.821+0000] {processor.py:840} INFO - DAG(s) 'data_transfer_to_mysql' retrieved from /opt/airflow/dags/data_transfer_mysql.py
[2024-06-30T03:05:22.906+0000] {logging_mixin.py:188} INFO - [2024-06-30T03:05:22.905+0000] {dag.py:3096} INFO - Sync 1 DAGs
[2024-06-30T03:05:22.918+0000] {logging_mixin.py:188} INFO - [2024-06-30T03:05:22.918+0000] {dag.py:3954} INFO - Setting next_dagrun for data_transfer_to_mysql to 2024-06-30 17:00:00+00:00, run_after=2024-07-01 17:00:00+00:00
[2024-06-30T03:05:22.932+0000] {processor.py:183} INFO - Processing /opt/airflow/dags/data_transfer_mysql.py took 0.405 seconds
[2024-06-30T03:05:53.184+0000] {processor.py:161} INFO - Started process (PID=18156) to work on /opt/airflow/dags/data_transfer_mysql.py
[2024-06-30T03:05:53.185+0000] {processor.py:830} INFO - Processing file /opt/airflow/dags/data_transfer_mysql.py for tasks to queue
[2024-06-30T03:05:53.186+0000] {logging_mixin.py:188} INFO - [2024-06-30T03:05:53.186+0000] {dagbag.py:545} INFO - Filling up the DagBag from /opt/airflow/dags/data_transfer_mysql.py
[2024-06-30T03:05:53.467+0000] {processor.py:840} INFO - DAG(s) 'data_transfer_to_mysql' retrieved from /opt/airflow/dags/data_transfer_mysql.py
[2024-06-30T03:05:53.524+0000] {logging_mixin.py:188} INFO - [2024-06-30T03:05:53.523+0000] {dag.py:3096} INFO - Sync 1 DAGs
[2024-06-30T03:05:53.535+0000] {logging_mixin.py:188} INFO - [2024-06-30T03:05:53.535+0000] {dag.py:3954} INFO - Setting next_dagrun for data_transfer_to_mysql to 2024-06-30 17:00:00+00:00, run_after=2024-07-01 17:00:00+00:00
[2024-06-30T03:05:53.550+0000] {processor.py:183} INFO - Processing /opt/airflow/dags/data_transfer_mysql.py took 0.369 seconds
[2024-06-30T03:06:23.809+0000] {processor.py:161} INFO - Started process (PID=18168) to work on /opt/airflow/dags/data_transfer_mysql.py
[2024-06-30T03:06:23.810+0000] {processor.py:830} INFO - Processing file /opt/airflow/dags/data_transfer_mysql.py for tasks to queue
[2024-06-30T03:06:23.811+0000] {logging_mixin.py:188} INFO - [2024-06-30T03:06:23.811+0000] {dagbag.py:545} INFO - Filling up the DagBag from /opt/airflow/dags/data_transfer_mysql.py
[2024-06-30T03:06:24.101+0000] {processor.py:840} INFO - DAG(s) 'data_transfer_to_mysql' retrieved from /opt/airflow/dags/data_transfer_mysql.py
[2024-06-30T03:06:24.160+0000] {logging_mixin.py:188} INFO - [2024-06-30T03:06:24.160+0000] {dag.py:3096} INFO - Sync 1 DAGs
[2024-06-30T03:06:24.171+0000] {logging_mixin.py:188} INFO - [2024-06-30T03:06:24.171+0000] {dag.py:3954} INFO - Setting next_dagrun for data_transfer_to_mysql to 2024-06-30 17:00:00+00:00, run_after=2024-07-01 17:00:00+00:00
[2024-06-30T03:06:24.185+0000] {processor.py:183} INFO - Processing /opt/airflow/dags/data_transfer_mysql.py took 0.380 seconds
[2024-06-30T03:06:54.442+0000] {processor.py:161} INFO - Started process (PID=18180) to work on /opt/airflow/dags/data_transfer_mysql.py
[2024-06-30T03:06:54.443+0000] {processor.py:830} INFO - Processing file /opt/airflow/dags/data_transfer_mysql.py for tasks to queue
[2024-06-30T03:06:54.445+0000] {logging_mixin.py:188} INFO - [2024-06-30T03:06:54.445+0000] {dagbag.py:545} INFO - Filling up the DagBag from /opt/airflow/dags/data_transfer_mysql.py
[2024-06-30T03:06:54.729+0000] {processor.py:840} INFO - DAG(s) 'data_transfer_to_mysql' retrieved from /opt/airflow/dags/data_transfer_mysql.py
[2024-06-30T03:06:54.821+0000] {logging_mixin.py:188} INFO - [2024-06-30T03:06:54.821+0000] {dag.py:3096} INFO - Sync 1 DAGs
[2024-06-30T03:06:54.833+0000] {logging_mixin.py:188} INFO - [2024-06-30T03:06:54.833+0000] {dag.py:3954} INFO - Setting next_dagrun for data_transfer_to_mysql to 2024-06-30 17:00:00+00:00, run_after=2024-07-01 17:00:00+00:00
[2024-06-30T03:06:54.845+0000] {processor.py:183} INFO - Processing /opt/airflow/dags/data_transfer_mysql.py took 0.410 seconds
[2024-06-30T03:07:25.042+0000] {processor.py:161} INFO - Started process (PID=18192) to work on /opt/airflow/dags/data_transfer_mysql.py
[2024-06-30T03:07:25.043+0000] {processor.py:830} INFO - Processing file /opt/airflow/dags/data_transfer_mysql.py for tasks to queue
[2024-06-30T03:07:25.044+0000] {logging_mixin.py:188} INFO - [2024-06-30T03:07:25.044+0000] {dagbag.py:545} INFO - Filling up the DagBag from /opt/airflow/dags/data_transfer_mysql.py
[2024-06-30T03:07:25.319+0000] {processor.py:840} INFO - DAG(s) 'data_transfer_to_mysql' retrieved from /opt/airflow/dags/data_transfer_mysql.py
[2024-06-30T03:07:25.387+0000] {logging_mixin.py:188} INFO - [2024-06-30T03:07:25.387+0000] {dag.py:3096} INFO - Sync 1 DAGs
[2024-06-30T03:07:25.400+0000] {logging_mixin.py:188} INFO - [2024-06-30T03:07:25.400+0000] {dag.py:3954} INFO - Setting next_dagrun for data_transfer_to_mysql to 2024-06-30 17:00:00+00:00, run_after=2024-07-01 17:00:00+00:00
[2024-06-30T03:07:25.411+0000] {processor.py:183} INFO - Processing /opt/airflow/dags/data_transfer_mysql.py took 0.373 seconds
[2024-06-30T03:07:55.701+0000] {processor.py:161} INFO - Started process (PID=18204) to work on /opt/airflow/dags/data_transfer_mysql.py
[2024-06-30T03:07:55.701+0000] {processor.py:830} INFO - Processing file /opt/airflow/dags/data_transfer_mysql.py for tasks to queue
[2024-06-30T03:07:55.703+0000] {logging_mixin.py:188} INFO - [2024-06-30T03:07:55.703+0000] {dagbag.py:545} INFO - Filling up the DagBag from /opt/airflow/dags/data_transfer_mysql.py
[2024-06-30T03:07:56.030+0000] {processor.py:840} INFO - DAG(s) 'data_transfer_to_mysql' retrieved from /opt/airflow/dags/data_transfer_mysql.py
[2024-06-30T03:07:56.086+0000] {logging_mixin.py:188} INFO - [2024-06-30T03:07:56.086+0000] {dag.py:3096} INFO - Sync 1 DAGs
[2024-06-30T03:07:56.098+0000] {logging_mixin.py:188} INFO - [2024-06-30T03:07:56.097+0000] {dag.py:3954} INFO - Setting next_dagrun for data_transfer_to_mysql to 2024-06-30 17:00:00+00:00, run_after=2024-07-01 17:00:00+00:00
[2024-06-30T03:07:56.111+0000] {processor.py:183} INFO - Processing /opt/airflow/dags/data_transfer_mysql.py took 0.415 seconds
[2024-06-30T03:08:26.317+0000] {processor.py:161} INFO - Started process (PID=18216) to work on /opt/airflow/dags/data_transfer_mysql.py
[2024-06-30T03:08:26.317+0000] {processor.py:830} INFO - Processing file /opt/airflow/dags/data_transfer_mysql.py for tasks to queue
[2024-06-30T03:08:26.318+0000] {logging_mixin.py:188} INFO - [2024-06-30T03:08:26.318+0000] {dagbag.py:545} INFO - Filling up the DagBag from /opt/airflow/dags/data_transfer_mysql.py
[2024-06-30T03:08:26.623+0000] {processor.py:840} INFO - DAG(s) 'data_transfer_to_mysql' retrieved from /opt/airflow/dags/data_transfer_mysql.py
[2024-06-30T03:08:26.707+0000] {logging_mixin.py:188} INFO - [2024-06-30T03:08:26.707+0000] {dag.py:3096} INFO - Sync 1 DAGs
[2024-06-30T03:08:26.717+0000] {logging_mixin.py:188} INFO - [2024-06-30T03:08:26.717+0000] {dag.py:3954} INFO - Setting next_dagrun for data_transfer_to_mysql to 2024-06-30 17:00:00+00:00, run_after=2024-07-01 17:00:00+00:00
[2024-06-30T03:08:26.726+0000] {processor.py:183} INFO - Processing /opt/airflow/dags/data_transfer_mysql.py took 0.418 seconds
[2024-06-30T03:08:56.924+0000] {processor.py:161} INFO - Started process (PID=18228) to work on /opt/airflow/dags/data_transfer_mysql.py
[2024-06-30T03:08:56.925+0000] {processor.py:830} INFO - Processing file /opt/airflow/dags/data_transfer_mysql.py for tasks to queue
[2024-06-30T03:08:56.927+0000] {logging_mixin.py:188} INFO - [2024-06-30T03:08:56.927+0000] {dagbag.py:545} INFO - Filling up the DagBag from /opt/airflow/dags/data_transfer_mysql.py
[2024-06-30T03:08:57.220+0000] {processor.py:840} INFO - DAG(s) 'data_transfer_to_mysql' retrieved from /opt/airflow/dags/data_transfer_mysql.py
[2024-06-30T03:08:57.297+0000] {logging_mixin.py:188} INFO - [2024-06-30T03:08:57.297+0000] {dag.py:3096} INFO - Sync 1 DAGs
[2024-06-30T03:08:57.309+0000] {logging_mixin.py:188} INFO - [2024-06-30T03:08:57.308+0000] {dag.py:3954} INFO - Setting next_dagrun for data_transfer_to_mysql to 2024-06-30 17:00:00+00:00, run_after=2024-07-01 17:00:00+00:00
[2024-06-30T03:08:57.321+0000] {processor.py:183} INFO - Processing /opt/airflow/dags/data_transfer_mysql.py took 0.403 seconds
[2024-06-30T03:09:27.506+0000] {processor.py:161} INFO - Started process (PID=18240) to work on /opt/airflow/dags/data_transfer_mysql.py
[2024-06-30T03:09:27.506+0000] {processor.py:830} INFO - Processing file /opt/airflow/dags/data_transfer_mysql.py for tasks to queue
[2024-06-30T03:09:27.508+0000] {logging_mixin.py:188} INFO - [2024-06-30T03:09:27.508+0000] {dagbag.py:545} INFO - Filling up the DagBag from /opt/airflow/dags/data_transfer_mysql.py
[2024-06-30T03:09:27.806+0000] {processor.py:840} INFO - DAG(s) 'data_transfer_to_mysql' retrieved from /opt/airflow/dags/data_transfer_mysql.py
[2024-06-30T03:09:27.866+0000] {logging_mixin.py:188} INFO - [2024-06-30T03:09:27.865+0000] {dag.py:3096} INFO - Sync 1 DAGs
[2024-06-30T03:09:27.879+0000] {logging_mixin.py:188} INFO - [2024-06-30T03:09:27.879+0000] {dag.py:3954} INFO - Setting next_dagrun for data_transfer_to_mysql to 2024-06-30 17:00:00+00:00, run_after=2024-07-01 17:00:00+00:00
[2024-06-30T03:09:27.890+0000] {processor.py:183} INFO - Processing /opt/airflow/dags/data_transfer_mysql.py took 0.389 seconds
[2024-06-30T03:09:58.144+0000] {processor.py:161} INFO - Started process (PID=18252) to work on /opt/airflow/dags/data_transfer_mysql.py
[2024-06-30T03:09:58.145+0000] {processor.py:830} INFO - Processing file /opt/airflow/dags/data_transfer_mysql.py for tasks to queue
[2024-06-30T03:09:58.147+0000] {logging_mixin.py:188} INFO - [2024-06-30T03:09:58.146+0000] {dagbag.py:545} INFO - Filling up the DagBag from /opt/airflow/dags/data_transfer_mysql.py
[2024-06-30T03:09:58.463+0000] {processor.py:840} INFO - DAG(s) 'data_transfer_to_mysql' retrieved from /opt/airflow/dags/data_transfer_mysql.py
[2024-06-30T03:09:58.523+0000] {logging_mixin.py:188} INFO - [2024-06-30T03:09:58.523+0000] {dag.py:3096} INFO - Sync 1 DAGs
[2024-06-30T03:09:58.534+0000] {logging_mixin.py:188} INFO - [2024-06-30T03:09:58.534+0000] {dag.py:3954} INFO - Setting next_dagrun for data_transfer_to_mysql to 2024-06-30 17:00:00+00:00, run_after=2024-07-01 17:00:00+00:00
[2024-06-30T03:09:58.543+0000] {processor.py:183} INFO - Processing /opt/airflow/dags/data_transfer_mysql.py took 0.405 seconds
[2024-06-30T03:10:28.791+0000] {processor.py:161} INFO - Started process (PID=18264) to work on /opt/airflow/dags/data_transfer_mysql.py
[2024-06-30T03:10:28.792+0000] {processor.py:830} INFO - Processing file /opt/airflow/dags/data_transfer_mysql.py for tasks to queue
[2024-06-30T03:10:28.795+0000] {logging_mixin.py:188} INFO - [2024-06-30T03:10:28.795+0000] {dagbag.py:545} INFO - Filling up the DagBag from /opt/airflow/dags/data_transfer_mysql.py
[2024-06-30T03:10:29.093+0000] {processor.py:840} INFO - DAG(s) 'data_transfer_to_mysql' retrieved from /opt/airflow/dags/data_transfer_mysql.py
[2024-06-30T03:10:29.166+0000] {logging_mixin.py:188} INFO - [2024-06-30T03:10:29.166+0000] {dag.py:3096} INFO - Sync 1 DAGs
[2024-06-30T03:10:29.183+0000] {logging_mixin.py:188} INFO - [2024-06-30T03:10:29.183+0000] {dag.py:3954} INFO - Setting next_dagrun for data_transfer_to_mysql to 2024-06-30 17:00:00+00:00, run_after=2024-07-01 17:00:00+00:00
[2024-06-30T03:10:29.195+0000] {processor.py:183} INFO - Processing /opt/airflow/dags/data_transfer_mysql.py took 0.414 seconds
[2024-06-30T03:10:59.475+0000] {processor.py:161} INFO - Started process (PID=18276) to work on /opt/airflow/dags/data_transfer_mysql.py
[2024-06-30T03:10:59.475+0000] {processor.py:830} INFO - Processing file /opt/airflow/dags/data_transfer_mysql.py for tasks to queue
[2024-06-30T03:10:59.477+0000] {logging_mixin.py:188} INFO - [2024-06-30T03:10:59.477+0000] {dagbag.py:545} INFO - Filling up the DagBag from /opt/airflow/dags/data_transfer_mysql.py
[2024-06-30T03:10:59.779+0000] {processor.py:840} INFO - DAG(s) 'data_transfer_to_mysql' retrieved from /opt/airflow/dags/data_transfer_mysql.py
[2024-06-30T03:10:59.835+0000] {logging_mixin.py:188} INFO - [2024-06-30T03:10:59.835+0000] {dag.py:3096} INFO - Sync 1 DAGs
[2024-06-30T03:10:59.847+0000] {logging_mixin.py:188} INFO - [2024-06-30T03:10:59.847+0000] {dag.py:3954} INFO - Setting next_dagrun for data_transfer_to_mysql to 2024-06-30 17:00:00+00:00, run_after=2024-07-01 17:00:00+00:00
[2024-06-30T03:10:59.859+0000] {processor.py:183} INFO - Processing /opt/airflow/dags/data_transfer_mysql.py took 0.390 seconds
[2024-06-30T03:11:30.122+0000] {processor.py:161} INFO - Started process (PID=18288) to work on /opt/airflow/dags/data_transfer_mysql.py
[2024-06-30T03:11:30.122+0000] {processor.py:830} INFO - Processing file /opt/airflow/dags/data_transfer_mysql.py for tasks to queue
[2024-06-30T03:11:30.124+0000] {logging_mixin.py:188} INFO - [2024-06-30T03:11:30.124+0000] {dagbag.py:545} INFO - Filling up the DagBag from /opt/airflow/dags/data_transfer_mysql.py
[2024-06-30T03:11:30.435+0000] {processor.py:840} INFO - DAG(s) 'data_transfer_to_mysql' retrieved from /opt/airflow/dags/data_transfer_mysql.py
[2024-06-30T03:11:30.554+0000] {logging_mixin.py:188} INFO - [2024-06-30T03:11:30.553+0000] {dag.py:3096} INFO - Sync 1 DAGs
[2024-06-30T03:11:30.595+0000] {logging_mixin.py:188} INFO - [2024-06-30T03:11:30.595+0000] {dag.py:3954} INFO - Setting next_dagrun for data_transfer_to_mysql to 2024-06-30 17:00:00+00:00, run_after=2024-07-01 17:00:00+00:00
[2024-06-30T03:11:30.624+0000] {processor.py:183} INFO - Processing /opt/airflow/dags/data_transfer_mysql.py took 0.511 seconds
[2024-06-30T03:12:00.739+0000] {processor.py:161} INFO - Started process (PID=18300) to work on /opt/airflow/dags/data_transfer_mysql.py
[2024-06-30T03:12:00.740+0000] {processor.py:830} INFO - Processing file /opt/airflow/dags/data_transfer_mysql.py for tasks to queue
[2024-06-30T03:12:00.743+0000] {logging_mixin.py:188} INFO - [2024-06-30T03:12:00.742+0000] {dagbag.py:545} INFO - Filling up the DagBag from /opt/airflow/dags/data_transfer_mysql.py
[2024-06-30T03:12:01.040+0000] {processor.py:840} INFO - DAG(s) 'data_transfer_to_mysql' retrieved from /opt/airflow/dags/data_transfer_mysql.py
[2024-06-30T03:12:01.097+0000] {logging_mixin.py:188} INFO - [2024-06-30T03:12:01.097+0000] {dag.py:3096} INFO - Sync 1 DAGs
[2024-06-30T03:12:01.108+0000] {logging_mixin.py:188} INFO - [2024-06-30T03:12:01.108+0000] {dag.py:3954} INFO - Setting next_dagrun for data_transfer_to_mysql to 2024-06-30 17:00:00+00:00, run_after=2024-07-01 17:00:00+00:00
[2024-06-30T03:12:01.119+0000] {processor.py:183} INFO - Processing /opt/airflow/dags/data_transfer_mysql.py took 0.387 seconds
[2024-06-30T03:12:31.389+0000] {processor.py:161} INFO - Started process (PID=18312) to work on /opt/airflow/dags/data_transfer_mysql.py
[2024-06-30T03:12:31.389+0000] {processor.py:830} INFO - Processing file /opt/airflow/dags/data_transfer_mysql.py for tasks to queue
[2024-06-30T03:12:31.391+0000] {logging_mixin.py:188} INFO - [2024-06-30T03:12:31.391+0000] {dagbag.py:545} INFO - Filling up the DagBag from /opt/airflow/dags/data_transfer_mysql.py
[2024-06-30T03:12:31.706+0000] {processor.py:840} INFO - DAG(s) 'data_transfer_to_mysql' retrieved from /opt/airflow/dags/data_transfer_mysql.py
[2024-06-30T03:12:31.760+0000] {logging_mixin.py:188} INFO - [2024-06-30T03:12:31.760+0000] {dag.py:3096} INFO - Sync 1 DAGs
[2024-06-30T03:12:31.770+0000] {logging_mixin.py:188} INFO - [2024-06-30T03:12:31.770+0000] {dag.py:3954} INFO - Setting next_dagrun for data_transfer_to_mysql to 2024-06-30 17:00:00+00:00, run_after=2024-07-01 17:00:00+00:00
[2024-06-30T03:12:31.780+0000] {processor.py:183} INFO - Processing /opt/airflow/dags/data_transfer_mysql.py took 0.397 seconds
[2024-06-30T03:13:02.019+0000] {processor.py:161} INFO - Started process (PID=18324) to work on /opt/airflow/dags/data_transfer_mysql.py
[2024-06-30T03:13:02.020+0000] {processor.py:830} INFO - Processing file /opt/airflow/dags/data_transfer_mysql.py for tasks to queue
[2024-06-30T03:13:02.021+0000] {logging_mixin.py:188} INFO - [2024-06-30T03:13:02.021+0000] {dagbag.py:545} INFO - Filling up the DagBag from /opt/airflow/dags/data_transfer_mysql.py
[2024-06-30T03:13:02.348+0000] {processor.py:840} INFO - DAG(s) 'data_transfer_to_mysql' retrieved from /opt/airflow/dags/data_transfer_mysql.py
[2024-06-30T03:13:02.413+0000] {logging_mixin.py:188} INFO - [2024-06-30T03:13:02.412+0000] {dag.py:3096} INFO - Sync 1 DAGs
[2024-06-30T03:13:02.430+0000] {logging_mixin.py:188} INFO - [2024-06-30T03:13:02.430+0000] {dag.py:3954} INFO - Setting next_dagrun for data_transfer_to_mysql to 2024-06-30 17:00:00+00:00, run_after=2024-07-01 17:00:00+00:00
[2024-06-30T03:13:02.445+0000] {processor.py:183} INFO - Processing /opt/airflow/dags/data_transfer_mysql.py took 0.433 seconds
[2024-06-30T03:13:32.714+0000] {processor.py:161} INFO - Started process (PID=18336) to work on /opt/airflow/dags/data_transfer_mysql.py
[2024-06-30T03:13:32.715+0000] {processor.py:830} INFO - Processing file /opt/airflow/dags/data_transfer_mysql.py for tasks to queue
[2024-06-30T03:13:32.717+0000] {logging_mixin.py:188} INFO - [2024-06-30T03:13:32.716+0000] {dagbag.py:545} INFO - Filling up the DagBag from /opt/airflow/dags/data_transfer_mysql.py
[2024-06-30T03:13:33.037+0000] {processor.py:840} INFO - DAG(s) 'data_transfer_to_mysql' retrieved from /opt/airflow/dags/data_transfer_mysql.py
[2024-06-30T03:13:33.123+0000] {logging_mixin.py:188} INFO - [2024-06-30T03:13:33.122+0000] {dag.py:3096} INFO - Sync 1 DAGs
[2024-06-30T03:13:33.136+0000] {logging_mixin.py:188} INFO - [2024-06-30T03:13:33.136+0000] {dag.py:3954} INFO - Setting next_dagrun for data_transfer_to_mysql to 2024-06-30 17:00:00+00:00, run_after=2024-07-01 17:00:00+00:00
[2024-06-30T03:13:33.145+0000] {processor.py:183} INFO - Processing /opt/airflow/dags/data_transfer_mysql.py took 0.438 seconds
[2024-06-30T03:14:03.385+0000] {processor.py:161} INFO - Started process (PID=18347) to work on /opt/airflow/dags/data_transfer_mysql.py
[2024-06-30T03:14:03.386+0000] {processor.py:830} INFO - Processing file /opt/airflow/dags/data_transfer_mysql.py for tasks to queue
[2024-06-30T03:14:03.387+0000] {logging_mixin.py:188} INFO - [2024-06-30T03:14:03.387+0000] {dagbag.py:545} INFO - Filling up the DagBag from /opt/airflow/dags/data_transfer_mysql.py
[2024-06-30T03:14:03.714+0000] {processor.py:840} INFO - DAG(s) 'data_transfer_to_mysql' retrieved from /opt/airflow/dags/data_transfer_mysql.py
[2024-06-30T03:14:03.767+0000] {logging_mixin.py:188} INFO - [2024-06-30T03:14:03.766+0000] {dag.py:3096} INFO - Sync 1 DAGs
[2024-06-30T03:14:03.779+0000] {logging_mixin.py:188} INFO - [2024-06-30T03:14:03.779+0000] {dag.py:3954} INFO - Setting next_dagrun for data_transfer_to_mysql to 2024-06-30 17:00:00+00:00, run_after=2024-07-01 17:00:00+00:00
[2024-06-30T03:14:03.792+0000] {processor.py:183} INFO - Processing /opt/airflow/dags/data_transfer_mysql.py took 0.411 seconds
[2024-06-30T03:14:34.001+0000] {processor.py:161} INFO - Started process (PID=18360) to work on /opt/airflow/dags/data_transfer_mysql.py
[2024-06-30T03:14:34.002+0000] {processor.py:830} INFO - Processing file /opt/airflow/dags/data_transfer_mysql.py for tasks to queue
[2024-06-30T03:14:34.003+0000] {logging_mixin.py:188} INFO - [2024-06-30T03:14:34.003+0000] {dagbag.py:545} INFO - Filling up the DagBag from /opt/airflow/dags/data_transfer_mysql.py
[2024-06-30T03:14:34.285+0000] {processor.py:840} INFO - DAG(s) 'data_transfer_to_mysql' retrieved from /opt/airflow/dags/data_transfer_mysql.py
[2024-06-30T03:14:34.342+0000] {logging_mixin.py:188} INFO - [2024-06-30T03:14:34.342+0000] {dag.py:3096} INFO - Sync 1 DAGs
[2024-06-30T03:14:34.353+0000] {logging_mixin.py:188} INFO - [2024-06-30T03:14:34.353+0000] {dag.py:3954} INFO - Setting next_dagrun for data_transfer_to_mysql to 2024-06-30 17:00:00+00:00, run_after=2024-07-01 17:00:00+00:00
[2024-06-30T03:14:34.367+0000] {processor.py:183} INFO - Processing /opt/airflow/dags/data_transfer_mysql.py took 0.370 seconds
[2024-06-30T03:15:04.631+0000] {processor.py:161} INFO - Started process (PID=18372) to work on /opt/airflow/dags/data_transfer_mysql.py
[2024-06-30T03:15:04.632+0000] {processor.py:830} INFO - Processing file /opt/airflow/dags/data_transfer_mysql.py for tasks to queue
[2024-06-30T03:15:04.633+0000] {logging_mixin.py:188} INFO - [2024-06-30T03:15:04.632+0000] {dagbag.py:545} INFO - Filling up the DagBag from /opt/airflow/dags/data_transfer_mysql.py
[2024-06-30T03:15:04.899+0000] {processor.py:840} INFO - DAG(s) 'data_transfer_to_mysql' retrieved from /opt/airflow/dags/data_transfer_mysql.py
[2024-06-30T03:15:04.953+0000] {logging_mixin.py:188} INFO - [2024-06-30T03:15:04.953+0000] {dag.py:3096} INFO - Sync 1 DAGs
[2024-06-30T03:15:04.965+0000] {logging_mixin.py:188} INFO - [2024-06-30T03:15:04.965+0000] {dag.py:3954} INFO - Setting next_dagrun for data_transfer_to_mysql to 2024-06-30 17:00:00+00:00, run_after=2024-07-01 17:00:00+00:00
[2024-06-30T03:15:04.979+0000] {processor.py:183} INFO - Processing /opt/airflow/dags/data_transfer_mysql.py took 0.354 seconds
[2024-06-30T03:15:35.226+0000] {processor.py:161} INFO - Started process (PID=18384) to work on /opt/airflow/dags/data_transfer_mysql.py
[2024-06-30T03:15:35.227+0000] {processor.py:830} INFO - Processing file /opt/airflow/dags/data_transfer_mysql.py for tasks to queue
[2024-06-30T03:15:35.227+0000] {logging_mixin.py:188} INFO - [2024-06-30T03:15:35.227+0000] {dagbag.py:545} INFO - Filling up the DagBag from /opt/airflow/dags/data_transfer_mysql.py
[2024-06-30T03:15:35.518+0000] {processor.py:840} INFO - DAG(s) 'data_transfer_to_mysql' retrieved from /opt/airflow/dags/data_transfer_mysql.py
[2024-06-30T03:15:35.576+0000] {logging_mixin.py:188} INFO - [2024-06-30T03:15:35.575+0000] {dag.py:3096} INFO - Sync 1 DAGs
[2024-06-30T03:15:35.592+0000] {logging_mixin.py:188} INFO - [2024-06-30T03:15:35.592+0000] {dag.py:3954} INFO - Setting next_dagrun for data_transfer_to_mysql to 2024-06-30 17:00:00+00:00, run_after=2024-07-01 17:00:00+00:00
[2024-06-30T03:15:35.610+0000] {processor.py:183} INFO - Processing /opt/airflow/dags/data_transfer_mysql.py took 0.388 seconds
[2024-06-30T03:16:05.879+0000] {processor.py:161} INFO - Started process (PID=18396) to work on /opt/airflow/dags/data_transfer_mysql.py
[2024-06-30T03:16:05.880+0000] {processor.py:830} INFO - Processing file /opt/airflow/dags/data_transfer_mysql.py for tasks to queue
[2024-06-30T03:16:05.882+0000] {logging_mixin.py:188} INFO - [2024-06-30T03:16:05.881+0000] {dagbag.py:545} INFO - Filling up the DagBag from /opt/airflow/dags/data_transfer_mysql.py
[2024-06-30T03:16:06.170+0000] {processor.py:840} INFO - DAG(s) 'data_transfer_to_mysql' retrieved from /opt/airflow/dags/data_transfer_mysql.py
[2024-06-30T03:16:06.232+0000] {logging_mixin.py:188} INFO - [2024-06-30T03:16:06.232+0000] {dag.py:3096} INFO - Sync 1 DAGs
[2024-06-30T03:16:06.245+0000] {logging_mixin.py:188} INFO - [2024-06-30T03:16:06.245+0000] {dag.py:3954} INFO - Setting next_dagrun for data_transfer_to_mysql to 2024-06-30 17:00:00+00:00, run_after=2024-07-01 17:00:00+00:00
[2024-06-30T03:16:06.254+0000] {processor.py:183} INFO - Processing /opt/airflow/dags/data_transfer_mysql.py took 0.382 seconds
[2024-06-30T03:16:36.503+0000] {processor.py:161} INFO - Started process (PID=18408) to work on /opt/airflow/dags/data_transfer_mysql.py
[2024-06-30T03:16:36.503+0000] {processor.py:830} INFO - Processing file /opt/airflow/dags/data_transfer_mysql.py for tasks to queue
[2024-06-30T03:16:36.505+0000] {logging_mixin.py:188} INFO - [2024-06-30T03:16:36.504+0000] {dagbag.py:545} INFO - Filling up the DagBag from /opt/airflow/dags/data_transfer_mysql.py
[2024-06-30T03:16:36.842+0000] {processor.py:840} INFO - DAG(s) 'data_transfer_to_mysql' retrieved from /opt/airflow/dags/data_transfer_mysql.py
[2024-06-30T03:16:36.901+0000] {logging_mixin.py:188} INFO - [2024-06-30T03:16:36.900+0000] {dag.py:3096} INFO - Sync 1 DAGs
[2024-06-30T03:16:36.913+0000] {logging_mixin.py:188} INFO - [2024-06-30T03:16:36.913+0000] {dag.py:3954} INFO - Setting next_dagrun for data_transfer_to_mysql to 2024-06-30 17:00:00+00:00, run_after=2024-07-01 17:00:00+00:00
[2024-06-30T03:16:36.927+0000] {processor.py:183} INFO - Processing /opt/airflow/dags/data_transfer_mysql.py took 0.429 seconds
[2024-06-30T03:17:07.120+0000] {processor.py:161} INFO - Started process (PID=18420) to work on /opt/airflow/dags/data_transfer_mysql.py
[2024-06-30T03:17:07.121+0000] {processor.py:830} INFO - Processing file /opt/airflow/dags/data_transfer_mysql.py for tasks to queue
[2024-06-30T03:17:07.123+0000] {logging_mixin.py:188} INFO - [2024-06-30T03:17:07.123+0000] {dagbag.py:545} INFO - Filling up the DagBag from /opt/airflow/dags/data_transfer_mysql.py
[2024-06-30T03:17:07.425+0000] {processor.py:840} INFO - DAG(s) 'data_transfer_to_mysql' retrieved from /opt/airflow/dags/data_transfer_mysql.py
[2024-06-30T03:17:07.485+0000] {logging_mixin.py:188} INFO - [2024-06-30T03:17:07.485+0000] {dag.py:3096} INFO - Sync 1 DAGs
[2024-06-30T03:17:07.499+0000] {logging_mixin.py:188} INFO - [2024-06-30T03:17:07.499+0000] {dag.py:3954} INFO - Setting next_dagrun for data_transfer_to_mysql to 2024-06-30 17:00:00+00:00, run_after=2024-07-01 17:00:00+00:00
[2024-06-30T03:17:07.511+0000] {processor.py:183} INFO - Processing /opt/airflow/dags/data_transfer_mysql.py took 0.397 seconds
[2024-06-30T03:17:37.761+0000] {processor.py:161} INFO - Started process (PID=18432) to work on /opt/airflow/dags/data_transfer_mysql.py
[2024-06-30T03:17:37.762+0000] {processor.py:830} INFO - Processing file /opt/airflow/dags/data_transfer_mysql.py for tasks to queue
[2024-06-30T03:17:37.765+0000] {logging_mixin.py:188} INFO - [2024-06-30T03:17:37.764+0000] {dagbag.py:545} INFO - Filling up the DagBag from /opt/airflow/dags/data_transfer_mysql.py
[2024-06-30T03:17:38.053+0000] {processor.py:840} INFO - DAG(s) 'data_transfer_to_mysql' retrieved from /opt/airflow/dags/data_transfer_mysql.py
[2024-06-30T03:17:38.116+0000] {logging_mixin.py:188} INFO - [2024-06-30T03:17:38.116+0000] {dag.py:3096} INFO - Sync 1 DAGs
[2024-06-30T03:17:38.129+0000] {logging_mixin.py:188} INFO - [2024-06-30T03:17:38.129+0000] {dag.py:3954} INFO - Setting next_dagrun for data_transfer_to_mysql to 2024-06-30 17:00:00+00:00, run_after=2024-07-01 17:00:00+00:00
[2024-06-30T03:17:38.141+0000] {processor.py:183} INFO - Processing /opt/airflow/dags/data_transfer_mysql.py took 0.392 seconds
[2024-06-30T03:18:08.421+0000] {processor.py:161} INFO - Started process (PID=18444) to work on /opt/airflow/dags/data_transfer_mysql.py
[2024-06-30T03:18:08.422+0000] {processor.py:830} INFO - Processing file /opt/airflow/dags/data_transfer_mysql.py for tasks to queue
[2024-06-30T03:18:08.424+0000] {logging_mixin.py:188} INFO - [2024-06-30T03:18:08.423+0000] {dagbag.py:545} INFO - Filling up the DagBag from /opt/airflow/dags/data_transfer_mysql.py
[2024-06-30T03:18:08.717+0000] {processor.py:840} INFO - DAG(s) 'data_transfer_to_mysql' retrieved from /opt/airflow/dags/data_transfer_mysql.py
[2024-06-30T03:18:08.774+0000] {logging_mixin.py:188} INFO - [2024-06-30T03:18:08.774+0000] {dag.py:3096} INFO - Sync 1 DAGs
[2024-06-30T03:18:08.785+0000] {logging_mixin.py:188} INFO - [2024-06-30T03:18:08.785+0000] {dag.py:3954} INFO - Setting next_dagrun for data_transfer_to_mysql to 2024-06-30 17:00:00+00:00, run_after=2024-07-01 17:00:00+00:00
[2024-06-30T03:18:08.798+0000] {processor.py:183} INFO - Processing /opt/airflow/dags/data_transfer_mysql.py took 0.383 seconds
[2024-06-30T03:18:39.032+0000] {processor.py:161} INFO - Started process (PID=18456) to work on /opt/airflow/dags/data_transfer_mysql.py
[2024-06-30T03:18:39.033+0000] {processor.py:830} INFO - Processing file /opt/airflow/dags/data_transfer_mysql.py for tasks to queue
[2024-06-30T03:18:39.036+0000] {logging_mixin.py:188} INFO - [2024-06-30T03:18:39.035+0000] {dagbag.py:545} INFO - Filling up the DagBag from /opt/airflow/dags/data_transfer_mysql.py
[2024-06-30T03:18:39.324+0000] {processor.py:840} INFO - DAG(s) 'data_transfer_to_mysql' retrieved from /opt/airflow/dags/data_transfer_mysql.py
[2024-06-30T03:18:39.380+0000] {logging_mixin.py:188} INFO - [2024-06-30T03:18:39.380+0000] {dag.py:3096} INFO - Sync 1 DAGs
[2024-06-30T03:18:39.394+0000] {logging_mixin.py:188} INFO - [2024-06-30T03:18:39.393+0000] {dag.py:3954} INFO - Setting next_dagrun for data_transfer_to_mysql to 2024-06-30 17:00:00+00:00, run_after=2024-07-01 17:00:00+00:00
[2024-06-30T03:18:39.408+0000] {processor.py:183} INFO - Processing /opt/airflow/dags/data_transfer_mysql.py took 0.381 seconds
[2024-06-30T03:19:09.684+0000] {processor.py:161} INFO - Started process (PID=18468) to work on /opt/airflow/dags/data_transfer_mysql.py
[2024-06-30T03:19:09.685+0000] {processor.py:830} INFO - Processing file /opt/airflow/dags/data_transfer_mysql.py for tasks to queue
[2024-06-30T03:19:09.688+0000] {logging_mixin.py:188} INFO - [2024-06-30T03:19:09.687+0000] {dagbag.py:545} INFO - Filling up the DagBag from /opt/airflow/dags/data_transfer_mysql.py
[2024-06-30T03:19:09.971+0000] {processor.py:840} INFO - DAG(s) 'data_transfer_to_mysql' retrieved from /opt/airflow/dags/data_transfer_mysql.py
[2024-06-30T03:19:10.030+0000] {logging_mixin.py:188} INFO - [2024-06-30T03:19:10.030+0000] {dag.py:3096} INFO - Sync 1 DAGs
[2024-06-30T03:19:10.041+0000] {logging_mixin.py:188} INFO - [2024-06-30T03:19:10.041+0000] {dag.py:3954} INFO - Setting next_dagrun for data_transfer_to_mysql to 2024-06-30 17:00:00+00:00, run_after=2024-07-01 17:00:00+00:00
[2024-06-30T03:19:10.058+0000] {processor.py:183} INFO - Processing /opt/airflow/dags/data_transfer_mysql.py took 0.383 seconds
[2024-06-30T03:19:40.329+0000] {processor.py:161} INFO - Started process (PID=18480) to work on /opt/airflow/dags/data_transfer_mysql.py
[2024-06-30T03:19:40.331+0000] {processor.py:830} INFO - Processing file /opt/airflow/dags/data_transfer_mysql.py for tasks to queue
[2024-06-30T03:19:40.336+0000] {logging_mixin.py:188} INFO - [2024-06-30T03:19:40.335+0000] {dagbag.py:545} INFO - Filling up the DagBag from /opt/airflow/dags/data_transfer_mysql.py
[2024-06-30T03:19:40.650+0000] {processor.py:840} INFO - DAG(s) 'data_transfer_to_mysql' retrieved from /opt/airflow/dags/data_transfer_mysql.py
[2024-06-30T03:19:40.714+0000] {logging_mixin.py:188} INFO - [2024-06-30T03:19:40.713+0000] {dag.py:3096} INFO - Sync 1 DAGs
[2024-06-30T03:19:40.730+0000] {logging_mixin.py:188} INFO - [2024-06-30T03:19:40.729+0000] {dag.py:3954} INFO - Setting next_dagrun for data_transfer_to_mysql to 2024-06-30 17:00:00+00:00, run_after=2024-07-01 17:00:00+00:00
[2024-06-30T03:19:40.743+0000] {processor.py:183} INFO - Processing /opt/airflow/dags/data_transfer_mysql.py took 0.426 seconds
[2024-06-30T03:20:11.025+0000] {processor.py:161} INFO - Started process (PID=18492) to work on /opt/airflow/dags/data_transfer_mysql.py
[2024-06-30T03:20:11.026+0000] {processor.py:830} INFO - Processing file /opt/airflow/dags/data_transfer_mysql.py for tasks to queue
[2024-06-30T03:20:11.028+0000] {logging_mixin.py:188} INFO - [2024-06-30T03:20:11.028+0000] {dagbag.py:545} INFO - Filling up the DagBag from /opt/airflow/dags/data_transfer_mysql.py
[2024-06-30T03:20:11.322+0000] {processor.py:840} INFO - DAG(s) 'data_transfer_to_mysql' retrieved from /opt/airflow/dags/data_transfer_mysql.py
[2024-06-30T03:20:11.379+0000] {logging_mixin.py:188} INFO - [2024-06-30T03:20:11.379+0000] {dag.py:3096} INFO - Sync 1 DAGs
[2024-06-30T03:20:11.390+0000] {logging_mixin.py:188} INFO - [2024-06-30T03:20:11.390+0000] {dag.py:3954} INFO - Setting next_dagrun for data_transfer_to_mysql to 2024-06-30 17:00:00+00:00, run_after=2024-07-01 17:00:00+00:00
[2024-06-30T03:20:11.401+0000] {processor.py:183} INFO - Processing /opt/airflow/dags/data_transfer_mysql.py took 0.384 seconds
[2024-06-30T03:20:41.660+0000] {processor.py:161} INFO - Started process (PID=18504) to work on /opt/airflow/dags/data_transfer_mysql.py
[2024-06-30T03:20:41.661+0000] {processor.py:830} INFO - Processing file /opt/airflow/dags/data_transfer_mysql.py for tasks to queue
[2024-06-30T03:20:41.663+0000] {logging_mixin.py:188} INFO - [2024-06-30T03:20:41.662+0000] {dagbag.py:545} INFO - Filling up the DagBag from /opt/airflow/dags/data_transfer_mysql.py
[2024-06-30T03:20:41.938+0000] {processor.py:840} INFO - DAG(s) 'data_transfer_to_mysql' retrieved from /opt/airflow/dags/data_transfer_mysql.py
[2024-06-30T03:20:41.998+0000] {logging_mixin.py:188} INFO - [2024-06-30T03:20:41.998+0000] {dag.py:3096} INFO - Sync 1 DAGs
[2024-06-30T03:20:42.009+0000] {logging_mixin.py:188} INFO - [2024-06-30T03:20:42.009+0000] {dag.py:3954} INFO - Setting next_dagrun for data_transfer_to_mysql to 2024-06-30 17:00:00+00:00, run_after=2024-07-01 17:00:00+00:00
[2024-06-30T03:20:42.018+0000] {processor.py:183} INFO - Processing /opt/airflow/dags/data_transfer_mysql.py took 0.364 seconds
[2024-06-30T03:21:12.286+0000] {processor.py:161} INFO - Started process (PID=18516) to work on /opt/airflow/dags/data_transfer_mysql.py
[2024-06-30T03:21:12.287+0000] {processor.py:830} INFO - Processing file /opt/airflow/dags/data_transfer_mysql.py for tasks to queue
[2024-06-30T03:21:12.289+0000] {logging_mixin.py:188} INFO - [2024-06-30T03:21:12.288+0000] {dagbag.py:545} INFO - Filling up the DagBag from /opt/airflow/dags/data_transfer_mysql.py
[2024-06-30T03:21:12.580+0000] {processor.py:840} INFO - DAG(s) 'data_transfer_to_mysql' retrieved from /opt/airflow/dags/data_transfer_mysql.py
[2024-06-30T03:21:12.638+0000] {logging_mixin.py:188} INFO - [2024-06-30T03:21:12.638+0000] {dag.py:3096} INFO - Sync 1 DAGs
[2024-06-30T03:21:12.650+0000] {logging_mixin.py:188} INFO - [2024-06-30T03:21:12.649+0000] {dag.py:3954} INFO - Setting next_dagrun for data_transfer_to_mysql to 2024-06-30 17:00:00+00:00, run_after=2024-07-01 17:00:00+00:00
[2024-06-30T03:21:12.661+0000] {processor.py:183} INFO - Processing /opt/airflow/dags/data_transfer_mysql.py took 0.381 seconds
[2024-06-30T03:21:42.915+0000] {processor.py:161} INFO - Started process (PID=18528) to work on /opt/airflow/dags/data_transfer_mysql.py
[2024-06-30T03:21:42.915+0000] {processor.py:830} INFO - Processing file /opt/airflow/dags/data_transfer_mysql.py for tasks to queue
[2024-06-30T03:21:42.916+0000] {logging_mixin.py:188} INFO - [2024-06-30T03:21:42.916+0000] {dagbag.py:545} INFO - Filling up the DagBag from /opt/airflow/dags/data_transfer_mysql.py
[2024-06-30T03:21:43.243+0000] {processor.py:840} INFO - DAG(s) 'data_transfer_to_mysql' retrieved from /opt/airflow/dags/data_transfer_mysql.py
[2024-06-30T03:21:43.299+0000] {logging_mixin.py:188} INFO - [2024-06-30T03:21:43.298+0000] {dag.py:3096} INFO - Sync 1 DAGs
[2024-06-30T03:21:43.310+0000] {logging_mixin.py:188} INFO - [2024-06-30T03:21:43.310+0000] {dag.py:3954} INFO - Setting next_dagrun for data_transfer_to_mysql to 2024-06-30 17:00:00+00:00, run_after=2024-07-01 17:00:00+00:00
[2024-06-30T03:21:43.319+0000] {processor.py:183} INFO - Processing /opt/airflow/dags/data_transfer_mysql.py took 0.408 seconds
[2024-06-30T03:22:13.586+0000] {processor.py:161} INFO - Started process (PID=18540) to work on /opt/airflow/dags/data_transfer_mysql.py
[2024-06-30T03:22:13.587+0000] {processor.py:830} INFO - Processing file /opt/airflow/dags/data_transfer_mysql.py for tasks to queue
[2024-06-30T03:22:13.590+0000] {logging_mixin.py:188} INFO - [2024-06-30T03:22:13.589+0000] {dagbag.py:545} INFO - Filling up the DagBag from /opt/airflow/dags/data_transfer_mysql.py
[2024-06-30T03:22:13.873+0000] {processor.py:840} INFO - DAG(s) 'data_transfer_to_mysql' retrieved from /opt/airflow/dags/data_transfer_mysql.py
[2024-06-30T03:22:13.932+0000] {logging_mixin.py:188} INFO - [2024-06-30T03:22:13.931+0000] {dag.py:3096} INFO - Sync 1 DAGs
[2024-06-30T03:22:13.944+0000] {logging_mixin.py:188} INFO - [2024-06-30T03:22:13.944+0000] {dag.py:3954} INFO - Setting next_dagrun for data_transfer_to_mysql to 2024-06-30 17:00:00+00:00, run_after=2024-07-01 17:00:00+00:00
[2024-06-30T03:22:13.953+0000] {processor.py:183} INFO - Processing /opt/airflow/dags/data_transfer_mysql.py took 0.373 seconds
[2024-06-30T03:22:44.233+0000] {processor.py:161} INFO - Started process (PID=18552) to work on /opt/airflow/dags/data_transfer_mysql.py
[2024-06-30T03:22:44.233+0000] {processor.py:830} INFO - Processing file /opt/airflow/dags/data_transfer_mysql.py for tasks to queue
[2024-06-30T03:22:44.234+0000] {logging_mixin.py:188} INFO - [2024-06-30T03:22:44.234+0000] {dagbag.py:545} INFO - Filling up the DagBag from /opt/airflow/dags/data_transfer_mysql.py
[2024-06-30T03:22:44.521+0000] {processor.py:840} INFO - DAG(s) 'data_transfer_to_mysql' retrieved from /opt/airflow/dags/data_transfer_mysql.py
[2024-06-30T03:22:44.590+0000] {logging_mixin.py:188} INFO - [2024-06-30T03:22:44.589+0000] {dag.py:3096} INFO - Sync 1 DAGs
[2024-06-30T03:22:44.606+0000] {logging_mixin.py:188} INFO - [2024-06-30T03:22:44.605+0000] {dag.py:3954} INFO - Setting next_dagrun for data_transfer_to_mysql to 2024-06-30 17:00:00+00:00, run_after=2024-07-01 17:00:00+00:00
[2024-06-30T03:22:44.621+0000] {processor.py:183} INFO - Processing /opt/airflow/dags/data_transfer_mysql.py took 0.392 seconds
