[2024-06-30T02:53:37.998+0000] {processor.py:161} INFO - Started process (PID=17865) to work on /opt/airflow/dags/to_gcs.py
[2024-06-30T02:53:37.998+0000] {processor.py:830} INFO - Processing file /opt/airflow/dags/to_gcs.py for tasks to queue
[2024-06-30T02:53:38.001+0000] {logging_mixin.py:188} INFO - [2024-06-30T02:53:38.000+0000] {dagbag.py:545} INFO - Filling up the DagBag from /opt/airflow/dags/to_gcs.py
[2024-06-30T02:53:38.367+0000] {processor.py:840} INFO - DAG(s) 'data_transfer_to_gcs' retrieved from /opt/airflow/dags/to_gcs.py
[2024-06-30T02:53:38.454+0000] {logging_mixin.py:188} INFO - [2024-06-30T02:53:38.453+0000] {dag.py:3096} INFO - Sync 1 DAGs
[2024-06-30T02:53:38.472+0000] {logging_mixin.py:188} INFO - [2024-06-30T02:53:38.472+0000] {dag.py:3954} INFO - Setting next_dagrun for data_transfer_to_gcs to None, run_after=None
[2024-06-30T02:53:38.484+0000] {processor.py:183} INFO - Processing /opt/airflow/dags/to_gcs.py took 0.491 seconds
[2024-06-30T02:54:08.785+0000] {processor.py:161} INFO - Started process (PID=17877) to work on /opt/airflow/dags/to_gcs.py
[2024-06-30T02:54:08.788+0000] {processor.py:830} INFO - Processing file /opt/airflow/dags/to_gcs.py for tasks to queue
[2024-06-30T02:54:08.791+0000] {logging_mixin.py:188} INFO - [2024-06-30T02:54:08.791+0000] {dagbag.py:545} INFO - Filling up the DagBag from /opt/airflow/dags/to_gcs.py
[2024-06-30T02:54:09.084+0000] {processor.py:840} INFO - DAG(s) 'data_transfer_to_gcs' retrieved from /opt/airflow/dags/to_gcs.py
[2024-06-30T02:54:09.105+0000] {logging_mixin.py:188} INFO - [2024-06-30T02:54:09.105+0000] {dag.py:3096} INFO - Sync 1 DAGs
[2024-06-30T02:54:09.118+0000] {logging_mixin.py:188} INFO - [2024-06-30T02:54:09.118+0000] {dag.py:3954} INFO - Setting next_dagrun for data_transfer_to_gcs to None, run_after=None
[2024-06-30T02:54:09.128+0000] {processor.py:183} INFO - Processing /opt/airflow/dags/to_gcs.py took 0.353 seconds
[2024-06-30T02:54:39.414+0000] {processor.py:161} INFO - Started process (PID=17889) to work on /opt/airflow/dags/to_gcs.py
[2024-06-30T02:54:39.415+0000] {processor.py:830} INFO - Processing file /opt/airflow/dags/to_gcs.py for tasks to queue
[2024-06-30T02:54:39.417+0000] {logging_mixin.py:188} INFO - [2024-06-30T02:54:39.417+0000] {dagbag.py:545} INFO - Filling up the DagBag from /opt/airflow/dags/to_gcs.py
[2024-06-30T02:54:39.693+0000] {processor.py:840} INFO - DAG(s) 'data_transfer_to_gcs' retrieved from /opt/airflow/dags/to_gcs.py
[2024-06-30T02:54:39.707+0000] {logging_mixin.py:188} INFO - [2024-06-30T02:54:39.707+0000] {dag.py:3096} INFO - Sync 1 DAGs
[2024-06-30T02:54:39.723+0000] {logging_mixin.py:188} INFO - [2024-06-30T02:54:39.723+0000] {dag.py:3954} INFO - Setting next_dagrun for data_transfer_to_gcs to None, run_after=None
[2024-06-30T02:54:39.738+0000] {processor.py:183} INFO - Processing /opt/airflow/dags/to_gcs.py took 0.330 seconds
[2024-06-30T02:55:10.010+0000] {processor.py:161} INFO - Started process (PID=17901) to work on /opt/airflow/dags/to_gcs.py
[2024-06-30T02:55:10.011+0000] {processor.py:830} INFO - Processing file /opt/airflow/dags/to_gcs.py for tasks to queue
[2024-06-30T02:55:10.013+0000] {logging_mixin.py:188} INFO - [2024-06-30T02:55:10.013+0000] {dagbag.py:545} INFO - Filling up the DagBag from /opt/airflow/dags/to_gcs.py
[2024-06-30T02:55:10.295+0000] {processor.py:840} INFO - DAG(s) 'data_transfer_to_gcs' retrieved from /opt/airflow/dags/to_gcs.py
[2024-06-30T02:55:10.308+0000] {logging_mixin.py:188} INFO - [2024-06-30T02:55:10.308+0000] {dag.py:3096} INFO - Sync 1 DAGs
[2024-06-30T02:55:10.322+0000] {logging_mixin.py:188} INFO - [2024-06-30T02:55:10.322+0000] {dag.py:3954} INFO - Setting next_dagrun for data_transfer_to_gcs to None, run_after=None
[2024-06-30T02:55:10.340+0000] {processor.py:183} INFO - Processing /opt/airflow/dags/to_gcs.py took 0.341 seconds
[2024-06-30T02:55:40.639+0000] {processor.py:161} INFO - Started process (PID=17913) to work on /opt/airflow/dags/to_gcs.py
[2024-06-30T02:55:40.641+0000] {processor.py:830} INFO - Processing file /opt/airflow/dags/to_gcs.py for tasks to queue
[2024-06-30T02:55:40.644+0000] {logging_mixin.py:188} INFO - [2024-06-30T02:55:40.643+0000] {dagbag.py:545} INFO - Filling up the DagBag from /opt/airflow/dags/to_gcs.py
[2024-06-30T02:55:40.927+0000] {processor.py:840} INFO - DAG(s) 'data_transfer_to_gcs' retrieved from /opt/airflow/dags/to_gcs.py
[2024-06-30T02:55:40.945+0000] {logging_mixin.py:188} INFO - [2024-06-30T02:55:40.944+0000] {dag.py:3096} INFO - Sync 1 DAGs
[2024-06-30T02:55:40.957+0000] {logging_mixin.py:188} INFO - [2024-06-30T02:55:40.957+0000] {dag.py:3954} INFO - Setting next_dagrun for data_transfer_to_gcs to None, run_after=None
[2024-06-30T02:55:40.974+0000] {processor.py:183} INFO - Processing /opt/airflow/dags/to_gcs.py took 0.346 seconds
[2024-06-30T02:56:11.278+0000] {processor.py:161} INFO - Started process (PID=17925) to work on /opt/airflow/dags/to_gcs.py
[2024-06-30T02:56:11.280+0000] {processor.py:830} INFO - Processing file /opt/airflow/dags/to_gcs.py for tasks to queue
[2024-06-30T02:56:11.281+0000] {logging_mixin.py:188} INFO - [2024-06-30T02:56:11.281+0000] {dagbag.py:545} INFO - Filling up the DagBag from /opt/airflow/dags/to_gcs.py
[2024-06-30T02:56:11.563+0000] {processor.py:840} INFO - DAG(s) 'data_transfer_to_gcs' retrieved from /opt/airflow/dags/to_gcs.py
[2024-06-30T02:56:11.576+0000] {logging_mixin.py:188} INFO - [2024-06-30T02:56:11.576+0000] {dag.py:3096} INFO - Sync 1 DAGs
[2024-06-30T02:56:11.587+0000] {logging_mixin.py:188} INFO - [2024-06-30T02:56:11.587+0000] {dag.py:3954} INFO - Setting next_dagrun for data_transfer_to_gcs to None, run_after=None
[2024-06-30T02:56:11.596+0000] {processor.py:183} INFO - Processing /opt/airflow/dags/to_gcs.py took 0.325 seconds
[2024-06-30T02:56:41.880+0000] {processor.py:161} INFO - Started process (PID=17937) to work on /opt/airflow/dags/to_gcs.py
[2024-06-30T02:56:41.883+0000] {processor.py:830} INFO - Processing file /opt/airflow/dags/to_gcs.py for tasks to queue
[2024-06-30T02:56:41.884+0000] {logging_mixin.py:188} INFO - [2024-06-30T02:56:41.884+0000] {dagbag.py:545} INFO - Filling up the DagBag from /opt/airflow/dags/to_gcs.py
[2024-06-30T02:56:42.169+0000] {processor.py:840} INFO - DAG(s) 'data_transfer_to_gcs' retrieved from /opt/airflow/dags/to_gcs.py
[2024-06-30T02:56:42.188+0000] {logging_mixin.py:188} INFO - [2024-06-30T02:56:42.188+0000] {dag.py:3096} INFO - Sync 1 DAGs
[2024-06-30T02:56:42.207+0000] {logging_mixin.py:188} INFO - [2024-06-30T02:56:42.207+0000] {dag.py:3954} INFO - Setting next_dagrun for data_transfer_to_gcs to None, run_after=None
[2024-06-30T02:56:42.224+0000] {processor.py:183} INFO - Processing /opt/airflow/dags/to_gcs.py took 0.351 seconds
[2024-06-30T02:57:12.529+0000] {processor.py:161} INFO - Started process (PID=17949) to work on /opt/airflow/dags/to_gcs.py
[2024-06-30T02:57:12.531+0000] {processor.py:830} INFO - Processing file /opt/airflow/dags/to_gcs.py for tasks to queue
[2024-06-30T02:57:12.532+0000] {logging_mixin.py:188} INFO - [2024-06-30T02:57:12.532+0000] {dagbag.py:545} INFO - Filling up the DagBag from /opt/airflow/dags/to_gcs.py
[2024-06-30T02:57:12.809+0000] {processor.py:840} INFO - DAG(s) 'data_transfer_to_gcs' retrieved from /opt/airflow/dags/to_gcs.py
[2024-06-30T02:57:12.824+0000] {logging_mixin.py:188} INFO - [2024-06-30T02:57:12.824+0000] {dag.py:3096} INFO - Sync 1 DAGs
[2024-06-30T02:57:12.836+0000] {logging_mixin.py:188} INFO - [2024-06-30T02:57:12.836+0000] {dag.py:3954} INFO - Setting next_dagrun for data_transfer_to_gcs to None, run_after=None
[2024-06-30T02:57:12.850+0000] {processor.py:183} INFO - Processing /opt/airflow/dags/to_gcs.py took 0.329 seconds
[2024-06-30T02:57:43.153+0000] {processor.py:161} INFO - Started process (PID=17961) to work on /opt/airflow/dags/to_gcs.py
[2024-06-30T02:57:43.156+0000] {processor.py:830} INFO - Processing file /opt/airflow/dags/to_gcs.py for tasks to queue
[2024-06-30T02:57:43.158+0000] {logging_mixin.py:188} INFO - [2024-06-30T02:57:43.157+0000] {dagbag.py:545} INFO - Filling up the DagBag from /opt/airflow/dags/to_gcs.py
[2024-06-30T02:57:43.452+0000] {processor.py:840} INFO - DAG(s) 'data_transfer_to_gcs' retrieved from /opt/airflow/dags/to_gcs.py
[2024-06-30T02:57:43.466+0000] {logging_mixin.py:188} INFO - [2024-06-30T02:57:43.466+0000] {dag.py:3096} INFO - Sync 1 DAGs
[2024-06-30T02:57:43.479+0000] {logging_mixin.py:188} INFO - [2024-06-30T02:57:43.478+0000] {dag.py:3954} INFO - Setting next_dagrun for data_transfer_to_gcs to None, run_after=None
[2024-06-30T02:57:43.493+0000] {processor.py:183} INFO - Processing /opt/airflow/dags/to_gcs.py took 0.347 seconds
[2024-06-30T02:58:13.776+0000] {processor.py:161} INFO - Started process (PID=17973) to work on /opt/airflow/dags/to_gcs.py
[2024-06-30T02:58:13.779+0000] {processor.py:830} INFO - Processing file /opt/airflow/dags/to_gcs.py for tasks to queue
[2024-06-30T02:58:13.781+0000] {logging_mixin.py:188} INFO - [2024-06-30T02:58:13.781+0000] {dagbag.py:545} INFO - Filling up the DagBag from /opt/airflow/dags/to_gcs.py
[2024-06-30T02:58:14.060+0000] {processor.py:840} INFO - DAG(s) 'data_transfer_to_gcs' retrieved from /opt/airflow/dags/to_gcs.py
[2024-06-30T02:58:14.077+0000] {logging_mixin.py:188} INFO - [2024-06-30T02:58:14.077+0000] {dag.py:3096} INFO - Sync 1 DAGs
[2024-06-30T02:58:14.090+0000] {logging_mixin.py:188} INFO - [2024-06-30T02:58:14.090+0000] {dag.py:3954} INFO - Setting next_dagrun for data_transfer_to_gcs to None, run_after=None
[2024-06-30T02:58:14.105+0000] {processor.py:183} INFO - Processing /opt/airflow/dags/to_gcs.py took 0.335 seconds
[2024-06-30T02:58:44.389+0000] {processor.py:161} INFO - Started process (PID=17985) to work on /opt/airflow/dags/to_gcs.py
[2024-06-30T02:58:44.391+0000] {processor.py:830} INFO - Processing file /opt/airflow/dags/to_gcs.py for tasks to queue
[2024-06-30T02:58:44.392+0000] {logging_mixin.py:188} INFO - [2024-06-30T02:58:44.392+0000] {dagbag.py:545} INFO - Filling up the DagBag from /opt/airflow/dags/to_gcs.py
[2024-06-30T02:58:44.676+0000] {processor.py:840} INFO - DAG(s) 'data_transfer_to_gcs' retrieved from /opt/airflow/dags/to_gcs.py
[2024-06-30T02:58:44.690+0000] {logging_mixin.py:188} INFO - [2024-06-30T02:58:44.690+0000] {dag.py:3096} INFO - Sync 1 DAGs
[2024-06-30T02:58:44.703+0000] {logging_mixin.py:188} INFO - [2024-06-30T02:58:44.703+0000] {dag.py:3954} INFO - Setting next_dagrun for data_transfer_to_gcs to None, run_after=None
[2024-06-30T02:58:44.717+0000] {processor.py:183} INFO - Processing /opt/airflow/dags/to_gcs.py took 0.333 seconds
[2024-06-30T02:59:15.025+0000] {processor.py:161} INFO - Started process (PID=17997) to work on /opt/airflow/dags/to_gcs.py
[2024-06-30T02:59:15.027+0000] {processor.py:830} INFO - Processing file /opt/airflow/dags/to_gcs.py for tasks to queue
[2024-06-30T02:59:15.029+0000] {logging_mixin.py:188} INFO - [2024-06-30T02:59:15.029+0000] {dagbag.py:545} INFO - Filling up the DagBag from /opt/airflow/dags/to_gcs.py
[2024-06-30T02:59:15.324+0000] {processor.py:840} INFO - DAG(s) 'data_transfer_to_gcs' retrieved from /opt/airflow/dags/to_gcs.py
[2024-06-30T02:59:15.339+0000] {logging_mixin.py:188} INFO - [2024-06-30T02:59:15.339+0000] {dag.py:3096} INFO - Sync 1 DAGs
[2024-06-30T02:59:15.352+0000] {logging_mixin.py:188} INFO - [2024-06-30T02:59:15.351+0000] {dag.py:3954} INFO - Setting next_dagrun for data_transfer_to_gcs to None, run_after=None
[2024-06-30T02:59:15.365+0000] {processor.py:183} INFO - Processing /opt/airflow/dags/to_gcs.py took 0.346 seconds
[2024-06-30T02:59:45.649+0000] {processor.py:161} INFO - Started process (PID=18009) to work on /opt/airflow/dags/to_gcs.py
[2024-06-30T02:59:45.652+0000] {processor.py:830} INFO - Processing file /opt/airflow/dags/to_gcs.py for tasks to queue
[2024-06-30T02:59:45.654+0000] {logging_mixin.py:188} INFO - [2024-06-30T02:59:45.654+0000] {dagbag.py:545} INFO - Filling up the DagBag from /opt/airflow/dags/to_gcs.py
[2024-06-30T02:59:45.934+0000] {processor.py:840} INFO - DAG(s) 'data_transfer_to_gcs' retrieved from /opt/airflow/dags/to_gcs.py
[2024-06-30T02:59:45.950+0000] {logging_mixin.py:188} INFO - [2024-06-30T02:59:45.950+0000] {dag.py:3096} INFO - Sync 1 DAGs
[2024-06-30T02:59:45.962+0000] {logging_mixin.py:188} INFO - [2024-06-30T02:59:45.962+0000] {dag.py:3954} INFO - Setting next_dagrun for data_transfer_to_gcs to None, run_after=None
[2024-06-30T02:59:45.974+0000] {processor.py:183} INFO - Processing /opt/airflow/dags/to_gcs.py took 0.334 seconds
[2024-06-30T03:00:16.263+0000] {processor.py:161} INFO - Started process (PID=18021) to work on /opt/airflow/dags/to_gcs.py
[2024-06-30T03:00:16.265+0000] {processor.py:830} INFO - Processing file /opt/airflow/dags/to_gcs.py for tasks to queue
[2024-06-30T03:00:16.268+0000] {logging_mixin.py:188} INFO - [2024-06-30T03:00:16.268+0000] {dagbag.py:545} INFO - Filling up the DagBag from /opt/airflow/dags/to_gcs.py
[2024-06-30T03:00:16.554+0000] {processor.py:840} INFO - DAG(s) 'data_transfer_to_gcs' retrieved from /opt/airflow/dags/to_gcs.py
[2024-06-30T03:00:16.568+0000] {logging_mixin.py:188} INFO - [2024-06-30T03:00:16.568+0000] {dag.py:3096} INFO - Sync 1 DAGs
[2024-06-30T03:00:16.581+0000] {logging_mixin.py:188} INFO - [2024-06-30T03:00:16.580+0000] {dag.py:3954} INFO - Setting next_dagrun for data_transfer_to_gcs to None, run_after=None
[2024-06-30T03:00:16.593+0000] {processor.py:183} INFO - Processing /opt/airflow/dags/to_gcs.py took 0.340 seconds
[2024-06-30T03:00:46.888+0000] {processor.py:161} INFO - Started process (PID=18033) to work on /opt/airflow/dags/to_gcs.py
[2024-06-30T03:00:46.891+0000] {processor.py:830} INFO - Processing file /opt/airflow/dags/to_gcs.py for tasks to queue
[2024-06-30T03:00:46.894+0000] {logging_mixin.py:188} INFO - [2024-06-30T03:00:46.893+0000] {dagbag.py:545} INFO - Filling up the DagBag from /opt/airflow/dags/to_gcs.py
[2024-06-30T03:00:47.167+0000] {processor.py:840} INFO - DAG(s) 'data_transfer_to_gcs' retrieved from /opt/airflow/dags/to_gcs.py
[2024-06-30T03:00:47.182+0000] {logging_mixin.py:188} INFO - [2024-06-30T03:00:47.182+0000] {dag.py:3096} INFO - Sync 1 DAGs
[2024-06-30T03:00:47.194+0000] {logging_mixin.py:188} INFO - [2024-06-30T03:00:47.194+0000] {dag.py:3954} INFO - Setting next_dagrun for data_transfer_to_gcs to None, run_after=None
[2024-06-30T03:00:47.208+0000] {processor.py:183} INFO - Processing /opt/airflow/dags/to_gcs.py took 0.326 seconds
[2024-06-30T03:01:17.485+0000] {processor.py:161} INFO - Started process (PID=18045) to work on /opt/airflow/dags/to_gcs.py
[2024-06-30T03:01:17.488+0000] {processor.py:830} INFO - Processing file /opt/airflow/dags/to_gcs.py for tasks to queue
[2024-06-30T03:01:17.489+0000] {logging_mixin.py:188} INFO - [2024-06-30T03:01:17.489+0000] {dagbag.py:545} INFO - Filling up the DagBag from /opt/airflow/dags/to_gcs.py
[2024-06-30T03:01:17.798+0000] {processor.py:840} INFO - DAG(s) 'data_transfer_to_gcs' retrieved from /opt/airflow/dags/to_gcs.py
[2024-06-30T03:01:17.813+0000] {logging_mixin.py:188} INFO - [2024-06-30T03:01:17.813+0000] {dag.py:3096} INFO - Sync 1 DAGs
[2024-06-30T03:01:17.830+0000] {logging_mixin.py:188} INFO - [2024-06-30T03:01:17.830+0000] {dag.py:3954} INFO - Setting next_dagrun for data_transfer_to_gcs to None, run_after=None
[2024-06-30T03:01:17.848+0000] {processor.py:183} INFO - Processing /opt/airflow/dags/to_gcs.py took 0.372 seconds
[2024-06-30T03:01:48.137+0000] {processor.py:161} INFO - Started process (PID=18057) to work on /opt/airflow/dags/to_gcs.py
[2024-06-30T03:01:48.138+0000] {processor.py:830} INFO - Processing file /opt/airflow/dags/to_gcs.py for tasks to queue
[2024-06-30T03:01:48.139+0000] {logging_mixin.py:188} INFO - [2024-06-30T03:01:48.139+0000] {dagbag.py:545} INFO - Filling up the DagBag from /opt/airflow/dags/to_gcs.py
[2024-06-30T03:01:48.412+0000] {processor.py:840} INFO - DAG(s) 'data_transfer_to_gcs' retrieved from /opt/airflow/dags/to_gcs.py
[2024-06-30T03:01:48.427+0000] {logging_mixin.py:188} INFO - [2024-06-30T03:01:48.427+0000] {dag.py:3096} INFO - Sync 1 DAGs
[2024-06-30T03:01:48.444+0000] {logging_mixin.py:188} INFO - [2024-06-30T03:01:48.444+0000] {dag.py:3954} INFO - Setting next_dagrun for data_transfer_to_gcs to None, run_after=None
[2024-06-30T03:01:48.462+0000] {processor.py:183} INFO - Processing /opt/airflow/dags/to_gcs.py took 0.331 seconds
[2024-06-30T03:02:18.749+0000] {processor.py:161} INFO - Started process (PID=18069) to work on /opt/airflow/dags/to_gcs.py
[2024-06-30T03:02:18.751+0000] {processor.py:830} INFO - Processing file /opt/airflow/dags/to_gcs.py for tasks to queue
[2024-06-30T03:02:18.753+0000] {logging_mixin.py:188} INFO - [2024-06-30T03:02:18.753+0000] {dagbag.py:545} INFO - Filling up the DagBag from /opt/airflow/dags/to_gcs.py
[2024-06-30T03:02:19.061+0000] {processor.py:840} INFO - DAG(s) 'data_transfer_to_gcs' retrieved from /opt/airflow/dags/to_gcs.py
[2024-06-30T03:02:19.078+0000] {logging_mixin.py:188} INFO - [2024-06-30T03:02:19.078+0000] {dag.py:3096} INFO - Sync 1 DAGs
[2024-06-30T03:02:19.091+0000] {logging_mixin.py:188} INFO - [2024-06-30T03:02:19.090+0000] {dag.py:3954} INFO - Setting next_dagrun for data_transfer_to_gcs to None, run_after=None
[2024-06-30T03:02:19.104+0000] {processor.py:183} INFO - Processing /opt/airflow/dags/to_gcs.py took 0.363 seconds
[2024-06-30T03:02:49.362+0000] {processor.py:161} INFO - Started process (PID=18081) to work on /opt/airflow/dags/to_gcs.py
[2024-06-30T03:02:49.364+0000] {processor.py:830} INFO - Processing file /opt/airflow/dags/to_gcs.py for tasks to queue
[2024-06-30T03:02:49.366+0000] {logging_mixin.py:188} INFO - [2024-06-30T03:02:49.366+0000] {dagbag.py:545} INFO - Filling up the DagBag from /opt/airflow/dags/to_gcs.py
[2024-06-30T03:02:49.667+0000] {processor.py:840} INFO - DAG(s) 'data_transfer_to_gcs' retrieved from /opt/airflow/dags/to_gcs.py
[2024-06-30T03:02:49.681+0000] {logging_mixin.py:188} INFO - [2024-06-30T03:02:49.681+0000] {dag.py:3096} INFO - Sync 1 DAGs
[2024-06-30T03:02:49.693+0000] {logging_mixin.py:188} INFO - [2024-06-30T03:02:49.693+0000] {dag.py:3954} INFO - Setting next_dagrun for data_transfer_to_gcs to None, run_after=None
[2024-06-30T03:02:49.705+0000] {processor.py:183} INFO - Processing /opt/airflow/dags/to_gcs.py took 0.350 seconds
[2024-06-30T03:03:19.985+0000] {processor.py:161} INFO - Started process (PID=18093) to work on /opt/airflow/dags/to_gcs.py
[2024-06-30T03:03:19.988+0000] {processor.py:830} INFO - Processing file /opt/airflow/dags/to_gcs.py for tasks to queue
[2024-06-30T03:03:19.990+0000] {logging_mixin.py:188} INFO - [2024-06-30T03:03:19.989+0000] {dagbag.py:545} INFO - Filling up the DagBag from /opt/airflow/dags/to_gcs.py
[2024-06-30T03:03:20.286+0000] {processor.py:840} INFO - DAG(s) 'data_transfer_to_gcs' retrieved from /opt/airflow/dags/to_gcs.py
[2024-06-30T03:03:20.301+0000] {logging_mixin.py:188} INFO - [2024-06-30T03:03:20.301+0000] {dag.py:3096} INFO - Sync 1 DAGs
[2024-06-30T03:03:20.313+0000] {logging_mixin.py:188} INFO - [2024-06-30T03:03:20.313+0000] {dag.py:3954} INFO - Setting next_dagrun for data_transfer_to_gcs to None, run_after=None
[2024-06-30T03:03:20.325+0000] {processor.py:183} INFO - Processing /opt/airflow/dags/to_gcs.py took 0.348 seconds
[2024-06-30T03:03:50.618+0000] {processor.py:161} INFO - Started process (PID=18105) to work on /opt/airflow/dags/to_gcs.py
[2024-06-30T03:03:50.621+0000] {processor.py:830} INFO - Processing file /opt/airflow/dags/to_gcs.py for tasks to queue
[2024-06-30T03:03:50.623+0000] {logging_mixin.py:188} INFO - [2024-06-30T03:03:50.623+0000] {dagbag.py:545} INFO - Filling up the DagBag from /opt/airflow/dags/to_gcs.py
[2024-06-30T03:03:50.904+0000] {processor.py:840} INFO - DAG(s) 'data_transfer_to_gcs' retrieved from /opt/airflow/dags/to_gcs.py
[2024-06-30T03:03:50.918+0000] {logging_mixin.py:188} INFO - [2024-06-30T03:03:50.918+0000] {dag.py:3096} INFO - Sync 1 DAGs
[2024-06-30T03:03:50.931+0000] {logging_mixin.py:188} INFO - [2024-06-30T03:03:50.931+0000] {dag.py:3954} INFO - Setting next_dagrun for data_transfer_to_gcs to None, run_after=None
[2024-06-30T03:03:50.944+0000] {processor.py:183} INFO - Processing /opt/airflow/dags/to_gcs.py took 0.334 seconds
[2024-06-30T03:04:21.242+0000] {processor.py:161} INFO - Started process (PID=18117) to work on /opt/airflow/dags/to_gcs.py
[2024-06-30T03:04:21.244+0000] {processor.py:830} INFO - Processing file /opt/airflow/dags/to_gcs.py for tasks to queue
[2024-06-30T03:04:21.246+0000] {logging_mixin.py:188} INFO - [2024-06-30T03:04:21.246+0000] {dagbag.py:545} INFO - Filling up the DagBag from /opt/airflow/dags/to_gcs.py
[2024-06-30T03:04:21.550+0000] {processor.py:840} INFO - DAG(s) 'data_transfer_to_gcs' retrieved from /opt/airflow/dags/to_gcs.py
[2024-06-30T03:04:21.565+0000] {logging_mixin.py:188} INFO - [2024-06-30T03:04:21.565+0000] {dag.py:3096} INFO - Sync 1 DAGs
[2024-06-30T03:04:21.578+0000] {logging_mixin.py:188} INFO - [2024-06-30T03:04:21.577+0000] {dag.py:3954} INFO - Setting next_dagrun for data_transfer_to_gcs to None, run_after=None
[2024-06-30T03:04:21.594+0000] {processor.py:183} INFO - Processing /opt/airflow/dags/to_gcs.py took 0.358 seconds
[2024-06-30T03:04:51.908+0000] {processor.py:161} INFO - Started process (PID=18129) to work on /opt/airflow/dags/to_gcs.py
[2024-06-30T03:04:51.911+0000] {processor.py:830} INFO - Processing file /opt/airflow/dags/to_gcs.py for tasks to queue
[2024-06-30T03:04:51.913+0000] {logging_mixin.py:188} INFO - [2024-06-30T03:04:51.912+0000] {dagbag.py:545} INFO - Filling up the DagBag from /opt/airflow/dags/to_gcs.py
[2024-06-30T03:04:52.194+0000] {processor.py:840} INFO - DAG(s) 'data_transfer_to_gcs' retrieved from /opt/airflow/dags/to_gcs.py
[2024-06-30T03:04:52.208+0000] {logging_mixin.py:188} INFO - [2024-06-30T03:04:52.208+0000] {dag.py:3096} INFO - Sync 1 DAGs
[2024-06-30T03:04:52.220+0000] {logging_mixin.py:188} INFO - [2024-06-30T03:04:52.220+0000] {dag.py:3954} INFO - Setting next_dagrun for data_transfer_to_gcs to None, run_after=None
[2024-06-30T03:04:52.233+0000] {processor.py:183} INFO - Processing /opt/airflow/dags/to_gcs.py took 0.330 seconds
[2024-06-30T03:05:22.531+0000] {processor.py:161} INFO - Started process (PID=18141) to work on /opt/airflow/dags/to_gcs.py
[2024-06-30T03:05:22.533+0000] {processor.py:830} INFO - Processing file /opt/airflow/dags/to_gcs.py for tasks to queue
[2024-06-30T03:05:22.535+0000] {logging_mixin.py:188} INFO - [2024-06-30T03:05:22.534+0000] {dagbag.py:545} INFO - Filling up the DagBag from /opt/airflow/dags/to_gcs.py
[2024-06-30T03:05:22.857+0000] {processor.py:840} INFO - DAG(s) 'data_transfer_to_gcs' retrieved from /opt/airflow/dags/to_gcs.py
[2024-06-30T03:05:22.873+0000] {logging_mixin.py:188} INFO - [2024-06-30T03:05:22.873+0000] {dag.py:3096} INFO - Sync 1 DAGs
[2024-06-30T03:05:22.886+0000] {logging_mixin.py:188} INFO - [2024-06-30T03:05:22.886+0000] {dag.py:3954} INFO - Setting next_dagrun for data_transfer_to_gcs to None, run_after=None
[2024-06-30T03:05:22.899+0000] {processor.py:183} INFO - Processing /opt/airflow/dags/to_gcs.py took 0.378 seconds
[2024-06-30T03:05:53.183+0000] {processor.py:161} INFO - Started process (PID=18153) to work on /opt/airflow/dags/to_gcs.py
[2024-06-30T03:05:53.184+0000] {processor.py:830} INFO - Processing file /opt/airflow/dags/to_gcs.py for tasks to queue
[2024-06-30T03:05:53.185+0000] {logging_mixin.py:188} INFO - [2024-06-30T03:05:53.185+0000] {dagbag.py:545} INFO - Filling up the DagBag from /opt/airflow/dags/to_gcs.py
[2024-06-30T03:05:53.459+0000] {processor.py:840} INFO - DAG(s) 'data_transfer_to_gcs' retrieved from /opt/airflow/dags/to_gcs.py
[2024-06-30T03:05:53.473+0000] {logging_mixin.py:188} INFO - [2024-06-30T03:05:53.473+0000] {dag.py:3096} INFO - Sync 1 DAGs
[2024-06-30T03:05:53.491+0000] {logging_mixin.py:188} INFO - [2024-06-30T03:05:53.491+0000] {dag.py:3954} INFO - Setting next_dagrun for data_transfer_to_gcs to None, run_after=None
[2024-06-30T03:05:53.505+0000] {processor.py:183} INFO - Processing /opt/airflow/dags/to_gcs.py took 0.329 seconds
[2024-06-30T03:06:23.806+0000] {processor.py:161} INFO - Started process (PID=18165) to work on /opt/airflow/dags/to_gcs.py
[2024-06-30T03:06:23.808+0000] {processor.py:830} INFO - Processing file /opt/airflow/dags/to_gcs.py for tasks to queue
[2024-06-30T03:06:23.810+0000] {logging_mixin.py:188} INFO - [2024-06-30T03:06:23.809+0000] {dagbag.py:545} INFO - Filling up the DagBag from /opt/airflow/dags/to_gcs.py
[2024-06-30T03:06:24.091+0000] {processor.py:840} INFO - DAG(s) 'data_transfer_to_gcs' retrieved from /opt/airflow/dags/to_gcs.py
[2024-06-30T03:06:24.112+0000] {logging_mixin.py:188} INFO - [2024-06-30T03:06:24.111+0000] {dag.py:3096} INFO - Sync 1 DAGs
[2024-06-30T03:06:24.128+0000] {logging_mixin.py:188} INFO - [2024-06-30T03:06:24.128+0000] {dag.py:3954} INFO - Setting next_dagrun for data_transfer_to_gcs to None, run_after=None
[2024-06-30T03:06:24.143+0000] {processor.py:183} INFO - Processing /opt/airflow/dags/to_gcs.py took 0.340 seconds
[2024-06-30T03:06:54.438+0000] {processor.py:161} INFO - Started process (PID=18177) to work on /opt/airflow/dags/to_gcs.py
[2024-06-30T03:06:54.441+0000] {processor.py:830} INFO - Processing file /opt/airflow/dags/to_gcs.py for tasks to queue
[2024-06-30T03:06:54.443+0000] {logging_mixin.py:188} INFO - [2024-06-30T03:06:54.443+0000] {dagbag.py:545} INFO - Filling up the DagBag from /opt/airflow/dags/to_gcs.py
[2024-06-30T03:06:54.728+0000] {processor.py:840} INFO - DAG(s) 'data_transfer_to_gcs' retrieved from /opt/airflow/dags/to_gcs.py
[2024-06-30T03:06:54.743+0000] {logging_mixin.py:188} INFO - [2024-06-30T03:06:54.742+0000] {dag.py:3096} INFO - Sync 1 DAGs
[2024-06-30T03:06:54.755+0000] {logging_mixin.py:188} INFO - [2024-06-30T03:06:54.754+0000] {dag.py:3954} INFO - Setting next_dagrun for data_transfer_to_gcs to None, run_after=None
[2024-06-30T03:06:54.768+0000] {processor.py:183} INFO - Processing /opt/airflow/dags/to_gcs.py took 0.341 seconds
[2024-06-30T03:07:25.041+0000] {processor.py:161} INFO - Started process (PID=18189) to work on /opt/airflow/dags/to_gcs.py
[2024-06-30T03:07:25.043+0000] {processor.py:830} INFO - Processing file /opt/airflow/dags/to_gcs.py for tasks to queue
[2024-06-30T03:07:25.044+0000] {logging_mixin.py:188} INFO - [2024-06-30T03:07:25.044+0000] {dagbag.py:545} INFO - Filling up the DagBag from /opt/airflow/dags/to_gcs.py
[2024-06-30T03:07:25.354+0000] {processor.py:840} INFO - DAG(s) 'data_transfer_to_gcs' retrieved from /opt/airflow/dags/to_gcs.py
[2024-06-30T03:07:25.374+0000] {logging_mixin.py:188} INFO - [2024-06-30T03:07:25.374+0000] {dag.py:3096} INFO - Sync 1 DAGs
[2024-06-30T03:07:25.390+0000] {logging_mixin.py:188} INFO - [2024-06-30T03:07:25.390+0000] {dag.py:3954} INFO - Setting next_dagrun for data_transfer_to_gcs to None, run_after=None
[2024-06-30T03:07:25.406+0000] {processor.py:183} INFO - Processing /opt/airflow/dags/to_gcs.py took 0.371 seconds
[2024-06-30T03:07:55.698+0000] {processor.py:161} INFO - Started process (PID=18201) to work on /opt/airflow/dags/to_gcs.py
[2024-06-30T03:07:55.699+0000] {processor.py:830} INFO - Processing file /opt/airflow/dags/to_gcs.py for tasks to queue
[2024-06-30T03:07:55.701+0000] {logging_mixin.py:188} INFO - [2024-06-30T03:07:55.701+0000] {dagbag.py:545} INFO - Filling up the DagBag from /opt/airflow/dags/to_gcs.py
[2024-06-30T03:07:55.981+0000] {processor.py:840} INFO - DAG(s) 'data_transfer_to_gcs' retrieved from /opt/airflow/dags/to_gcs.py
[2024-06-30T03:07:55.994+0000] {logging_mixin.py:188} INFO - [2024-06-30T03:07:55.994+0000] {dag.py:3096} INFO - Sync 1 DAGs
[2024-06-30T03:07:56.006+0000] {logging_mixin.py:188} INFO - [2024-06-30T03:07:56.005+0000] {dag.py:3954} INFO - Setting next_dagrun for data_transfer_to_gcs to None, run_after=None
[2024-06-30T03:07:56.017+0000] {processor.py:183} INFO - Processing /opt/airflow/dags/to_gcs.py took 0.327 seconds
[2024-06-30T03:08:26.312+0000] {processor.py:161} INFO - Started process (PID=18213) to work on /opt/airflow/dags/to_gcs.py
[2024-06-30T03:08:26.315+0000] {processor.py:830} INFO - Processing file /opt/airflow/dags/to_gcs.py for tasks to queue
[2024-06-30T03:08:26.317+0000] {logging_mixin.py:188} INFO - [2024-06-30T03:08:26.317+0000] {dagbag.py:545} INFO - Filling up the DagBag from /opt/airflow/dags/to_gcs.py
[2024-06-30T03:08:26.593+0000] {processor.py:840} INFO - DAG(s) 'data_transfer_to_gcs' retrieved from /opt/airflow/dags/to_gcs.py
[2024-06-30T03:08:26.610+0000] {logging_mixin.py:188} INFO - [2024-06-30T03:08:26.609+0000] {dag.py:3096} INFO - Sync 1 DAGs
[2024-06-30T03:08:26.627+0000] {logging_mixin.py:188} INFO - [2024-06-30T03:08:26.626+0000] {dag.py:3954} INFO - Setting next_dagrun for data_transfer_to_gcs to None, run_after=None
[2024-06-30T03:08:26.642+0000] {processor.py:183} INFO - Processing /opt/airflow/dags/to_gcs.py took 0.339 seconds
[2024-06-30T03:08:56.921+0000] {processor.py:161} INFO - Started process (PID=18225) to work on /opt/airflow/dags/to_gcs.py
[2024-06-30T03:08:56.922+0000] {processor.py:830} INFO - Processing file /opt/airflow/dags/to_gcs.py for tasks to queue
[2024-06-30T03:08:56.925+0000] {logging_mixin.py:188} INFO - [2024-06-30T03:08:56.924+0000] {dagbag.py:545} INFO - Filling up the DagBag from /opt/airflow/dags/to_gcs.py
[2024-06-30T03:08:57.203+0000] {processor.py:840} INFO - DAG(s) 'data_transfer_to_gcs' retrieved from /opt/airflow/dags/to_gcs.py
[2024-06-30T03:08:57.218+0000] {logging_mixin.py:188} INFO - [2024-06-30T03:08:57.218+0000] {dag.py:3096} INFO - Sync 1 DAGs
[2024-06-30T03:08:57.231+0000] {logging_mixin.py:188} INFO - [2024-06-30T03:08:57.231+0000] {dag.py:3954} INFO - Setting next_dagrun for data_transfer_to_gcs to None, run_after=None
[2024-06-30T03:08:57.243+0000] {processor.py:183} INFO - Processing /opt/airflow/dags/to_gcs.py took 0.330 seconds
[2024-06-30T03:09:27.499+0000] {processor.py:161} INFO - Started process (PID=18237) to work on /opt/airflow/dags/to_gcs.py
[2024-06-30T03:09:27.502+0000] {processor.py:830} INFO - Processing file /opt/airflow/dags/to_gcs.py for tasks to queue
[2024-06-30T03:09:27.504+0000] {logging_mixin.py:188} INFO - [2024-06-30T03:09:27.504+0000] {dagbag.py:545} INFO - Filling up the DagBag from /opt/airflow/dags/to_gcs.py
[2024-06-30T03:09:27.822+0000] {processor.py:840} INFO - DAG(s) 'data_transfer_to_gcs' retrieved from /opt/airflow/dags/to_gcs.py
[2024-06-30T03:09:27.841+0000] {logging_mixin.py:188} INFO - [2024-06-30T03:09:27.841+0000] {dag.py:3096} INFO - Sync 1 DAGs
[2024-06-30T03:09:27.861+0000] {logging_mixin.py:188} INFO - [2024-06-30T03:09:27.861+0000] {dag.py:3954} INFO - Setting next_dagrun for data_transfer_to_gcs to None, run_after=None
[2024-06-30T03:09:27.874+0000] {processor.py:183} INFO - Processing /opt/airflow/dags/to_gcs.py took 0.379 seconds
[2024-06-30T03:09:58.138+0000] {processor.py:161} INFO - Started process (PID=18249) to work on /opt/airflow/dags/to_gcs.py
[2024-06-30T03:09:58.139+0000] {processor.py:830} INFO - Processing file /opt/airflow/dags/to_gcs.py for tasks to queue
[2024-06-30T03:09:58.142+0000] {logging_mixin.py:188} INFO - [2024-06-30T03:09:58.142+0000] {dagbag.py:545} INFO - Filling up the DagBag from /opt/airflow/dags/to_gcs.py
[2024-06-30T03:09:58.453+0000] {processor.py:840} INFO - DAG(s) 'data_transfer_to_gcs' retrieved from /opt/airflow/dags/to_gcs.py
[2024-06-30T03:09:58.472+0000] {logging_mixin.py:188} INFO - [2024-06-30T03:09:58.472+0000] {dag.py:3096} INFO - Sync 1 DAGs
[2024-06-30T03:09:58.484+0000] {logging_mixin.py:188} INFO - [2024-06-30T03:09:58.483+0000] {dag.py:3954} INFO - Setting next_dagrun for data_transfer_to_gcs to None, run_after=None
[2024-06-30T03:09:58.494+0000] {processor.py:183} INFO - Processing /opt/airflow/dags/to_gcs.py took 0.363 seconds
[2024-06-30T03:10:28.784+0000] {processor.py:161} INFO - Started process (PID=18261) to work on /opt/airflow/dags/to_gcs.py
[2024-06-30T03:10:28.787+0000] {processor.py:830} INFO - Processing file /opt/airflow/dags/to_gcs.py for tasks to queue
[2024-06-30T03:10:28.791+0000] {logging_mixin.py:188} INFO - [2024-06-30T03:10:28.790+0000] {dagbag.py:545} INFO - Filling up the DagBag from /opt/airflow/dags/to_gcs.py
[2024-06-30T03:10:29.146+0000] {processor.py:840} INFO - DAG(s) 'data_transfer_to_gcs' retrieved from /opt/airflow/dags/to_gcs.py
[2024-06-30T03:10:29.160+0000] {logging_mixin.py:188} INFO - [2024-06-30T03:10:29.160+0000] {dag.py:3096} INFO - Sync 1 DAGs
[2024-06-30T03:10:29.171+0000] {logging_mixin.py:188} INFO - [2024-06-30T03:10:29.171+0000] {dag.py:3954} INFO - Setting next_dagrun for data_transfer_to_gcs to None, run_after=None
[2024-06-30T03:10:29.186+0000] {processor.py:183} INFO - Processing /opt/airflow/dags/to_gcs.py took 0.412 seconds
[2024-06-30T03:10:59.472+0000] {processor.py:161} INFO - Started process (PID=18273) to work on /opt/airflow/dags/to_gcs.py
[2024-06-30T03:10:59.475+0000] {processor.py:830} INFO - Processing file /opt/airflow/dags/to_gcs.py for tasks to queue
[2024-06-30T03:10:59.476+0000] {logging_mixin.py:188} INFO - [2024-06-30T03:10:59.476+0000] {dagbag.py:545} INFO - Filling up the DagBag from /opt/airflow/dags/to_gcs.py
[2024-06-30T03:10:59.786+0000] {processor.py:840} INFO - DAG(s) 'data_transfer_to_gcs' retrieved from /opt/airflow/dags/to_gcs.py
[2024-06-30T03:10:59.800+0000] {logging_mixin.py:188} INFO - [2024-06-30T03:10:59.800+0000] {dag.py:3096} INFO - Sync 1 DAGs
[2024-06-30T03:10:59.813+0000] {logging_mixin.py:188} INFO - [2024-06-30T03:10:59.813+0000] {dag.py:3954} INFO - Setting next_dagrun for data_transfer_to_gcs to None, run_after=None
[2024-06-30T03:10:59.826+0000] {processor.py:183} INFO - Processing /opt/airflow/dags/to_gcs.py took 0.364 seconds
[2024-06-30T03:11:30.116+0000] {processor.py:161} INFO - Started process (PID=18285) to work on /opt/airflow/dags/to_gcs.py
[2024-06-30T03:11:30.119+0000] {processor.py:830} INFO - Processing file /opt/airflow/dags/to_gcs.py for tasks to queue
[2024-06-30T03:11:30.121+0000] {logging_mixin.py:188} INFO - [2024-06-30T03:11:30.121+0000] {dagbag.py:545} INFO - Filling up the DagBag from /opt/airflow/dags/to_gcs.py
[2024-06-30T03:11:30.414+0000] {processor.py:840} INFO - DAG(s) 'data_transfer_to_gcs' retrieved from /opt/airflow/dags/to_gcs.py
[2024-06-30T03:11:30.433+0000] {logging_mixin.py:188} INFO - [2024-06-30T03:11:30.433+0000] {dag.py:3096} INFO - Sync 1 DAGs
[2024-06-30T03:11:30.445+0000] {logging_mixin.py:188} INFO - [2024-06-30T03:11:30.445+0000] {dag.py:3954} INFO - Setting next_dagrun for data_transfer_to_gcs to None, run_after=None
[2024-06-30T03:11:30.458+0000] {processor.py:183} INFO - Processing /opt/airflow/dags/to_gcs.py took 0.355 seconds
[2024-06-30T03:12:00.734+0000] {processor.py:161} INFO - Started process (PID=18297) to work on /opt/airflow/dags/to_gcs.py
[2024-06-30T03:12:00.735+0000] {processor.py:830} INFO - Processing file /opt/airflow/dags/to_gcs.py for tasks to queue
[2024-06-30T03:12:00.738+0000] {logging_mixin.py:188} INFO - [2024-06-30T03:12:00.737+0000] {dagbag.py:545} INFO - Filling up the DagBag from /opt/airflow/dags/to_gcs.py
[2024-06-30T03:12:01.057+0000] {processor.py:840} INFO - DAG(s) 'data_transfer_to_gcs' retrieved from /opt/airflow/dags/to_gcs.py
[2024-06-30T03:12:01.076+0000] {logging_mixin.py:188} INFO - [2024-06-30T03:12:01.076+0000] {dag.py:3096} INFO - Sync 1 DAGs
[2024-06-30T03:12:01.089+0000] {logging_mixin.py:188} INFO - [2024-06-30T03:12:01.089+0000] {dag.py:3954} INFO - Setting next_dagrun for data_transfer_to_gcs to None, run_after=None
[2024-06-30T03:12:01.102+0000] {processor.py:183} INFO - Processing /opt/airflow/dags/to_gcs.py took 0.377 seconds
[2024-06-30T03:12:31.382+0000] {processor.py:161} INFO - Started process (PID=18309) to work on /opt/airflow/dags/to_gcs.py
[2024-06-30T03:12:31.384+0000] {processor.py:830} INFO - Processing file /opt/airflow/dags/to_gcs.py for tasks to queue
[2024-06-30T03:12:31.387+0000] {logging_mixin.py:188} INFO - [2024-06-30T03:12:31.386+0000] {dagbag.py:545} INFO - Filling up the DagBag from /opt/airflow/dags/to_gcs.py
[2024-06-30T03:12:31.665+0000] {processor.py:840} INFO - DAG(s) 'data_transfer_to_gcs' retrieved from /opt/airflow/dags/to_gcs.py
[2024-06-30T03:12:31.679+0000] {logging_mixin.py:188} INFO - [2024-06-30T03:12:31.678+0000] {dag.py:3096} INFO - Sync 1 DAGs
[2024-06-30T03:12:31.691+0000] {logging_mixin.py:188} INFO - [2024-06-30T03:12:31.691+0000] {dag.py:3954} INFO - Setting next_dagrun for data_transfer_to_gcs to None, run_after=None
[2024-06-30T03:12:31.705+0000] {processor.py:183} INFO - Processing /opt/airflow/dags/to_gcs.py took 0.328 seconds
[2024-06-30T03:13:02.015+0000] {processor.py:161} INFO - Started process (PID=18321) to work on /opt/airflow/dags/to_gcs.py
[2024-06-30T03:13:02.017+0000] {processor.py:830} INFO - Processing file /opt/airflow/dags/to_gcs.py for tasks to queue
[2024-06-30T03:13:02.019+0000] {logging_mixin.py:188} INFO - [2024-06-30T03:13:02.018+0000] {dagbag.py:545} INFO - Filling up the DagBag from /opt/airflow/dags/to_gcs.py
[2024-06-30T03:13:02.359+0000] {processor.py:840} INFO - DAG(s) 'data_transfer_to_gcs' retrieved from /opt/airflow/dags/to_gcs.py
[2024-06-30T03:13:02.374+0000] {logging_mixin.py:188} INFO - [2024-06-30T03:13:02.373+0000] {dag.py:3096} INFO - Sync 1 DAGs
[2024-06-30T03:13:02.387+0000] {logging_mixin.py:188} INFO - [2024-06-30T03:13:02.387+0000] {dag.py:3954} INFO - Setting next_dagrun for data_transfer_to_gcs to None, run_after=None
[2024-06-30T03:13:02.400+0000] {processor.py:183} INFO - Processing /opt/airflow/dags/to_gcs.py took 0.394 seconds
[2024-06-30T03:13:32.706+0000] {processor.py:161} INFO - Started process (PID=18333) to work on /opt/airflow/dags/to_gcs.py
[2024-06-30T03:13:32.708+0000] {processor.py:830} INFO - Processing file /opt/airflow/dags/to_gcs.py for tasks to queue
[2024-06-30T03:13:32.709+0000] {logging_mixin.py:188} INFO - [2024-06-30T03:13:32.709+0000] {dagbag.py:545} INFO - Filling up the DagBag from /opt/airflow/dags/to_gcs.py
[2024-06-30T03:13:33.025+0000] {processor.py:840} INFO - DAG(s) 'data_transfer_to_gcs' retrieved from /opt/airflow/dags/to_gcs.py
[2024-06-30T03:13:33.043+0000] {logging_mixin.py:188} INFO - [2024-06-30T03:13:33.043+0000] {dag.py:3096} INFO - Sync 1 DAGs
[2024-06-30T03:13:33.055+0000] {logging_mixin.py:188} INFO - [2024-06-30T03:13:33.055+0000] {dag.py:3954} INFO - Setting next_dagrun for data_transfer_to_gcs to None, run_after=None
[2024-06-30T03:13:33.073+0000] {processor.py:183} INFO - Processing /opt/airflow/dags/to_gcs.py took 0.378 seconds
[2024-06-30T03:14:03.382+0000] {processor.py:161} INFO - Started process (PID=18345) to work on /opt/airflow/dags/to_gcs.py
[2024-06-30T03:14:03.384+0000] {processor.py:830} INFO - Processing file /opt/airflow/dags/to_gcs.py for tasks to queue
[2024-06-30T03:14:03.385+0000] {logging_mixin.py:188} INFO - [2024-06-30T03:14:03.385+0000] {dagbag.py:545} INFO - Filling up the DagBag from /opt/airflow/dags/to_gcs.py
[2024-06-30T03:14:03.675+0000] {processor.py:840} INFO - DAG(s) 'data_transfer_to_gcs' retrieved from /opt/airflow/dags/to_gcs.py
[2024-06-30T03:14:03.690+0000] {logging_mixin.py:188} INFO - [2024-06-30T03:14:03.689+0000] {dag.py:3096} INFO - Sync 1 DAGs
[2024-06-30T03:14:03.702+0000] {logging_mixin.py:188} INFO - [2024-06-30T03:14:03.701+0000] {dag.py:3954} INFO - Setting next_dagrun for data_transfer_to_gcs to None, run_after=None
[2024-06-30T03:14:03.713+0000] {processor.py:183} INFO - Processing /opt/airflow/dags/to_gcs.py took 0.334 seconds
[2024-06-30T03:14:33.996+0000] {processor.py:161} INFO - Started process (PID=18357) to work on /opt/airflow/dags/to_gcs.py
[2024-06-30T03:14:33.998+0000] {processor.py:830} INFO - Processing file /opt/airflow/dags/to_gcs.py for tasks to queue
[2024-06-30T03:14:33.999+0000] {logging_mixin.py:188} INFO - [2024-06-30T03:14:33.999+0000] {dagbag.py:545} INFO - Filling up the DagBag from /opt/airflow/dags/to_gcs.py
[2024-06-30T03:14:34.292+0000] {processor.py:840} INFO - DAG(s) 'data_transfer_to_gcs' retrieved from /opt/airflow/dags/to_gcs.py
[2024-06-30T03:14:34.306+0000] {logging_mixin.py:188} INFO - [2024-06-30T03:14:34.305+0000] {dag.py:3096} INFO - Sync 1 DAGs
[2024-06-30T03:14:34.318+0000] {logging_mixin.py:188} INFO - [2024-06-30T03:14:34.317+0000] {dag.py:3954} INFO - Setting next_dagrun for data_transfer_to_gcs to None, run_after=None
[2024-06-30T03:14:34.330+0000] {processor.py:183} INFO - Processing /opt/airflow/dags/to_gcs.py took 0.338 seconds
[2024-06-30T03:15:04.625+0000] {processor.py:161} INFO - Started process (PID=18369) to work on /opt/airflow/dags/to_gcs.py
[2024-06-30T03:15:04.627+0000] {processor.py:830} INFO - Processing file /opt/airflow/dags/to_gcs.py for tasks to queue
[2024-06-30T03:15:04.628+0000] {logging_mixin.py:188} INFO - [2024-06-30T03:15:04.628+0000] {dagbag.py:545} INFO - Filling up the DagBag from /opt/airflow/dags/to_gcs.py
[2024-06-30T03:15:04.898+0000] {processor.py:840} INFO - DAG(s) 'data_transfer_to_gcs' retrieved from /opt/airflow/dags/to_gcs.py
[2024-06-30T03:15:04.911+0000] {logging_mixin.py:188} INFO - [2024-06-30T03:15:04.910+0000] {dag.py:3096} INFO - Sync 1 DAGs
[2024-06-30T03:15:04.921+0000] {logging_mixin.py:188} INFO - [2024-06-30T03:15:04.920+0000] {dag.py:3954} INFO - Setting next_dagrun for data_transfer_to_gcs to None, run_after=None
[2024-06-30T03:15:04.930+0000] {processor.py:183} INFO - Processing /opt/airflow/dags/to_gcs.py took 0.311 seconds
[2024-06-30T03:15:35.219+0000] {processor.py:161} INFO - Started process (PID=18381) to work on /opt/airflow/dags/to_gcs.py
[2024-06-30T03:15:35.221+0000] {processor.py:830} INFO - Processing file /opt/airflow/dags/to_gcs.py for tasks to queue
[2024-06-30T03:15:35.221+0000] {logging_mixin.py:188} INFO - [2024-06-30T03:15:35.221+0000] {dagbag.py:545} INFO - Filling up the DagBag from /opt/airflow/dags/to_gcs.py
[2024-06-30T03:15:35.537+0000] {processor.py:840} INFO - DAG(s) 'data_transfer_to_gcs' retrieved from /opt/airflow/dags/to_gcs.py
[2024-06-30T03:15:35.551+0000] {logging_mixin.py:188} INFO - [2024-06-30T03:15:35.550+0000] {dag.py:3096} INFO - Sync 1 DAGs
[2024-06-30T03:15:35.562+0000] {logging_mixin.py:188} INFO - [2024-06-30T03:15:35.562+0000] {dag.py:3954} INFO - Setting next_dagrun for data_transfer_to_gcs to None, run_after=None
[2024-06-30T03:15:35.576+0000] {processor.py:183} INFO - Processing /opt/airflow/dags/to_gcs.py took 0.361 seconds
[2024-06-30T03:16:05.875+0000] {processor.py:161} INFO - Started process (PID=18393) to work on /opt/airflow/dags/to_gcs.py
[2024-06-30T03:16:05.878+0000] {processor.py:830} INFO - Processing file /opt/airflow/dags/to_gcs.py for tasks to queue
[2024-06-30T03:16:05.880+0000] {logging_mixin.py:188} INFO - [2024-06-30T03:16:05.880+0000] {dagbag.py:545} INFO - Filling up the DagBag from /opt/airflow/dags/to_gcs.py
[2024-06-30T03:16:06.160+0000] {processor.py:840} INFO - DAG(s) 'data_transfer_to_gcs' retrieved from /opt/airflow/dags/to_gcs.py
[2024-06-30T03:16:06.175+0000] {logging_mixin.py:188} INFO - [2024-06-30T03:16:06.175+0000] {dag.py:3096} INFO - Sync 1 DAGs
[2024-06-30T03:16:06.188+0000] {logging_mixin.py:188} INFO - [2024-06-30T03:16:06.188+0000] {dag.py:3954} INFO - Setting next_dagrun for data_transfer_to_gcs to None, run_after=None
[2024-06-30T03:16:06.201+0000] {processor.py:183} INFO - Processing /opt/airflow/dags/to_gcs.py took 0.335 seconds
[2024-06-30T03:16:36.499+0000] {processor.py:161} INFO - Started process (PID=18405) to work on /opt/airflow/dags/to_gcs.py
[2024-06-30T03:16:36.501+0000] {processor.py:830} INFO - Processing file /opt/airflow/dags/to_gcs.py for tasks to queue
[2024-06-30T03:16:36.503+0000] {logging_mixin.py:188} INFO - [2024-06-30T03:16:36.503+0000] {dagbag.py:545} INFO - Filling up the DagBag from /opt/airflow/dags/to_gcs.py
[2024-06-30T03:16:36.794+0000] {processor.py:840} INFO - DAG(s) 'data_transfer_to_gcs' retrieved from /opt/airflow/dags/to_gcs.py
[2024-06-30T03:16:36.807+0000] {logging_mixin.py:188} INFO - [2024-06-30T03:16:36.807+0000] {dag.py:3096} INFO - Sync 1 DAGs
[2024-06-30T03:16:36.818+0000] {logging_mixin.py:188} INFO - [2024-06-30T03:16:36.818+0000] {dag.py:3954} INFO - Setting next_dagrun for data_transfer_to_gcs to None, run_after=None
[2024-06-30T03:16:36.828+0000] {processor.py:183} INFO - Processing /opt/airflow/dags/to_gcs.py took 0.336 seconds
[2024-06-30T03:17:07.116+0000] {processor.py:161} INFO - Started process (PID=18417) to work on /opt/airflow/dags/to_gcs.py
[2024-06-30T03:17:07.119+0000] {processor.py:830} INFO - Processing file /opt/airflow/dags/to_gcs.py for tasks to queue
[2024-06-30T03:17:07.122+0000] {logging_mixin.py:188} INFO - [2024-06-30T03:17:07.121+0000] {dagbag.py:545} INFO - Filling up the DagBag from /opt/airflow/dags/to_gcs.py
[2024-06-30T03:17:07.417+0000] {processor.py:840} INFO - DAG(s) 'data_transfer_to_gcs' retrieved from /opt/airflow/dags/to_gcs.py
[2024-06-30T03:17:07.433+0000] {logging_mixin.py:188} INFO - [2024-06-30T03:17:07.433+0000] {dag.py:3096} INFO - Sync 1 DAGs
[2024-06-30T03:17:07.444+0000] {logging_mixin.py:188} INFO - [2024-06-30T03:17:07.444+0000] {dag.py:3954} INFO - Setting next_dagrun for data_transfer_to_gcs to None, run_after=None
[2024-06-30T03:17:07.455+0000] {processor.py:183} INFO - Processing /opt/airflow/dags/to_gcs.py took 0.346 seconds
[2024-06-30T03:17:37.752+0000] {processor.py:161} INFO - Started process (PID=18429) to work on /opt/airflow/dags/to_gcs.py
[2024-06-30T03:17:37.756+0000] {processor.py:830} INFO - Processing file /opt/airflow/dags/to_gcs.py for tasks to queue
[2024-06-30T03:17:37.759+0000] {logging_mixin.py:188} INFO - [2024-06-30T03:17:37.759+0000] {dagbag.py:545} INFO - Filling up the DagBag from /opt/airflow/dags/to_gcs.py
[2024-06-30T03:17:38.080+0000] {processor.py:840} INFO - DAG(s) 'data_transfer_to_gcs' retrieved from /opt/airflow/dags/to_gcs.py
[2024-06-30T03:17:38.093+0000] {logging_mixin.py:188} INFO - [2024-06-30T03:17:38.093+0000] {dag.py:3096} INFO - Sync 1 DAGs
[2024-06-30T03:17:38.103+0000] {logging_mixin.py:188} INFO - [2024-06-30T03:17:38.103+0000] {dag.py:3954} INFO - Setting next_dagrun for data_transfer_to_gcs to None, run_after=None
[2024-06-30T03:17:38.115+0000] {processor.py:183} INFO - Processing /opt/airflow/dags/to_gcs.py took 0.381 seconds
[2024-06-30T03:18:08.415+0000] {processor.py:161} INFO - Started process (PID=18441) to work on /opt/airflow/dags/to_gcs.py
[2024-06-30T03:18:08.417+0000] {processor.py:830} INFO - Processing file /opt/airflow/dags/to_gcs.py for tasks to queue
[2024-06-30T03:18:08.420+0000] {logging_mixin.py:188} INFO - [2024-06-30T03:18:08.420+0000] {dagbag.py:545} INFO - Filling up the DagBag from /opt/airflow/dags/to_gcs.py
[2024-06-30T03:18:08.692+0000] {processor.py:840} INFO - DAG(s) 'data_transfer_to_gcs' retrieved from /opt/airflow/dags/to_gcs.py
[2024-06-30T03:18:08.707+0000] {logging_mixin.py:188} INFO - [2024-06-30T03:18:08.707+0000] {dag.py:3096} INFO - Sync 1 DAGs
[2024-06-30T03:18:08.719+0000] {logging_mixin.py:188} INFO - [2024-06-30T03:18:08.719+0000] {dag.py:3954} INFO - Setting next_dagrun for data_transfer_to_gcs to None, run_after=None
[2024-06-30T03:18:08.732+0000] {processor.py:183} INFO - Processing /opt/airflow/dags/to_gcs.py took 0.323 seconds
[2024-06-30T03:18:39.029+0000] {processor.py:161} INFO - Started process (PID=18453) to work on /opt/airflow/dags/to_gcs.py
[2024-06-30T03:18:39.031+0000] {processor.py:830} INFO - Processing file /opt/airflow/dags/to_gcs.py for tasks to queue
[2024-06-30T03:18:39.033+0000] {logging_mixin.py:188} INFO - [2024-06-30T03:18:39.033+0000] {dagbag.py:545} INFO - Filling up the DagBag from /opt/airflow/dags/to_gcs.py
[2024-06-30T03:18:39.323+0000] {processor.py:840} INFO - DAG(s) 'data_transfer_to_gcs' retrieved from /opt/airflow/dags/to_gcs.py
[2024-06-30T03:18:39.343+0000] {logging_mixin.py:188} INFO - [2024-06-30T03:18:39.342+0000] {dag.py:3096} INFO - Sync 1 DAGs
[2024-06-30T03:18:39.359+0000] {logging_mixin.py:188} INFO - [2024-06-30T03:18:39.359+0000] {dag.py:3954} INFO - Setting next_dagrun for data_transfer_to_gcs to None, run_after=None
[2024-06-30T03:18:39.376+0000] {processor.py:183} INFO - Processing /opt/airflow/dags/to_gcs.py took 0.357 seconds
[2024-06-30T03:19:09.678+0000] {processor.py:161} INFO - Started process (PID=18465) to work on /opt/airflow/dags/to_gcs.py
[2024-06-30T03:19:09.681+0000] {processor.py:830} INFO - Processing file /opt/airflow/dags/to_gcs.py for tasks to queue
[2024-06-30T03:19:09.684+0000] {logging_mixin.py:188} INFO - [2024-06-30T03:19:09.683+0000] {dagbag.py:545} INFO - Filling up the DagBag from /opt/airflow/dags/to_gcs.py
[2024-06-30T03:19:09.975+0000] {processor.py:840} INFO - DAG(s) 'data_transfer_to_gcs' retrieved from /opt/airflow/dags/to_gcs.py
[2024-06-30T03:19:09.994+0000] {logging_mixin.py:188} INFO - [2024-06-30T03:19:09.994+0000] {dag.py:3096} INFO - Sync 1 DAGs
[2024-06-30T03:19:10.011+0000] {logging_mixin.py:188} INFO - [2024-06-30T03:19:10.011+0000] {dag.py:3954} INFO - Setting next_dagrun for data_transfer_to_gcs to None, run_after=None
[2024-06-30T03:19:10.020+0000] {processor.py:183} INFO - Processing /opt/airflow/dags/to_gcs.py took 0.353 seconds
[2024-06-30T03:19:40.317+0000] {processor.py:161} INFO - Started process (PID=18477) to work on /opt/airflow/dags/to_gcs.py
[2024-06-30T03:19:40.320+0000] {processor.py:830} INFO - Processing file /opt/airflow/dags/to_gcs.py for tasks to queue
[2024-06-30T03:19:40.324+0000] {logging_mixin.py:188} INFO - [2024-06-30T03:19:40.323+0000] {dagbag.py:545} INFO - Filling up the DagBag from /opt/airflow/dags/to_gcs.py
[2024-06-30T03:19:40.679+0000] {processor.py:840} INFO - DAG(s) 'data_transfer_to_gcs' retrieved from /opt/airflow/dags/to_gcs.py
[2024-06-30T03:19:40.698+0000] {logging_mixin.py:188} INFO - [2024-06-30T03:19:40.698+0000] {dag.py:3096} INFO - Sync 1 DAGs
[2024-06-30T03:19:40.714+0000] {logging_mixin.py:188} INFO - [2024-06-30T03:19:40.714+0000] {dag.py:3954} INFO - Setting next_dagrun for data_transfer_to_gcs to None, run_after=None
[2024-06-30T03:19:40.733+0000] {processor.py:183} INFO - Processing /opt/airflow/dags/to_gcs.py took 0.431 seconds
[2024-06-30T03:20:11.020+0000] {processor.py:161} INFO - Started process (PID=18489) to work on /opt/airflow/dags/to_gcs.py
[2024-06-30T03:20:11.021+0000] {processor.py:830} INFO - Processing file /opt/airflow/dags/to_gcs.py for tasks to queue
[2024-06-30T03:20:11.023+0000] {logging_mixin.py:188} INFO - [2024-06-30T03:20:11.023+0000] {dagbag.py:545} INFO - Filling up the DagBag from /opt/airflow/dags/to_gcs.py
[2024-06-30T03:20:11.314+0000] {processor.py:840} INFO - DAG(s) 'data_transfer_to_gcs' retrieved from /opt/airflow/dags/to_gcs.py
[2024-06-30T03:20:11.335+0000] {logging_mixin.py:188} INFO - [2024-06-30T03:20:11.335+0000] {dag.py:3096} INFO - Sync 1 DAGs
[2024-06-30T03:20:11.345+0000] {logging_mixin.py:188} INFO - [2024-06-30T03:20:11.345+0000] {dag.py:3954} INFO - Setting next_dagrun for data_transfer_to_gcs to None, run_after=None
[2024-06-30T03:20:11.359+0000] {processor.py:183} INFO - Processing /opt/airflow/dags/to_gcs.py took 0.348 seconds
[2024-06-30T03:20:41.654+0000] {processor.py:161} INFO - Started process (PID=18501) to work on /opt/airflow/dags/to_gcs.py
[2024-06-30T03:20:41.657+0000] {processor.py:830} INFO - Processing file /opt/airflow/dags/to_gcs.py for tasks to queue
[2024-06-30T03:20:41.659+0000] {logging_mixin.py:188} INFO - [2024-06-30T03:20:41.659+0000] {dagbag.py:545} INFO - Filling up the DagBag from /opt/airflow/dags/to_gcs.py
[2024-06-30T03:20:41.939+0000] {processor.py:840} INFO - DAG(s) 'data_transfer_to_gcs' retrieved from /opt/airflow/dags/to_gcs.py
[2024-06-30T03:20:41.954+0000] {logging_mixin.py:188} INFO - [2024-06-30T03:20:41.953+0000] {dag.py:3096} INFO - Sync 1 DAGs
[2024-06-30T03:20:41.967+0000] {logging_mixin.py:188} INFO - [2024-06-30T03:20:41.966+0000] {dag.py:3954} INFO - Setting next_dagrun for data_transfer_to_gcs to None, run_after=None
[2024-06-30T03:20:41.980+0000] {processor.py:183} INFO - Processing /opt/airflow/dags/to_gcs.py took 0.332 seconds
[2024-06-30T03:21:12.280+0000] {processor.py:161} INFO - Started process (PID=18513) to work on /opt/airflow/dags/to_gcs.py
[2024-06-30T03:21:12.283+0000] {processor.py:830} INFO - Processing file /opt/airflow/dags/to_gcs.py for tasks to queue
[2024-06-30T03:21:12.285+0000] {logging_mixin.py:188} INFO - [2024-06-30T03:21:12.284+0000] {dagbag.py:545} INFO - Filling up the DagBag from /opt/airflow/dags/to_gcs.py
[2024-06-30T03:21:12.572+0000] {processor.py:840} INFO - DAG(s) 'data_transfer_to_gcs' retrieved from /opt/airflow/dags/to_gcs.py
[2024-06-30T03:21:12.591+0000] {logging_mixin.py:188} INFO - [2024-06-30T03:21:12.591+0000] {dag.py:3096} INFO - Sync 1 DAGs
[2024-06-30T03:21:12.607+0000] {logging_mixin.py:188} INFO - [2024-06-30T03:21:12.607+0000] {dag.py:3954} INFO - Setting next_dagrun for data_transfer_to_gcs to None, run_after=None
[2024-06-30T03:21:12.620+0000] {processor.py:183} INFO - Processing /opt/airflow/dags/to_gcs.py took 0.347 seconds
[2024-06-30T03:21:42.911+0000] {processor.py:161} INFO - Started process (PID=18525) to work on /opt/airflow/dags/to_gcs.py
[2024-06-30T03:21:42.913+0000] {processor.py:830} INFO - Processing file /opt/airflow/dags/to_gcs.py for tasks to queue
[2024-06-30T03:21:42.914+0000] {logging_mixin.py:188} INFO - [2024-06-30T03:21:42.914+0000] {dagbag.py:545} INFO - Filling up the DagBag from /opt/airflow/dags/to_gcs.py
[2024-06-30T03:21:43.248+0000] {processor.py:840} INFO - DAG(s) 'data_transfer_to_gcs' retrieved from /opt/airflow/dags/to_gcs.py
[2024-06-30T03:21:43.262+0000] {logging_mixin.py:188} INFO - [2024-06-30T03:21:43.262+0000] {dag.py:3096} INFO - Sync 1 DAGs
[2024-06-30T03:21:43.276+0000] {logging_mixin.py:188} INFO - [2024-06-30T03:21:43.276+0000] {dag.py:3954} INFO - Setting next_dagrun for data_transfer_to_gcs to None, run_after=None
[2024-06-30T03:21:43.293+0000] {processor.py:183} INFO - Processing /opt/airflow/dags/to_gcs.py took 0.387 seconds
[2024-06-30T03:22:13.583+0000] {processor.py:161} INFO - Started process (PID=18537) to work on /opt/airflow/dags/to_gcs.py
[2024-06-30T03:22:13.586+0000] {processor.py:830} INFO - Processing file /opt/airflow/dags/to_gcs.py for tasks to queue
[2024-06-30T03:22:13.589+0000] {logging_mixin.py:188} INFO - [2024-06-30T03:22:13.588+0000] {dagbag.py:545} INFO - Filling up the DagBag from /opt/airflow/dags/to_gcs.py
[2024-06-30T03:22:13.880+0000] {processor.py:840} INFO - DAG(s) 'data_transfer_to_gcs' retrieved from /opt/airflow/dags/to_gcs.py
[2024-06-30T03:22:13.892+0000] {logging_mixin.py:188} INFO - [2024-06-30T03:22:13.892+0000] {dag.py:3096} INFO - Sync 1 DAGs
[2024-06-30T03:22:13.904+0000] {logging_mixin.py:188} INFO - [2024-06-30T03:22:13.904+0000] {dag.py:3954} INFO - Setting next_dagrun for data_transfer_to_gcs to None, run_after=None
[2024-06-30T03:22:13.919+0000] {processor.py:183} INFO - Processing /opt/airflow/dags/to_gcs.py took 0.346 seconds
[2024-06-30T03:22:44.228+0000] {processor.py:161} INFO - Started process (PID=18549) to work on /opt/airflow/dags/to_gcs.py
[2024-06-30T03:22:44.230+0000] {processor.py:830} INFO - Processing file /opt/airflow/dags/to_gcs.py for tasks to queue
[2024-06-30T03:22:44.231+0000] {logging_mixin.py:188} INFO - [2024-06-30T03:22:44.231+0000] {dagbag.py:545} INFO - Filling up the DagBag from /opt/airflow/dags/to_gcs.py
[2024-06-30T03:22:44.528+0000] {processor.py:840} INFO - DAG(s) 'data_transfer_to_gcs' retrieved from /opt/airflow/dags/to_gcs.py
[2024-06-30T03:22:44.541+0000] {logging_mixin.py:188} INFO - [2024-06-30T03:22:44.541+0000] {dag.py:3096} INFO - Sync 1 DAGs
[2024-06-30T03:22:44.554+0000] {logging_mixin.py:188} INFO - [2024-06-30T03:22:44.554+0000] {dag.py:3954} INFO - Setting next_dagrun for data_transfer_to_gcs to None, run_after=None
[2024-06-30T03:22:44.569+0000] {processor.py:183} INFO - Processing /opt/airflow/dags/to_gcs.py took 0.349 seconds
