[2024-06-26T14:40:04.993+0000] {processor.py:161} INFO - Started process (PID=183) to work on /opt/airflow/dags/create_data.py
[2024-06-26T14:40:04.993+0000] {processor.py:830} INFO - Processing file /opt/airflow/dags/create_data.py for tasks to queue
[2024-06-26T14:40:04.994+0000] {logging_mixin.py:188} INFO - [2024-06-26T14:40:04.994+0000] {dagbag.py:545} INFO - Filling up the DagBag from /opt/airflow/dags/create_data.py
[2024-06-26T14:40:05.012+0000] {processor.py:840} INFO - DAG(s) 'data_transfer' retrieved from /opt/airflow/dags/create_data.py
[2024-06-26T14:40:05.109+0000] {logging_mixin.py:188} INFO - [2024-06-26T14:40:05.109+0000] {override.py:1829} INFO - Created Permission View: can read on DAG:data_transfer
[2024-06-26T14:40:05.120+0000] {logging_mixin.py:188} INFO - [2024-06-26T14:40:05.120+0000] {override.py:1829} INFO - Created Permission View: can edit on DAG:data_transfer
[2024-06-26T14:40:05.129+0000] {logging_mixin.py:188} INFO - [2024-06-26T14:40:05.128+0000] {override.py:1829} INFO - Created Permission View: can delete on DAG:data_transfer
[2024-06-26T14:40:05.129+0000] {logging_mixin.py:188} INFO - [2024-06-26T14:40:05.129+0000] {dag.py:3096} INFO - Sync 1 DAGs
[2024-06-26T14:40:05.140+0000] {logging_mixin.py:188} INFO - [2024-06-26T14:40:05.140+0000] {dag.py:3118} INFO - Creating ORM DAG for data_transfer
[2024-06-26T14:40:05.147+0000] {logging_mixin.py:188} INFO - [2024-06-26T14:40:05.147+0000] {dag.py:3954} INFO - Setting next_dagrun for data_transfer to 2023-01-01 00:00:00+00:00, run_after=2023-01-02 00:00:00+00:00
[2024-06-26T14:40:05.159+0000] {processor.py:183} INFO - Processing /opt/airflow/dags/create_data.py took 0.170 seconds
[2024-06-26T14:40:35.238+0000] {processor.py:161} INFO - Started process (PID=188) to work on /opt/airflow/dags/create_data.py
[2024-06-26T14:40:35.241+0000] {processor.py:830} INFO - Processing file /opt/airflow/dags/create_data.py for tasks to queue
[2024-06-26T14:40:35.242+0000] {logging_mixin.py:188} INFO - [2024-06-26T14:40:35.242+0000] {dagbag.py:545} INFO - Filling up the DagBag from /opt/airflow/dags/create_data.py
[2024-06-26T14:40:35.253+0000] {processor.py:840} INFO - DAG(s) 'data_transfer' retrieved from /opt/airflow/dags/create_data.py
[2024-06-26T14:40:35.270+0000] {logging_mixin.py:188} INFO - [2024-06-26T14:40:35.270+0000] {dag.py:3096} INFO - Sync 1 DAGs
[2024-06-26T14:40:35.285+0000] {logging_mixin.py:188} INFO - [2024-06-26T14:40:35.284+0000] {dag.py:3954} INFO - Setting next_dagrun for data_transfer to 2023-01-01 00:00:00+00:00, run_after=2023-01-02 00:00:00+00:00
[2024-06-26T14:40:35.297+0000] {processor.py:183} INFO - Processing /opt/airflow/dags/create_data.py took 0.066 seconds
[2024-06-26T14:41:05.477+0000] {processor.py:161} INFO - Started process (PID=193) to work on /opt/airflow/dags/create_data.py
[2024-06-26T14:41:05.479+0000] {processor.py:830} INFO - Processing file /opt/airflow/dags/create_data.py for tasks to queue
[2024-06-26T14:41:05.481+0000] {logging_mixin.py:188} INFO - [2024-06-26T14:41:05.480+0000] {dagbag.py:545} INFO - Filling up the DagBag from /opt/airflow/dags/create_data.py
[2024-06-26T14:41:05.490+0000] {processor.py:840} INFO - DAG(s) 'data_transfer' retrieved from /opt/airflow/dags/create_data.py
[2024-06-26T14:41:05.511+0000] {logging_mixin.py:188} INFO - [2024-06-26T14:41:05.510+0000] {dag.py:3096} INFO - Sync 1 DAGs
[2024-06-26T14:41:05.526+0000] {logging_mixin.py:188} INFO - [2024-06-26T14:41:05.526+0000] {dag.py:3954} INFO - Setting next_dagrun for data_transfer to 2023-01-01 00:00:00+00:00, run_after=2023-01-02 00:00:00+00:00
[2024-06-26T14:41:05.538+0000] {processor.py:183} INFO - Processing /opt/airflow/dags/create_data.py took 0.064 seconds
[2024-06-26T14:41:35.731+0000] {processor.py:161} INFO - Started process (PID=198) to work on /opt/airflow/dags/create_data.py
[2024-06-26T14:41:35.734+0000] {processor.py:830} INFO - Processing file /opt/airflow/dags/create_data.py for tasks to queue
[2024-06-26T14:41:35.736+0000] {logging_mixin.py:188} INFO - [2024-06-26T14:41:35.736+0000] {dagbag.py:545} INFO - Filling up the DagBag from /opt/airflow/dags/create_data.py
[2024-06-26T14:41:35.752+0000] {processor.py:840} INFO - DAG(s) 'data_transfer' retrieved from /opt/airflow/dags/create_data.py
[2024-06-26T14:41:35.782+0000] {logging_mixin.py:188} INFO - [2024-06-26T14:41:35.781+0000] {dag.py:3096} INFO - Sync 1 DAGs
[2024-06-26T14:41:35.816+0000] {logging_mixin.py:188} INFO - [2024-06-26T14:41:35.816+0000] {dag.py:3954} INFO - Setting next_dagrun for data_transfer to 2023-01-01 00:00:00+00:00, run_after=2023-01-02 00:00:00+00:00
[2024-06-26T14:41:35.844+0000] {processor.py:183} INFO - Processing /opt/airflow/dags/create_data.py took 0.117 seconds
[2024-06-26T14:42:05.981+0000] {processor.py:161} INFO - Started process (PID=203) to work on /opt/airflow/dags/create_data.py
[2024-06-26T14:42:05.983+0000] {processor.py:830} INFO - Processing file /opt/airflow/dags/create_data.py for tasks to queue
[2024-06-26T14:42:05.985+0000] {logging_mixin.py:188} INFO - [2024-06-26T14:42:05.984+0000] {dagbag.py:545} INFO - Filling up the DagBag from /opt/airflow/dags/create_data.py
[2024-06-26T14:42:05.994+0000] {processor.py:840} INFO - DAG(s) 'data_transfer' retrieved from /opt/airflow/dags/create_data.py
[2024-06-26T14:42:06.012+0000] {logging_mixin.py:188} INFO - [2024-06-26T14:42:06.012+0000] {dag.py:3096} INFO - Sync 1 DAGs
[2024-06-26T14:42:06.029+0000] {logging_mixin.py:188} INFO - [2024-06-26T14:42:06.028+0000] {dag.py:3954} INFO - Setting next_dagrun for data_transfer to 2023-01-01 00:00:00+00:00, run_after=2023-01-02 00:00:00+00:00
[2024-06-26T14:42:06.040+0000] {processor.py:183} INFO - Processing /opt/airflow/dags/create_data.py took 0.065 seconds
[2024-06-26T14:42:36.309+0000] {processor.py:161} INFO - Started process (PID=208) to work on /opt/airflow/dags/create_data.py
[2024-06-26T14:42:36.313+0000] {processor.py:830} INFO - Processing file /opt/airflow/dags/create_data.py for tasks to queue
[2024-06-26T14:42:36.316+0000] {logging_mixin.py:188} INFO - [2024-06-26T14:42:36.315+0000] {dagbag.py:545} INFO - Filling up the DagBag from /opt/airflow/dags/create_data.py
[2024-06-26T14:42:36.341+0000] {processor.py:840} INFO - DAG(s) 'data_transfer' retrieved from /opt/airflow/dags/create_data.py
[2024-06-26T14:42:36.380+0000] {logging_mixin.py:188} INFO - [2024-06-26T14:42:36.380+0000] {dag.py:3096} INFO - Sync 1 DAGs
[2024-06-26T14:42:36.395+0000] {logging_mixin.py:188} INFO - [2024-06-26T14:42:36.395+0000] {dag.py:3954} INFO - Setting next_dagrun for data_transfer to 2023-01-01 00:00:00+00:00, run_after=2023-01-02 00:00:00+00:00
[2024-06-26T14:42:36.410+0000] {processor.py:183} INFO - Processing /opt/airflow/dags/create_data.py took 0.108 seconds
[2024-06-26T14:43:06.576+0000] {processor.py:161} INFO - Started process (PID=213) to work on /opt/airflow/dags/create_data.py
[2024-06-26T14:43:06.578+0000] {processor.py:830} INFO - Processing file /opt/airflow/dags/create_data.py for tasks to queue
[2024-06-26T14:43:06.580+0000] {logging_mixin.py:188} INFO - [2024-06-26T14:43:06.580+0000] {dagbag.py:545} INFO - Filling up the DagBag from /opt/airflow/dags/create_data.py
[2024-06-26T14:43:06.597+0000] {processor.py:840} INFO - DAG(s) 'data_transfer' retrieved from /opt/airflow/dags/create_data.py
[2024-06-26T14:43:06.619+0000] {logging_mixin.py:188} INFO - [2024-06-26T14:43:06.619+0000] {dag.py:3096} INFO - Sync 1 DAGs
[2024-06-26T14:43:06.637+0000] {logging_mixin.py:188} INFO - [2024-06-26T14:43:06.636+0000] {dag.py:3954} INFO - Setting next_dagrun for data_transfer to 2023-01-01 00:00:00+00:00, run_after=2023-01-02 00:00:00+00:00
[2024-06-26T14:43:06.659+0000] {processor.py:183} INFO - Processing /opt/airflow/dags/create_data.py took 0.090 seconds
[2024-06-26T14:43:36.834+0000] {processor.py:161} INFO - Started process (PID=218) to work on /opt/airflow/dags/create_data.py
[2024-06-26T14:43:36.836+0000] {processor.py:830} INFO - Processing file /opt/airflow/dags/create_data.py for tasks to queue
[2024-06-26T14:43:36.838+0000] {logging_mixin.py:188} INFO - [2024-06-26T14:43:36.838+0000] {dagbag.py:545} INFO - Filling up the DagBag from /opt/airflow/dags/create_data.py
[2024-06-26T14:43:36.856+0000] {processor.py:840} INFO - DAG(s) 'data_transfer' retrieved from /opt/airflow/dags/create_data.py
[2024-06-26T14:43:36.883+0000] {logging_mixin.py:188} INFO - [2024-06-26T14:43:36.883+0000] {dag.py:3096} INFO - Sync 1 DAGs
[2024-06-26T14:43:36.898+0000] {logging_mixin.py:188} INFO - [2024-06-26T14:43:36.898+0000] {dag.py:3954} INFO - Setting next_dagrun for data_transfer to 2023-01-01 00:00:00+00:00, run_after=2023-01-02 00:00:00+00:00
[2024-06-26T14:43:36.912+0000] {processor.py:183} INFO - Processing /opt/airflow/dags/create_data.py took 0.084 seconds
[2024-06-26T14:44:07.092+0000] {processor.py:161} INFO - Started process (PID=223) to work on /opt/airflow/dags/create_data.py
[2024-06-26T14:44:07.094+0000] {processor.py:830} INFO - Processing file /opt/airflow/dags/create_data.py for tasks to queue
[2024-06-26T14:44:07.095+0000] {logging_mixin.py:188} INFO - [2024-06-26T14:44:07.095+0000] {dagbag.py:545} INFO - Filling up the DagBag from /opt/airflow/dags/create_data.py
[2024-06-26T14:44:07.108+0000] {processor.py:840} INFO - DAG(s) 'data_transfer' retrieved from /opt/airflow/dags/create_data.py
[2024-06-26T14:44:07.123+0000] {logging_mixin.py:188} INFO - [2024-06-26T14:44:07.123+0000] {dag.py:3096} INFO - Sync 1 DAGs
[2024-06-26T14:44:07.143+0000] {logging_mixin.py:188} INFO - [2024-06-26T14:44:07.142+0000] {dag.py:3954} INFO - Setting next_dagrun for data_transfer to 2023-01-01 00:00:00+00:00, run_after=2023-01-02 00:00:00+00:00
[2024-06-26T14:44:07.166+0000] {processor.py:183} INFO - Processing /opt/airflow/dags/create_data.py took 0.078 seconds
[2024-06-26T14:44:37.358+0000] {processor.py:161} INFO - Started process (PID=228) to work on /opt/airflow/dags/create_data.py
[2024-06-26T14:44:37.361+0000] {processor.py:830} INFO - Processing file /opt/airflow/dags/create_data.py for tasks to queue
[2024-06-26T14:44:37.363+0000] {logging_mixin.py:188} INFO - [2024-06-26T14:44:37.363+0000] {dagbag.py:545} INFO - Filling up the DagBag from /opt/airflow/dags/create_data.py
[2024-06-26T14:44:37.376+0000] {processor.py:840} INFO - DAG(s) 'data_transfer' retrieved from /opt/airflow/dags/create_data.py
[2024-06-26T14:44:37.401+0000] {logging_mixin.py:188} INFO - [2024-06-26T14:44:37.401+0000] {dag.py:3096} INFO - Sync 1 DAGs
[2024-06-26T14:44:37.415+0000] {logging_mixin.py:188} INFO - [2024-06-26T14:44:37.415+0000] {dag.py:3954} INFO - Setting next_dagrun for data_transfer to 2023-01-01 00:00:00+00:00, run_after=2023-01-02 00:00:00+00:00
[2024-06-26T14:44:37.426+0000] {processor.py:183} INFO - Processing /opt/airflow/dags/create_data.py took 0.077 seconds
[2024-06-26T14:45:07.638+0000] {processor.py:161} INFO - Started process (PID=233) to work on /opt/airflow/dags/create_data.py
[2024-06-26T14:45:07.640+0000] {processor.py:830} INFO - Processing file /opt/airflow/dags/create_data.py for tasks to queue
[2024-06-26T14:45:07.642+0000] {logging_mixin.py:188} INFO - [2024-06-26T14:45:07.642+0000] {dagbag.py:545} INFO - Filling up the DagBag from /opt/airflow/dags/create_data.py
[2024-06-26T14:45:07.658+0000] {processor.py:840} INFO - DAG(s) 'data_transfer' retrieved from /opt/airflow/dags/create_data.py
[2024-06-26T14:45:07.677+0000] {logging_mixin.py:188} INFO - [2024-06-26T14:45:07.677+0000] {dag.py:3096} INFO - Sync 1 DAGs
[2024-06-26T14:45:07.692+0000] {logging_mixin.py:188} INFO - [2024-06-26T14:45:07.692+0000] {dag.py:3954} INFO - Setting next_dagrun for data_transfer to 2023-01-01 00:00:00+00:00, run_after=2023-01-02 00:00:00+00:00
[2024-06-26T14:45:07.707+0000] {processor.py:183} INFO - Processing /opt/airflow/dags/create_data.py took 0.076 seconds
[2024-06-26T14:45:37.916+0000] {processor.py:161} INFO - Started process (PID=238) to work on /opt/airflow/dags/create_data.py
[2024-06-26T14:45:37.918+0000] {processor.py:830} INFO - Processing file /opt/airflow/dags/create_data.py for tasks to queue
[2024-06-26T14:45:37.919+0000] {logging_mixin.py:188} INFO - [2024-06-26T14:45:37.919+0000] {dagbag.py:545} INFO - Filling up the DagBag from /opt/airflow/dags/create_data.py
[2024-06-26T14:45:37.929+0000] {processor.py:840} INFO - DAG(s) 'data_transfer' retrieved from /opt/airflow/dags/create_data.py
[2024-06-26T14:45:37.946+0000] {logging_mixin.py:188} INFO - [2024-06-26T14:45:37.946+0000] {dag.py:3096} INFO - Sync 1 DAGs
[2024-06-26T14:45:37.959+0000] {logging_mixin.py:188} INFO - [2024-06-26T14:45:37.959+0000] {dag.py:3954} INFO - Setting next_dagrun for data_transfer to 2023-01-01 00:00:00+00:00, run_after=2023-01-02 00:00:00+00:00
[2024-06-26T14:45:37.970+0000] {processor.py:183} INFO - Processing /opt/airflow/dags/create_data.py took 0.060 seconds
[2024-06-26T14:46:08.205+0000] {processor.py:161} INFO - Started process (PID=243) to work on /opt/airflow/dags/create_data.py
[2024-06-26T14:46:08.207+0000] {processor.py:830} INFO - Processing file /opt/airflow/dags/create_data.py for tasks to queue
[2024-06-26T14:46:08.209+0000] {logging_mixin.py:188} INFO - [2024-06-26T14:46:08.209+0000] {dagbag.py:545} INFO - Filling up the DagBag from /opt/airflow/dags/create_data.py
[2024-06-26T14:46:08.228+0000] {processor.py:840} INFO - DAG(s) 'data_transfer' retrieved from /opt/airflow/dags/create_data.py
[2024-06-26T14:46:08.251+0000] {logging_mixin.py:188} INFO - [2024-06-26T14:46:08.251+0000] {dag.py:3096} INFO - Sync 1 DAGs
[2024-06-26T14:46:08.279+0000] {logging_mixin.py:188} INFO - [2024-06-26T14:46:08.279+0000] {dag.py:3954} INFO - Setting next_dagrun for data_transfer to 2023-01-01 00:00:00+00:00, run_after=2023-01-02 00:00:00+00:00
[2024-06-26T14:46:08.297+0000] {processor.py:183} INFO - Processing /opt/airflow/dags/create_data.py took 0.099 seconds
[2024-06-26T14:46:38.468+0000] {processor.py:161} INFO - Started process (PID=248) to work on /opt/airflow/dags/create_data.py
[2024-06-26T14:46:38.470+0000] {processor.py:830} INFO - Processing file /opt/airflow/dags/create_data.py for tasks to queue
[2024-06-26T14:46:38.472+0000] {logging_mixin.py:188} INFO - [2024-06-26T14:46:38.472+0000] {dagbag.py:545} INFO - Filling up the DagBag from /opt/airflow/dags/create_data.py
[2024-06-26T14:46:38.485+0000] {processor.py:840} INFO - DAG(s) 'data_transfer' retrieved from /opt/airflow/dags/create_data.py
[2024-06-26T14:46:38.509+0000] {logging_mixin.py:188} INFO - [2024-06-26T14:46:38.509+0000] {dag.py:3096} INFO - Sync 1 DAGs
[2024-06-26T14:46:38.535+0000] {logging_mixin.py:188} INFO - [2024-06-26T14:46:38.535+0000] {dag.py:3954} INFO - Setting next_dagrun for data_transfer to 2023-01-01 00:00:00+00:00, run_after=2023-01-02 00:00:00+00:00
[2024-06-26T14:46:38.553+0000] {processor.py:183} INFO - Processing /opt/airflow/dags/create_data.py took 0.091 seconds
[2024-06-26T14:47:08.735+0000] {processor.py:161} INFO - Started process (PID=253) to work on /opt/airflow/dags/create_data.py
[2024-06-26T14:47:08.738+0000] {processor.py:830} INFO - Processing file /opt/airflow/dags/create_data.py for tasks to queue
[2024-06-26T14:47:08.740+0000] {logging_mixin.py:188} INFO - [2024-06-26T14:47:08.739+0000] {dagbag.py:545} INFO - Filling up the DagBag from /opt/airflow/dags/create_data.py
[2024-06-26T14:47:08.755+0000] {processor.py:840} INFO - DAG(s) 'data_transfer' retrieved from /opt/airflow/dags/create_data.py
[2024-06-26T14:47:08.780+0000] {logging_mixin.py:188} INFO - [2024-06-26T14:47:08.779+0000] {dag.py:3096} INFO - Sync 1 DAGs
[2024-06-26T14:47:08.798+0000] {logging_mixin.py:188} INFO - [2024-06-26T14:47:08.798+0000] {dag.py:3954} INFO - Setting next_dagrun for data_transfer to 2023-01-01 00:00:00+00:00, run_after=2023-01-02 00:00:00+00:00
[2024-06-26T14:47:08.819+0000] {processor.py:183} INFO - Processing /opt/airflow/dags/create_data.py took 0.089 seconds
[2024-06-26T14:47:54.935+0000] {processor.py:161} INFO - Started process (PID=183) to work on /opt/airflow/dags/create_data.py
[2024-06-26T14:47:54.936+0000] {processor.py:830} INFO - Processing file /opt/airflow/dags/create_data.py for tasks to queue
[2024-06-26T14:47:54.937+0000] {logging_mixin.py:188} INFO - [2024-06-26T14:47:54.937+0000] {dagbag.py:545} INFO - Filling up the DagBag from /opt/airflow/dags/create_data.py
[2024-06-26T14:47:54.951+0000] {processor.py:840} INFO - DAG(s) 'data_transfer' retrieved from /opt/airflow/dags/create_data.py
[2024-06-26T14:47:54.975+0000] {logging_mixin.py:188} INFO - [2024-06-26T14:47:54.975+0000] {dag.py:3096} INFO - Sync 1 DAGs
[2024-06-26T14:47:54.992+0000] {logging_mixin.py:188} INFO - [2024-06-26T14:47:54.992+0000] {dag.py:3954} INFO - Setting next_dagrun for data_transfer to 2023-01-01 00:00:00+00:00, run_after=2023-01-02 00:00:00+00:00
[2024-06-26T14:47:55.005+0000] {processor.py:183} INFO - Processing /opt/airflow/dags/create_data.py took 0.073 seconds
[2024-06-26T14:48:25.183+0000] {processor.py:161} INFO - Started process (PID=188) to work on /opt/airflow/dags/create_data.py
[2024-06-26T14:48:25.184+0000] {processor.py:830} INFO - Processing file /opt/airflow/dags/create_data.py for tasks to queue
[2024-06-26T14:48:25.185+0000] {logging_mixin.py:188} INFO - [2024-06-26T14:48:25.185+0000] {dagbag.py:545} INFO - Filling up the DagBag from /opt/airflow/dags/create_data.py
[2024-06-26T14:48:25.198+0000] {processor.py:840} INFO - DAG(s) 'data_transfer' retrieved from /opt/airflow/dags/create_data.py
[2024-06-26T14:48:25.269+0000] {logging_mixin.py:188} INFO - [2024-06-26T14:48:25.268+0000] {dag.py:3096} INFO - Sync 1 DAGs
[2024-06-26T14:48:25.284+0000] {logging_mixin.py:188} INFO - [2024-06-26T14:48:25.284+0000] {dag.py:3954} INFO - Setting next_dagrun for data_transfer to 2023-01-01 00:00:00+00:00, run_after=2023-01-02 00:00:00+00:00
[2024-06-26T14:48:25.298+0000] {processor.py:183} INFO - Processing /opt/airflow/dags/create_data.py took 0.122 seconds
[2024-06-26T14:48:55.441+0000] {processor.py:161} INFO - Started process (PID=193) to work on /opt/airflow/dags/create_data.py
[2024-06-26T14:48:55.442+0000] {processor.py:830} INFO - Processing file /opt/airflow/dags/create_data.py for tasks to queue
[2024-06-26T14:48:55.443+0000] {logging_mixin.py:188} INFO - [2024-06-26T14:48:55.443+0000] {dagbag.py:545} INFO - Filling up the DagBag from /opt/airflow/dags/create_data.py
[2024-06-26T14:48:55.452+0000] {processor.py:840} INFO - DAG(s) 'data_transfer' retrieved from /opt/airflow/dags/create_data.py
[2024-06-26T14:48:55.477+0000] {logging_mixin.py:188} INFO - [2024-06-26T14:48:55.477+0000] {dag.py:3096} INFO - Sync 1 DAGs
[2024-06-26T14:48:55.492+0000] {logging_mixin.py:188} INFO - [2024-06-26T14:48:55.492+0000] {dag.py:3954} INFO - Setting next_dagrun for data_transfer to 2023-01-01 00:00:00+00:00, run_after=2023-01-02 00:00:00+00:00
[2024-06-26T14:48:55.516+0000] {processor.py:183} INFO - Processing /opt/airflow/dags/create_data.py took 0.081 seconds
[2024-06-26T14:49:25.718+0000] {processor.py:161} INFO - Started process (PID=198) to work on /opt/airflow/dags/create_data.py
[2024-06-26T14:49:25.719+0000] {processor.py:830} INFO - Processing file /opt/airflow/dags/create_data.py for tasks to queue
[2024-06-26T14:49:25.720+0000] {logging_mixin.py:188} INFO - [2024-06-26T14:49:25.720+0000] {dagbag.py:545} INFO - Filling up the DagBag from /opt/airflow/dags/create_data.py
[2024-06-26T14:49:25.734+0000] {processor.py:840} INFO - DAG(s) 'data_transfer' retrieved from /opt/airflow/dags/create_data.py
[2024-06-26T14:49:25.764+0000] {logging_mixin.py:188} INFO - [2024-06-26T14:49:25.763+0000] {dag.py:3096} INFO - Sync 1 DAGs
[2024-06-26T14:49:25.781+0000] {logging_mixin.py:188} INFO - [2024-06-26T14:49:25.780+0000] {dag.py:3954} INFO - Setting next_dagrun for data_transfer to 2023-01-01 00:00:00+00:00, run_after=2023-01-02 00:00:00+00:00
[2024-06-26T14:49:25.802+0000] {processor.py:183} INFO - Processing /opt/airflow/dags/create_data.py took 0.088 seconds
[2024-06-26T14:49:56.001+0000] {processor.py:161} INFO - Started process (PID=203) to work on /opt/airflow/dags/create_data.py
[2024-06-26T14:49:56.003+0000] {processor.py:830} INFO - Processing file /opt/airflow/dags/create_data.py for tasks to queue
[2024-06-26T14:49:56.005+0000] {logging_mixin.py:188} INFO - [2024-06-26T14:49:56.005+0000] {dagbag.py:545} INFO - Filling up the DagBag from /opt/airflow/dags/create_data.py
[2024-06-26T14:49:56.020+0000] {processor.py:840} INFO - DAG(s) 'data_transfer' retrieved from /opt/airflow/dags/create_data.py
[2024-06-26T14:49:56.042+0000] {logging_mixin.py:188} INFO - [2024-06-26T14:49:56.041+0000] {dag.py:3096} INFO - Sync 1 DAGs
[2024-06-26T14:49:56.056+0000] {logging_mixin.py:188} INFO - [2024-06-26T14:49:56.056+0000] {dag.py:3954} INFO - Setting next_dagrun for data_transfer to 2023-01-01 00:00:00+00:00, run_after=2023-01-02 00:00:00+00:00
[2024-06-26T14:49:56.068+0000] {processor.py:183} INFO - Processing /opt/airflow/dags/create_data.py took 0.074 seconds
[2024-06-26T14:50:26.281+0000] {processor.py:161} INFO - Started process (PID=208) to work on /opt/airflow/dags/create_data.py
[2024-06-26T14:50:26.283+0000] {processor.py:830} INFO - Processing file /opt/airflow/dags/create_data.py for tasks to queue
[2024-06-26T14:50:26.284+0000] {logging_mixin.py:188} INFO - [2024-06-26T14:50:26.284+0000] {dagbag.py:545} INFO - Filling up the DagBag from /opt/airflow/dags/create_data.py
[2024-06-26T14:50:26.298+0000] {processor.py:840} INFO - DAG(s) 'data_transfer' retrieved from /opt/airflow/dags/create_data.py
[2024-06-26T14:50:26.322+0000] {logging_mixin.py:188} INFO - [2024-06-26T14:50:26.322+0000] {dag.py:3096} INFO - Sync 1 DAGs
[2024-06-26T14:50:26.337+0000] {logging_mixin.py:188} INFO - [2024-06-26T14:50:26.337+0000] {dag.py:3954} INFO - Setting next_dagrun for data_transfer to 2023-01-01 00:00:00+00:00, run_after=2023-01-02 00:00:00+00:00
[2024-06-26T14:50:26.351+0000] {processor.py:183} INFO - Processing /opt/airflow/dags/create_data.py took 0.076 seconds
[2024-06-26T14:50:56.554+0000] {processor.py:161} INFO - Started process (PID=213) to work on /opt/airflow/dags/create_data.py
[2024-06-26T14:50:56.555+0000] {processor.py:830} INFO - Processing file /opt/airflow/dags/create_data.py for tasks to queue
[2024-06-26T14:50:56.556+0000] {logging_mixin.py:188} INFO - [2024-06-26T14:50:56.556+0000] {dagbag.py:545} INFO - Filling up the DagBag from /opt/airflow/dags/create_data.py
[2024-06-26T14:50:56.570+0000] {processor.py:840} INFO - DAG(s) 'data_transfer' retrieved from /opt/airflow/dags/create_data.py
[2024-06-26T14:50:56.588+0000] {logging_mixin.py:188} INFO - [2024-06-26T14:50:56.588+0000] {dag.py:3096} INFO - Sync 1 DAGs
[2024-06-26T14:50:56.603+0000] {logging_mixin.py:188} INFO - [2024-06-26T14:50:56.603+0000] {dag.py:3954} INFO - Setting next_dagrun for data_transfer to 2023-01-01 00:00:00+00:00, run_after=2023-01-02 00:00:00+00:00
[2024-06-26T14:50:56.614+0000] {processor.py:183} INFO - Processing /opt/airflow/dags/create_data.py took 0.063 seconds
[2024-06-26T14:51:26.827+0000] {processor.py:161} INFO - Started process (PID=218) to work on /opt/airflow/dags/create_data.py
[2024-06-26T14:51:26.827+0000] {processor.py:830} INFO - Processing file /opt/airflow/dags/create_data.py for tasks to queue
[2024-06-26T14:51:26.829+0000] {logging_mixin.py:188} INFO - [2024-06-26T14:51:26.829+0000] {dagbag.py:545} INFO - Filling up the DagBag from /opt/airflow/dags/create_data.py
[2024-06-26T14:51:26.840+0000] {processor.py:840} INFO - DAG(s) 'data_transfer' retrieved from /opt/airflow/dags/create_data.py
[2024-06-26T14:51:26.870+0000] {logging_mixin.py:188} INFO - [2024-06-26T14:51:26.870+0000] {dag.py:3096} INFO - Sync 1 DAGs
[2024-06-26T14:51:26.891+0000] {logging_mixin.py:188} INFO - [2024-06-26T14:51:26.891+0000] {dag.py:3954} INFO - Setting next_dagrun for data_transfer to 2023-01-01 00:00:00+00:00, run_after=2023-01-02 00:00:00+00:00
[2024-06-26T14:51:26.909+0000] {processor.py:183} INFO - Processing /opt/airflow/dags/create_data.py took 0.089 seconds
[2024-06-26T14:51:57.086+0000] {processor.py:161} INFO - Started process (PID=223) to work on /opt/airflow/dags/create_data.py
[2024-06-26T14:51:57.089+0000] {processor.py:830} INFO - Processing file /opt/airflow/dags/create_data.py for tasks to queue
[2024-06-26T14:51:57.091+0000] {logging_mixin.py:188} INFO - [2024-06-26T14:51:57.091+0000] {dagbag.py:545} INFO - Filling up the DagBag from /opt/airflow/dags/create_data.py
[2024-06-26T14:51:57.110+0000] {processor.py:840} INFO - DAG(s) 'data_transfer' retrieved from /opt/airflow/dags/create_data.py
[2024-06-26T14:51:57.130+0000] {logging_mixin.py:188} INFO - [2024-06-26T14:51:57.130+0000] {dag.py:3096} INFO - Sync 1 DAGs
[2024-06-26T14:51:57.145+0000] {logging_mixin.py:188} INFO - [2024-06-26T14:51:57.145+0000] {dag.py:3954} INFO - Setting next_dagrun for data_transfer to 2023-01-01 00:00:00+00:00, run_after=2023-01-02 00:00:00+00:00
[2024-06-26T14:51:57.160+0000] {processor.py:183} INFO - Processing /opt/airflow/dags/create_data.py took 0.080 seconds
[2024-06-26T14:52:27.380+0000] {processor.py:161} INFO - Started process (PID=228) to work on /opt/airflow/dags/create_data.py
[2024-06-26T14:52:27.383+0000] {processor.py:830} INFO - Processing file /opt/airflow/dags/create_data.py for tasks to queue
[2024-06-26T14:52:27.384+0000] {logging_mixin.py:188} INFO - [2024-06-26T14:52:27.384+0000] {dagbag.py:545} INFO - Filling up the DagBag from /opt/airflow/dags/create_data.py
[2024-06-26T14:52:27.397+0000] {processor.py:840} INFO - DAG(s) 'data_transfer' retrieved from /opt/airflow/dags/create_data.py
[2024-06-26T14:52:27.415+0000] {logging_mixin.py:188} INFO - [2024-06-26T14:52:27.415+0000] {dag.py:3096} INFO - Sync 1 DAGs
[2024-06-26T14:52:27.431+0000] {logging_mixin.py:188} INFO - [2024-06-26T14:52:27.431+0000] {dag.py:3954} INFO - Setting next_dagrun for data_transfer to 2023-01-01 00:00:00+00:00, run_after=2023-01-02 00:00:00+00:00
[2024-06-26T14:52:27.445+0000] {processor.py:183} INFO - Processing /opt/airflow/dags/create_data.py took 0.073 seconds
[2024-06-26T14:52:57.665+0000] {processor.py:161} INFO - Started process (PID=233) to work on /opt/airflow/dags/create_data.py
[2024-06-26T14:52:57.668+0000] {processor.py:830} INFO - Processing file /opt/airflow/dags/create_data.py for tasks to queue
[2024-06-26T14:52:57.670+0000] {logging_mixin.py:188} INFO - [2024-06-26T14:52:57.670+0000] {dagbag.py:545} INFO - Filling up the DagBag from /opt/airflow/dags/create_data.py
[2024-06-26T14:52:57.683+0000] {processor.py:840} INFO - DAG(s) 'data_transfer' retrieved from /opt/airflow/dags/create_data.py
[2024-06-26T14:52:57.702+0000] {logging_mixin.py:188} INFO - [2024-06-26T14:52:57.702+0000] {dag.py:3096} INFO - Sync 1 DAGs
[2024-06-26T14:52:57.716+0000] {logging_mixin.py:188} INFO - [2024-06-26T14:52:57.716+0000] {dag.py:3954} INFO - Setting next_dagrun for data_transfer to 2023-01-01 00:00:00+00:00, run_after=2023-01-02 00:00:00+00:00
[2024-06-26T14:52:57.727+0000] {processor.py:183} INFO - Processing /opt/airflow/dags/create_data.py took 0.069 seconds
[2024-06-26T14:53:27.934+0000] {processor.py:161} INFO - Started process (PID=238) to work on /opt/airflow/dags/create_data.py
[2024-06-26T14:53:27.937+0000] {processor.py:830} INFO - Processing file /opt/airflow/dags/create_data.py for tasks to queue
[2024-06-26T14:53:27.939+0000] {logging_mixin.py:188} INFO - [2024-06-26T14:53:27.939+0000] {dagbag.py:545} INFO - Filling up the DagBag from /opt/airflow/dags/create_data.py
[2024-06-26T14:53:27.959+0000] {processor.py:840} INFO - DAG(s) 'data_transfer' retrieved from /opt/airflow/dags/create_data.py
[2024-06-26T14:53:27.981+0000] {logging_mixin.py:188} INFO - [2024-06-26T14:53:27.981+0000] {dag.py:3096} INFO - Sync 1 DAGs
[2024-06-26T14:53:27.995+0000] {logging_mixin.py:188} INFO - [2024-06-26T14:53:27.994+0000] {dag.py:3954} INFO - Setting next_dagrun for data_transfer to 2023-01-01 00:00:00+00:00, run_after=2023-01-02 00:00:00+00:00
[2024-06-26T14:53:28.009+0000] {processor.py:183} INFO - Processing /opt/airflow/dags/create_data.py took 0.080 seconds
[2024-06-26T14:53:58.208+0000] {processor.py:161} INFO - Started process (PID=243) to work on /opt/airflow/dags/create_data.py
[2024-06-26T14:53:58.210+0000] {processor.py:830} INFO - Processing file /opt/airflow/dags/create_data.py for tasks to queue
[2024-06-26T14:53:58.211+0000] {logging_mixin.py:188} INFO - [2024-06-26T14:53:58.211+0000] {dagbag.py:545} INFO - Filling up the DagBag from /opt/airflow/dags/create_data.py
[2024-06-26T14:53:58.229+0000] {processor.py:840} INFO - DAG(s) 'data_transfer' retrieved from /opt/airflow/dags/create_data.py
[2024-06-26T14:53:58.254+0000] {logging_mixin.py:188} INFO - [2024-06-26T14:53:58.254+0000] {dag.py:3096} INFO - Sync 1 DAGs
[2024-06-26T14:53:58.270+0000] {logging_mixin.py:188} INFO - [2024-06-26T14:53:58.270+0000] {dag.py:3954} INFO - Setting next_dagrun for data_transfer to 2023-01-01 00:00:00+00:00, run_after=2023-01-02 00:00:00+00:00
[2024-06-26T14:53:58.283+0000] {processor.py:183} INFO - Processing /opt/airflow/dags/create_data.py took 0.088 seconds
[2024-06-26T14:54:28.494+0000] {processor.py:161} INFO - Started process (PID=248) to work on /opt/airflow/dags/create_data.py
[2024-06-26T14:54:28.497+0000] {processor.py:830} INFO - Processing file /opt/airflow/dags/create_data.py for tasks to queue
[2024-06-26T14:54:28.500+0000] {logging_mixin.py:188} INFO - [2024-06-26T14:54:28.499+0000] {dagbag.py:545} INFO - Filling up the DagBag from /opt/airflow/dags/create_data.py
[2024-06-26T14:54:28.515+0000] {processor.py:840} INFO - DAG(s) 'data_transfer' retrieved from /opt/airflow/dags/create_data.py
[2024-06-26T14:54:28.540+0000] {logging_mixin.py:188} INFO - [2024-06-26T14:54:28.540+0000] {dag.py:3096} INFO - Sync 1 DAGs
[2024-06-26T14:54:28.554+0000] {logging_mixin.py:188} INFO - [2024-06-26T14:54:28.554+0000] {dag.py:3954} INFO - Setting next_dagrun for data_transfer to 2023-01-01 00:00:00+00:00, run_after=2023-01-02 00:00:00+00:00
[2024-06-26T14:54:28.566+0000] {processor.py:183} INFO - Processing /opt/airflow/dags/create_data.py took 0.079 seconds
